[ 2017-06-06T21:10:25+08:00 ] 127.0.0.1 /phpsite/hc/kaoti/kaoti20170406/index.php/Home/Shop/
INFO: [ app_init ] --START--
INFO: Run Behavior\BuildLiteBehavior [ RunTime:0.000043s ]
INFO: [ app_init ] --END-- [ RunTime:0.025339s ]
INFO: [ app_begin ] --START--
INFO: Run Behavior\ReadHtmlCacheBehavior [ RunTime:0.001917s ]
INFO: [ app_begin ] --END-- [ RunTime:0.003246s ]
SQL: SHOW COLUMNS FROM `tb_product` [ RunTime:0.0681s ]
SQL: SELECT COUNT(*) AS tp_count FROM `tb_product` WHERE `id` > 0 AND `dianjiaid` = 1 AND `lable` = 'rec' LIMIT 1   [ RunTime:0.0020s ]
SQL: SELECT * FROM `tb_product` WHERE `id` > 0 AND `dianjiaid` = 1 AND `lable` = 'rec' ORDER BY id desc LIMIT 0,9   [ RunTime:0.0012s ]
SQL: SHOW COLUMNS FROM `tb_user` [ RunTime:0.0819s ]
SQL: SELECT * FROM `tb_user` WHERE `id` = '0' LIMIT 1   [ RunTime:0.0006s ]
NOTIC: [8] Undefined index: rec F:\phpsite\hc\kaoti\kaoti20170406\Application\Home\Controller\ShopController.class.php 第 35 行.
SQL: SELECT * FROM `tb_user` WHERE `id` = '0' LIMIT 1   [ RunTime:0.0009s ]
NOTIC: [8] Undefined index: rec F:\phpsite\hc\kaoti\kaoti20170406\Application\Home\Controller\ShopController.class.php 第 35 行.
SQL: SELECT * FROM `tb_user` WHERE `id` = '0' LIMIT 1   [ RunTime:0.0007s ]
NOTIC: [8] Undefined index: rec F:\phpsite\hc\kaoti\kaoti20170406\Application\Home\Controller\ShopController.class.php 第 35 行.
SQL: SELECT * FROM `tb_user` WHERE `id` = '0' LIMIT 1   [ RunTime:0.0010s ]
NOTIC: [8] Undefined index: rec F:\phpsite\hc\kaoti\kaoti20170406\Application\Home\Controller\ShopController.class.php 第 35 行.
SQL: SELECT * FROM `tb_user` WHERE `id` = '0' LIMIT 1   [ RunTime:0.0011s ]
NOTIC: [8] Undefined index: rec F:\phpsite\hc\kaoti\kaoti20170406\Application\Home\Controller\ShopController.class.php 第 35 行.
SQL: SELECT * FROM `tb_user` WHERE `id` = '0' LIMIT 1   [ RunTime:0.0006s ]
NOTIC: [8] Undefined index: rec F:\phpsite\hc\kaoti\kaoti20170406\Application\Home\Controller\ShopController.class.php 第 35 行.
SQL: SELECT * FROM `tb_user` WHERE `id` = '0' LIMIT 1   [ RunTime:0.0006s ]
NOTIC: [8] Undefined index: rec F:\phpsite\hc\kaoti\kaoti20170406\Application\Home\Controller\ShopController.class.php 第 35 行.
SQL: SELECT * FROM `tb_user` WHERE `id` = '0' LIMIT 1   [ RunTime:0.0007s ]
NOTIC: [8] Undefined index: rec F:\phpsite\hc\kaoti\kaoti20170406\Application\Home\Controller\ShopController.class.php 第 35 行.
SQL: SELECT * FROM `tb_user` WHERE `id` = '0' LIMIT 1   [ RunTime:0.0008s ]
NOTIC: [8] Undefined index: rec F:\phpsite\hc\kaoti\kaoti20170406\Application\Home\Controller\ShopController.class.php 第 35 行.
SQL: SELECT * FROM `tb_user` WHERE ( id='1' ) LIMIT 1   [ RunTime:0.0019s ]
SQL: SHOW COLUMNS FROM `tb_product_class` [ RunTime:0.0930s ]
SQL: SELECT * FROM `tb_product_class` WHERE `dianjiaid` = 1 ORDER BY id desc LIMIT 0,20   [ RunTime:0.0007s ]
NOTIC: [8] Undefined variable: orderby F:\phpsite\hc\kaoti\kaoti20170406\Application\Home\Controller\ShopController.class.php 第 50 行.
SQL: SELECT `id`,`shopname`,`photo` FROM `tb_user` WHERE `shopname` <> '' AND `root` = '6'  [ RunTime:0.0006s ]
NOTIC: [8] Use of undefined constant __PUBLIC__ - assumed '__PUBLIC__' F:\phpsite\hc\kaoti\kaoti20170406\Application\Home\Controller\ShopController.class.php 第 52 行.
INFO: [ view_parse ] --START--
INFO: [ template_filter ] --START--
INFO: Run Behavior\ContentReplaceBehavior [ RunTime:0.000363s ]
INFO: [ template_filter ] --END-- [ RunTime:0.000555s ]
NOTIC: [8] Use of undefined constant DEFAULT_CONTROLLER - assumed 'DEFAULT_CONTROLLER' F:\phpsite\hc\kaoti\kaoti20170406\Application\Runtime\Cache\Home\e9005f3e300b79237bc6eefa1cb81c35.php 第 61 行.
NOTIC: [8] Undefined variable: data F:\phpsite\hc\kaoti\kaoti20170406\Application\Runtime\Cache\Home\e9005f3e300b79237bc6eefa1cb81c35.php 第 62 行.
NOTIC: [8] Undefined variable: data F:\phpsite\hc\kaoti\kaoti20170406\Application\Runtime\Cache\Home\e9005f3e300b79237bc6eefa1cb81c35.php 第 63 行.
NOTIC: [8] Undefined variable: table F:\phpsite\hc\kaoti\kaoti20170406\Application\Runtime\Cache\Home\e9005f3e300b79237bc6eefa1cb81c35.php 第 64 行.
NOTIC: [8] Undefined variable: laiyuan F:\phpsite\hc\kaoti\kaoti20170406\Application\Runtime\Cache\Home\e9005f3e300b79237bc6eefa1cb81c35.php 第 66 行.
NOTIC: [8] Undefined variable: lang F:\phpsite\hc\kaoti\kaoti20170406\Application\Runtime\Cache\Home\e9005f3e300b79237bc6eefa1cb81c35.php 第 78 行.
NOTIC: [8] Undefined variable: act F:\phpsite\hc\kaoti\kaoti20170406\Application\Runtime\Cache\Home\e9005f3e300b79237bc6eefa1cb81c35.php 第 79 行.
NOTIC: [8] Undefined index: userq F:\phpsite\hc\kaoti\kaoti20170406\Application\Runtime\Cache\Home\e9005f3e300b79237bc6eefa1cb81c35.php 第 80 行.
NOTIC: [8] Undefined index: userq F:\phpsite\hc\kaoti\kaoti20170406\Application\Runtime\Cache\Home\e9005f3e300b79237bc6eefa1cb81c35.php 第 85 行.
NOTIC: [8] Undefined index: userq F:\phpsite\hc\kaoti\kaoti20170406\Application\Runtime\Cache\Home\e9005f3e300b79237bc6eefa1cb81c35.php 第 86 行.
INFO: Run Behavior\ParseTemplateBehavior [ RunTime:0.234865s ]
INFO: [ view_parse ] --END-- [ RunTime:0.235055s ]
INFO: [ view_filter ] --START--
INFO: Run Behavior\WriteHtmlCacheBehavior [ RunTime:0.030357s ]
INFO: [ view_filter ] --END-- [ RunTime:0.030549s ]
INFO: [ app_end ] --START--
INFO: Run Behavior\ShowPageTraceBehavior [ RunTime:0.007925s ]
INFO: [ app_end ] --END-- [ RunTime:0.008128s ]

[ 2017-06-06T21:10:26+08:00 ] 127.0.0.1 /phpsite/hc/kaoti/kaoti20170406/
INFO: [ app_init ] --START--
INFO: Run Behavior\BuildLiteBehavior [ RunTime:0.000042s ]
INFO: [ app_init ] --END-- [ RunTime:0.001885s ]
INFO: [ app_begin ] --START--
INFO: Run Behavior\ReadHtmlCacheBehavior [ RunTime:0.000896s ]
INFO: [ app_begin ] --END-- [ RunTime:0.001086s ]

[ 2017-06-06T21:10:31+08:00 ] 127.0.0.1 /phpsite/hc/kaoti/kaoti20170406/index.php/Home/Shop/plists/?p=1&isajax=1&djid=1
INFO: [ app_init ] --START--
INFO: Run Behavior\BuildLiteBehavior [ RunTime:0.000042s ]
INFO: [ app_init ] --END-- [ RunTime:0.000840s ]
INFO: [ app_begin ] --START--
INFO: Run Behavior\ReadHtmlCacheBehavior [ RunTime:0.001001s ]
INFO: [ app_begin ] --END-- [ RunTime:0.001193s ]
SQL: SHOW COLUMNS FROM `tb_product` [ RunTime:0.1271s ]
SQL: SELECT COUNT(*) AS tp_count FROM `tb_product` WHERE `id` > 0 AND `dianjiaid` = '1' LIMIT 1   [ RunTime:0.0009s ]
SQL: SELECT `title`,`id`,`price`,`prices`,`photo`,`photos`,`dianjiaid`,`classid` FROM `tb_product` WHERE `id` > 0 AND `dianjiaid` = '1' ORDER BY id asc LIMIT 0,15   [ RunTime:0.0018s ]
NOTIC: [8] Undefined index: userid F:\phpsite\hc\kaoti\kaoti20170406\Application\Home\Controller\ShopController.class.php 第 172 行.
SQL: SHOW COLUMNS FROM `tb_user` [ RunTime:0.0094s ]
SQL: SELECT * FROM `tb_user` WHERE `id` = null LIMIT 1   [ RunTime:0.0009s ]
NOTIC: [8] Undefined index: lable F:\phpsite\hc\kaoti\kaoti20170406\Application\Home\Controller\ShopController.class.php 第 177 行.
NOTIC: [8] Undefined index:  F:\phpsite\hc\kaoti\kaoti20170406\Application\Home\Controller\ShopController.class.php 第 177 行.
NOTIC: [8] Undefined index: userid F:\phpsite\hc\kaoti\kaoti20170406\Application\Home\Controller\ShopController.class.php 第 172 行.
SQL: SELECT * FROM `tb_user` WHERE `id` = null LIMIT 1   [ RunTime:0.0012s ]
NOTIC: [8] Undefined index: lable F:\phpsite\hc\kaoti\kaoti20170406\Application\Home\Controller\ShopController.class.php 第 177 行.
NOTIC: [8] Undefined index:  F:\phpsite\hc\kaoti\kaoti20170406\Application\Home\Controller\ShopController.class.php 第 177 行.
NOTIC: [8] Undefined index: userid F:\phpsite\hc\kaoti\kaoti20170406\Application\Home\Controller\ShopController.class.php 第 172 行.
SQL: SELECT * FROM `tb_user` WHERE `id` = null LIMIT 1   [ RunTime:0.0018s ]
NOTIC: [8] Undefined index: lable F:\phpsite\hc\kaoti\kaoti20170406\Application\Home\Controller\ShopController.class.php 第 177 行.
NOTIC: [8] Undefined index:  F:\phpsite\hc\kaoti\kaoti20170406\Application\Home\Controller\ShopController.class.php 第 177 行.
NOTIC: [8] Undefined index: userid F:\phpsite\hc\kaoti\kaoti20170406\Application\Home\Controller\ShopController.class.php 第 172 行.
SQL: SELECT * FROM `tb_user` WHERE `id` = null LIMIT 1   [ RunTime:0.0007s ]
NOTIC: [8] Undefined index: lable F:\phpsite\hc\kaoti\kaoti20170406\Application\Home\Controller\ShopController.class.php 第 177 行.
NOTIC: [8] Undefined index:  F:\phpsite\hc\kaoti\kaoti20170406\Application\Home\Controller\ShopController.class.php 第 177 行.
NOTIC: [8] Undefined index: userid F:\phpsite\hc\kaoti\kaoti20170406\Application\Home\Controller\ShopController.class.php 第 172 行.
SQL: SELECT * FROM `tb_user` WHERE `id` = null LIMIT 1   [ RunTime:0.0065s ]
NOTIC: [8] Undefined index: lable F:\phpsite\hc\kaoti\kaoti20170406\Application\Home\Controller\ShopController.class.php 第 177 行.
NOTIC: [8] Undefined index:  F:\phpsite\hc\kaoti\kaoti20170406\Application\Home\Controller\ShopController.class.php 第 177 行.
NOTIC: [8] Undefined index: userid F:\phpsite\hc\kaoti\kaoti20170406\Application\Home\Controller\ShopController.class.php 第 172 行.
SQL: SELECT * FROM `tb_user` WHERE `id` = null LIMIT 1   [ RunTime:0.0006s ]
NOTIC: [8] Undefined index: lable F:\phpsite\hc\kaoti\kaoti20170406\Application\Home\Controller\ShopController.class.php 第 177 行.
NOTIC: [8] Undefined index:  F:\phpsite\hc\kaoti\kaoti20170406\Application\Home\Controller\ShopController.class.php 第 177 行.
NOTIC: [8] Undefined index: userid F:\phpsite\hc\kaoti\kaoti20170406\Application\Home\Controller\ShopController.class.php 第 172 行.
SQL: SELECT * FROM `tb_user` WHERE `id` = null LIMIT 1   [ RunTime:0.0006s ]
NOTIC: [8] Undefined index: lable F:\phpsite\hc\kaoti\kaoti20170406\Application\Home\Controller\ShopController.class.php 第 177 行.
NOTIC: [8] Undefined index:  F:\phpsite\hc\kaoti\kaoti20170406\Application\Home\Controller\ShopController.class.php 第 177 行.
NOTIC: [8] Undefined index: userid F:\phpsite\hc\kaoti\kaoti20170406\Application\Home\Controller\ShopController.class.php 第 172 行.
SQL: SELECT * FROM `tb_user` WHERE `id` = null LIMIT 1   [ RunTime:0.0050s ]
NOTIC: [8] Undefined index: lable F:\phpsite\hc\kaoti\kaoti20170406\Application\Home\Controller\ShopController.class.php 第 177 行.
NOTIC: [8] Undefined index:  F:\phpsite\hc\kaoti\kaoti20170406\Application\Home\Controller\ShopController.class.php 第 177 行.
NOTIC: [8] Undefined index: userid F:\phpsite\hc\kaoti\kaoti20170406\Application\Home\Controller\ShopController.class.php 第 172 行.
SQL: SELECT * FROM `tb_user` WHERE `id` = null LIMIT 1   [ RunTime:0.0019s ]
NOTIC: [8] Undefined index: lable F:\phpsite\hc\kaoti\kaoti20170406\Application\Home\Controller\ShopController.class.php 第 177 行.
NOTIC: [8] Undefined index:  F:\phpsite\hc\kaoti\kaoti20170406\Application\Home\Controller\ShopController.class.php 第 177 行.
NOTIC: [8] Undefined index: userid F:\phpsite\hc\kaoti\kaoti20170406\Application\Home\Controller\ShopController.class.php 第 172 行.
SQL: SELECT * FROM `tb_user` WHERE `id` = null LIMIT 1   [ RunTime:0.0007s ]
NOTIC: [8] Undefined index: lable F:\phpsite\hc\kaoti\kaoti20170406\Application\Home\Controller\ShopController.class.php 第 177 行.
NOTIC: [8] Undefined index:  F:\phpsite\hc\kaoti\kaoti20170406\Application\Home\Controller\ShopController.class.php 第 177 行.

[ 2017-06-06T21:10:36+08:00 ] 127.0.0.1 /phpsite/hc/kaoti/kaoti20170406/index.php/Home/Shop/plists/?p=1&isajax=1&djid=1&xinpin=1
INFO: [ app_init ] --START--
INFO: Run Behavior\BuildLiteBehavior [ RunTime:0.000037s ]
INFO: [ app_init ] --END-- [ RunTime:0.000644s ]
INFO: [ app_begin ] --START--
INFO: Run Behavior\ReadHtmlCacheBehavior [ RunTime:0.001031s ]
INFO: [ app_begin ] --END-- [ RunTime:0.001201s ]
SQL: SHOW COLUMNS FROM `tb_product` [ RunTime:0.0056s ]
SQL: SELECT COUNT(*) AS tp_count FROM `tb_product` WHERE `id` > 0 AND `dianjiaid` = '1' LIMIT 1   [ RunTime:0.0009s ]
SQL: SELECT `title`,`id`,`price`,`prices`,`photo`,`photos`,`dianjiaid`,`classid` FROM `tb_product` WHERE `id` > 0 AND `dianjiaid` = '1' ORDER BY id desc LIMIT 0,9   [ RunTime:0.0021s ]
NOTIC: [8] Undefined index: userid F:\phpsite\hc\kaoti\kaoti20170406\Application\Home\Controller\ShopController.class.php 第 172 行.
SQL: SHOW COLUMNS FROM `tb_user` [ RunTime:0.0074s ]
SQL: SELECT * FROM `tb_user` WHERE `id` = null LIMIT 1   [ RunTime:0.0010s ]
NOTIC: [8] Undefined index: lable F:\phpsite\hc\kaoti\kaoti20170406\Application\Home\Controller\ShopController.class.php 第 177 行.
NOTIC: [8] Undefined index:  F:\phpsite\hc\kaoti\kaoti20170406\Application\Home\Controller\ShopController.class.php 第 177 行.
NOTIC: [8] Undefined index: userid F:\phpsite\hc\kaoti\kaoti20170406\Application\Home\Controller\ShopController.class.php 第 172 行.
SQL: SELECT * FROM `tb_user` WHERE `id` = null LIMIT 1   [ RunTime:0.0007s ]
NOTIC: [8] Undefined index: lable F:\phpsite\hc\kaoti\kaoti20170406\Application\Home\Controller\ShopController.class.php 第 177 行.
NOTIC: [8] Undefined index:  F:\phpsite\hc\kaoti\kaoti20170406\Application\Home\Controller\ShopController.class.php 第 177 行.
NOTIC: [8] Undefined index: userid F:\phpsite\hc\kaoti\kaoti20170406\Application\Home\Controller\ShopController.class.php 第 172 行.
SQL: SELECT * FROM `tb_user` WHERE `id` = null LIMIT 1   [ RunTime:0.0007s ]
NOTIC: [8] Undefined index: lable F:\phpsite\hc\kaoti\kaoti20170406\Application\Home\Controller\ShopController.class.php 第 177 行.
NOTIC: [8] Undefined index:  F:\phpsite\hc\kaoti\kaoti20170406\Application\Home\Controller\ShopController.class.php 第 177 行.
NOTIC: [8] Undefined index: userid F:\phpsite\hc\kaoti\kaoti20170406\Application\Home\Controller\ShopController.class.php 第 172 行.
SQL: SELECT * FROM `tb_user` WHERE `id` = null LIMIT 1   [ RunTime:0.0007s ]
NOTIC: [8] Undefined index: lable F:\phpsite\hc\kaoti\kaoti20170406\Application\Home\Controller\ShopController.class.php 第 177 行.
NOTIC: [8] Undefined index:  F:\phpsite\hc\kaoti\kaoti20170406\Application\Home\Controller\ShopController.class.php 第 177 行.
NOTIC: [8] Undefined index: userid F:\phpsite\hc\kaoti\kaoti20170406\Application\Home\Controller\ShopController.class.php 第 172 行.
SQL: SELECT * FROM `tb_user` WHERE `id` = null LIMIT 1   [ RunTime:0.0019s ]
NOTIC: [8] Undefined index: lable F:\phpsite\hc\kaoti\kaoti20170406\Application\Home\Controller\ShopController.class.php 第 177 行.
NOTIC: [8] Undefined index:  F:\phpsite\hc\kaoti\kaoti20170406\Application\Home\Controller\ShopController.class.php 第 177 行.
NOTIC: [8] Undefined index: userid F:\phpsite\hc\kaoti\kaoti20170406\Application\Home\Controller\ShopController.class.php 第 172 行.
SQL: SELECT * FROM `tb_user` WHERE `id` = null LIMIT 1   [ RunTime:0.0007s ]
NOTIC: [8] Undefined index: lable F:\phpsite\hc\kaoti\kaoti20170406\Application\Home\Controller\ShopController.class.php 第 177 行.
NOTIC: [8] Undefined index:  F:\phpsite\hc\kaoti\kaoti20170406\Application\Home\Controller\ShopController.class.php 第 177 行.
NOTIC: [8] Undefined index: userid F:\phpsite\hc\kaoti\kaoti20170406\Application\Home\Controller\ShopController.class.php 第 172 行.
SQL: SELECT * FROM `tb_user` WHERE `id` = null LIMIT 1   [ RunTime:0.0006s ]
NOTIC: [8] Undefined index: lable F:\phpsite\hc\kaoti\kaoti20170406\Application\Home\Controller\ShopController.class.php 第 177 行.
NOTIC: [8] Undefined index:  F:\phpsite\hc\kaoti\kaoti20170406\Application\Home\Controller\ShopController.class.php 第 177 行.
NOTIC: [8] Undefined index: userid F:\phpsite\hc\kaoti\kaoti20170406\Application\Home\Controller\ShopController.class.php 第 172 行.
SQL: SELECT * FROM `tb_user` WHERE `id` = null LIMIT 1   [ RunTime:0.0007s ]
NOTIC: [8] Undefined index: lable F:\phpsite\hc\kaoti\kaoti20170406\Application\Home\Controller\ShopController.class.php 第 177 行.
NOTIC: [8] Undefined index:  F:\phpsite\hc\kaoti\kaoti20170406\Application\Home\Controller\ShopController.class.php 第 177 行.
NOTIC: [8] Undefined index: userid F:\phpsite\hc\kaoti\kaoti20170406\Application\Home\Controller\ShopController.class.php 第 172 行.
SQL: SELECT * FROM `tb_user` WHERE `id` = null LIMIT 1   [ RunTime:0.0010s ]
NOTIC: [8] Undefined index: lable F:\phpsite\hc\kaoti\kaoti20170406\Application\Home\Controller\ShopController.class.php 第 177 行.
NOTIC: [8] Undefined index:  F:\phpsite\hc\kaoti\kaoti20170406\Application\Home\Controller\ShopController.class.php 第 177 行.

[ 2017-06-06T21:10:55+08:00 ] 127.0.0.1 /phpsite/hc/kaoti/kaoti20170406/index.php/Home/Shop/plists/?p=2&isajax=1&djid=1
INFO: [ app_init ] --START--
INFO: Run Behavior\BuildLiteBehavior [ RunTime:0.000040s ]
INFO: [ app_init ] --END-- [ RunTime:0.000780s ]
INFO: [ app_begin ] --START--
INFO: Run Behavior\ReadHtmlCacheBehavior [ RunTime:0.000981s ]
INFO: [ app_begin ] --END-- [ RunTime:0.001157s ]
SQL: SHOW COLUMNS FROM `tb_product` [ RunTime:0.0086s ]
SQL: SELECT COUNT(*) AS tp_count FROM `tb_product` WHERE `id` > 0 AND `dianjiaid` = '1' LIMIT 1   [ RunTime:0.0021s ]
SQL: SELECT `title`,`id`,`price`,`prices`,`photo`,`photos`,`dianjiaid`,`classid` FROM `tb_product` WHERE `id` > 0 AND `dianjiaid` = '1' ORDER BY id asc LIMIT 15,15   [ RunTime:0.0044s ]
NOTIC: [2] Invalid argument supplied for foreach() F:\phpsite\hc\kaoti\kaoti20170406\Application\Home\Controller\ShopController.class.php 第 171 行.

[ 2017-06-06T21:26:56+08:00 ] 127.0.0.1 /phpsite/hc/kaoti/kaoti20170406/index.php/Home/Shop/plists/djid/1/djclassid/6
INFO: [ app_init ] --START--
INFO: Run Behavior\BuildLiteBehavior [ RunTime:0.000042s ]
INFO: [ app_init ] --END-- [ RunTime:0.001263s ]
INFO: [ app_begin ] --START--
INFO: Run Behavior\ReadHtmlCacheBehavior [ RunTime:0.004011s ]
INFO: [ app_begin ] --END-- [ RunTime:0.004280s ]
SQL: SHOW COLUMNS FROM `tb_product` [ RunTime:0.0111s ]
SQL: SELECT COUNT(*) AS tp_count FROM `tb_product` WHERE `id` > 0 AND `dianjiaid` = '1' AND `djclassid` = '6' LIMIT 1   [ RunTime:0.0010s ]
SQL: SELECT `title`,`id`,`price`,`prices`,`photo`,`photos`,`dianjiaid`,`classid` FROM `tb_product` WHERE `id` > 0 AND `dianjiaid` = '1' AND `djclassid` = '6' ORDER BY id asc LIMIT 0,15   [ RunTime:0.0009s ]
NOTIC: [8] Undefined index: userid F:\phpsite\hc\kaoti\kaoti20170406\Application\Home\Controller\ShopController.class.php 第 172 行.
SQL: SHOW COLUMNS FROM `tb_user` [ RunTime:0.0063s ]
SQL: SELECT * FROM `tb_user` WHERE `id` = null LIMIT 1   [ RunTime:0.0008s ]
NOTIC: [8] Undefined index: lable F:\phpsite\hc\kaoti\kaoti20170406\Application\Home\Controller\ShopController.class.php 第 177 行.
NOTIC: [8] Undefined index:  F:\phpsite\hc\kaoti\kaoti20170406\Application\Home\Controller\ShopController.class.php 第 177 行.
NOTIC: [8] Undefined index: userid F:\phpsite\hc\kaoti\kaoti20170406\Application\Home\Controller\ShopController.class.php 第 172 行.
SQL: SELECT * FROM `tb_user` WHERE `id` = null LIMIT 1   [ RunTime:0.0016s ]
NOTIC: [8] Undefined index: lable F:\phpsite\hc\kaoti\kaoti20170406\Application\Home\Controller\ShopController.class.php 第 177 行.
NOTIC: [8] Undefined index:  F:\phpsite\hc\kaoti\kaoti20170406\Application\Home\Controller\ShopController.class.php 第 177 行.
SQL: SELECT * FROM `tb_user` WHERE ( id='1' ) LIMIT 1   [ RunTime:0.0010s ]
SQL: SHOW COLUMNS FROM `tb_product_class` [ RunTime:0.0333s ]
SQL: SELECT * FROM `tb_product_class` WHERE `dianjiaid` = '1' ORDER BY id desc LIMIT 0,20   [ RunTime:0.0009s ]
NOTIC: [8] Use of undefined constant __PUBLIC__ - assumed '__PUBLIC__' F:\phpsite\hc\kaoti\kaoti20170406\Application\Home\Controller\ShopController.class.php 第 195 行.
INFO: [ view_parse ] --START--
INFO: [ template_filter ] --START--
INFO: Run Behavior\ContentReplaceBehavior [ RunTime:0.001064s ]
INFO: [ template_filter ] --END-- [ RunTime:0.001312s ]
NOTIC: [8] Use of undefined constant DEFAULT_CONTROLLER - assumed 'DEFAULT_CONTROLLER' F:\phpsite\hc\kaoti\kaoti20170406\Application\Runtime\Cache\Home\48327344af19a05c6745b37993add1a8.php 第 61 行.
NOTIC: [8] Undefined variable: data F:\phpsite\hc\kaoti\kaoti20170406\Application\Runtime\Cache\Home\48327344af19a05c6745b37993add1a8.php 第 62 行.
NOTIC: [8] Undefined variable: data F:\phpsite\hc\kaoti\kaoti20170406\Application\Runtime\Cache\Home\48327344af19a05c6745b37993add1a8.php 第 63 行.
NOTIC: [8] Undefined variable: table F:\phpsite\hc\kaoti\kaoti20170406\Application\Runtime\Cache\Home\48327344af19a05c6745b37993add1a8.php 第 64 行.
NOTIC: [8] Undefined variable: laiyuan F:\phpsite\hc\kaoti\kaoti20170406\Application\Runtime\Cache\Home\48327344af19a05c6745b37993add1a8.php 第 66 行.
NOTIC: [8] Undefined variable: lang F:\phpsite\hc\kaoti\kaoti20170406\Application\Runtime\Cache\Home\48327344af19a05c6745b37993add1a8.php 第 78 行.
NOTIC: [8] Undefined variable: act F:\phpsite\hc\kaoti\kaoti20170406\Application\Runtime\Cache\Home\48327344af19a05c6745b37993add1a8.php 第 79 行.
NOTIC: [8] Undefined index: userq F:\phpsite\hc\kaoti\kaoti20170406\Application\Runtime\Cache\Home\48327344af19a05c6745b37993add1a8.php 第 80 行.
NOTIC: [8] Undefined index: userq F:\phpsite\hc\kaoti\kaoti20170406\Application\Runtime\Cache\Home\48327344af19a05c6745b37993add1a8.php 第 85 行.
NOTIC: [8] Undefined index: userq F:\phpsite\hc\kaoti\kaoti20170406\Application\Runtime\Cache\Home\48327344af19a05c6745b37993add1a8.php 第 86 行.
NOTIC: [8] Undefined variable: row F:\phpsite\hc\kaoti\kaoti20170406\Application\Runtime\Cache\Home\48327344af19a05c6745b37993add1a8.php 第 123 行.
NOTIC: [8] Use of undefined constant id - assumed 'id' F:\phpsite\hc\kaoti\kaoti20170406\Application\Runtime\Cache\Home\48327344af19a05c6745b37993add1a8.php 第 124 行.
NOTIC: [8] Use of undefined constant id - assumed 'id' F:\phpsite\hc\kaoti\kaoti20170406\Application\Runtime\Cache\Home\48327344af19a05c6745b37993add1a8.php 第 124 行.
NOTIC: [8] Use of undefined constant id - assumed 'id' F:\phpsite\hc\kaoti\kaoti20170406\Application\Runtime\Cache\Home\48327344af19a05c6745b37993add1a8.php 第 124 行.
NOTIC: [8] Use of undefined constant id - assumed 'id' F:\phpsite\hc\kaoti\kaoti20170406\Application\Runtime\Cache\Home\48327344af19a05c6745b37993add1a8.php 第 124 行.
NOTIC: [8] Use of undefined constant id - assumed 'id' F:\phpsite\hc\kaoti\kaoti20170406\Application\Runtime\Cache\Home\48327344af19a05c6745b37993add1a8.php 第 124 行.
NOTIC: [8] Use of undefined constant id - assumed 'id' F:\phpsite\hc\kaoti\kaoti20170406\Application\Runtime\Cache\Home\48327344af19a05c6745b37993add1a8.php 第 124 行.
NOTIC: [8] Use of undefined constant id - assumed 'id' F:\phpsite\hc\kaoti\kaoti20170406\Application\Runtime\Cache\Home\48327344af19a05c6745b37993add1a8.php 第 124 行.
INFO: Run Behavior\ParseTemplateBehavior [ RunTime:0.063741s ]
INFO: [ view_parse ] --END-- [ RunTime:0.063936s ]
INFO: [ view_filter ] --START--
INFO: Run Behavior\WriteHtmlCacheBehavior [ RunTime:0.001139s ]
INFO: [ view_filter ] --END-- [ RunTime:0.001316s ]
INFO: [ app_end ] --START--
INFO: Run Behavior\ShowPageTraceBehavior [ RunTime:0.001464s ]
INFO: [ app_end ] --END-- [ RunTime:0.001637s ]

[ 2017-06-06T21:26:56+08:00 ] 127.0.0.1 /phpsite/hc/kaoti/kaoti20170406/
INFO: [ app_init ] --START--
INFO: Run Behavior\BuildLiteBehavior [ RunTime:0.000112s ]
INFO: [ app_init ] --END-- [ RunTime:0.001846s ]
INFO: [ app_begin ] --START--
INFO: Run Behavior\ReadHtmlCacheBehavior [ RunTime:0.000909s ]
INFO: [ app_begin ] --END-- [ RunTime:0.001105s ]

[ 2017-06-06T21:26:58+08:00 ] 127.0.0.1 /phpsite/hc/kaoti/kaoti20170406/index.php/Home/Shop/pdetail/djid/1/id/6
INFO: [ app_init ] --START--
INFO: Run Behavior\BuildLiteBehavior [ RunTime:0.000041s ]
INFO: [ app_init ] --END-- [ RunTime:0.000662s ]
INFO: [ app_begin ] --START--
INFO: Run Behavior\ReadHtmlCacheBehavior [ RunTime:0.000951s ]
INFO: [ app_begin ] --END-- [ RunTime:0.001149s ]
SQL: SHOW COLUMNS FROM `tb_user` [ RunTime:0.0067s ]
SQL: SHOW COLUMNS FROM `tb_product` [ RunTime:0.0062s ]
SQL: SELECT * FROM `tb_product` WHERE (  id='6' ) LIMIT 1   [ RunTime:0.0009s ]
SQL: SHOW COLUMNS FROM `tb_user` [ RunTime:0.0105s ]
SQL: SELECT * FROM `tb_user` WHERE (  id='1' ) LIMIT 1   [ RunTime:0.0018s ]
SQL: SELECT * FROM `tb_product` WHERE `lable` = 'rec' ORDER BY id desc LIMIT 0,20   [ RunTime:0.0022s ]
INFO: [ view_parse ] --START--
INFO: [ template_filter ] --START--
INFO: Run Behavior\ContentReplaceBehavior [ RunTime:0.000312s ]
INFO: [ template_filter ] --END-- [ RunTime:0.000494s ]
NOTIC: [8] Use of undefined constant DEFAULT_CONTROLLER - assumed 'DEFAULT_CONTROLLER' F:\phpsite\hc\kaoti\kaoti20170406\Application\Runtime\Cache\Home\31a26f7ba22b8ca76f919f57895566d8.php 第 61 行.
NOTIC: [8] Undefined variable: data F:\phpsite\hc\kaoti\kaoti20170406\Application\Runtime\Cache\Home\31a26f7ba22b8ca76f919f57895566d8.php 第 62 行.
NOTIC: [8] Undefined variable: data F:\phpsite\hc\kaoti\kaoti20170406\Application\Runtime\Cache\Home\31a26f7ba22b8ca76f919f57895566d8.php 第 63 行.
NOTIC: [8] Undefined variable: table F:\phpsite\hc\kaoti\kaoti20170406\Application\Runtime\Cache\Home\31a26f7ba22b8ca76f919f57895566d8.php 第 64 行.
NOTIC: [8] Undefined variable: laiyuan F:\phpsite\hc\kaoti\kaoti20170406\Application\Runtime\Cache\Home\31a26f7ba22b8ca76f919f57895566d8.php 第 66 行.
NOTIC: [8] Undefined variable: lang F:\phpsite\hc\kaoti\kaoti20170406\Application\Runtime\Cache\Home\31a26f7ba22b8ca76f919f57895566d8.php 第 78 行.
NOTIC: [8] Undefined variable: act F:\phpsite\hc\kaoti\kaoti20170406\Application\Runtime\Cache\Home\31a26f7ba22b8ca76f919f57895566d8.php 第 79 行.
NOTIC: [8] Undefined index: userq F:\phpsite\hc\kaoti\kaoti20170406\Application\Runtime\Cache\Home\31a26f7ba22b8ca76f919f57895566d8.php 第 80 行.
NOTIC: [8] Undefined index: userq F:\phpsite\hc\kaoti\kaoti20170406\Application\Runtime\Cache\Home\31a26f7ba22b8ca76f919f57895566d8.php 第 85 行.
NOTIC: [8] Undefined index: userq F:\phpsite\hc\kaoti\kaoti20170406\Application\Runtime\Cache\Home\31a26f7ba22b8ca76f919f57895566d8.php 第 86 行.
INFO: Run Behavior\ParseTemplateBehavior [ RunTime:0.118210s ]
INFO: [ view_parse ] --END-- [ RunTime:0.118412s ]
INFO: [ view_filter ] --START--
INFO: Run Behavior\WriteHtmlCacheBehavior [ RunTime:0.001090s ]
INFO: [ view_filter ] --END-- [ RunTime:0.001267s ]
INFO: [ app_end ] --START--
INFO: Run Behavior\ShowPageTraceBehavior [ RunTime:0.001171s ]
INFO: [ app_end ] --END-- [ RunTime:0.001369s ]

[ 2017-06-06T21:27:00+08:00 ] 127.0.0.1 /phpsite/hc/kaoti/kaoti20170406/
INFO: [ app_init ] --START--
INFO: Run Behavior\BuildLiteBehavior [ RunTime:0.000041s ]
INFO: [ app_init ] --END-- [ RunTime:0.000691s ]
INFO: [ app_begin ] --START--
INFO: Run Behavior\ReadHtmlCacheBehavior [ RunTime:0.001372s ]
INFO: [ app_begin ] --END-- [ RunTime:0.001647s ]

[ 2017-06-06T21:27:03+08:00 ] 127.0.0.1 /phpsite/hc/kaoti/kaoti20170406/index.php/Home/Shop/plists/djid/1/djclassid/5
INFO: [ app_init ] --START--
INFO: Run Behavior\BuildLiteBehavior [ RunTime:0.000038s ]
INFO: [ app_init ] --END-- [ RunTime:0.000694s ]
INFO: [ app_begin ] --START--
INFO: Run Behavior\ReadHtmlCacheBehavior [ RunTime:0.000736s ]
INFO: [ app_begin ] --END-- [ RunTime:0.000919s ]
SQL: SHOW COLUMNS FROM `tb_product` [ RunTime:0.0056s ]
SQL: SELECT COUNT(*) AS tp_count FROM `tb_product` WHERE `id` > 0 AND `dianjiaid` = '1' AND `djclassid` = '5' LIMIT 1   [ RunTime:0.0007s ]
SQL: SELECT `title`,`id`,`price`,`prices`,`photo`,`photos`,`dianjiaid`,`classid` FROM `tb_product` WHERE `id` > 0 AND `dianjiaid` = '1' AND `djclassid` = '5' ORDER BY id asc LIMIT 0,15   [ RunTime:0.0012s ]
NOTIC: [2] Invalid argument supplied for foreach() F:\phpsite\hc\kaoti\kaoti20170406\Application\Home\Controller\ShopController.class.php 第 171 行.
SQL: SHOW COLUMNS FROM `tb_user` [ RunTime:0.0076s ]
SQL: SELECT * FROM `tb_user` WHERE ( id='1' ) LIMIT 1   [ RunTime:0.0008s ]
SQL: SHOW COLUMNS FROM `tb_product_class` [ RunTime:0.0055s ]
SQL: SELECT * FROM `tb_product_class` WHERE `dianjiaid` = '1' ORDER BY id desc LIMIT 0,20   [ RunTime:0.0010s ]
NOTIC: [8] Use of undefined constant __PUBLIC__ - assumed '__PUBLIC__' F:\phpsite\hc\kaoti\kaoti20170406\Application\Home\Controller\ShopController.class.php 第 195 行.
INFO: [ view_parse ] --START--
INFO: [ template_filter ] --START--
INFO: Run Behavior\ContentReplaceBehavior [ RunTime:0.000252s ]
INFO: [ template_filter ] --END-- [ RunTime:0.000514s ]
NOTIC: [8] Use of undefined constant DEFAULT_CONTROLLER - assumed 'DEFAULT_CONTROLLER' F:\phpsite\hc\kaoti\kaoti20170406\Application\Runtime\Cache\Home\48327344af19a05c6745b37993add1a8.php 第 61 行.
NOTIC: [8] Undefined variable: data F:\phpsite\hc\kaoti\kaoti20170406\Application\Runtime\Cache\Home\48327344af19a05c6745b37993add1a8.php 第 62 行.
NOTIC: [8] Undefined variable: data F:\phpsite\hc\kaoti\kaoti20170406\Application\Runtime\Cache\Home\48327344af19a05c6745b37993add1a8.php 第 63 行.
NOTIC: [8] Undefined variable: table F:\phpsite\hc\kaoti\kaoti20170406\Application\Runtime\Cache\Home\48327344af19a05c6745b37993add1a8.php 第 64 行.
NOTIC: [8] Undefined variable: laiyuan F:\phpsite\hc\kaoti\kaoti20170406\Application\Runtime\Cache\Home\48327344af19a05c6745b37993add1a8.php 第 66 行.
NOTIC: [8] Undefined variable: lang F:\phpsite\hc\kaoti\kaoti20170406\Application\Runtime\Cache\Home\48327344af19a05c6745b37993add1a8.php 第 78 行.
NOTIC: [8] Undefined variable: act F:\phpsite\hc\kaoti\kaoti20170406\Application\Runtime\Cache\Home\48327344af19a05c6745b37993add1a8.php 第 79 行.
NOTIC: [8] Undefined index: userq F:\phpsite\hc\kaoti\kaoti20170406\Application\Runtime\Cache\Home\48327344af19a05c6745b37993add1a8.php 第 80 行.
NOTIC: [8] Undefined index: userq F:\phpsite\hc\kaoti\kaoti20170406\Application\Runtime\Cache\Home\48327344af19a05c6745b37993add1a8.php 第 85 行.
NOTIC: [8] Undefined index: userq F:\phpsite\hc\kaoti\kaoti20170406\Application\Runtime\Cache\Home\48327344af19a05c6745b37993add1a8.php 第 86 行.
NOTIC: [8] Undefined variable: row F:\phpsite\hc\kaoti\kaoti20170406\Application\Runtime\Cache\Home\48327344af19a05c6745b37993add1a8.php 第 123 行.
NOTIC: [8] Use of undefined constant id - assumed 'id' F:\phpsite\hc\kaoti\kaoti20170406\Application\Runtime\Cache\Home\48327344af19a05c6745b37993add1a8.php 第 124 行.
NOTIC: [8] Use of undefined constant id - assumed 'id' F:\phpsite\hc\kaoti\kaoti20170406\Application\Runtime\Cache\Home\48327344af19a05c6745b37993add1a8.php 第 124 行.
NOTIC: [8] Use of undefined constant id - assumed 'id' F:\phpsite\hc\kaoti\kaoti20170406\Application\Runtime\Cache\Home\48327344af19a05c6745b37993add1a8.php 第 124 行.
NOTIC: [8] Use of undefined constant id - assumed 'id' F:\phpsite\hc\kaoti\kaoti20170406\Application\Runtime\Cache\Home\48327344af19a05c6745b37993add1a8.php 第 124 行.
NOTIC: [8] Use of undefined constant id - assumed 'id' F:\phpsite\hc\kaoti\kaoti20170406\Application\Runtime\Cache\Home\48327344af19a05c6745b37993add1a8.php 第 124 行.
NOTIC: [8] Use of undefined constant id - assumed 'id' F:\phpsite\hc\kaoti\kaoti20170406\Application\Runtime\Cache\Home\48327344af19a05c6745b37993add1a8.php 第 124 行.
NOTIC: [8] Use of undefined constant id - assumed 'id' F:\phpsite\hc\kaoti\kaoti20170406\Application\Runtime\Cache\Home\48327344af19a05c6745b37993add1a8.php 第 124 行.
INFO: Run Behavior\ParseTemplateBehavior [ RunTime:0.029367s ]
INFO: [ view_parse ] --END-- [ RunTime:0.029558s ]
INFO: [ view_filter ] --START--
INFO: Run Behavior\WriteHtmlCacheBehavior [ RunTime:0.000697s ]
INFO: [ view_filter ] --END-- [ RunTime:0.000862s ]
INFO: [ app_end ] --START--
INFO: Run Behavior\ShowPageTraceBehavior [ RunTime:0.001018s ]
INFO: [ app_end ] --END-- [ RunTime:0.001192s ]

[ 2017-06-06T21:27:04+08:00 ] 127.0.0.1 /phpsite/hc/kaoti/kaoti20170406/index.php/Home/Shop/plists/djid/1/djclassid/4
INFO: [ app_init ] --START--
INFO: Run Behavior\BuildLiteBehavior [ RunTime:0.000042s ]
INFO: [ app_init ] --END-- [ RunTime:0.000679s ]
INFO: [ app_begin ] --START--
INFO: Run Behavior\ReadHtmlCacheBehavior [ RunTime:0.003272s ]
INFO: [ app_begin ] --END-- [ RunTime:0.003501s ]
SQL: SHOW COLUMNS FROM `tb_product` [ RunTime:0.0070s ]
SQL: SELECT COUNT(*) AS tp_count FROM `tb_product` WHERE `id` > 0 AND `dianjiaid` = '1' AND `djclassid` = '4' LIMIT 1   [ RunTime:0.0013s ]
SQL: SELECT `title`,`id`,`price`,`prices`,`photo`,`photos`,`dianjiaid`,`classid` FROM `tb_product` WHERE `id` > 0 AND `dianjiaid` = '1' AND `djclassid` = '4' ORDER BY id asc LIMIT 0,15   [ RunTime:0.0017s ]
NOTIC: [2] Invalid argument supplied for foreach() F:\phpsite\hc\kaoti\kaoti20170406\Application\Home\Controller\ShopController.class.php 第 171 行.
SQL: SHOW COLUMNS FROM `tb_user` [ RunTime:0.0151s ]
SQL: SELECT * FROM `tb_user` WHERE ( id='1' ) LIMIT 1   [ RunTime:0.0009s ]
SQL: SHOW COLUMNS FROM `tb_product_class` [ RunTime:0.0250s ]
SQL: SELECT * FROM `tb_product_class` WHERE `dianjiaid` = '1' ORDER BY id desc LIMIT 0,20   [ RunTime:0.0008s ]
NOTIC: [8] Use of undefined constant __PUBLIC__ - assumed '__PUBLIC__' F:\phpsite\hc\kaoti\kaoti20170406\Application\Home\Controller\ShopController.class.php 第 195 行.
INFO: [ view_parse ] --START--
INFO: [ template_filter ] --START--
INFO: Run Behavior\ContentReplaceBehavior [ RunTime:0.000197s ]
INFO: [ template_filter ] --END-- [ RunTime:0.000379s ]
NOTIC: [8] Use of undefined constant DEFAULT_CONTROLLER - assumed 'DEFAULT_CONTROLLER' F:\phpsite\hc\kaoti\kaoti20170406\Application\Runtime\Cache\Home\48327344af19a05c6745b37993add1a8.php 第 61 行.
NOTIC: [8] Undefined variable: data F:\phpsite\hc\kaoti\kaoti20170406\Application\Runtime\Cache\Home\48327344af19a05c6745b37993add1a8.php 第 62 行.
NOTIC: [8] Undefined variable: data F:\phpsite\hc\kaoti\kaoti20170406\Application\Runtime\Cache\Home\48327344af19a05c6745b37993add1a8.php 第 63 行.
NOTIC: [8] Undefined variable: table F:\phpsite\hc\kaoti\kaoti20170406\Application\Runtime\Cache\Home\48327344af19a05c6745b37993add1a8.php 第 64 行.
NOTIC: [8] Undefined variable: laiyuan F:\phpsite\hc\kaoti\kaoti20170406\Application\Runtime\Cache\Home\48327344af19a05c6745b37993add1a8.php 第 66 行.
NOTIC: [8] Undefined variable: lang F:\phpsite\hc\kaoti\kaoti20170406\Application\Runtime\Cache\Home\48327344af19a05c6745b37993add1a8.php 第 78 行.
NOTIC: [8] Undefined variable: act F:\phpsite\hc\kaoti\kaoti20170406\Application\Runtime\Cache\Home\48327344af19a05c6745b37993add1a8.php 第 79 行.
NOTIC: [8] Undefined index: userq F:\phpsite\hc\kaoti\kaoti20170406\Application\Runtime\Cache\Home\48327344af19a05c6745b37993add1a8.php 第 80 行.
NOTIC: [8] Undefined index: userq F:\phpsite\hc\kaoti\kaoti20170406\Application\Runtime\Cache\Home\48327344af19a05c6745b37993add1a8.php 第 85 行.
NOTIC: [8] Undefined index: userq F:\phpsite\hc\kaoti\kaoti20170406\Application\Runtime\Cache\Home\48327344af19a05c6745b37993add1a8.php 第 86 行.
NOTIC: [8] Undefined variable: row F:\phpsite\hc\kaoti\kaoti20170406\Application\Runtime\Cache\Home\48327344af19a05c6745b37993add1a8.php 第 123 行.
NOTIC: [8] Use of undefined constant id - assumed 'id' F:\phpsite\hc\kaoti\kaoti20170406\Application\Runtime\Cache\Home\48327344af19a05c6745b37993add1a8.php 第 124 行.
NOTIC: [8] Use of undefined constant id - assumed 'id' F:\phpsite\hc\kaoti\kaoti20170406\Application\Runtime\Cache\Home\48327344af19a05c6745b37993add1a8.php 第 124 行.
NOTIC: [8] Use of undefined constant id - assumed 'id' F:\phpsite\hc\kaoti\kaoti20170406\Application\Runtime\Cache\Home\48327344af19a05c6745b37993add1a8.php 第 124 行.
NOTIC: [8] Use of undefined constant id - assumed 'id' F:\phpsite\hc\kaoti\kaoti20170406\Application\Runtime\Cache\Home\48327344af19a05c6745b37993add1a8.php 第 124 行.
NOTIC: [8] Use of undefined constant id - assumed 'id' F:\phpsite\hc\kaoti\kaoti20170406\Application\Runtime\Cache\Home\48327344af19a05c6745b37993add1a8.php 第 124 行.
NOTIC: [8] Use of undefined constant id - assumed 'id' F:\phpsite\hc\kaoti\kaoti20170406\Application\Runtime\Cache\Home\48327344af19a05c6745b37993add1a8.php 第 124 行.
NOTIC: [8] Use of undefined constant id - assumed 'id' F:\phpsite\hc\kaoti\kaoti20170406\Application\Runtime\Cache\Home\48327344af19a05c6745b37993add1a8.php 第 124 行.
INFO: Run Behavior\ParseTemplateBehavior [ RunTime:0.025589s ]
INFO: [ view_parse ] --END-- [ RunTime:0.025762s ]
INFO: [ view_filter ] --START--
INFO: Run Behavior\WriteHtmlCacheBehavior [ RunTime:0.000930s ]
INFO: [ view_filter ] --END-- [ RunTime:0.001103s ]
INFO: [ app_end ] --START--
INFO: Run Behavior\ShowPageTraceBehavior [ RunTime:0.001133s ]
INFO: [ app_end ] --END-- [ RunTime:0.001355s ]

[ 2017-06-06T21:27:06+08:00 ] 127.0.0.1 /phpsite/hc/kaoti/kaoti20170406/index.php/Home/Shop/plists/djid/1/djclassid/3
INFO: [ app_init ] --START--
INFO: Run Behavior\BuildLiteBehavior [ RunTime:0.000039s ]
INFO: [ app_init ] --END-- [ RunTime:0.000763s ]
INFO: [ app_begin ] --START--
INFO: Run Behavior\ReadHtmlCacheBehavior [ RunTime:0.000862s ]
INFO: [ app_begin ] --END-- [ RunTime:0.001058s ]
SQL: SHOW COLUMNS FROM `tb_product` [ RunTime:0.1266s ]
SQL: SELECT COUNT(*) AS tp_count FROM `tb_product` WHERE `id` > 0 AND `dianjiaid` = '1' AND `djclassid` = '3' LIMIT 1   [ RunTime:0.0008s ]
SQL: SELECT `title`,`id`,`price`,`prices`,`photo`,`photos`,`dianjiaid`,`classid` FROM `tb_product` WHERE `id` > 0 AND `dianjiaid` = '1' AND `djclassid` = '3' ORDER BY id asc LIMIT 0,15   [ RunTime:0.0008s ]
NOTIC: [2] Invalid argument supplied for foreach() F:\phpsite\hc\kaoti\kaoti20170406\Application\Home\Controller\ShopController.class.php 第 171 行.
SQL: SHOW COLUMNS FROM `tb_user` [ RunTime:0.0167s ]
SQL: SELECT * FROM `tb_user` WHERE ( id='1' ) LIMIT 1   [ RunTime:0.0013s ]
SQL: SHOW COLUMNS FROM `tb_product_class` [ RunTime:0.0103s ]
SQL: SELECT * FROM `tb_product_class` WHERE `dianjiaid` = '1' ORDER BY id desc LIMIT 0,20   [ RunTime:0.0018s ]
NOTIC: [8] Use of undefined constant __PUBLIC__ - assumed '__PUBLIC__' F:\phpsite\hc\kaoti\kaoti20170406\Application\Home\Controller\ShopController.class.php 第 195 行.
INFO: [ view_parse ] --START--
INFO: [ template_filter ] --START--
INFO: Run Behavior\ContentReplaceBehavior [ RunTime:0.000210s ]
INFO: [ template_filter ] --END-- [ RunTime:0.000446s ]
NOTIC: [8] Use of undefined constant DEFAULT_CONTROLLER - assumed 'DEFAULT_CONTROLLER' F:\phpsite\hc\kaoti\kaoti20170406\Application\Runtime\Cache\Home\48327344af19a05c6745b37993add1a8.php 第 61 行.
NOTIC: [8] Undefined variable: data F:\phpsite\hc\kaoti\kaoti20170406\Application\Runtime\Cache\Home\48327344af19a05c6745b37993add1a8.php 第 62 行.
NOTIC: [8] Undefined variable: data F:\phpsite\hc\kaoti\kaoti20170406\Application\Runtime\Cache\Home\48327344af19a05c6745b37993add1a8.php 第 63 行.
NOTIC: [8] Undefined variable: table F:\phpsite\hc\kaoti\kaoti20170406\Application\Runtime\Cache\Home\48327344af19a05c6745b37993add1a8.php 第 64 行.
NOTIC: [8] Undefined variable: laiyuan F:\phpsite\hc\kaoti\kaoti20170406\Application\Runtime\Cache\Home\48327344af19a05c6745b37993add1a8.php 第 66 行.
NOTIC: [8] Undefined variable: lang F:\phpsite\hc\kaoti\kaoti20170406\Application\Runtime\Cache\Home\48327344af19a05c6745b37993add1a8.php 第 78 行.
NOTIC: [8] Undefined variable: act F:\phpsite\hc\kaoti\kaoti20170406\Application\Runtime\Cache\Home\48327344af19a05c6745b37993add1a8.php 第 79 行.
NOTIC: [8] Undefined index: userq F:\phpsite\hc\kaoti\kaoti20170406\Application\Runtime\Cache\Home\48327344af19a05c6745b37993add1a8.php 第 80 行.
NOTIC: [8] Undefined index: userq F:\phpsite\hc\kaoti\kaoti20170406\Application\Runtime\Cache\Home\48327344af19a05c6745b37993add1a8.php 第 85 行.
NOTIC: [8] Undefined index: userq F:\phpsite\hc\kaoti\kaoti20170406\Application\Runtime\Cache\Home\48327344af19a05c6745b37993add1a8.php 第 86 行.
NOTIC: [8] Undefined variable: row F:\phpsite\hc\kaoti\kaoti20170406\Application\Runtime\Cache\Home\48327344af19a05c6745b37993add1a8.php 第 123 行.
NOTIC: [8] Use of undefined constant id - assumed 'id' F:\phpsite\hc\kaoti\kaoti20170406\Application\Runtime\Cache\Home\48327344af19a05c6745b37993add1a8.php 第 124 行.
NOTIC: [8] Use of undefined constant id - assumed 'id' F:\phpsite\hc\kaoti\kaoti20170406\Application\Runtime\Cache\Home\48327344af19a05c6745b37993add1a8.php 第 124 行.
NOTIC: [8] Use of undefined constant id - assumed 'id' F:\phpsite\hc\kaoti\kaoti20170406\Application\Runtime\Cache\Home\48327344af19a05c6745b37993add1a8.php 第 124 行.
NOTIC: [8] Use of undefined constant id - assumed 'id' F:\phpsite\hc\kaoti\kaoti20170406\Application\Runtime\Cache\Home\48327344af19a05c6745b37993add1a8.php 第 124 行.
NOTIC: [8] Use of undefined constant id - assumed 'id' F:\phpsite\hc\kaoti\kaoti20170406\Application\Runtime\Cache\Home\48327344af19a05c6745b37993add1a8.php 第 124 行.
NOTIC: [8] Use of undefined constant id - assumed 'id' F:\phpsite\hc\kaoti\kaoti20170406\Application\Runtime\Cache\Home\48327344af19a05c6745b37993add1a8.php 第 124 行.
NOTIC: [8] Use of undefined constant id - assumed 'id' F:\phpsite\hc\kaoti\kaoti20170406\Application\Runtime\Cache\Home\48327344af19a05c6745b37993add1a8.php 第 124 行.
INFO: Run Behavior\ParseTemplateBehavior [ RunTime:0.027742s ]
INFO: [ view_parse ] --END-- [ RunTime:0.027913s ]
INFO: [ view_filter ] --START--
INFO: Run Behavior\WriteHtmlCacheBehavior [ RunTime:0.000709s ]
INFO: [ view_filter ] --END-- [ RunTime:0.000873s ]
INFO: [ app_end ] --START--
INFO: Run Behavior\ShowPageTraceBehavior [ RunTime:0.001364s ]
INFO: [ app_end ] --END-- [ RunTime:0.001579s ]

[ 2017-06-06T21:27:06+08:00 ] 127.0.0.1 /phpsite/hc/kaoti/kaoti20170406/index.php/Home/Shop/plists/djid/1/djclassid/2
INFO: [ app_init ] --START--
INFO: Run Behavior\BuildLiteBehavior [ RunTime:0.000045s ]
INFO: [ app_init ] --END-- [ RunTime:0.000758s ]
INFO: [ app_begin ] --START--
INFO: Run Behavior\ReadHtmlCacheBehavior [ RunTime:0.000763s ]
INFO: [ app_begin ] --END-- [ RunTime:0.000949s ]
SQL: SHOW COLUMNS FROM `tb_product` [ RunTime:0.0082s ]
SQL: SELECT COUNT(*) AS tp_count FROM `tb_product` WHERE `id` > 0 AND `dianjiaid` = '1' AND `djclassid` = '2' LIMIT 1   [ RunTime:0.0012s ]
SQL: SELECT `title`,`id`,`price`,`prices`,`photo`,`photos`,`dianjiaid`,`classid` FROM `tb_product` WHERE `id` > 0 AND `dianjiaid` = '1' AND `djclassid` = '2' ORDER BY id asc LIMIT 0,15   [ RunTime:0.0007s ]
NOTIC: [2] Invalid argument supplied for foreach() F:\phpsite\hc\kaoti\kaoti20170406\Application\Home\Controller\ShopController.class.php 第 171 行.
SQL: SHOW COLUMNS FROM `tb_user` [ RunTime:0.0085s ]
SQL: SELECT * FROM `tb_user` WHERE ( id='1' ) LIMIT 1   [ RunTime:0.0014s ]
SQL: SHOW COLUMNS FROM `tb_product_class` [ RunTime:0.0067s ]
SQL: SELECT * FROM `tb_product_class` WHERE `dianjiaid` = '1' ORDER BY id desc LIMIT 0,20   [ RunTime:0.0008s ]
NOTIC: [8] Use of undefined constant __PUBLIC__ - assumed '__PUBLIC__' F:\phpsite\hc\kaoti\kaoti20170406\Application\Home\Controller\ShopController.class.php 第 195 行.
INFO: [ view_parse ] --START--
INFO: [ template_filter ] --START--
INFO: Run Behavior\ContentReplaceBehavior [ RunTime:0.000296s ]
INFO: [ template_filter ] --END-- [ RunTime:0.000494s ]
NOTIC: [8] Use of undefined constant DEFAULT_CONTROLLER - assumed 'DEFAULT_CONTROLLER' F:\phpsite\hc\kaoti\kaoti20170406\Application\Runtime\Cache\Home\48327344af19a05c6745b37993add1a8.php 第 61 行.
NOTIC: [8] Undefined variable: data F:\phpsite\hc\kaoti\kaoti20170406\Application\Runtime\Cache\Home\48327344af19a05c6745b37993add1a8.php 第 62 行.
NOTIC: [8] Undefined variable: data F:\phpsite\hc\kaoti\kaoti20170406\Application\Runtime\Cache\Home\48327344af19a05c6745b37993add1a8.php 第 63 行.
NOTIC: [8] Undefined variable: table F:\phpsite\hc\kaoti\kaoti20170406\Application\Runtime\Cache\Home\48327344af19a05c6745b37993add1a8.php 第 64 行.
NOTIC: [8] Undefined variable: laiyuan F:\phpsite\hc\kaoti\kaoti20170406\Application\Runtime\Cache\Home\48327344af19a05c6745b37993add1a8.php 第 66 行.
NOTIC: [8] Undefined variable: lang F:\phpsite\hc\kaoti\kaoti20170406\Application\Runtime\Cache\Home\48327344af19a05c6745b37993add1a8.php 第 78 行.
NOTIC: [8] Undefined variable: act F:\phpsite\hc\kaoti\kaoti20170406\Application\Runtime\Cache\Home\48327344af19a05c6745b37993add1a8.php 第 79 行.
NOTIC: [8] Undefined index: userq F:\phpsite\hc\kaoti\kaoti20170406\Application\Runtime\Cache\Home\48327344af19a05c6745b37993add1a8.php 第 80 行.
NOTIC: [8] Undefined index: userq F:\phpsite\hc\kaoti\kaoti20170406\Application\Runtime\Cache\Home\48327344af19a05c6745b37993add1a8.php 第 85 行.
NOTIC: [8] Undefined index: userq F:\phpsite\hc\kaoti\kaoti20170406\Application\Runtime\Cache\Home\48327344af19a05c6745b37993add1a8.php 第 86 行.
NOTIC: [8] Undefined variable: row F:\phpsite\hc\kaoti\kaoti20170406\Application\Runtime\Cache\Home\48327344af19a05c6745b37993add1a8.php 第 123 行.
NOTIC: [8] Use of undefined constant id - assumed 'id' F:\phpsite\hc\kaoti\kaoti20170406\Application\Runtime\Cache\Home\48327344af19a05c6745b37993add1a8.php 第 124 行.
NOTIC: [8] Use of undefined constant id - assumed 'id' F:\phpsite\hc\kaoti\kaoti20170406\Application\Runtime\Cache\Home\48327344af19a05c6745b37993add1a8.php 第 124 行.
NOTIC: [8] Use of undefined constant id - assumed 'id' F:\phpsite\hc\kaoti\kaoti20170406\Application\Runtime\Cache\Home\48327344af19a05c6745b37993add1a8.php 第 124 行.
NOTIC: [8] Use of undefined constant id - assumed 'id' F:\phpsite\hc\kaoti\kaoti20170406\Application\Runtime\Cache\Home\48327344af19a05c6745b37993add1a8.php 第 124 行.
NOTIC: [8] Use of undefined constant id - assumed 'id' F:\phpsite\hc\kaoti\kaoti20170406\Application\Runtime\Cache\Home\48327344af19a05c6745b37993add1a8.php 第 124 行.
NOTIC: [8] Use of undefined constant id - assumed 'id' F:\phpsite\hc\kaoti\kaoti20170406\Application\Runtime\Cache\Home\48327344af19a05c6745b37993add1a8.php 第 124 行.
NOTIC: [8] Use of undefined constant id - assumed 'id' F:\phpsite\hc\kaoti\kaoti20170406\Application\Runtime\Cache\Home\48327344af19a05c6745b37993add1a8.php 第 124 行.
INFO: Run Behavior\ParseTemplateBehavior [ RunTime:0.033166s ]
INFO: [ view_parse ] --END-- [ RunTime:0.033383s ]
INFO: [ view_filter ] --START--
INFO: Run Behavior\WriteHtmlCacheBehavior [ RunTime:0.000702s ]
INFO: [ view_filter ] --END-- [ RunTime:0.000863s ]
INFO: [ app_end ] --START--
INFO: Run Behavior\ShowPageTraceBehavior [ RunTime:0.001324s ]
INFO: [ app_end ] --END-- [ RunTime:0.001609s ]

[ 2017-06-06T21:27:07+08:00 ] 127.0.0.1 /phpsite/hc/kaoti/kaoti20170406/index.php/Home/Shop/plists/djid/1/djclassid/1
INFO: [ app_init ] --START--
INFO: Run Behavior\BuildLiteBehavior [ RunTime:0.000044s ]
INFO: [ app_init ] --END-- [ RunTime:0.000705s ]
INFO: [ app_begin ] --START--
INFO: Run Behavior\ReadHtmlCacheBehavior [ RunTime:0.000828s ]
INFO: [ app_begin ] --END-- [ RunTime:0.001032s ]
SQL: SHOW COLUMNS FROM `tb_product` [ RunTime:0.0083s ]
SQL: SELECT COUNT(*) AS tp_count FROM `tb_product` WHERE `id` > 0 AND `dianjiaid` = '1' AND `djclassid` = '1' LIMIT 1   [ RunTime:0.0101s ]
SQL: SELECT `title`,`id`,`price`,`prices`,`photo`,`photos`,`dianjiaid`,`classid` FROM `tb_product` WHERE `id` > 0 AND `dianjiaid` = '1' AND `djclassid` = '1' ORDER BY id asc LIMIT 0,15   [ RunTime:0.0026s ]
NOTIC: [2] Invalid argument supplied for foreach() F:\phpsite\hc\kaoti\kaoti20170406\Application\Home\Controller\ShopController.class.php 第 171 行.
SQL: SHOW COLUMNS FROM `tb_user` [ RunTime:0.0164s ]
SQL: SELECT * FROM `tb_user` WHERE ( id='1' ) LIMIT 1   [ RunTime:0.0018s ]
SQL: SHOW COLUMNS FROM `tb_product_class` [ RunTime:0.0055s ]
SQL: SELECT * FROM `tb_product_class` WHERE `dianjiaid` = '1' ORDER BY id desc LIMIT 0,20   [ RunTime:0.0008s ]
NOTIC: [8] Use of undefined constant __PUBLIC__ - assumed '__PUBLIC__' F:\phpsite\hc\kaoti\kaoti20170406\Application\Home\Controller\ShopController.class.php 第 195 行.
INFO: [ view_parse ] --START--
INFO: [ template_filter ] --START--
INFO: Run Behavior\ContentReplaceBehavior [ RunTime:0.000202s ]
INFO: [ template_filter ] --END-- [ RunTime:0.000391s ]
NOTIC: [8] Use of undefined constant DEFAULT_CONTROLLER - assumed 'DEFAULT_CONTROLLER' F:\phpsite\hc\kaoti\kaoti20170406\Application\Runtime\Cache\Home\48327344af19a05c6745b37993add1a8.php 第 61 行.
NOTIC: [8] Undefined variable: data F:\phpsite\hc\kaoti\kaoti20170406\Application\Runtime\Cache\Home\48327344af19a05c6745b37993add1a8.php 第 62 行.
NOTIC: [8] Undefined variable: data F:\phpsite\hc\kaoti\kaoti20170406\Application\Runtime\Cache\Home\48327344af19a05c6745b37993add1a8.php 第 63 行.
NOTIC: [8] Undefined variable: table F:\phpsite\hc\kaoti\kaoti20170406\Application\Runtime\Cache\Home\48327344af19a05c6745b37993add1a8.php 第 64 行.
NOTIC: [8] Undefined variable: laiyuan F:\phpsite\hc\kaoti\kaoti20170406\Application\Runtime\Cache\Home\48327344af19a05c6745b37993add1a8.php 第 66 行.
NOTIC: [8] Undefined variable: lang F:\phpsite\hc\kaoti\kaoti20170406\Application\Runtime\Cache\Home\48327344af19a05c6745b37993add1a8.php 第 78 行.
NOTIC: [8] Undefined variable: act F:\phpsite\hc\kaoti\kaoti20170406\Application\Runtime\Cache\Home\48327344af19a05c6745b37993add1a8.php 第 79 行.
NOTIC: [8] Undefined index: userq F:\phpsite\hc\kaoti\kaoti20170406\Application\Runtime\Cache\Home\48327344af19a05c6745b37993add1a8.php 第 80 行.
NOTIC: [8] Undefined index: userq F:\phpsite\hc\kaoti\kaoti20170406\Application\Runtime\Cache\Home\48327344af19a05c6745b37993add1a8.php 第 85 行.
NOTIC: [8] Undefined index: userq F:\phpsite\hc\kaoti\kaoti20170406\Application\Runtime\Cache\Home\48327344af19a05c6745b37993add1a8.php 第 86 行.
NOTIC: [8] Undefined variable: row F:\phpsite\hc\kaoti\kaoti20170406\Application\Runtime\Cache\Home\48327344af19a05c6745b37993add1a8.php 第 123 行.
NOTIC: [8] Use of undefined constant id - assumed 'id' F:\phpsite\hc\kaoti\kaoti20170406\Application\Runtime\Cache\Home\48327344af19a05c6745b37993add1a8.php 第 124 行.
NOTIC: [8] Use of undefined constant id - assumed 'id' F:\phpsite\hc\kaoti\kaoti20170406\Application\Runtime\Cache\Home\48327344af19a05c6745b37993add1a8.php 第 124 行.
NOTIC: [8] Use of undefined constant id - assumed 'id' F:\phpsite\hc\kaoti\kaoti20170406\Application\Runtime\Cache\Home\48327344af19a05c6745b37993add1a8.php 第 124 行.
NOTIC: [8] Use of undefined constant id - assumed 'id' F:\phpsite\hc\kaoti\kaoti20170406\Application\Runtime\Cache\Home\48327344af19a05c6745b37993add1a8.php 第 124 行.
NOTIC: [8] Use of undefined constant id - assumed 'id' F:\phpsite\hc\kaoti\kaoti20170406\Application\Runtime\Cache\Home\48327344af19a05c6745b37993add1a8.php 第 124 行.
NOTIC: [8] Use of undefined constant id - assumed 'id' F:\phpsite\hc\kaoti\kaoti20170406\Application\Runtime\Cache\Home\48327344af19a05c6745b37993add1a8.php 第 124 行.
NOTIC: [8] Use of undefined constant id - assumed 'id' F:\phpsite\hc\kaoti\kaoti20170406\Application\Runtime\Cache\Home\48327344af19a05c6745b37993add1a8.php 第 124 行.
INFO: Run Behavior\ParseTemplateBehavior [ RunTime:0.025497s ]
INFO: [ view_parse ] --END-- [ RunTime:0.025695s ]
INFO: [ view_filter ] --START--
INFO: Run Behavior\WriteHtmlCacheBehavior [ RunTime:0.000838s ]
INFO: [ view_filter ] --END-- [ RunTime:0.001018s ]
INFO: [ app_end ] --START--
INFO: Run Behavior\ShowPageTraceBehavior [ RunTime:0.003268s ]
INFO: [ app_end ] --END-- [ RunTime:0.004983s ]

[ 2017-06-06T21:27:08+08:00 ] 127.0.0.1 /phpsite/hc/kaoti/kaoti20170406/index.php/Home/Shop/plists/djid/1/djclassid/7
INFO: [ app_init ] --START--
INFO: Run Behavior\BuildLiteBehavior [ RunTime:0.000040s ]
INFO: [ app_init ] --END-- [ RunTime:0.000780s ]
INFO: [ app_begin ] --START--
INFO: Run Behavior\ReadHtmlCacheBehavior [ RunTime:0.000874s ]
INFO: [ app_begin ] --END-- [ RunTime:0.001058s ]
SQL: SHOW COLUMNS FROM `tb_product` [ RunTime:0.0242s ]
SQL: SELECT COUNT(*) AS tp_count FROM `tb_product` WHERE `id` > 0 AND `dianjiaid` = '1' AND `djclassid` = '7' LIMIT 1   [ RunTime:0.0009s ]
SQL: SELECT `title`,`id`,`price`,`prices`,`photo`,`photos`,`dianjiaid`,`classid` FROM `tb_product` WHERE `id` > 0 AND `dianjiaid` = '1' AND `djclassid` = '7' ORDER BY id asc LIMIT 0,15   [ RunTime:0.0008s ]
NOTIC: [8] Undefined index: userid F:\phpsite\hc\kaoti\kaoti20170406\Application\Home\Controller\ShopController.class.php 第 172 行.
SQL: SHOW COLUMNS FROM `tb_user` [ RunTime:0.0151s ]
SQL: SELECT * FROM `tb_user` WHERE `id` = null LIMIT 1   [ RunTime:0.0008s ]
NOTIC: [8] Undefined index: lable F:\phpsite\hc\kaoti\kaoti20170406\Application\Home\Controller\ShopController.class.php 第 177 行.
NOTIC: [8] Undefined index:  F:\phpsite\hc\kaoti\kaoti20170406\Application\Home\Controller\ShopController.class.php 第 177 行.
NOTIC: [8] Undefined index: userid F:\phpsite\hc\kaoti\kaoti20170406\Application\Home\Controller\ShopController.class.php 第 172 行.
SQL: SELECT * FROM `tb_user` WHERE `id` = null LIMIT 1   [ RunTime:0.0059s ]
NOTIC: [8] Undefined index: lable F:\phpsite\hc\kaoti\kaoti20170406\Application\Home\Controller\ShopController.class.php 第 177 行.
NOTIC: [8] Undefined index:  F:\phpsite\hc\kaoti\kaoti20170406\Application\Home\Controller\ShopController.class.php 第 177 行.
SQL: SELECT * FROM `tb_user` WHERE ( id='1' ) LIMIT 1   [ RunTime:0.0008s ]
SQL: SHOW COLUMNS FROM `tb_product_class` [ RunTime:0.0178s ]
SQL: SELECT * FROM `tb_product_class` WHERE `dianjiaid` = '1' ORDER BY id desc LIMIT 0,20   [ RunTime:0.0008s ]
NOTIC: [8] Use of undefined constant __PUBLIC__ - assumed '__PUBLIC__' F:\phpsite\hc\kaoti\kaoti20170406\Application\Home\Controller\ShopController.class.php 第 195 行.
INFO: [ view_parse ] --START--
INFO: [ template_filter ] --START--
INFO: Run Behavior\ContentReplaceBehavior [ RunTime:0.000205s ]
INFO: [ template_filter ] --END-- [ RunTime:0.000414s ]
NOTIC: [8] Use of undefined constant DEFAULT_CONTROLLER - assumed 'DEFAULT_CONTROLLER' F:\phpsite\hc\kaoti\kaoti20170406\Application\Runtime\Cache\Home\48327344af19a05c6745b37993add1a8.php 第 61 行.
NOTIC: [8] Undefined variable: data F:\phpsite\hc\kaoti\kaoti20170406\Application\Runtime\Cache\Home\48327344af19a05c6745b37993add1a8.php 第 62 行.
NOTIC: [8] Undefined variable: data F:\phpsite\hc\kaoti\kaoti20170406\Application\Runtime\Cache\Home\48327344af19a05c6745b37993add1a8.php 第 63 行.
NOTIC: [8] Undefined variable: table F:\phpsite\hc\kaoti\kaoti20170406\Application\Runtime\Cache\Home\48327344af19a05c6745b37993add1a8.php 第 64 行.
NOTIC: [8] Undefined variable: laiyuan F:\phpsite\hc\kaoti\kaoti20170406\Application\Runtime\Cache\Home\48327344af19a05c6745b37993add1a8.php 第 66 行.
NOTIC: [8] Undefined variable: lang F:\phpsite\hc\kaoti\kaoti20170406\Application\Runtime\Cache\Home\48327344af19a05c6745b37993add1a8.php 第 78 行.
NOTIC: [8] Undefined variable: act F:\phpsite\hc\kaoti\kaoti20170406\Application\Runtime\Cache\Home\48327344af19a05c6745b37993add1a8.php 第 79 行.
NOTIC: [8] Undefined index: userq F:\phpsite\hc\kaoti\kaoti20170406\Application\Runtime\Cache\Home\48327344af19a05c6745b37993add1a8.php 第 80 行.
NOTIC: [8] Undefined index: userq F:\phpsite\hc\kaoti\kaoti20170406\Application\Runtime\Cache\Home\48327344af19a05c6745b37993add1a8.php 第 85 行.
NOTIC: [8] Undefined index: userq F:\phpsite\hc\kaoti\kaoti20170406\Application\Runtime\Cache\Home\48327344af19a05c6745b37993add1a8.php 第 86 行.
NOTIC: [8] Undefined variable: row F:\phpsite\hc\kaoti\kaoti20170406\Application\Runtime\Cache\Home\48327344af19a05c6745b37993add1a8.php 第 123 行.
NOTIC: [8] Use of undefined constant id - assumed 'id' F:\phpsite\hc\kaoti\kaoti20170406\Application\Runtime\Cache\Home\48327344af19a05c6745b37993add1a8.php 第 124 行.
NOTIC: [8] Use of undefined constant id - assumed 'id' F:\phpsite\hc\kaoti\kaoti20170406\Application\Runtime\Cache\Home\48327344af19a05c6745b37993add1a8.php 第 124 行.
NOTIC: [8] Use of undefined constant id - assumed 'id' F:\phpsite\hc\kaoti\kaoti20170406\Application\Runtime\Cache\Home\48327344af19a05c6745b37993add1a8.php 第 124 行.
NOTIC: [8] Use of undefined constant id - assumed 'id' F:\phpsite\hc\kaoti\kaoti20170406\Application\Runtime\Cache\Home\48327344af19a05c6745b37993add1a8.php 第 124 行.
NOTIC: [8] Use of undefined constant id - assumed 'id' F:\phpsite\hc\kaoti\kaoti20170406\Application\Runtime\Cache\Home\48327344af19a05c6745b37993add1a8.php 第 124 行.
NOTIC: [8] Use of undefined constant id - assumed 'id' F:\phpsite\hc\kaoti\kaoti20170406\Application\Runtime\Cache\Home\48327344af19a05c6745b37993add1a8.php 第 124 行.
NOTIC: [8] Use of undefined constant id - assumed 'id' F:\phpsite\hc\kaoti\kaoti20170406\Application\Runtime\Cache\Home\48327344af19a05c6745b37993add1a8.php 第 124 行.
INFO: Run Behavior\ParseTemplateBehavior [ RunTime:0.026362s ]
INFO: [ view_parse ] --END-- [ RunTime:0.026550s ]
INFO: [ view_filter ] --START--
INFO: Run Behavior\WriteHtmlCacheBehavior [ RunTime:0.004088s ]
INFO: [ view_filter ] --END-- [ RunTime:0.004261s ]
INFO: [ app_end ] --START--
INFO: Run Behavior\ShowPageTraceBehavior [ RunTime:0.001161s ]
INFO: [ app_end ] --END-- [ RunTime:0.001349s ]

[ 2017-06-06T21:27:08+08:00 ] 127.0.0.1 /phpsite/hc/kaoti/kaoti20170406/
INFO: [ app_init ] --START--
INFO: Run Behavior\BuildLiteBehavior [ RunTime:0.000043s ]
INFO: [ app_init ] --END-- [ RunTime:0.000754s ]
INFO: [ app_begin ] --START--
INFO: Run Behavior\ReadHtmlCacheBehavior [ RunTime:0.001036s ]
INFO: [ app_begin ] --END-- [ RunTime:0.001295s ]

[ 2017-06-06T21:27:17+08:00 ] 127.0.0.1 /phpsite/hc/kaoti/kaoti20170406/
INFO: [ app_init ] --START--
INFO: Run Behavior\BuildLiteBehavior [ RunTime:0.000048s ]
INFO: [ app_init ] --END-- [ RunTime:0.001080s ]
INFO: [ app_begin ] --START--
INFO: Run Behavior\ReadHtmlCacheBehavior [ RunTime:0.001017s ]
INFO: [ app_begin ] --END-- [ RunTime:0.001293s ]

[ 2017-06-06T21:27:18+08:00 ] 127.0.0.1 /phpsite/hc/kaoti/kaoti20170406/
INFO: [ app_init ] --START--
INFO: Run Behavior\BuildLiteBehavior [ RunTime:0.000077s ]
INFO: [ app_init ] --END-- [ RunTime:0.003060s ]
INFO: [ app_begin ] --START--
INFO: Run Behavior\ReadHtmlCacheBehavior [ RunTime:0.000769s ]
INFO: [ app_begin ] --END-- [ RunTime:0.000959s ]

[ 2017-06-06T21:27:24+08:00 ] 127.0.0.1 /phpsite/hc/kaoti/kaoti20170406/index.php/Home/Shop/plists/?p=1&isajax=1&djid=1
INFO: [ app_init ] --START--
INFO: Run Behavior\BuildLiteBehavior [ RunTime:0.000067s ]
INFO: [ app_init ] --END-- [ RunTime:0.000856s ]
INFO: [ app_begin ] --START--
INFO: Run Behavior\ReadHtmlCacheBehavior [ RunTime:0.000947s ]
INFO: [ app_begin ] --END-- [ RunTime:0.001112s ]
SQL: SHOW COLUMNS FROM `tb_product` [ RunTime:0.0054s ]
SQL: SELECT COUNT(*) AS tp_count FROM `tb_product` WHERE `id` > 0 AND `dianjiaid` = '1' LIMIT 1   [ RunTime:0.0022s ]
SQL: SELECT `title`,`id`,`price`,`prices`,`photo`,`photos`,`dianjiaid`,`classid` FROM `tb_product` WHERE `id` > 0 AND `dianjiaid` = '1' ORDER BY id asc LIMIT 0,15   [ RunTime:0.0041s ]
NOTIC: [8] Undefined index: userid F:\phpsite\hc\kaoti\kaoti20170406\Application\Home\Controller\ShopController.class.php 第 172 行.
SQL: SHOW COLUMNS FROM `tb_user` [ RunTime:0.0079s ]
SQL: SELECT * FROM `tb_user` WHERE `id` = null LIMIT 1   [ RunTime:0.0009s ]
NOTIC: [8] Undefined index: lable F:\phpsite\hc\kaoti\kaoti20170406\Application\Home\Controller\ShopController.class.php 第 177 行.
NOTIC: [8] Undefined index:  F:\phpsite\hc\kaoti\kaoti20170406\Application\Home\Controller\ShopController.class.php 第 177 行.
NOTIC: [8] Undefined index: userid F:\phpsite\hc\kaoti\kaoti20170406\Application\Home\Controller\ShopController.class.php 第 172 行.
SQL: SELECT * FROM `tb_user` WHERE `id` = null LIMIT 1   [ RunTime:0.0006s ]
NOTIC: [8] Undefined index: lable F:\phpsite\hc\kaoti\kaoti20170406\Application\Home\Controller\ShopController.class.php 第 177 行.
NOTIC: [8] Undefined index:  F:\phpsite\hc\kaoti\kaoti20170406\Application\Home\Controller\ShopController.class.php 第 177 行.
NOTIC: [8] Undefined index: userid F:\phpsite\hc\kaoti\kaoti20170406\Application\Home\Controller\ShopController.class.php 第 172 行.
SQL: SELECT * FROM `tb_user` WHERE `id` = null LIMIT 1   [ RunTime:0.0006s ]
NOTIC: [8] Undefined index: lable F:\phpsite\hc\kaoti\kaoti20170406\Application\Home\Controller\ShopController.class.php 第 177 行.
NOTIC: [8] Undefined index:  F:\phpsite\hc\kaoti\kaoti20170406\Application\Home\Controller\ShopController.class.php 第 177 行.
NOTIC: [8] Undefined index: userid F:\phpsite\hc\kaoti\kaoti20170406\Application\Home\Controller\ShopController.class.php 第 172 行.
SQL: SELECT * FROM `tb_user` WHERE `id` = null LIMIT 1   [ RunTime:0.0007s ]
NOTIC: [8] Undefined index: lable F:\phpsite\hc\kaoti\kaoti20170406\Application\Home\Controller\ShopController.class.php 第 177 行.
NOTIC: [8] Undefined index:  F:\phpsite\hc\kaoti\kaoti20170406\Application\Home\Controller\ShopController.class.php 第 177 行.
NOTIC: [8] Undefined index: userid F:\phpsite\hc\kaoti\kaoti20170406\Application\Home\Controller\ShopController.class.php 第 172 行.
SQL: SELECT * FROM `tb_user` WHERE `id` = null LIMIT 1   [ RunTime:0.0006s ]
NOTIC: [8] Undefined index: lable F:\phpsite\hc\kaoti\kaoti20170406\Application\Home\Controller\ShopController.class.php 第 177 行.
NOTIC: [8] Undefined index:  F:\phpsite\hc\kaoti\kaoti20170406\Application\Home\Controller\ShopController.class.php 第 177 行.
NOTIC: [8] Undefined index: userid F:\phpsite\hc\kaoti\kaoti20170406\Application\Home\Controller\ShopController.class.php 第 172 行.
SQL: SELECT * FROM `tb_user` WHERE `id` = null LIMIT 1   [ RunTime:0.0007s ]
NOTIC: [8] Undefined index: lable F:\phpsite\hc\kaoti\kaoti20170406\Application\Home\Controller\ShopController.class.php 第 177 行.
NOTIC: [8] Undefined index:  F:\phpsite\hc\kaoti\kaoti20170406\Application\Home\Controller\ShopController.class.php 第 177 行.
NOTIC: [8] Undefined index: userid F:\phpsite\hc\kaoti\kaoti20170406\Application\Home\Controller\ShopController.class.php 第 172 行.
SQL: SELECT * FROM `tb_user` WHERE `id` = null LIMIT 1   [ RunTime:0.0005s ]
NOTIC: [8] Undefined index: lable F:\phpsite\hc\kaoti\kaoti20170406\Application\Home\Controller\ShopController.class.php 第 177 行.
NOTIC: [8] Undefined index:  F:\phpsite\hc\kaoti\kaoti20170406\Application\Home\Controller\ShopController.class.php 第 177 行.
NOTIC: [8] Undefined index: userid F:\phpsite\hc\kaoti\kaoti20170406\Application\Home\Controller\ShopController.class.php 第 172 行.
SQL: SELECT * FROM `tb_user` WHERE `id` = null LIMIT 1   [ RunTime:0.0006s ]
NOTIC: [8] Undefined index: lable F:\phpsite\hc\kaoti\kaoti20170406\Application\Home\Controller\ShopController.class.php 第 177 行.
NOTIC: [8] Undefined index:  F:\phpsite\hc\kaoti\kaoti20170406\Application\Home\Controller\ShopController.class.php 第 177 行.
NOTIC: [8] Undefined index: userid F:\phpsite\hc\kaoti\kaoti20170406\Application\Home\Controller\ShopController.class.php 第 172 行.
SQL: SELECT * FROM `tb_user` WHERE `id` = null LIMIT 1   [ RunTime:0.0006s ]
NOTIC: [8] Undefined index: lable F:\phpsite\hc\kaoti\kaoti20170406\Application\Home\Controller\ShopController.class.php 第 177 行.
NOTIC: [8] Undefined index:  F:\phpsite\hc\kaoti\kaoti20170406\Application\Home\Controller\ShopController.class.php 第 177 行.
NOTIC: [8] Undefined index: userid F:\phpsite\hc\kaoti\kaoti20170406\Application\Home\Controller\ShopController.class.php 第 172 行.
SQL: SELECT * FROM `tb_user` WHERE `id` = null LIMIT 1   [ RunTime:0.0025s ]
NOTIC: [8] Undefined index: lable F:\phpsite\hc\kaoti\kaoti20170406\Application\Home\Controller\ShopController.class.php 第 177 行.
NOTIC: [8] Undefined index:  F:\phpsite\hc\kaoti\kaoti20170406\Application\Home\Controller\ShopController.class.php 第 177 行.

[ 2017-06-06T21:27:30+08:00 ] 127.0.0.1 /phpsite/hc/kaoti/kaoti20170406/index.php/Home/Shop/plists/?p=1&isajax=1&djid=1&xinpin=1
INFO: [ app_init ] --START--
INFO: Run Behavior\BuildLiteBehavior [ RunTime:0.000044s ]
INFO: [ app_init ] --END-- [ RunTime:0.000768s ]
INFO: [ app_begin ] --START--
INFO: Run Behavior\ReadHtmlCacheBehavior [ RunTime:0.002158s ]
INFO: [ app_begin ] --END-- [ RunTime:0.002330s ]
SQL: SHOW COLUMNS FROM `tb_product` [ RunTime:0.0066s ]
SQL: SELECT COUNT(*) AS tp_count FROM `tb_product` WHERE `id` > 0 AND `dianjiaid` = '1' LIMIT 1   [ RunTime:0.0016s ]
SQL: SELECT `title`,`id`,`price`,`prices`,`photo`,`photos`,`dianjiaid`,`classid` FROM `tb_product` WHERE `id` > 0 AND `dianjiaid` = '1' ORDER BY id desc LIMIT 0,9   [ RunTime:0.0008s ]
NOTIC: [8] Undefined index: userid F:\phpsite\hc\kaoti\kaoti20170406\Application\Home\Controller\ShopController.class.php 第 172 行.
SQL: SHOW COLUMNS FROM `tb_user` [ RunTime:0.0059s ]
SQL: SELECT * FROM `tb_user` WHERE `id` = null LIMIT 1   [ RunTime:0.0006s ]
NOTIC: [8] Undefined index: lable F:\phpsite\hc\kaoti\kaoti20170406\Application\Home\Controller\ShopController.class.php 第 177 行.
NOTIC: [8] Undefined index:  F:\phpsite\hc\kaoti\kaoti20170406\Application\Home\Controller\ShopController.class.php 第 177 行.
NOTIC: [8] Undefined index: userid F:\phpsite\hc\kaoti\kaoti20170406\Application\Home\Controller\ShopController.class.php 第 172 行.
SQL: SELECT * FROM `tb_user` WHERE `id` = null LIMIT 1   [ RunTime:0.0006s ]
NOTIC: [8] Undefined index: lable F:\phpsite\hc\kaoti\kaoti20170406\Application\Home\Controller\ShopController.class.php 第 177 行.
NOTIC: [8] Undefined index:  F:\phpsite\hc\kaoti\kaoti20170406\Application\Home\Controller\ShopController.class.php 第 177 行.
NOTIC: [8] Undefined index: userid F:\phpsite\hc\kaoti\kaoti20170406\Application\Home\Controller\ShopController.class.php 第 172 行.
SQL: SELECT * FROM `tb_user` WHERE `id` = null LIMIT 1   [ RunTime:0.0010s ]
NOTIC: [8] Undefined index: lable F:\phpsite\hc\kaoti\kaoti20170406\Application\Home\Controller\ShopController.class.php 第 177 行.
NOTIC: [8] Undefined index:  F:\phpsite\hc\kaoti\kaoti20170406\Application\Home\Controller\ShopController.class.php 第 177 行.
NOTIC: [8] Undefined index: userid F:\phpsite\hc\kaoti\kaoti20170406\Application\Home\Controller\ShopController.class.php 第 172 行.
SQL: SELECT * FROM `tb_user` WHERE `id` = null LIMIT 1   [ RunTime:0.0011s ]
NOTIC: [8] Undefined index: lable F:\phpsite\hc\kaoti\kaoti20170406\Application\Home\Controller\ShopController.class.php 第 177 行.
NOTIC: [8] Undefined index:  F:\phpsite\hc\kaoti\kaoti20170406\Application\Home\Controller\ShopController.class.php 第 177 行.
NOTIC: [8] Undefined index: userid F:\phpsite\hc\kaoti\kaoti20170406\Application\Home\Controller\ShopController.class.php 第 172 行.
SQL: SELECT * FROM `tb_user` WHERE `id` = null LIMIT 1   [ RunTime:0.0010s ]
NOTIC: [8] Undefined index: lable F:\phpsite\hc\kaoti\kaoti20170406\Application\Home\Controller\ShopController.class.php 第 177 行.
NOTIC: [8] Undefined index:  F:\phpsite\hc\kaoti\kaoti20170406\Application\Home\Controller\ShopController.class.php 第 177 行.
NOTIC: [8] Undefined index: userid F:\phpsite\hc\kaoti\kaoti20170406\Application\Home\Controller\ShopController.class.php 第 172 行.
SQL: SELECT * FROM `tb_user` WHERE `id` = null LIMIT 1   [ RunTime:0.0007s ]
NOTIC: [8] Undefined index: lable F:\phpsite\hc\kaoti\kaoti20170406\Application\Home\Controller\ShopController.class.php 第 177 行.
NOTIC: [8] Undefined index:  F:\phpsite\hc\kaoti\kaoti20170406\Application\Home\Controller\ShopController.class.php 第 177 行.
NOTIC: [8] Undefined index: userid F:\phpsite\hc\kaoti\kaoti20170406\Application\Home\Controller\ShopController.class.php 第 172 行.
SQL: SELECT * FROM `tb_user` WHERE `id` = null LIMIT 1   [ RunTime:0.0005s ]
NOTIC: [8] Undefined index: lable F:\phpsite\hc\kaoti\kaoti20170406\Application\Home\Controller\ShopController.class.php 第 177 行.
NOTIC: [8] Undefined index:  F:\phpsite\hc\kaoti\kaoti20170406\Application\Home\Controller\ShopController.class.php 第 177 行.
NOTIC: [8] Undefined index: userid F:\phpsite\hc\kaoti\kaoti20170406\Application\Home\Controller\ShopController.class.php 第 172 行.
SQL: SELECT * FROM `tb_user` WHERE `id` = null LIMIT 1   [ RunTime:0.0008s ]
NOTIC: [8] Undefined index: lable F:\phpsite\hc\kaoti\kaoti20170406\Application\Home\Controller\ShopController.class.php 第 177 行.
NOTIC: [8] Undefined index:  F:\phpsite\hc\kaoti\kaoti20170406\Application\Home\Controller\ShopController.class.php 第 177 行.
NOTIC: [8] Undefined index: userid F:\phpsite\hc\kaoti\kaoti20170406\Application\Home\Controller\ShopController.class.php 第 172 行.
SQL: SELECT * FROM `tb_user` WHERE `id` = null LIMIT 1   [ RunTime:0.0007s ]
NOTIC: [8] Undefined index: lable F:\phpsite\hc\kaoti\kaoti20170406\Application\Home\Controller\ShopController.class.php 第 177 行.
NOTIC: [8] Undefined index:  F:\phpsite\hc\kaoti\kaoti20170406\Application\Home\Controller\ShopController.class.php 第 177 行.

[ 2017-06-06T21:27:48+08:00 ] 127.0.0.1 /phpsite/hc/kaoti/kaoti20170406/index.php/Home/Shop/plists/?p=2&isajax=1&djid=1
INFO: [ app_init ] --START--
INFO: Run Behavior\BuildLiteBehavior [ RunTime:0.000042s ]
INFO: [ app_init ] --END-- [ RunTime:0.000678s ]
INFO: [ app_begin ] --START--
INFO: Run Behavior\ReadHtmlCacheBehavior [ RunTime:0.000896s ]
INFO: [ app_begin ] --END-- [ RunTime:0.001076s ]
SQL: SHOW COLUMNS FROM `tb_product` [ RunTime:0.0088s ]
SQL: SELECT COUNT(*) AS tp_count FROM `tb_product` WHERE `id` > 0 AND `dianjiaid` = '1' LIMIT 1   [ RunTime:0.0006s ]
SQL: SELECT `title`,`id`,`price`,`prices`,`photo`,`photos`,`dianjiaid`,`classid` FROM `tb_product` WHERE `id` > 0 AND `dianjiaid` = '1' ORDER BY id asc LIMIT 15,15   [ RunTime:0.0009s ]
NOTIC: [2] Invalid argument supplied for foreach() F:\phpsite\hc\kaoti\kaoti20170406\Application\Home\Controller\ShopController.class.php 第 171 行.

