[ 2017-06-18T00:59:32+08:00 ] 127.0.0.1 /phpsite/hc/kaoti/kaoti20170406/index.php
INFO: [ app_init ] --START--
INFO: Run Behavior\BuildLiteBehavior [ RunTime:0.000042s ]
INFO: [ app_init ] --END-- [ RunTime:0.000829s ]
INFO: [ app_begin ] --START--
INFO: Run Behavior\ReadHtmlCacheBehavior [ RunTime:0.001310s ]
INFO: [ app_begin ] --END-- [ RunTime:0.001570s ]
SQL: SHOW COLUMNS FROM `tb_user` [ RunTime:0.0085s ]
SQL: SELECT * FROM `tb_user` WHERE `id` = '1' LIMIT 1   [ RunTime:0.0012s ]
SQL: SHOW COLUMNS FROM `tb_setting` [ RunTime:0.0114s ]
SQL: SELECT * FROM `tb_setting` WHERE `setting_key` = 'kaoti' LIMIT 1   [ RunTime:0.0008s ]
SQL: SHOW COLUMNS FROM `tb_configex` [ RunTime:0.0066s ]
SQL: SELECT * FROM `tb_configex` WHERE ( 1=1 ) ORDER BY sort asc  [ RunTime:0.0013s ]
SQL: SHOW COLUMNS FROM `tb_class` [ RunTime:0.0080s ]
SQL: SELECT * FROM `tb_class` WHERE `fatherno` = '00010004'  [ RunTime:0.0016s ]
INFO: [ view_parse ] --START--
INFO: [ template_filter ] --START--
INFO: Run Behavior\ContentReplaceBehavior [ RunTime:0.000216s ]
INFO: [ template_filter ] --END-- [ RunTime:0.000399s ]
NOTIC: [8] Use of undefined constant DEFAULT_CONTROLLER - assumed 'DEFAULT_CONTROLLER' F:\phpsite\hc\kaoti\kaoti20170406\Application\Runtime\Cache\Home\769e70f2e46f34ceb60619bbda5e4691.php 第 61 行.
NOTIC: [8] Undefined variable: data F:\phpsite\hc\kaoti\kaoti20170406\Application\Runtime\Cache\Home\769e70f2e46f34ceb60619bbda5e4691.php 第 62 行.
NOTIC: [8] Undefined variable: data F:\phpsite\hc\kaoti\kaoti20170406\Application\Runtime\Cache\Home\769e70f2e46f34ceb60619bbda5e4691.php 第 63 行.
NOTIC: [8] Undefined variable: table F:\phpsite\hc\kaoti\kaoti20170406\Application\Runtime\Cache\Home\769e70f2e46f34ceb60619bbda5e4691.php 第 64 行.
NOTIC: [8] Undefined variable: laiyuan F:\phpsite\hc\kaoti\kaoti20170406\Application\Runtime\Cache\Home\769e70f2e46f34ceb60619bbda5e4691.php 第 66 行.
NOTIC: [8] Undefined variable: lang F:\phpsite\hc\kaoti\kaoti20170406\Application\Runtime\Cache\Home\769e70f2e46f34ceb60619bbda5e4691.php 第 78 行.
NOTIC: [8] Undefined variable: act F:\phpsite\hc\kaoti\kaoti20170406\Application\Runtime\Cache\Home\769e70f2e46f34ceb60619bbda5e4691.php 第 79 行.
NOTIC: [8] Use of undefined constant id - assumed 'id' F:\phpsite\hc\kaoti\kaoti20170406\Application\Runtime\Cache\Home\769e70f2e46f34ceb60619bbda5e4691.php 第 136 行.
NOTIC: [8] Use of undefined constant id - assumed 'id' F:\phpsite\hc\kaoti\kaoti20170406\Application\Runtime\Cache\Home\769e70f2e46f34ceb60619bbda5e4691.php 第 136 行.
NOTIC: [8] Use of undefined constant id - assumed 'id' F:\phpsite\hc\kaoti\kaoti20170406\Application\Runtime\Cache\Home\769e70f2e46f34ceb60619bbda5e4691.php 第 136 行.
NOTIC: [8] Use of undefined constant objtable - assumed 'objtable' F:\phpsite\hc\kaoti\kaoti20170406\Application\Runtime\Cache\Home\769e70f2e46f34ceb60619bbda5e4691.php 第 137 行.
NOTIC: [8] Use of undefined constant objtable - assumed 'objtable' F:\phpsite\hc\kaoti\kaoti20170406\Application\Runtime\Cache\Home\769e70f2e46f34ceb60619bbda5e4691.php 第 137 行.
NOTIC: [8] Use of undefined constant objtable - assumed 'objtable' F:\phpsite\hc\kaoti\kaoti20170406\Application\Runtime\Cache\Home\769e70f2e46f34ceb60619bbda5e4691.php 第 137 行.
INFO: Run Behavior\ParseTemplateBehavior [ RunTime:0.115296s ]
INFO: [ view_parse ] --END-- [ RunTime:0.115493s ]
INFO: [ view_filter ] --START--
INFO: Run Behavior\WriteHtmlCacheBehavior [ RunTime:0.001067s ]
INFO: [ view_filter ] --END-- [ RunTime:0.001287s ]
INFO: [ app_end ] --START--
INFO: Run Behavior\ShowPageTraceBehavior [ RunTime:0.001546s ]
INFO: [ app_end ] --END-- [ RunTime:0.001729s ]

[ 2017-06-18T01:58:15+08:00 ] 127.0.0.1 /phpsite/hc/kaoti/kaoti20170406/index.php/Home/Shop/pdetail/djid/1/id/6
INFO: [ app_init ] --START--
INFO: Run Behavior\BuildLiteBehavior [ RunTime:0.000040s ]
INFO: [ app_init ] --END-- [ RunTime:0.001828s ]
INFO: [ app_begin ] --START--
INFO: Run Behavior\ReadHtmlCacheBehavior [ RunTime:0.002471s ]
INFO: [ app_begin ] --END-- [ RunTime:0.002673s ]
SQL: SHOW COLUMNS FROM `tb_user` [ RunTime:0.0070s ]
SQL: SELECT * FROM `tb_user` WHERE `id` = '1' LIMIT 1   [ RunTime:0.0008s ]
SQL: SHOW COLUMNS FROM `tb_product` [ RunTime:0.0078s ]
SQL: SELECT * FROM `tb_product` WHERE (  id='6' ) LIMIT 1   [ RunTime:0.0195s ]
SQL: SHOW COLUMNS FROM `tb_user` [ RunTime:0.0079s ]
SQL: SELECT * FROM `tb_user` WHERE (  id='1' ) LIMIT 1   [ RunTime:0.0008s ]
SQL: SELECT * FROM `tb_product` WHERE `lable` = 'rec' ORDER BY id desc LIMIT 0,20   [ RunTime:0.0028s ]
INFO: [ view_parse ] --START--
INFO: [ template_filter ] --START--
INFO: Run Behavior\ContentReplaceBehavior [ RunTime:0.000327s ]
INFO: [ template_filter ] --END-- [ RunTime:0.000648s ]
NOTIC: [8] Use of undefined constant DEFAULT_CONTROLLER - assumed 'DEFAULT_CONTROLLER' F:\phpsite\hc\kaoti\kaoti20170406\Application\Runtime\Cache\Home\31a26f7ba22b8ca76f919f57895566d8.php 第 61 行.
NOTIC: [8] Undefined variable: data F:\phpsite\hc\kaoti\kaoti20170406\Application\Runtime\Cache\Home\31a26f7ba22b8ca76f919f57895566d8.php 第 62 行.
NOTIC: [8] Undefined variable: data F:\phpsite\hc\kaoti\kaoti20170406\Application\Runtime\Cache\Home\31a26f7ba22b8ca76f919f57895566d8.php 第 63 行.
NOTIC: [8] Undefined variable: table F:\phpsite\hc\kaoti\kaoti20170406\Application\Runtime\Cache\Home\31a26f7ba22b8ca76f919f57895566d8.php 第 64 行.
NOTIC: [8] Undefined variable: laiyuan F:\phpsite\hc\kaoti\kaoti20170406\Application\Runtime\Cache\Home\31a26f7ba22b8ca76f919f57895566d8.php 第 66 行.
NOTIC: [8] Undefined variable: lang F:\phpsite\hc\kaoti\kaoti20170406\Application\Runtime\Cache\Home\31a26f7ba22b8ca76f919f57895566d8.php 第 78 行.
NOTIC: [8] Undefined variable: act F:\phpsite\hc\kaoti\kaoti20170406\Application\Runtime\Cache\Home\31a26f7ba22b8ca76f919f57895566d8.php 第 79 行.
INFO: Run Behavior\ParseTemplateBehavior [ RunTime:0.137003s ]
INFO: [ view_parse ] --END-- [ RunTime:0.137245s ]
INFO: [ view_filter ] --START--
INFO: Run Behavior\WriteHtmlCacheBehavior [ RunTime:0.001275s ]
INFO: [ view_filter ] --END-- [ RunTime:0.006343s ]
INFO: [ app_end ] --START--
INFO: Run Behavior\ShowPageTraceBehavior [ RunTime:0.001229s ]
INFO: [ app_end ] --END-- [ RunTime:0.001448s ]

[ 2017-06-18T02:12:56+08:00 ] 127.0.0.1 /phpsite/hc/kaoti/kaoti20170406/index.php/Home/index.html
INFO: [ app_init ] --START--
INFO: Run Behavior\BuildLiteBehavior [ RunTime:0.000040s ]
INFO: [ app_init ] --END-- [ RunTime:0.000819s ]
INFO: [ app_begin ] --START--
INFO: Run Behavior\ReadHtmlCacheBehavior [ RunTime:0.001221s ]
INFO: [ app_begin ] --END-- [ RunTime:0.001441s ]
SQL: SHOW COLUMNS FROM `tb_user` [ RunTime:0.0122s ]
SQL: SELECT * FROM `tb_user` WHERE `id` = '1' LIMIT 1   [ RunTime:0.0017s ]
SQL: SHOW COLUMNS FROM `tb_setting` [ RunTime:0.0077s ]
SQL: SELECT * FROM `tb_setting` WHERE `setting_key` = 'kaoti' LIMIT 1   [ RunTime:0.0006s ]
SQL: SHOW COLUMNS FROM `tb_configex` [ RunTime:0.0106s ]
SQL: SELECT * FROM `tb_configex` WHERE ( 1=1 ) ORDER BY sort asc  [ RunTime:0.0015s ]
SQL: SHOW COLUMNS FROM `tb_class` [ RunTime:0.0119s ]
SQL: SELECT * FROM `tb_class` WHERE `fatherno` = '00010004'  [ RunTime:0.0008s ]
INFO: [ view_parse ] --START--
INFO: [ template_filter ] --START--
INFO: Run Behavior\ContentReplaceBehavior [ RunTime:0.000215s ]
INFO: [ template_filter ] --END-- [ RunTime:0.000394s ]
NOTIC: [8] Use of undefined constant DEFAULT_CONTROLLER - assumed 'DEFAULT_CONTROLLER' F:\phpsite\hc\kaoti\kaoti20170406\Application\Runtime\Cache\Home\769e70f2e46f34ceb60619bbda5e4691.php 第 61 行.
NOTIC: [8] Undefined variable: data F:\phpsite\hc\kaoti\kaoti20170406\Application\Runtime\Cache\Home\769e70f2e46f34ceb60619bbda5e4691.php 第 62 行.
NOTIC: [8] Undefined variable: data F:\phpsite\hc\kaoti\kaoti20170406\Application\Runtime\Cache\Home\769e70f2e46f34ceb60619bbda5e4691.php 第 63 行.
NOTIC: [8] Undefined variable: table F:\phpsite\hc\kaoti\kaoti20170406\Application\Runtime\Cache\Home\769e70f2e46f34ceb60619bbda5e4691.php 第 64 行.
NOTIC: [8] Undefined variable: laiyuan F:\phpsite\hc\kaoti\kaoti20170406\Application\Runtime\Cache\Home\769e70f2e46f34ceb60619bbda5e4691.php 第 66 行.
NOTIC: [8] Undefined variable: lang F:\phpsite\hc\kaoti\kaoti20170406\Application\Runtime\Cache\Home\769e70f2e46f34ceb60619bbda5e4691.php 第 78 行.
NOTIC: [8] Undefined variable: act F:\phpsite\hc\kaoti\kaoti20170406\Application\Runtime\Cache\Home\769e70f2e46f34ceb60619bbda5e4691.php 第 79 行.
NOTIC: [8] Use of undefined constant id - assumed 'id' F:\phpsite\hc\kaoti\kaoti20170406\Application\Runtime\Cache\Home\769e70f2e46f34ceb60619bbda5e4691.php 第 136 行.
NOTIC: [8] Use of undefined constant id - assumed 'id' F:\phpsite\hc\kaoti\kaoti20170406\Application\Runtime\Cache\Home\769e70f2e46f34ceb60619bbda5e4691.php 第 136 行.
NOTIC: [8] Use of undefined constant id - assumed 'id' F:\phpsite\hc\kaoti\kaoti20170406\Application\Runtime\Cache\Home\769e70f2e46f34ceb60619bbda5e4691.php 第 136 行.
NOTIC: [8] Use of undefined constant objtable - assumed 'objtable' F:\phpsite\hc\kaoti\kaoti20170406\Application\Runtime\Cache\Home\769e70f2e46f34ceb60619bbda5e4691.php 第 137 行.
NOTIC: [8] Use of undefined constant objtable - assumed 'objtable' F:\phpsite\hc\kaoti\kaoti20170406\Application\Runtime\Cache\Home\769e70f2e46f34ceb60619bbda5e4691.php 第 137 行.
NOTIC: [8] Use of undefined constant objtable - assumed 'objtable' F:\phpsite\hc\kaoti\kaoti20170406\Application\Runtime\Cache\Home\769e70f2e46f34ceb60619bbda5e4691.php 第 137 行.
INFO: Run Behavior\ParseTemplateBehavior [ RunTime:0.062190s ]
INFO: [ view_parse ] --END-- [ RunTime:0.062372s ]
INFO: [ view_filter ] --START--
INFO: Run Behavior\WriteHtmlCacheBehavior [ RunTime:0.000993s ]
INFO: [ view_filter ] --END-- [ RunTime:0.001737s ]
INFO: [ app_end ] --START--
INFO: Run Behavior\ShowPageTraceBehavior [ RunTime:0.001332s ]
INFO: [ app_end ] --END-- [ RunTime:0.001514s ]

[ 2017-06-18T02:55:13+08:00 ] 127.0.0.1 /phpsite/hc/kaoti/kaoti20170406/index.php/Home/Shop/pdetail/djid/1/id/7
INFO: [ app_init ] --START--
INFO: Run Behavior\BuildLiteBehavior [ RunTime:0.000041s ]
INFO: [ app_init ] --END-- [ RunTime:0.000979s ]
INFO: [ app_begin ] --START--
INFO: Run Behavior\ReadHtmlCacheBehavior [ RunTime:0.004205s ]
INFO: [ app_begin ] --END-- [ RunTime:0.004504s ]
SQL: SHOW COLUMNS FROM `tb_user` [ RunTime:0.0068s ]
SQL: SELECT * FROM `tb_user` WHERE `id` = '1' LIMIT 1   [ RunTime:0.0009s ]
SQL: SHOW COLUMNS FROM `tb_product` [ RunTime:0.0067s ]
SQL: SELECT * FROM `tb_product` WHERE (  id='7' ) LIMIT 1   [ RunTime:0.0009s ]
SQL: SHOW COLUMNS FROM `tb_user` [ RunTime:0.0065s ]
SQL: SELECT * FROM `tb_user` WHERE (  id='1' ) LIMIT 1   [ RunTime:0.0008s ]
SQL: SELECT * FROM `tb_product` WHERE `lable` = 'rec' ORDER BY id desc LIMIT 0,20   [ RunTime:0.0010s ]
INFO: [ view_parse ] --START--
INFO: [ template_filter ] --START--
INFO: Run Behavior\ContentReplaceBehavior [ RunTime:0.000303s ]
INFO: [ template_filter ] --END-- [ RunTime:0.000477s ]
NOTIC: [8] Use of undefined constant DEFAULT_CONTROLLER - assumed 'DEFAULT_CONTROLLER' F:\phpsite\hc\kaoti\kaoti20170406\Application\Runtime\Cache\Home\31a26f7ba22b8ca76f919f57895566d8.php 第 61 行.
NOTIC: [8] Undefined variable: data F:\phpsite\hc\kaoti\kaoti20170406\Application\Runtime\Cache\Home\31a26f7ba22b8ca76f919f57895566d8.php 第 62 行.
NOTIC: [8] Undefined variable: data F:\phpsite\hc\kaoti\kaoti20170406\Application\Runtime\Cache\Home\31a26f7ba22b8ca76f919f57895566d8.php 第 63 行.
NOTIC: [8] Undefined variable: table F:\phpsite\hc\kaoti\kaoti20170406\Application\Runtime\Cache\Home\31a26f7ba22b8ca76f919f57895566d8.php 第 64 行.
NOTIC: [8] Undefined variable: laiyuan F:\phpsite\hc\kaoti\kaoti20170406\Application\Runtime\Cache\Home\31a26f7ba22b8ca76f919f57895566d8.php 第 66 行.
NOTIC: [8] Undefined variable: lang F:\phpsite\hc\kaoti\kaoti20170406\Application\Runtime\Cache\Home\31a26f7ba22b8ca76f919f57895566d8.php 第 78 行.
NOTIC: [8] Undefined variable: act F:\phpsite\hc\kaoti\kaoti20170406\Application\Runtime\Cache\Home\31a26f7ba22b8ca76f919f57895566d8.php 第 79 行.
INFO: Run Behavior\ParseTemplateBehavior [ RunTime:0.139055s ]
INFO: [ view_parse ] --END-- [ RunTime:0.139414s ]
INFO: [ view_filter ] --START--
INFO: Run Behavior\WriteHtmlCacheBehavior [ RunTime:0.001452s ]
INFO: [ view_filter ] --END-- [ RunTime:0.001689s ]
INFO: [ app_end ] --START--
INFO: Run Behavior\ShowPageTraceBehavior [ RunTime:0.001169s ]
INFO: [ app_end ] --END-- [ RunTime:0.001429s ]

[ 2017-06-18T04:58:37+08:00 ] 127.0.0.1 /phpsite/hc/kaoti/kaoti20170406/index.php/Home/Shop/pdetail/djid/1/id/7
INFO: [ app_init ] --START--
INFO: Run Behavior\BuildLiteBehavior [ RunTime:0.000039s ]
INFO: [ app_init ] --END-- [ RunTime:0.000746s ]
INFO: [ app_begin ] --START--
INFO: Run Behavior\ReadHtmlCacheBehavior [ RunTime:0.001176s ]
INFO: [ app_begin ] --END-- [ RunTime:0.001406s ]
SQL: SHOW COLUMNS FROM `tb_user` [ RunTime:0.0057s ]
SQL: SELECT * FROM `tb_user` WHERE `id` = '1' LIMIT 1   [ RunTime:0.0009s ]
SQL: SHOW COLUMNS FROM `tb_product` [ RunTime:0.0067s ]
SQL: SELECT * FROM `tb_product` WHERE (  id='7' ) LIMIT 1   [ RunTime:0.0007s ]
SQL: SHOW COLUMNS FROM `tb_user` [ RunTime:0.0068s ]
SQL: SELECT * FROM `tb_user` WHERE (  id='1' ) LIMIT 1   [ RunTime:0.0008s ]
SQL: SELECT * FROM `tb_product` WHERE `lable` = 'rec' ORDER BY id desc LIMIT 0,20   [ RunTime:0.0010s ]
INFO: [ view_parse ] --START--
INFO: [ template_filter ] --START--
INFO: Run Behavior\ContentReplaceBehavior [ RunTime:0.000310s ]
INFO: [ template_filter ] --END-- [ RunTime:0.000495s ]
NOTIC: [8] Use of undefined constant DEFAULT_CONTROLLER - assumed 'DEFAULT_CONTROLLER' F:\phpsite\hc\kaoti\kaoti20170406\Application\Runtime\Cache\Home\31a26f7ba22b8ca76f919f57895566d8.php 第 61 行.
NOTIC: [8] Undefined variable: data F:\phpsite\hc\kaoti\kaoti20170406\Application\Runtime\Cache\Home\31a26f7ba22b8ca76f919f57895566d8.php 第 62 行.
NOTIC: [8] Undefined variable: data F:\phpsite\hc\kaoti\kaoti20170406\Application\Runtime\Cache\Home\31a26f7ba22b8ca76f919f57895566d8.php 第 63 行.
NOTIC: [8] Undefined variable: table F:\phpsite\hc\kaoti\kaoti20170406\Application\Runtime\Cache\Home\31a26f7ba22b8ca76f919f57895566d8.php 第 64 行.
NOTIC: [8] Undefined variable: laiyuan F:\phpsite\hc\kaoti\kaoti20170406\Application\Runtime\Cache\Home\31a26f7ba22b8ca76f919f57895566d8.php 第 66 行.
NOTIC: [8] Undefined variable: lang F:\phpsite\hc\kaoti\kaoti20170406\Application\Runtime\Cache\Home\31a26f7ba22b8ca76f919f57895566d8.php 第 78 行.
NOTIC: [8] Undefined variable: act F:\phpsite\hc\kaoti\kaoti20170406\Application\Runtime\Cache\Home\31a26f7ba22b8ca76f919f57895566d8.php 第 79 行.
INFO: Run Behavior\ParseTemplateBehavior [ RunTime:0.109977s ]
INFO: [ view_parse ] --END-- [ RunTime:0.110201s ]
INFO: [ view_filter ] --START--
INFO: Run Behavior\WriteHtmlCacheBehavior [ RunTime:0.000892s ]
INFO: [ view_filter ] --END-- [ RunTime:0.001062s ]
INFO: [ app_end ] --START--
INFO: Run Behavior\ShowPageTraceBehavior [ RunTime:0.001532s ]
INFO: [ app_end ] --END-- [ RunTime:0.001721s ]

[ 2017-06-18T05:00:49+08:00 ] 127.0.0.1 /phpsite/hc/kaoti/kaoti20170406/index.php/Home/Shop/pdetail/djid/1/id/6
INFO: [ app_init ] --START--
INFO: Run Behavior\BuildLiteBehavior [ RunTime:0.000039s ]
INFO: [ app_init ] --END-- [ RunTime:0.000740s ]
INFO: [ app_begin ] --START--
INFO: Run Behavior\ReadHtmlCacheBehavior [ RunTime:0.001064s ]
INFO: [ app_begin ] --END-- [ RunTime:0.001265s ]
SQL: SHOW COLUMNS FROM `tb_user` [ RunTime:0.0085s ]
SQL: SELECT * FROM `tb_user` WHERE `id` = '1' LIMIT 1   [ RunTime:0.0009s ]
SQL: SHOW COLUMNS FROM `tb_product` [ RunTime:0.0064s ]
SQL: SELECT * FROM `tb_product` WHERE (  id='6' ) LIMIT 1   [ RunTime:0.0012s ]
SQL: SHOW COLUMNS FROM `tb_user` [ RunTime:0.0077s ]
SQL: SELECT * FROM `tb_user` WHERE (  id='1' ) LIMIT 1   [ RunTime:0.0008s ]
SQL: SELECT * FROM `tb_product` WHERE `lable` = 'rec' ORDER BY id desc LIMIT 0,20   [ RunTime:0.0035s ]
INFO: [ view_parse ] --START--
INFO: [ template_filter ] --START--
INFO: Run Behavior\ContentReplaceBehavior [ RunTime:0.000310s ]
INFO: [ template_filter ] --END-- [ RunTime:0.000493s ]
NOTIC: [8] Use of undefined constant DEFAULT_CONTROLLER - assumed 'DEFAULT_CONTROLLER' F:\phpsite\hc\kaoti\kaoti20170406\Application\Runtime\Cache\Home\31a26f7ba22b8ca76f919f57895566d8.php 第 61 行.
NOTIC: [8] Undefined variable: data F:\phpsite\hc\kaoti\kaoti20170406\Application\Runtime\Cache\Home\31a26f7ba22b8ca76f919f57895566d8.php 第 62 行.
NOTIC: [8] Undefined variable: data F:\phpsite\hc\kaoti\kaoti20170406\Application\Runtime\Cache\Home\31a26f7ba22b8ca76f919f57895566d8.php 第 63 行.
NOTIC: [8] Undefined variable: table F:\phpsite\hc\kaoti\kaoti20170406\Application\Runtime\Cache\Home\31a26f7ba22b8ca76f919f57895566d8.php 第 64 行.
NOTIC: [8] Undefined variable: laiyuan F:\phpsite\hc\kaoti\kaoti20170406\Application\Runtime\Cache\Home\31a26f7ba22b8ca76f919f57895566d8.php 第 66 行.
NOTIC: [8] Undefined variable: lang F:\phpsite\hc\kaoti\kaoti20170406\Application\Runtime\Cache\Home\31a26f7ba22b8ca76f919f57895566d8.php 第 78 行.
NOTIC: [8] Undefined variable: act F:\phpsite\hc\kaoti\kaoti20170406\Application\Runtime\Cache\Home\31a26f7ba22b8ca76f919f57895566d8.php 第 79 行.
INFO: Run Behavior\ParseTemplateBehavior [ RunTime:0.031009s ]
INFO: [ view_parse ] --END-- [ RunTime:0.031289s ]
INFO: [ view_filter ] --START--
INFO: Run Behavior\WriteHtmlCacheBehavior [ RunTime:0.001077s ]
INFO: [ view_filter ] --END-- [ RunTime:0.001261s ]
INFO: [ app_end ] --START--
INFO: Run Behavior\ShowPageTraceBehavior [ RunTime:0.001638s ]
INFO: [ app_end ] --END-- [ RunTime:0.003153s ]

[ 2017-06-18T05:03:01+08:00 ] 127.0.0.1 /phpsite/hc/kaoti/kaoti20170406/index.php/Home/Shop/pdetail/djid/1/id/6
INFO: [ app_init ] --START--
INFO: Run Behavior\BuildLiteBehavior [ RunTime:0.000041s ]
INFO: [ app_init ] --END-- [ RunTime:0.000776s ]
INFO: [ app_begin ] --START--
INFO: Run Behavior\ReadHtmlCacheBehavior [ RunTime:0.001050s ]
INFO: [ app_begin ] --END-- [ RunTime:0.001262s ]
SQL: SHOW COLUMNS FROM `tb_user` [ RunTime:0.0106s ]
SQL: SELECT * FROM `tb_user` WHERE `id` = '1' LIMIT 1   [ RunTime:0.0012s ]
SQL: SHOW COLUMNS FROM `tb_product` [ RunTime:0.0066s ]
SQL: SELECT * FROM `tb_product` WHERE (  id='6' ) LIMIT 1   [ RunTime:0.0021s ]
SQL: SHOW COLUMNS FROM `tb_user` [ RunTime:0.0072s ]
SQL: SELECT * FROM `tb_user` WHERE (  id='1' ) LIMIT 1   [ RunTime:0.0007s ]
SQL: SELECT * FROM `tb_product` WHERE `lable` = 'rec' ORDER BY id desc LIMIT 0,20   [ RunTime:0.0027s ]
INFO: [ view_parse ] --START--
INFO: [ template_filter ] --START--
INFO: Run Behavior\ContentReplaceBehavior [ RunTime:0.000312s ]
INFO: [ template_filter ] --END-- [ RunTime:0.000485s ]
NOTIC: [8] Use of undefined constant DEFAULT_CONTROLLER - assumed 'DEFAULT_CONTROLLER' F:\phpsite\hc\kaoti\kaoti20170406\Application\Runtime\Cache\Home\31a26f7ba22b8ca76f919f57895566d8.php 第 61 行.
NOTIC: [8] Undefined variable: data F:\phpsite\hc\kaoti\kaoti20170406\Application\Runtime\Cache\Home\31a26f7ba22b8ca76f919f57895566d8.php 第 62 行.
NOTIC: [8] Undefined variable: data F:\phpsite\hc\kaoti\kaoti20170406\Application\Runtime\Cache\Home\31a26f7ba22b8ca76f919f57895566d8.php 第 63 行.
NOTIC: [8] Undefined variable: table F:\phpsite\hc\kaoti\kaoti20170406\Application\Runtime\Cache\Home\31a26f7ba22b8ca76f919f57895566d8.php 第 64 行.
NOTIC: [8] Undefined variable: laiyuan F:\phpsite\hc\kaoti\kaoti20170406\Application\Runtime\Cache\Home\31a26f7ba22b8ca76f919f57895566d8.php 第 66 行.
NOTIC: [8] Undefined variable: lang F:\phpsite\hc\kaoti\kaoti20170406\Application\Runtime\Cache\Home\31a26f7ba22b8ca76f919f57895566d8.php 第 78 行.
NOTIC: [8] Undefined variable: act F:\phpsite\hc\kaoti\kaoti20170406\Application\Runtime\Cache\Home\31a26f7ba22b8ca76f919f57895566d8.php 第 79 行.
INFO: Run Behavior\ParseTemplateBehavior [ RunTime:0.032325s ]
INFO: [ view_parse ] --END-- [ RunTime:0.032520s ]
INFO: [ view_filter ] --START--
INFO: Run Behavior\WriteHtmlCacheBehavior [ RunTime:0.001033s ]
INFO: [ view_filter ] --END-- [ RunTime:0.001205s ]
INFO: [ app_end ] --START--
INFO: Run Behavior\ShowPageTraceBehavior [ RunTime:0.002491s ]
INFO: [ app_end ] --END-- [ RunTime:0.002674s ]

[ 2017-06-18T05:04:08+08:00 ] 127.0.0.1 /phpsite/hc/kaoti/kaoti20170406/index.php
INFO: [ app_init ] --START--
INFO: Run Behavior\BuildLiteBehavior [ RunTime:0.000043s ]
INFO: [ app_init ] --END-- [ RunTime:0.000957s ]
INFO: [ app_begin ] --START--
INFO: Run Behavior\ReadHtmlCacheBehavior [ RunTime:0.001469s ]
INFO: [ app_begin ] --END-- [ RunTime:0.004483s ]
SQL: SHOW COLUMNS FROM `tb_user` [ RunTime:0.0078s ]
SQL: SELECT * FROM `tb_user` WHERE `id` = '1' LIMIT 1   [ RunTime:0.0016s ]
SQL: SHOW COLUMNS FROM `tb_setting` [ RunTime:0.0052s ]
SQL: SELECT * FROM `tb_setting` WHERE `setting_key` = 'kaoti' LIMIT 1   [ RunTime:0.0005s ]
SQL: SHOW COLUMNS FROM `tb_configex` [ RunTime:0.0061s ]
SQL: SELECT * FROM `tb_configex` WHERE ( 1=1 ) ORDER BY sort asc  [ RunTime:0.0006s ]
SQL: SHOW COLUMNS FROM `tb_class` [ RunTime:0.0099s ]
SQL: SELECT * FROM `tb_class` WHERE `fatherno` = '00010004'  [ RunTime:0.0018s ]
INFO: [ view_parse ] --START--
INFO: [ template_filter ] --START--
INFO: Run Behavior\ContentReplaceBehavior [ RunTime:0.000211s ]
INFO: [ template_filter ] --END-- [ RunTime:0.000386s ]
NOTIC: [8] Use of undefined constant DEFAULT_CONTROLLER - assumed 'DEFAULT_CONTROLLER' F:\phpsite\hc\kaoti\kaoti20170406\Application\Runtime\Cache\Home\769e70f2e46f34ceb60619bbda5e4691.php 第 61 行.
NOTIC: [8] Undefined variable: data F:\phpsite\hc\kaoti\kaoti20170406\Application\Runtime\Cache\Home\769e70f2e46f34ceb60619bbda5e4691.php 第 62 行.
NOTIC: [8] Undefined variable: data F:\phpsite\hc\kaoti\kaoti20170406\Application\Runtime\Cache\Home\769e70f2e46f34ceb60619bbda5e4691.php 第 63 行.
NOTIC: [8] Undefined variable: table F:\phpsite\hc\kaoti\kaoti20170406\Application\Runtime\Cache\Home\769e70f2e46f34ceb60619bbda5e4691.php 第 64 行.
NOTIC: [8] Undefined variable: laiyuan F:\phpsite\hc\kaoti\kaoti20170406\Application\Runtime\Cache\Home\769e70f2e46f34ceb60619bbda5e4691.php 第 66 行.
NOTIC: [8] Undefined variable: lang F:\phpsite\hc\kaoti\kaoti20170406\Application\Runtime\Cache\Home\769e70f2e46f34ceb60619bbda5e4691.php 第 78 行.
NOTIC: [8] Undefined variable: act F:\phpsite\hc\kaoti\kaoti20170406\Application\Runtime\Cache\Home\769e70f2e46f34ceb60619bbda5e4691.php 第 79 行.
NOTIC: [8] Use of undefined constant id - assumed 'id' F:\phpsite\hc\kaoti\kaoti20170406\Application\Runtime\Cache\Home\769e70f2e46f34ceb60619bbda5e4691.php 第 136 行.
NOTIC: [8] Use of undefined constant id - assumed 'id' F:\phpsite\hc\kaoti\kaoti20170406\Application\Runtime\Cache\Home\769e70f2e46f34ceb60619bbda5e4691.php 第 136 行.
NOTIC: [8] Use of undefined constant id - assumed 'id' F:\phpsite\hc\kaoti\kaoti20170406\Application\Runtime\Cache\Home\769e70f2e46f34ceb60619bbda5e4691.php 第 136 行.
NOTIC: [8] Use of undefined constant objtable - assumed 'objtable' F:\phpsite\hc\kaoti\kaoti20170406\Application\Runtime\Cache\Home\769e70f2e46f34ceb60619bbda5e4691.php 第 137 行.
NOTIC: [8] Use of undefined constant objtable - assumed 'objtable' F:\phpsite\hc\kaoti\kaoti20170406\Application\Runtime\Cache\Home\769e70f2e46f34ceb60619bbda5e4691.php 第 137 行.
NOTIC: [8] Use of undefined constant objtable - assumed 'objtable' F:\phpsite\hc\kaoti\kaoti20170406\Application\Runtime\Cache\Home\769e70f2e46f34ceb60619bbda5e4691.php 第 137 行.
INFO: Run Behavior\ParseTemplateBehavior [ RunTime:0.043912s ]
INFO: [ view_parse ] --END-- [ RunTime:0.044126s ]
INFO: [ view_filter ] --START--
INFO: Run Behavior\WriteHtmlCacheBehavior [ RunTime:0.000827s ]
INFO: [ view_filter ] --END-- [ RunTime:0.000989s ]
INFO: [ app_end ] --START--
INFO: Run Behavior\ShowPageTraceBehavior [ RunTime:0.001258s ]
INFO: [ app_end ] --END-- [ RunTime:0.001434s ]

[ 2017-06-18T05:04:39+08:00 ] 127.0.0.1 /phpsite/hc/kaoti/kaoti20170406/index.php/Home/Shop/pdetail/djid/1/id/7
INFO: [ app_init ] --START--
INFO: Run Behavior\BuildLiteBehavior [ RunTime:0.000042s ]
INFO: [ app_init ] --END-- [ RunTime:0.000794s ]
INFO: [ app_begin ] --START--
INFO: Run Behavior\ReadHtmlCacheBehavior [ RunTime:0.001362s ]
INFO: [ app_begin ] --END-- [ RunTime:0.001589s ]
SQL: SHOW COLUMNS FROM `tb_user` [ RunTime:0.0070s ]
SQL: SELECT * FROM `tb_user` WHERE `id` = '1' LIMIT 1   [ RunTime:0.0007s ]
SQL: SHOW COLUMNS FROM `tb_product` [ RunTime:0.0057s ]
SQL: SELECT * FROM `tb_product` WHERE (  id='7' ) LIMIT 1   [ RunTime:0.0006s ]
SQL: SHOW COLUMNS FROM `tb_user` [ RunTime:0.0066s ]
SQL: SELECT * FROM `tb_user` WHERE (  id='1' ) LIMIT 1   [ RunTime:0.0009s ]
SQL: SELECT * FROM `tb_product` WHERE `lable` = 'rec' ORDER BY id desc LIMIT 0,20   [ RunTime:0.0018s ]
INFO: [ view_parse ] --START--
INFO: [ template_filter ] --START--
INFO: Run Behavior\ContentReplaceBehavior [ RunTime:0.000296s ]
INFO: [ template_filter ] --END-- [ RunTime:0.000469s ]
NOTIC: [8] Use of undefined constant DEFAULT_CONTROLLER - assumed 'DEFAULT_CONTROLLER' F:\phpsite\hc\kaoti\kaoti20170406\Application\Runtime\Cache\Home\31a26f7ba22b8ca76f919f57895566d8.php 第 61 行.
NOTIC: [8] Undefined variable: data F:\phpsite\hc\kaoti\kaoti20170406\Application\Runtime\Cache\Home\31a26f7ba22b8ca76f919f57895566d8.php 第 62 行.
NOTIC: [8] Undefined variable: data F:\phpsite\hc\kaoti\kaoti20170406\Application\Runtime\Cache\Home\31a26f7ba22b8ca76f919f57895566d8.php 第 63 行.
NOTIC: [8] Undefined variable: table F:\phpsite\hc\kaoti\kaoti20170406\Application\Runtime\Cache\Home\31a26f7ba22b8ca76f919f57895566d8.php 第 64 行.
NOTIC: [8] Undefined variable: laiyuan F:\phpsite\hc\kaoti\kaoti20170406\Application\Runtime\Cache\Home\31a26f7ba22b8ca76f919f57895566d8.php 第 66 行.
NOTIC: [8] Undefined variable: lang F:\phpsite\hc\kaoti\kaoti20170406\Application\Runtime\Cache\Home\31a26f7ba22b8ca76f919f57895566d8.php 第 78 行.
NOTIC: [8] Undefined variable: act F:\phpsite\hc\kaoti\kaoti20170406\Application\Runtime\Cache\Home\31a26f7ba22b8ca76f919f57895566d8.php 第 79 行.
INFO: Run Behavior\ParseTemplateBehavior [ RunTime:0.028230s ]
INFO: [ view_parse ] --END-- [ RunTime:0.028419s ]
INFO: [ view_filter ] --START--
INFO: Run Behavior\WriteHtmlCacheBehavior [ RunTime:0.000850s ]
INFO: [ view_filter ] --END-- [ RunTime:0.001017s ]
INFO: [ app_end ] --START--
INFO: Run Behavior\ShowPageTraceBehavior [ RunTime:0.001209s ]
INFO: [ app_end ] --END-- [ RunTime:0.001391s ]

[ 2017-06-18T05:04:42+08:00 ] 127.0.0.1 /phpsite/hc/kaoti/kaoti20170406/index.php/Home/Shop/pdetail/djid/1/id/7
INFO: [ app_init ] --START--
INFO: Run Behavior\BuildLiteBehavior [ RunTime:0.000043s ]
INFO: [ app_init ] --END-- [ RunTime:0.000939s ]
INFO: [ app_begin ] --START--
INFO: Run Behavior\ReadHtmlCacheBehavior [ RunTime:0.001109s ]
INFO: [ app_begin ] --END-- [ RunTime:0.001315s ]
SQL: SHOW COLUMNS FROM `tb_user` [ RunTime:0.0141s ]
SQL: SELECT * FROM `tb_user` WHERE `id` = '1' LIMIT 1   [ RunTime:0.0068s ]
SQL: SHOW COLUMNS FROM `tb_product` [ RunTime:0.0093s ]
SQL: SELECT * FROM `tb_product` WHERE (  id='7' ) LIMIT 1   [ RunTime:0.0008s ]
SQL: SHOW COLUMNS FROM `tb_user` [ RunTime:0.0090s ]
SQL: SELECT * FROM `tb_user` WHERE (  id='1' ) LIMIT 1   [ RunTime:0.0007s ]
SQL: SELECT * FROM `tb_product` WHERE `lable` = 'rec' ORDER BY id desc LIMIT 0,20   [ RunTime:0.0008s ]
INFO: [ view_parse ] --START--
INFO: [ template_filter ] --START--
INFO: Run Behavior\ContentReplaceBehavior [ RunTime:0.000304s ]
INFO: [ template_filter ] --END-- [ RunTime:0.000526s ]
NOTIC: [8] Use of undefined constant DEFAULT_CONTROLLER - assumed 'DEFAULT_CONTROLLER' F:\phpsite\hc\kaoti\kaoti20170406\Application\Runtime\Cache\Home\31a26f7ba22b8ca76f919f57895566d8.php 第 61 行.
NOTIC: [8] Undefined variable: data F:\phpsite\hc\kaoti\kaoti20170406\Application\Runtime\Cache\Home\31a26f7ba22b8ca76f919f57895566d8.php 第 62 行.
NOTIC: [8] Undefined variable: data F:\phpsite\hc\kaoti\kaoti20170406\Application\Runtime\Cache\Home\31a26f7ba22b8ca76f919f57895566d8.php 第 63 行.
NOTIC: [8] Undefined variable: table F:\phpsite\hc\kaoti\kaoti20170406\Application\Runtime\Cache\Home\31a26f7ba22b8ca76f919f57895566d8.php 第 64 行.
NOTIC: [8] Undefined variable: laiyuan F:\phpsite\hc\kaoti\kaoti20170406\Application\Runtime\Cache\Home\31a26f7ba22b8ca76f919f57895566d8.php 第 66 行.
NOTIC: [8] Undefined variable: lang F:\phpsite\hc\kaoti\kaoti20170406\Application\Runtime\Cache\Home\31a26f7ba22b8ca76f919f57895566d8.php 第 78 行.
NOTIC: [8] Undefined variable: act F:\phpsite\hc\kaoti\kaoti20170406\Application\Runtime\Cache\Home\31a26f7ba22b8ca76f919f57895566d8.php 第 79 行.
INFO: Run Behavior\ParseTemplateBehavior [ RunTime:0.030308s ]
INFO: [ view_parse ] --END-- [ RunTime:0.030496s ]
INFO: [ view_filter ] --START--
INFO: Run Behavior\WriteHtmlCacheBehavior [ RunTime:0.001100s ]
INFO: [ view_filter ] --END-- [ RunTime:0.001272s ]
INFO: [ app_end ] --START--
INFO: Run Behavior\ShowPageTraceBehavior [ RunTime:0.001444s ]
INFO: [ app_end ] --END-- [ RunTime:0.001621s ]

