[ 2017-06-25T03:35:36+08:00 ] 127.0.0.1 /phpsite/hc/kaoti/kaoti20170406/index.php
INFO: [ app_init ] --START--
INFO: Run Behavior\BuildLiteBehavior [ RunTime:0.000043s ]
INFO: [ app_init ] --END-- [ RunTime:0.190905s ]
INFO: [ app_begin ] --START--
INFO: Run Behavior\ReadHtmlCacheBehavior [ RunTime:0.082904s ]
INFO: [ app_begin ] --END-- [ RunTime:0.083309s ]

[ 2017-06-25T03:35:39+08:00 ] 127.0.0.1 /phpsite/hc/kaoti/kaoti20170406/index.php/Home/user/login
INFO: [ app_init ] --START--
INFO: Run Behavior\BuildLiteBehavior [ RunTime:0.000038s ]
INFO: [ app_init ] --END-- [ RunTime:0.000612s ]
INFO: [ app_begin ] --START--
INFO: Run Behavior\ReadHtmlCacheBehavior [ RunTime:0.001381s ]
INFO: [ app_begin ] --END-- [ RunTime:0.002070s ]
NOTIC: [2] PDO::__construct() [<a href='pdo.--construct'>pdo.--construct</a>]: [2002] ÓÉÓÚÄ¿±ê¼ÆËã»ú»ý¼«¾Ü¾ø£¬ÎÞ·¨Á¬½Ó¡£
 (trying to connect via tcp://localhost:3306) F:\phpsite\hc\kaoti\kaoti20170406\ThinkPHP\Library\Think\Db\Driver.class.php ç¬¬ 103 è¡Œ.
ERR: SQLSTATE[HY000] [2002] ÓÉÓÚÄ¿±ê¼ÆËã»ú»ý¼«¾Ü¾ø£¬ÎÞ·¨Á¬½Ó¡£


[ 2017-06-25T03:35:44+08:00 ] 127.0.0.1 /phpsite/hc/kaoti/kaoti20170406/index.php/Home/user/login
INFO: [ app_init ] --START--
INFO: Run Behavior\BuildLiteBehavior [ RunTime:0.000065s ]
INFO: [ app_init ] --END-- [ RunTime:0.001177s ]
INFO: [ app_begin ] --START--
INFO: Run Behavior\ReadHtmlCacheBehavior [ RunTime:0.000939s ]
INFO: [ app_begin ] --END-- [ RunTime:0.001171s ]
NOTIC: [2] PDO::__construct() [<a href='pdo.--construct'>pdo.--construct</a>]: [2002] ÓÉÓÚÄ¿±ê¼ÆËã»ú»ý¼«¾Ü¾ø£¬ÎÞ·¨Á¬½Ó¡£
 (trying to connect via tcp://localhost:3306) F:\phpsite\hc\kaoti\kaoti20170406\ThinkPHP\Library\Think\Db\Driver.class.php ç¬¬ 103 è¡Œ.
ERR: SQLSTATE[HY000] [2002] ÓÉÓÚÄ¿±ê¼ÆËã»ú»ý¼«¾Ü¾ø£¬ÎÞ·¨Á¬½Ó¡£


[ 2017-06-25T03:36:00+08:00 ] 127.0.0.1 /phpsite/hc/kaoti/kaoti20170406/index.php/Home/user/login
INFO: [ app_init ] --START--
INFO: Run Behavior\BuildLiteBehavior [ RunTime:0.000052s ]
INFO: [ app_init ] --END-- [ RunTime:0.000838s ]
INFO: [ app_begin ] --START--
INFO: Run Behavior\ReadHtmlCacheBehavior [ RunTime:0.001180s ]
INFO: [ app_begin ] --END-- [ RunTime:0.001459s ]
SQL: SHOW COLUMNS FROM `tb_user` [ RunTime:0.0964s ]
SQL: SELECT * FROM `tb_user` WHERE `id` = '' LIMIT 1   [ RunTime:0.0020s ]
SQL: SHOW COLUMNS FROM `tb_user` [ RunTime:0.0079s ]
NOTIC: [8] Undefined index: username F:\phpsite\hc\kaoti\kaoti20170406\Application\Home\Controller\UserController.class.php ç¬¬ 16 è¡Œ.
NOTIC: [8] Undefined index: userpwd F:\phpsite\hc\kaoti\kaoti20170406\Application\Home\Controller\UserController.class.php ç¬¬ 17 è¡Œ.
INFO: [ view_parse ] --START--
INFO: [ template_filter ] --START--
INFO: Run Behavior\ContentReplaceBehavior [ RunTime:0.000234s ]
INFO: [ template_filter ] --END-- [ RunTime:0.000471s ]
NOTIC: [8] Use of undefined constant DEFAULT_CONTROLLER - assumed 'DEFAULT_CONTROLLER' F:\phpsite\hc\kaoti\kaoti20170406\Application\Runtime\Cache\Home\b171d71961885d3bf0f7a9b2e0867b01.php ç¬¬ 62 è¡Œ.
NOTIC: [8] Undefined variable: data F:\phpsite\hc\kaoti\kaoti20170406\Application\Runtime\Cache\Home\b171d71961885d3bf0f7a9b2e0867b01.php ç¬¬ 63 è¡Œ.
NOTIC: [8] Undefined variable: data F:\phpsite\hc\kaoti\kaoti20170406\Application\Runtime\Cache\Home\b171d71961885d3bf0f7a9b2e0867b01.php ç¬¬ 64 è¡Œ.
NOTIC: [8] Undefined variable: table F:\phpsite\hc\kaoti\kaoti20170406\Application\Runtime\Cache\Home\b171d71961885d3bf0f7a9b2e0867b01.php ç¬¬ 65 è¡Œ.
NOTIC: [8] Undefined variable: laiyuan F:\phpsite\hc\kaoti\kaoti20170406\Application\Runtime\Cache\Home\b171d71961885d3bf0f7a9b2e0867b01.php ç¬¬ 67 è¡Œ.
NOTIC: [8] Undefined variable: lang F:\phpsite\hc\kaoti\kaoti20170406\Application\Runtime\Cache\Home\b171d71961885d3bf0f7a9b2e0867b01.php ç¬¬ 79 è¡Œ.
NOTIC: [8] Undefined variable: act F:\phpsite\hc\kaoti\kaoti20170406\Application\Runtime\Cache\Home\b171d71961885d3bf0f7a9b2e0867b01.php ç¬¬ 80 è¡Œ.
NOTIC: [8] Undefined index: userq F:\phpsite\hc\kaoti\kaoti20170406\Application\Runtime\Cache\Home\b171d71961885d3bf0f7a9b2e0867b01.php ç¬¬ 81 è¡Œ.
NOTIC: [8] Undefined index: userq F:\phpsite\hc\kaoti\kaoti20170406\Application\Runtime\Cache\Home\b171d71961885d3bf0f7a9b2e0867b01.php ç¬¬ 86 è¡Œ.
NOTIC: [8] Undefined index: userq F:\phpsite\hc\kaoti\kaoti20170406\Application\Runtime\Cache\Home\b171d71961885d3bf0f7a9b2e0867b01.php ç¬¬ 87 è¡Œ.
INFO: Run Behavior\ParseTemplateBehavior [ RunTime:0.211696s ]
INFO: [ view_parse ] --END-- [ RunTime:0.211938s ]
INFO: [ view_filter ] --START--
INFO: Run Behavior\WriteHtmlCacheBehavior [ RunTime:0.018917s ]
INFO: [ view_filter ] --END-- [ RunTime:0.019148s ]
INFO: [ app_end ] --START--
INFO: Run Behavior\ShowPageTraceBehavior [ RunTime:0.007595s ]
INFO: [ app_end ] --END-- [ RunTime:0.007849s ]

[ 2017-06-25T03:36:08+08:00 ] 127.0.0.1 /phpsite/hc/kaoti/kaoti20170406/index.php/Home/user/login
INFO: [ app_init ] --START--
INFO: Run Behavior\BuildLiteBehavior [ RunTime:0.000170s ]
INFO: [ app_init ] --END-- [ RunTime:0.002071s ]
INFO: [ app_begin ] --START--
INFO: Run Behavior\ReadHtmlCacheBehavior [ RunTime:0.000969s ]
INFO: [ app_begin ] --END-- [ RunTime:0.001207s ]
SQL: SHOW COLUMNS FROM `tb_user` [ RunTime:0.0055s ]
SQL: SELECT * FROM `tb_user` WHERE `id` = '' LIMIT 1   [ RunTime:0.0007s ]
SQL: SHOW COLUMNS FROM `tb_user` [ RunTime:0.0058s ]
SQL: SELECT * FROM `tb_user` WHERE `username` = 'admin' AND `userpwd` = '8786ae78604bcdf3b8d9134ec19a753e' LIMIT 1   [ RunTime:0.0008s ]

[ 2017-06-25T03:36:08+08:00 ] 127.0.0.1 /phpsite/hc/kaoti/kaoti20170406/index.php/Home/index.html
INFO: [ app_init ] --START--
INFO: Run Behavior\BuildLiteBehavior [ RunTime:0.000039s ]
INFO: [ app_init ] --END-- [ RunTime:0.000621s ]
INFO: [ app_begin ] --START--
INFO: Run Behavior\ReadHtmlCacheBehavior [ RunTime:0.000768s ]
INFO: [ app_begin ] --END-- [ RunTime:0.000956s ]
SQL: SHOW COLUMNS FROM `tb_user` [ RunTime:0.0065s ]
SQL: SELECT * FROM `tb_user` WHERE `id` = '1' LIMIT 1   [ RunTime:0.0007s ]
SQL: SHOW COLUMNS FROM `tb_setting` [ RunTime:0.0523s ]
SQL: SELECT * FROM `tb_setting` WHERE `setting_key` = 'kaoti' LIMIT 1   [ RunTime:0.0005s ]
SQL: SHOW COLUMNS FROM `tb_configex` [ RunTime:0.0557s ]
SQL: SELECT * FROM `tb_configex` WHERE ( 1=1 ) ORDER BY sort asc  [ RunTime:0.0015s ]
SQL: SHOW COLUMNS FROM `tb_class` [ RunTime:0.0794s ]
SQL: SELECT * FROM `tb_class` WHERE `fatherno` = '00010004'  [ RunTime:0.0015s ]
INFO: [ view_parse ] --START--
INFO: [ template_filter ] --START--
INFO: Run Behavior\ContentReplaceBehavior [ RunTime:0.000283s ]
INFO: [ template_filter ] --END-- [ RunTime:0.000506s ]
NOTIC: [8] Use of undefined constant DEFAULT_CONTROLLER - assumed 'DEFAULT_CONTROLLER' F:\phpsite\hc\kaoti\kaoti20170406\Application\Runtime\Cache\Home\769e70f2e46f34ceb60619bbda5e4691.php ç¬¬ 61 è¡Œ.
NOTIC: [8] Undefined variable: data F:\phpsite\hc\kaoti\kaoti20170406\Application\Runtime\Cache\Home\769e70f2e46f34ceb60619bbda5e4691.php ç¬¬ 62 è¡Œ.
NOTIC: [8] Undefined variable: data F:\phpsite\hc\kaoti\kaoti20170406\Application\Runtime\Cache\Home\769e70f2e46f34ceb60619bbda5e4691.php ç¬¬ 63 è¡Œ.
NOTIC: [8] Undefined variable: table F:\phpsite\hc\kaoti\kaoti20170406\Application\Runtime\Cache\Home\769e70f2e46f34ceb60619bbda5e4691.php ç¬¬ 64 è¡Œ.
NOTIC: [8] Undefined variable: laiyuan F:\phpsite\hc\kaoti\kaoti20170406\Application\Runtime\Cache\Home\769e70f2e46f34ceb60619bbda5e4691.php ç¬¬ 66 è¡Œ.
NOTIC: [8] Undefined variable: lang F:\phpsite\hc\kaoti\kaoti20170406\Application\Runtime\Cache\Home\769e70f2e46f34ceb60619bbda5e4691.php ç¬¬ 78 è¡Œ.
NOTIC: [8] Undefined variable: act F:\phpsite\hc\kaoti\kaoti20170406\Application\Runtime\Cache\Home\769e70f2e46f34ceb60619bbda5e4691.php ç¬¬ 79 è¡Œ.
NOTIC: [8] Use of undefined constant id - assumed 'id' F:\phpsite\hc\kaoti\kaoti20170406\Application\Runtime\Cache\Home\769e70f2e46f34ceb60619bbda5e4691.php ç¬¬ 136 è¡Œ.
NOTIC: [8] Use of undefined constant id - assumed 'id' F:\phpsite\hc\kaoti\kaoti20170406\Application\Runtime\Cache\Home\769e70f2e46f34ceb60619bbda5e4691.php ç¬¬ 136 è¡Œ.
NOTIC: [8] Use of undefined constant id - assumed 'id' F:\phpsite\hc\kaoti\kaoti20170406\Application\Runtime\Cache\Home\769e70f2e46f34ceb60619bbda5e4691.php ç¬¬ 136 è¡Œ.
NOTIC: [8] Use of undefined constant objtable - assumed 'objtable' F:\phpsite\hc\kaoti\kaoti20170406\Application\Runtime\Cache\Home\769e70f2e46f34ceb60619bbda5e4691.php ç¬¬ 137 è¡Œ.
NOTIC: [8] Use of undefined constant objtable - assumed 'objtable' F:\phpsite\hc\kaoti\kaoti20170406\Application\Runtime\Cache\Home\769e70f2e46f34ceb60619bbda5e4691.php ç¬¬ 137 è¡Œ.
NOTIC: [8] Use of undefined constant objtable - assumed 'objtable' F:\phpsite\hc\kaoti\kaoti20170406\Application\Runtime\Cache\Home\769e70f2e46f34ceb60619bbda5e4691.php ç¬¬ 137 è¡Œ.
INFO: Run Behavior\ParseTemplateBehavior [ RunTime:0.096409s ]
INFO: [ view_parse ] --END-- [ RunTime:0.096725s ]
INFO: [ view_filter ] --START--
INFO: Run Behavior\WriteHtmlCacheBehavior [ RunTime:0.000481s ]
INFO: [ view_filter ] --END-- [ RunTime:0.000640s ]
INFO: [ app_end ] --START--
INFO: Run Behavior\ShowPageTraceBehavior [ RunTime:0.000898s ]
INFO: [ app_end ] --END-- [ RunTime:0.001068s ]

[ 2017-06-25T03:40:26+08:00 ] 127.0.0.1 /phpsite/hc/kaoti/kaoti20170406/index.php/Home/index
INFO: [ app_init ] --START--
INFO: Run Behavior\BuildLiteBehavior [ RunTime:0.000048s ]
INFO: [ app_init ] --END-- [ RunTime:0.000744s ]
INFO: [ app_begin ] --START--
INFO: Run Behavior\ReadHtmlCacheBehavior [ RunTime:0.002173s ]
INFO: [ app_begin ] --END-- [ RunTime:0.002363s ]
SQL: SHOW COLUMNS FROM `tb_user` [ RunTime:0.0053s ]
SQL: SELECT * FROM `tb_user` WHERE `id` = '1' LIMIT 1   [ RunTime:0.0009s ]
SQL: SHOW COLUMNS FROM `tb_setting` [ RunTime:0.0062s ]
SQL: SELECT * FROM `tb_setting` WHERE `setting_key` = 'kaoti' LIMIT 1   [ RunTime:0.0007s ]
SQL: SHOW COLUMNS FROM `tb_configex` [ RunTime:0.0054s ]
SQL: SELECT * FROM `tb_configex` WHERE ( 1=1 ) ORDER BY sort asc  [ RunTime:0.0009s ]
SQL: SHOW COLUMNS FROM `tb_class` [ RunTime:0.0062s ]
SQL: SELECT * FROM `tb_class` WHERE `fatherno` = '00010004'  [ RunTime:0.0008s ]
INFO: [ view_parse ] --START--
INFO: [ template_filter ] --START--
INFO: Run Behavior\ContentReplaceBehavior [ RunTime:0.000214s ]
INFO: [ template_filter ] --END-- [ RunTime:0.000482s ]
NOTIC: [8] Use of undefined constant DEFAULT_CONTROLLER - assumed 'DEFAULT_CONTROLLER' F:\phpsite\hc\kaoti\kaoti20170406\Application\Runtime\Cache\Home\769e70f2e46f34ceb60619bbda5e4691.php ç¬¬ 61 è¡Œ.
NOTIC: [8] Undefined variable: data F:\phpsite\hc\kaoti\kaoti20170406\Application\Runtime\Cache\Home\769e70f2e46f34ceb60619bbda5e4691.php ç¬¬ 62 è¡Œ.
NOTIC: [8] Undefined variable: data F:\phpsite\hc\kaoti\kaoti20170406\Application\Runtime\Cache\Home\769e70f2e46f34ceb60619bbda5e4691.php ç¬¬ 63 è¡Œ.
NOTIC: [8] Undefined variable: table F:\phpsite\hc\kaoti\kaoti20170406\Application\Runtime\Cache\Home\769e70f2e46f34ceb60619bbda5e4691.php ç¬¬ 64 è¡Œ.
NOTIC: [8] Undefined variable: laiyuan F:\phpsite\hc\kaoti\kaoti20170406\Application\Runtime\Cache\Home\769e70f2e46f34ceb60619bbda5e4691.php ç¬¬ 66 è¡Œ.
NOTIC: [8] Undefined variable: lang F:\phpsite\hc\kaoti\kaoti20170406\Application\Runtime\Cache\Home\769e70f2e46f34ceb60619bbda5e4691.php ç¬¬ 78 è¡Œ.
NOTIC: [8] Undefined variable: act F:\phpsite\hc\kaoti\kaoti20170406\Application\Runtime\Cache\Home\769e70f2e46f34ceb60619bbda5e4691.php ç¬¬ 79 è¡Œ.
NOTIC: [8] Use of undefined constant id - assumed 'id' F:\phpsite\hc\kaoti\kaoti20170406\Application\Runtime\Cache\Home\769e70f2e46f34ceb60619bbda5e4691.php ç¬¬ 136 è¡Œ.
NOTIC: [8] Use of undefined constant id - assumed 'id' F:\phpsite\hc\kaoti\kaoti20170406\Application\Runtime\Cache\Home\769e70f2e46f34ceb60619bbda5e4691.php ç¬¬ 136 è¡Œ.
NOTIC: [8] Use of undefined constant id - assumed 'id' F:\phpsite\hc\kaoti\kaoti20170406\Application\Runtime\Cache\Home\769e70f2e46f34ceb60619bbda5e4691.php ç¬¬ 136 è¡Œ.
NOTIC: [8] Use of undefined constant objtable - assumed 'objtable' F:\phpsite\hc\kaoti\kaoti20170406\Application\Runtime\Cache\Home\769e70f2e46f34ceb60619bbda5e4691.php ç¬¬ 137 è¡Œ.
NOTIC: [8] Use of undefined constant objtable - assumed 'objtable' F:\phpsite\hc\kaoti\kaoti20170406\Application\Runtime\Cache\Home\769e70f2e46f34ceb60619bbda5e4691.php ç¬¬ 137 è¡Œ.
NOTIC: [8] Use of undefined constant objtable - assumed 'objtable' F:\phpsite\hc\kaoti\kaoti20170406\Application\Runtime\Cache\Home\769e70f2e46f34ceb60619bbda5e4691.php ç¬¬ 137 è¡Œ.
INFO: Run Behavior\ParseTemplateBehavior [ RunTime:0.023419s ]
INFO: [ view_parse ] --END-- [ RunTime:0.023592s ]
INFO: [ view_filter ] --START--
INFO: Run Behavior\WriteHtmlCacheBehavior [ RunTime:0.001055s ]
INFO: [ view_filter ] --END-- [ RunTime:0.001318s ]
INFO: [ app_end ] --START--
INFO: Run Behavior\ShowPageTraceBehavior [ RunTime:0.002576s ]
INFO: [ app_end ] --END-- [ RunTime:0.002755s ]

[ 2017-06-25T03:42:34+08:00 ] 127.0.0.1 /phpsite/hc/kaoti/kaoti20170406/index.php/Home/index
INFO: [ app_init ] --START--
INFO: Run Behavior\BuildLiteBehavior [ RunTime:0.000048s ]
INFO: [ app_init ] --END-- [ RunTime:0.000785s ]
INFO: [ app_begin ] --START--
INFO: Run Behavior\ReadHtmlCacheBehavior [ RunTime:0.000952s ]
INFO: [ app_begin ] --END-- [ RunTime:0.001189s ]
SQL: SHOW COLUMNS FROM `tb_user` [ RunTime:0.0056s ]
SQL: SELECT * FROM `tb_user` WHERE `id` = '1' LIMIT 1   [ RunTime:0.0007s ]
SQL: SHOW COLUMNS FROM `tb_setting` [ RunTime:0.0045s ]
SQL: SELECT * FROM `tb_setting` WHERE `setting_key` = 'kaoti' LIMIT 1   [ RunTime:0.0005s ]
SQL: SHOW COLUMNS FROM `tb_configex` [ RunTime:0.0052s ]
SQL: SELECT * FROM `tb_configex` WHERE ( 1=1 ) ORDER BY sort asc  [ RunTime:0.0006s ]
SQL: SHOW COLUMNS FROM `tb_class` [ RunTime:0.0057s ]
SQL: SELECT * FROM `tb_class` WHERE `fatherno` = '00010004'  [ RunTime:0.0006s ]
INFO: [ view_parse ] --START--
INFO: [ template_filter ] --START--
INFO: Run Behavior\ContentReplaceBehavior [ RunTime:0.000210s ]
INFO: [ template_filter ] --END-- [ RunTime:0.000373s ]
NOTIC: [8] Use of undefined constant DEFAULT_CONTROLLER - assumed 'DEFAULT_CONTROLLER' F:\phpsite\hc\kaoti\kaoti20170406\Application\Runtime\Cache\Home\769e70f2e46f34ceb60619bbda5e4691.php ç¬¬ 61 è¡Œ.
NOTIC: [8] Undefined variable: data F:\phpsite\hc\kaoti\kaoti20170406\Application\Runtime\Cache\Home\769e70f2e46f34ceb60619bbda5e4691.php ç¬¬ 62 è¡Œ.
NOTIC: [8] Undefined variable: data F:\phpsite\hc\kaoti\kaoti20170406\Application\Runtime\Cache\Home\769e70f2e46f34ceb60619bbda5e4691.php ç¬¬ 63 è¡Œ.
NOTIC: [8] Undefined variable: table F:\phpsite\hc\kaoti\kaoti20170406\Application\Runtime\Cache\Home\769e70f2e46f34ceb60619bbda5e4691.php ç¬¬ 64 è¡Œ.
NOTIC: [8] Undefined variable: laiyuan F:\phpsite\hc\kaoti\kaoti20170406\Application\Runtime\Cache\Home\769e70f2e46f34ceb60619bbda5e4691.php ç¬¬ 66 è¡Œ.
NOTIC: [8] Undefined variable: lang F:\phpsite\hc\kaoti\kaoti20170406\Application\Runtime\Cache\Home\769e70f2e46f34ceb60619bbda5e4691.php ç¬¬ 78 è¡Œ.
NOTIC: [8] Undefined variable: act F:\phpsite\hc\kaoti\kaoti20170406\Application\Runtime\Cache\Home\769e70f2e46f34ceb60619bbda5e4691.php ç¬¬ 79 è¡Œ.
NOTIC: [8] Use of undefined constant id - assumed 'id' F:\phpsite\hc\kaoti\kaoti20170406\Application\Runtime\Cache\Home\769e70f2e46f34ceb60619bbda5e4691.php ç¬¬ 136 è¡Œ.
NOTIC: [8] Use of undefined constant id - assumed 'id' F:\phpsite\hc\kaoti\kaoti20170406\Application\Runtime\Cache\Home\769e70f2e46f34ceb60619bbda5e4691.php ç¬¬ 136 è¡Œ.
NOTIC: [8] Use of undefined constant id - assumed 'id' F:\phpsite\hc\kaoti\kaoti20170406\Application\Runtime\Cache\Home\769e70f2e46f34ceb60619bbda5e4691.php ç¬¬ 136 è¡Œ.
NOTIC: [8] Use of undefined constant objtable - assumed 'objtable' F:\phpsite\hc\kaoti\kaoti20170406\Application\Runtime\Cache\Home\769e70f2e46f34ceb60619bbda5e4691.php ç¬¬ 137 è¡Œ.
NOTIC: [8] Use of undefined constant objtable - assumed 'objtable' F:\phpsite\hc\kaoti\kaoti20170406\Application\Runtime\Cache\Home\769e70f2e46f34ceb60619bbda5e4691.php ç¬¬ 137 è¡Œ.
NOTIC: [8] Use of undefined constant objtable - assumed 'objtable' F:\phpsite\hc\kaoti\kaoti20170406\Application\Runtime\Cache\Home\769e70f2e46f34ceb60619bbda5e4691.php ç¬¬ 137 è¡Œ.
INFO: Run Behavior\ParseTemplateBehavior [ RunTime:0.023001s ]
INFO: [ view_parse ] --END-- [ RunTime:0.023165s ]
INFO: [ view_filter ] --START--
INFO: Run Behavior\WriteHtmlCacheBehavior [ RunTime:0.000631s ]
INFO: [ view_filter ] --END-- [ RunTime:0.000804s ]
INFO: [ app_end ] --START--
INFO: Run Behavior\ShowPageTraceBehavior [ RunTime:0.001791s ]
INFO: [ app_end ] --END-- [ RunTime:0.001979s ]

[ 2017-06-25T03:51:19+08:00 ] 127.0.0.1 /phpsite/hc/kaoti/kaoti20170406/index.php
INFO: [ app_init ] --START--
INFO: Run Behavior\BuildLiteBehavior [ RunTime:0.000053s ]
INFO: [ app_init ] --END-- [ RunTime:0.001079s ]
INFO: [ app_begin ] --START--
INFO: Run Behavior\ReadHtmlCacheBehavior [ RunTime:0.001005s ]
INFO: [ app_begin ] --END-- [ RunTime:0.001257s ]
SQL: SHOW COLUMNS FROM `tb_user` [ RunTime:0.0060s ]
SQL: SELECT * FROM `tb_user` WHERE `id` = '1' LIMIT 1   [ RunTime:0.0007s ]
SQL: SHOW COLUMNS FROM `tb_setting` [ RunTime:0.0046s ]
SQL: SELECT * FROM `tb_setting` WHERE `setting_key` = 'kaoti' LIMIT 1   [ RunTime:0.0005s ]
SQL: SHOW COLUMNS FROM `tb_configex` [ RunTime:0.0052s ]
SQL: SELECT * FROM `tb_configex` WHERE ( 1=1 ) ORDER BY sort asc  [ RunTime:0.0006s ]
SQL: SHOW COLUMNS FROM `tb_class` [ RunTime:0.0050s ]
SQL: SELECT * FROM `tb_class` WHERE `fatherno` = '00010004'  [ RunTime:0.0006s ]
INFO: [ view_parse ] --START--
INFO: [ template_filter ] --START--
INFO: Run Behavior\ContentReplaceBehavior [ RunTime:0.000211s ]
INFO: [ template_filter ] --END-- [ RunTime:0.000376s ]
NOTIC: [8] Use of undefined constant DEFAULT_CONTROLLER - assumed 'DEFAULT_CONTROLLER' F:\phpsite\hc\kaoti\kaoti20170406\Application\Runtime\Cache\Home\769e70f2e46f34ceb60619bbda5e4691.php ç¬¬ 61 è¡Œ.
NOTIC: [8] Undefined variable: data F:\phpsite\hc\kaoti\kaoti20170406\Application\Runtime\Cache\Home\769e70f2e46f34ceb60619bbda5e4691.php ç¬¬ 62 è¡Œ.
NOTIC: [8] Undefined variable: data F:\phpsite\hc\kaoti\kaoti20170406\Application\Runtime\Cache\Home\769e70f2e46f34ceb60619bbda5e4691.php ç¬¬ 63 è¡Œ.
NOTIC: [8] Undefined variable: table F:\phpsite\hc\kaoti\kaoti20170406\Application\Runtime\Cache\Home\769e70f2e46f34ceb60619bbda5e4691.php ç¬¬ 64 è¡Œ.
NOTIC: [8] Undefined variable: laiyuan F:\phpsite\hc\kaoti\kaoti20170406\Application\Runtime\Cache\Home\769e70f2e46f34ceb60619bbda5e4691.php ç¬¬ 66 è¡Œ.
NOTIC: [8] Undefined variable: lang F:\phpsite\hc\kaoti\kaoti20170406\Application\Runtime\Cache\Home\769e70f2e46f34ceb60619bbda5e4691.php ç¬¬ 78 è¡Œ.
NOTIC: [8] Undefined variable: act F:\phpsite\hc\kaoti\kaoti20170406\Application\Runtime\Cache\Home\769e70f2e46f34ceb60619bbda5e4691.php ç¬¬ 79 è¡Œ.
NOTIC: [8] Use of undefined constant id - assumed 'id' F:\phpsite\hc\kaoti\kaoti20170406\Application\Runtime\Cache\Home\769e70f2e46f34ceb60619bbda5e4691.php ç¬¬ 136 è¡Œ.
NOTIC: [8] Use of undefined constant id - assumed 'id' F:\phpsite\hc\kaoti\kaoti20170406\Application\Runtime\Cache\Home\769e70f2e46f34ceb60619bbda5e4691.php ç¬¬ 136 è¡Œ.
NOTIC: [8] Use of undefined constant id - assumed 'id' F:\phpsite\hc\kaoti\kaoti20170406\Application\Runtime\Cache\Home\769e70f2e46f34ceb60619bbda5e4691.php ç¬¬ 136 è¡Œ.
NOTIC: [8] Use of undefined constant objtable - assumed 'objtable' F:\phpsite\hc\kaoti\kaoti20170406\Application\Runtime\Cache\Home\769e70f2e46f34ceb60619bbda5e4691.php ç¬¬ 137 è¡Œ.
NOTIC: [8] Use of undefined constant objtable - assumed 'objtable' F:\phpsite\hc\kaoti\kaoti20170406\Application\Runtime\Cache\Home\769e70f2e46f34ceb60619bbda5e4691.php ç¬¬ 137 è¡Œ.
NOTIC: [8] Use of undefined constant objtable - assumed 'objtable' F:\phpsite\hc\kaoti\kaoti20170406\Application\Runtime\Cache\Home\769e70f2e46f34ceb60619bbda5e4691.php ç¬¬ 137 è¡Œ.
INFO: Run Behavior\ParseTemplateBehavior [ RunTime:0.020267s ]
INFO: [ view_parse ] --END-- [ RunTime:0.020436s ]
INFO: [ view_filter ] --START--
INFO: Run Behavior\WriteHtmlCacheBehavior [ RunTime:0.000626s ]
INFO: [ view_filter ] --END-- [ RunTime:0.000787s ]
INFO: [ app_end ] --START--
INFO: Run Behavior\ShowPageTraceBehavior [ RunTime:0.000966s ]
INFO: [ app_end ] --END-- [ RunTime:0.001181s ]

