[ 2017-06-19T03:28:03+08:00 ] 127.0.0.1 /phpsite/hc/kaoti/kaoti20170406/index.php/Home/index.html
INFO: [ app_init ] --START--
INFO: Run Behavior\BuildLiteBehavior [ RunTime:0.000044s ]
INFO: [ app_init ] --END-- [ RunTime:0.000721s ]
INFO: [ app_begin ] --START--
INFO: Run Behavior\ReadHtmlCacheBehavior [ RunTime:0.001059s ]
INFO: [ app_begin ] --END-- [ RunTime:0.001248s ]
SQL: SHOW COLUMNS FROM `tb_user` [ RunTime:0.0141s ]
SQL: SELECT * FROM `tb_user` WHERE `id` = '1' LIMIT 1   [ RunTime:0.0007s ]
SQL: SHOW COLUMNS FROM `tb_setting` [ RunTime:0.0046s ]
SQL: SELECT * FROM `tb_setting` WHERE `setting_key` = 'kaoti' LIMIT 1   [ RunTime:0.0006s ]
SQL: SHOW COLUMNS FROM `tb_configex` [ RunTime:0.0285s ]
SQL: SELECT * FROM `tb_configex` WHERE ( 1=1 ) ORDER BY sort asc  [ RunTime:0.0006s ]
SQL: SHOW COLUMNS FROM `tb_class` [ RunTime:0.0113s ]
SQL: SELECT * FROM `tb_class` WHERE `fatherno` = '00010004'  [ RunTime:0.0009s ]
INFO: [ view_parse ] --START--
INFO: [ template_filter ] --START--
INFO: Run Behavior\ContentReplaceBehavior [ RunTime:0.000260s ]
INFO: [ template_filter ] --END-- [ RunTime:0.000457s ]
NOTIC: [8] Use of undefined constant DEFAULT_CONTROLLER - assumed 'DEFAULT_CONTROLLER' F:\phpsite\hc\kaoti\kaoti20170406\Application\Runtime\Cache\Home\769e70f2e46f34ceb60619bbda5e4691.php 第 61 行.
NOTIC: [8] Undefined variable: data F:\phpsite\hc\kaoti\kaoti20170406\Application\Runtime\Cache\Home\769e70f2e46f34ceb60619bbda5e4691.php 第 62 行.
NOTIC: [8] Undefined variable: data F:\phpsite\hc\kaoti\kaoti20170406\Application\Runtime\Cache\Home\769e70f2e46f34ceb60619bbda5e4691.php 第 63 行.
NOTIC: [8] Undefined variable: table F:\phpsite\hc\kaoti\kaoti20170406\Application\Runtime\Cache\Home\769e70f2e46f34ceb60619bbda5e4691.php 第 64 行.
NOTIC: [8] Undefined variable: laiyuan F:\phpsite\hc\kaoti\kaoti20170406\Application\Runtime\Cache\Home\769e70f2e46f34ceb60619bbda5e4691.php 第 66 行.
NOTIC: [8] Undefined variable: lang F:\phpsite\hc\kaoti\kaoti20170406\Application\Runtime\Cache\Home\769e70f2e46f34ceb60619bbda5e4691.php 第 78 行.
NOTIC: [8] Undefined variable: act F:\phpsite\hc\kaoti\kaoti20170406\Application\Runtime\Cache\Home\769e70f2e46f34ceb60619bbda5e4691.php 第 79 行.
NOTIC: [8] Use of undefined constant id - assumed 'id' F:\phpsite\hc\kaoti\kaoti20170406\Application\Runtime\Cache\Home\769e70f2e46f34ceb60619bbda5e4691.php 第 136 行.
NOTIC: [8] Use of undefined constant id - assumed 'id' F:\phpsite\hc\kaoti\kaoti20170406\Application\Runtime\Cache\Home\769e70f2e46f34ceb60619bbda5e4691.php 第 136 行.
NOTIC: [8] Use of undefined constant id - assumed 'id' F:\phpsite\hc\kaoti\kaoti20170406\Application\Runtime\Cache\Home\769e70f2e46f34ceb60619bbda5e4691.php 第 136 行.
NOTIC: [8] Use of undefined constant objtable - assumed 'objtable' F:\phpsite\hc\kaoti\kaoti20170406\Application\Runtime\Cache\Home\769e70f2e46f34ceb60619bbda5e4691.php 第 137 行.
NOTIC: [8] Use of undefined constant objtable - assumed 'objtable' F:\phpsite\hc\kaoti\kaoti20170406\Application\Runtime\Cache\Home\769e70f2e46f34ceb60619bbda5e4691.php 第 137 行.
NOTIC: [8] Use of undefined constant objtable - assumed 'objtable' F:\phpsite\hc\kaoti\kaoti20170406\Application\Runtime\Cache\Home\769e70f2e46f34ceb60619bbda5e4691.php 第 137 行.
INFO: Run Behavior\ParseTemplateBehavior [ RunTime:0.139741s ]
INFO: [ view_parse ] --END-- [ RunTime:0.139938s ]
INFO: [ view_filter ] --START--
INFO: Run Behavior\WriteHtmlCacheBehavior [ RunTime:0.000843s ]
INFO: [ view_filter ] --END-- [ RunTime:0.001035s ]
INFO: [ app_end ] --START--
INFO: Run Behavior\ShowPageTraceBehavior [ RunTime:0.001516s ]
INFO: [ app_end ] --END-- [ RunTime:0.001720s ]

[ 2017-06-19T03:28:16+08:00 ] 127.0.0.1 /phpsite/hc/kaoti/kaoti20170406/index.php/Home/index.html
INFO: [ app_init ] --START--
INFO: Run Behavior\BuildLiteBehavior [ RunTime:0.000039s ]
INFO: [ app_init ] --END-- [ RunTime:0.000636s ]
INFO: [ app_begin ] --START--
INFO: Run Behavior\ReadHtmlCacheBehavior [ RunTime:0.000753s ]
INFO: [ app_begin ] --END-- [ RunTime:0.000934s ]
SQL: SHOW COLUMNS FROM `tb_user` [ RunTime:0.0092s ]
SQL: SELECT * FROM `tb_user` WHERE `id` = '1' LIMIT 1   [ RunTime:0.0011s ]
SQL: SHOW COLUMNS FROM `tb_setting` [ RunTime:0.0058s ]
SQL: SELECT * FROM `tb_setting` WHERE `setting_key` = 'kaoti' LIMIT 1   [ RunTime:0.0021s ]
SQL: SHOW COLUMNS FROM `tb_configex` [ RunTime:0.0091s ]
SQL: SELECT * FROM `tb_configex` WHERE ( 1=1 ) ORDER BY sort asc  [ RunTime:0.0039s ]
SQL: SHOW COLUMNS FROM `tb_class` [ RunTime:0.0099s ]
SQL: SELECT * FROM `tb_class` WHERE `fatherno` = '00010004'  [ RunTime:0.0009s ]
INFO: [ view_parse ] --START--
INFO: [ template_filter ] --START--
INFO: Run Behavior\ContentReplaceBehavior [ RunTime:0.000210s ]
INFO: [ template_filter ] --END-- [ RunTime:0.000371s ]
NOTIC: [8] Use of undefined constant DEFAULT_CONTROLLER - assumed 'DEFAULT_CONTROLLER' F:\phpsite\hc\kaoti\kaoti20170406\Application\Runtime\Cache\Home\769e70f2e46f34ceb60619bbda5e4691.php 第 61 行.
NOTIC: [8] Undefined variable: data F:\phpsite\hc\kaoti\kaoti20170406\Application\Runtime\Cache\Home\769e70f2e46f34ceb60619bbda5e4691.php 第 62 行.
NOTIC: [8] Undefined variable: data F:\phpsite\hc\kaoti\kaoti20170406\Application\Runtime\Cache\Home\769e70f2e46f34ceb60619bbda5e4691.php 第 63 行.
NOTIC: [8] Undefined variable: table F:\phpsite\hc\kaoti\kaoti20170406\Application\Runtime\Cache\Home\769e70f2e46f34ceb60619bbda5e4691.php 第 64 行.
NOTIC: [8] Undefined variable: laiyuan F:\phpsite\hc\kaoti\kaoti20170406\Application\Runtime\Cache\Home\769e70f2e46f34ceb60619bbda5e4691.php 第 66 行.
NOTIC: [8] Undefined variable: lang F:\phpsite\hc\kaoti\kaoti20170406\Application\Runtime\Cache\Home\769e70f2e46f34ceb60619bbda5e4691.php 第 78 行.
NOTIC: [8] Undefined variable: act F:\phpsite\hc\kaoti\kaoti20170406\Application\Runtime\Cache\Home\769e70f2e46f34ceb60619bbda5e4691.php 第 79 行.
NOTIC: [8] Use of undefined constant id - assumed 'id' F:\phpsite\hc\kaoti\kaoti20170406\Application\Runtime\Cache\Home\769e70f2e46f34ceb60619bbda5e4691.php 第 136 行.
NOTIC: [8] Use of undefined constant id - assumed 'id' F:\phpsite\hc\kaoti\kaoti20170406\Application\Runtime\Cache\Home\769e70f2e46f34ceb60619bbda5e4691.php 第 136 行.
NOTIC: [8] Use of undefined constant id - assumed 'id' F:\phpsite\hc\kaoti\kaoti20170406\Application\Runtime\Cache\Home\769e70f2e46f34ceb60619bbda5e4691.php 第 136 行.
NOTIC: [8] Use of undefined constant objtable - assumed 'objtable' F:\phpsite\hc\kaoti\kaoti20170406\Application\Runtime\Cache\Home\769e70f2e46f34ceb60619bbda5e4691.php 第 137 行.
NOTIC: [8] Use of undefined constant objtable - assumed 'objtable' F:\phpsite\hc\kaoti\kaoti20170406\Application\Runtime\Cache\Home\769e70f2e46f34ceb60619bbda5e4691.php 第 137 行.
NOTIC: [8] Use of undefined constant objtable - assumed 'objtable' F:\phpsite\hc\kaoti\kaoti20170406\Application\Runtime\Cache\Home\769e70f2e46f34ceb60619bbda5e4691.php 第 137 行.
INFO: Run Behavior\ParseTemplateBehavior [ RunTime:0.024463s ]
INFO: [ view_parse ] --END-- [ RunTime:0.024646s ]
INFO: [ view_filter ] --START--
INFO: Run Behavior\WriteHtmlCacheBehavior [ RunTime:0.000536s ]
INFO: [ view_filter ] --END-- [ RunTime:0.000693s ]
INFO: [ app_end ] --START--
INFO: Run Behavior\ShowPageTraceBehavior [ RunTime:0.000899s ]
INFO: [ app_end ] --END-- [ RunTime:0.001244s ]

