[ 2017-06-17T00:23:59+08:00 ] 127.0.0.1 /phpsite/hc/kaoti/kaoti20170406/index.php/home/shop/plists/
INFO: [ app_init ] --START--
INFO: Run Behavior\BuildLiteBehavior [ RunTime:0.000042s ]
INFO: [ app_init ] --END-- [ RunTime:0.000720s ]
INFO: [ app_begin ] --START--
INFO: Run Behavior\ReadHtmlCacheBehavior [ RunTime:0.000941s ]
INFO: [ app_begin ] --END-- [ RunTime:0.002071s ]
SQL: SHOW COLUMNS FROM `tb_user` [ RunTime:0.0052s ]
SQL: SELECT * FROM `tb_user` WHERE `id` = '1' LIMIT 1   [ RunTime:0.0008s ]
SQL: SHOW COLUMNS FROM `tb_product` [ RunTime:0.0055s ]
SQL: SELECT COUNT(*) AS tp_count FROM `tb_product` WHERE `id` > 0 AND `dianjiaid` = 1 LIMIT 1   [ RunTime:0.0009s ]
SQL: SELECT `title`,`id`,`price`,`prices`,`photo`,`photos`,`dianjiaid`,`classid` FROM `tb_product` WHERE `id` > 0 AND `dianjiaid` = 1 ORDER BY id asc LIMIT 0,15   [ RunTime:0.0012s ]
NOTIC: [8] Undefined index: userid F:\phpsite\hc\kaoti\kaoti20170406\Application\Home\Controller\ShopController.class.php 第 172 行.
SQL: SHOW COLUMNS FROM `tb_user` [ RunTime:0.0051s ]
SQL: SELECT * FROM `tb_user` WHERE `id` = null LIMIT 1   [ RunTime:0.0006s ]
NOTIC: [8] Undefined index: lable F:\phpsite\hc\kaoti\kaoti20170406\Application\Home\Controller\ShopController.class.php 第 177 行.
NOTIC: [8] Undefined index:  F:\phpsite\hc\kaoti\kaoti20170406\Application\Home\Controller\ShopController.class.php 第 177 行.
NOTIC: [8] Undefined index: userid F:\phpsite\hc\kaoti\kaoti20170406\Application\Home\Controller\ShopController.class.php 第 172 行.
SQL: SELECT * FROM `tb_user` WHERE `id` = null LIMIT 1   [ RunTime:0.0008s ]
NOTIC: [8] Undefined index: lable F:\phpsite\hc\kaoti\kaoti20170406\Application\Home\Controller\ShopController.class.php 第 177 行.
NOTIC: [8] Undefined index:  F:\phpsite\hc\kaoti\kaoti20170406\Application\Home\Controller\ShopController.class.php 第 177 行.
NOTIC: [8] Undefined index: userid F:\phpsite\hc\kaoti\kaoti20170406\Application\Home\Controller\ShopController.class.php 第 172 行.
SQL: SELECT * FROM `tb_user` WHERE `id` = null LIMIT 1   [ RunTime:0.0012s ]
NOTIC: [8] Undefined index: lable F:\phpsite\hc\kaoti\kaoti20170406\Application\Home\Controller\ShopController.class.php 第 177 行.
NOTIC: [8] Undefined index:  F:\phpsite\hc\kaoti\kaoti20170406\Application\Home\Controller\ShopController.class.php 第 177 行.
NOTIC: [8] Undefined index: userid F:\phpsite\hc\kaoti\kaoti20170406\Application\Home\Controller\ShopController.class.php 第 172 行.
SQL: SELECT * FROM `tb_user` WHERE `id` = null LIMIT 1   [ RunTime:0.0005s ]
NOTIC: [8] Undefined index: lable F:\phpsite\hc\kaoti\kaoti20170406\Application\Home\Controller\ShopController.class.php 第 177 行.
NOTIC: [8] Undefined index:  F:\phpsite\hc\kaoti\kaoti20170406\Application\Home\Controller\ShopController.class.php 第 177 行.
NOTIC: [8] Undefined index: userid F:\phpsite\hc\kaoti\kaoti20170406\Application\Home\Controller\ShopController.class.php 第 172 行.
SQL: SELECT * FROM `tb_user` WHERE `id` = null LIMIT 1   [ RunTime:0.0005s ]
NOTIC: [8] Undefined index: lable F:\phpsite\hc\kaoti\kaoti20170406\Application\Home\Controller\ShopController.class.php 第 177 行.
NOTIC: [8] Undefined index:  F:\phpsite\hc\kaoti\kaoti20170406\Application\Home\Controller\ShopController.class.php 第 177 行.
NOTIC: [8] Undefined index: userid F:\phpsite\hc\kaoti\kaoti20170406\Application\Home\Controller\ShopController.class.php 第 172 行.
SQL: SELECT * FROM `tb_user` WHERE `id` = null LIMIT 1   [ RunTime:0.0005s ]
NOTIC: [8] Undefined index: lable F:\phpsite\hc\kaoti\kaoti20170406\Application\Home\Controller\ShopController.class.php 第 177 行.
NOTIC: [8] Undefined index:  F:\phpsite\hc\kaoti\kaoti20170406\Application\Home\Controller\ShopController.class.php 第 177 行.
NOTIC: [8] Undefined index: userid F:\phpsite\hc\kaoti\kaoti20170406\Application\Home\Controller\ShopController.class.php 第 172 行.
SQL: SELECT * FROM `tb_user` WHERE `id` = null LIMIT 1   [ RunTime:0.0005s ]
NOTIC: [8] Undefined index: lable F:\phpsite\hc\kaoti\kaoti20170406\Application\Home\Controller\ShopController.class.php 第 177 行.
NOTIC: [8] Undefined index:  F:\phpsite\hc\kaoti\kaoti20170406\Application\Home\Controller\ShopController.class.php 第 177 行.
NOTIC: [8] Undefined index: userid F:\phpsite\hc\kaoti\kaoti20170406\Application\Home\Controller\ShopController.class.php 第 172 行.
SQL: SELECT * FROM `tb_user` WHERE `id` = null LIMIT 1   [ RunTime:0.0005s ]
NOTIC: [8] Undefined index: lable F:\phpsite\hc\kaoti\kaoti20170406\Application\Home\Controller\ShopController.class.php 第 177 行.
NOTIC: [8] Undefined index:  F:\phpsite\hc\kaoti\kaoti20170406\Application\Home\Controller\ShopController.class.php 第 177 行.
NOTIC: [8] Undefined index: userid F:\phpsite\hc\kaoti\kaoti20170406\Application\Home\Controller\ShopController.class.php 第 172 行.
SQL: SELECT * FROM `tb_user` WHERE `id` = null LIMIT 1   [ RunTime:0.0005s ]
NOTIC: [8] Undefined index: lable F:\phpsite\hc\kaoti\kaoti20170406\Application\Home\Controller\ShopController.class.php 第 177 行.
NOTIC: [8] Undefined index:  F:\phpsite\hc\kaoti\kaoti20170406\Application\Home\Controller\ShopController.class.php 第 177 行.
SQL: SELECT * FROM `tb_user` WHERE ( id='1' ) LIMIT 1   [ RunTime:0.0008s ]
SQL: SHOW COLUMNS FROM `tb_product_class` [ RunTime:0.0070s ]
SQL: SELECT * FROM `tb_product_class` WHERE `dianjiaid` = 1 ORDER BY id desc LIMIT 0,20   [ RunTime:0.0011s ]
NOTIC: [8] Use of undefined constant __PUBLIC__ - assumed '__PUBLIC__' F:\phpsite\hc\kaoti\kaoti20170406\Application\Home\Controller\ShopController.class.php 第 195 行.
INFO: [ view_parse ] --START--
INFO: [ template_filter ] --START--
INFO: Run Behavior\ContentReplaceBehavior [ RunTime:0.000288s ]
INFO: [ template_filter ] --END-- [ RunTime:0.000516s ]
NOTIC: [8] Use of undefined constant DEFAULT_CONTROLLER - assumed 'DEFAULT_CONTROLLER' F:\phpsite\hc\kaoti\kaoti20170406\Application\Runtime\Cache\Home\48327344af19a05c6745b37993add1a8.php 第 61 行.
NOTIC: [8] Undefined variable: data F:\phpsite\hc\kaoti\kaoti20170406\Application\Runtime\Cache\Home\48327344af19a05c6745b37993add1a8.php 第 62 行.
NOTIC: [8] Undefined variable: data F:\phpsite\hc\kaoti\kaoti20170406\Application\Runtime\Cache\Home\48327344af19a05c6745b37993add1a8.php 第 63 行.
NOTIC: [8] Undefined variable: table F:\phpsite\hc\kaoti\kaoti20170406\Application\Runtime\Cache\Home\48327344af19a05c6745b37993add1a8.php 第 64 行.
NOTIC: [8] Undefined variable: laiyuan F:\phpsite\hc\kaoti\kaoti20170406\Application\Runtime\Cache\Home\48327344af19a05c6745b37993add1a8.php 第 66 行.
NOTIC: [8] Undefined variable: lang F:\phpsite\hc\kaoti\kaoti20170406\Application\Runtime\Cache\Home\48327344af19a05c6745b37993add1a8.php 第 78 行.
NOTIC: [8] Undefined variable: act F:\phpsite\hc\kaoti\kaoti20170406\Application\Runtime\Cache\Home\48327344af19a05c6745b37993add1a8.php 第 79 行.
NOTIC: [8] Undefined variable: row F:\phpsite\hc\kaoti\kaoti20170406\Application\Runtime\Cache\Home\48327344af19a05c6745b37993add1a8.php 第 123 行.
NOTIC: [8] Use of undefined constant id - assumed 'id' F:\phpsite\hc\kaoti\kaoti20170406\Application\Runtime\Cache\Home\48327344af19a05c6745b37993add1a8.php 第 124 行.
NOTIC: [8] Use of undefined constant id - assumed 'id' F:\phpsite\hc\kaoti\kaoti20170406\Application\Runtime\Cache\Home\48327344af19a05c6745b37993add1a8.php 第 124 行.
NOTIC: [8] Use of undefined constant id - assumed 'id' F:\phpsite\hc\kaoti\kaoti20170406\Application\Runtime\Cache\Home\48327344af19a05c6745b37993add1a8.php 第 124 行.
NOTIC: [8] Use of undefined constant id - assumed 'id' F:\phpsite\hc\kaoti\kaoti20170406\Application\Runtime\Cache\Home\48327344af19a05c6745b37993add1a8.php 第 124 行.
NOTIC: [8] Use of undefined constant id - assumed 'id' F:\phpsite\hc\kaoti\kaoti20170406\Application\Runtime\Cache\Home\48327344af19a05c6745b37993add1a8.php 第 124 行.
NOTIC: [8] Use of undefined constant id - assumed 'id' F:\phpsite\hc\kaoti\kaoti20170406\Application\Runtime\Cache\Home\48327344af19a05c6745b37993add1a8.php 第 124 行.
NOTIC: [8] Use of undefined constant id - assumed 'id' F:\phpsite\hc\kaoti\kaoti20170406\Application\Runtime\Cache\Home\48327344af19a05c6745b37993add1a8.php 第 124 行.
INFO: Run Behavior\ParseTemplateBehavior [ RunTime:0.112766s ]
INFO: [ view_parse ] --END-- [ RunTime:0.113130s ]
INFO: [ view_filter ] --START--
INFO: Run Behavior\WriteHtmlCacheBehavior [ RunTime:0.002324s ]
INFO: [ view_filter ] --END-- [ RunTime:0.002625s ]
INFO: [ app_end ] --START--
INFO: Run Behavior\ShowPageTraceBehavior [ RunTime:0.001386s ]
INFO: [ app_end ] --END-- [ RunTime:0.001629s ]

[ 2017-06-17T00:24:00+08:00 ] 127.0.0.1 /phpsite/hc/kaoti/kaoti20170406/
INFO: [ app_init ] --START--
INFO: Run Behavior\BuildLiteBehavior [ RunTime:0.000041s ]
INFO: [ app_init ] --END-- [ RunTime:0.000726s ]
INFO: [ app_begin ] --START--
INFO: Run Behavior\ReadHtmlCacheBehavior [ RunTime:0.001095s ]
INFO: [ app_begin ] --END-- [ RunTime:0.001308s ]
SQL: SHOW COLUMNS FROM `tb_user` [ RunTime:0.0051s ]
SQL: SELECT * FROM `tb_user` WHERE `id` = '1' LIMIT 1   [ RunTime:0.0008s ]
SQL: SHOW COLUMNS FROM `tb_setting` [ RunTime:0.0065s ]
SQL: SELECT * FROM `tb_setting` WHERE `setting_key` = 'kaoti' LIMIT 1   [ RunTime:0.0006s ]
SQL: SHOW COLUMNS FROM `tb_configex` [ RunTime:0.0056s ]
SQL: SELECT * FROM `tb_configex` WHERE ( 1=1 ) ORDER BY sort asc  [ RunTime:0.0007s ]
SQL: SHOW COLUMNS FROM `tb_class` [ RunTime:0.0052s ]
SQL: SELECT * FROM `tb_class` WHERE `fatherno` = '00010004'  [ RunTime:0.0008s ]
INFO: [ view_parse ] --START--
INFO: [ template_filter ] --START--
INFO: Run Behavior\ContentReplaceBehavior [ RunTime:0.000320s ]
INFO: [ template_filter ] --END-- [ RunTime:0.000503s ]
NOTIC: [8] Use of undefined constant DEFAULT_CONTROLLER - assumed 'DEFAULT_CONTROLLER' F:\phpsite\hc\kaoti\kaoti20170406\Application\Runtime\Cache\Home\769e70f2e46f34ceb60619bbda5e4691.php 第 61 行.
NOTIC: [8] Undefined variable: data F:\phpsite\hc\kaoti\kaoti20170406\Application\Runtime\Cache\Home\769e70f2e46f34ceb60619bbda5e4691.php 第 62 行.
NOTIC: [8] Undefined variable: data F:\phpsite\hc\kaoti\kaoti20170406\Application\Runtime\Cache\Home\769e70f2e46f34ceb60619bbda5e4691.php 第 63 行.
NOTIC: [8] Undefined variable: table F:\phpsite\hc\kaoti\kaoti20170406\Application\Runtime\Cache\Home\769e70f2e46f34ceb60619bbda5e4691.php 第 64 行.
NOTIC: [8] Undefined variable: laiyuan F:\phpsite\hc\kaoti\kaoti20170406\Application\Runtime\Cache\Home\769e70f2e46f34ceb60619bbda5e4691.php 第 66 行.
NOTIC: [8] Undefined variable: lang F:\phpsite\hc\kaoti\kaoti20170406\Application\Runtime\Cache\Home\769e70f2e46f34ceb60619bbda5e4691.php 第 78 行.
NOTIC: [8] Undefined variable: act F:\phpsite\hc\kaoti\kaoti20170406\Application\Runtime\Cache\Home\769e70f2e46f34ceb60619bbda5e4691.php 第 79 行.
NOTIC: [8] Use of undefined constant id - assumed 'id' F:\phpsite\hc\kaoti\kaoti20170406\Application\Runtime\Cache\Home\769e70f2e46f34ceb60619bbda5e4691.php 第 136 行.
NOTIC: [8] Use of undefined constant id - assumed 'id' F:\phpsite\hc\kaoti\kaoti20170406\Application\Runtime\Cache\Home\769e70f2e46f34ceb60619bbda5e4691.php 第 136 行.
NOTIC: [8] Use of undefined constant id - assumed 'id' F:\phpsite\hc\kaoti\kaoti20170406\Application\Runtime\Cache\Home\769e70f2e46f34ceb60619bbda5e4691.php 第 136 行.
NOTIC: [8] Use of undefined constant objtable - assumed 'objtable' F:\phpsite\hc\kaoti\kaoti20170406\Application\Runtime\Cache\Home\769e70f2e46f34ceb60619bbda5e4691.php 第 137 行.
NOTIC: [8] Use of undefined constant objtable - assumed 'objtable' F:\phpsite\hc\kaoti\kaoti20170406\Application\Runtime\Cache\Home\769e70f2e46f34ceb60619bbda5e4691.php 第 137 行.
NOTIC: [8] Use of undefined constant objtable - assumed 'objtable' F:\phpsite\hc\kaoti\kaoti20170406\Application\Runtime\Cache\Home\769e70f2e46f34ceb60619bbda5e4691.php 第 137 行.
INFO: Run Behavior\ParseTemplateBehavior [ RunTime:0.175676s ]
INFO: [ view_parse ] --END-- [ RunTime:0.175887s ]
INFO: [ view_filter ] --START--
INFO: Run Behavior\WriteHtmlCacheBehavior [ RunTime:0.003422s ]
INFO: [ view_filter ] --END-- [ RunTime:0.003688s ]
INFO: [ app_end ] --START--
INFO: Run Behavior\ShowPageTraceBehavior [ RunTime:0.001478s ]
INFO: [ app_end ] --END-- [ RunTime:0.001670s ]

[ 2017-06-17T00:24:12+08:00 ] 127.0.0.1 /phpsite/hc/kaoti/kaoti20170406/index.php/Home/Shop/pdetail/djid/1/id/1
INFO: [ app_init ] --START--
INFO: Run Behavior\BuildLiteBehavior [ RunTime:0.000266s ]
INFO: [ app_init ] --END-- [ RunTime:0.001074s ]
INFO: [ app_begin ] --START--
INFO: Run Behavior\ReadHtmlCacheBehavior [ RunTime:0.001167s ]
INFO: [ app_begin ] --END-- [ RunTime:0.001471s ]
SQL: SHOW COLUMNS FROM `tb_user` [ RunTime:0.0061s ]
SQL: SELECT * FROM `tb_user` WHERE `id` = '1' LIMIT 1   [ RunTime:0.0014s ]
SQL: SHOW COLUMNS FROM `tb_product` [ RunTime:0.0057s ]
SQL: SELECT * FROM `tb_product` WHERE (  id='1' ) LIMIT 1   [ RunTime:0.0009s ]
SQL: SHOW COLUMNS FROM `tb_user` [ RunTime:0.0060s ]
SQL: SELECT * FROM `tb_user` WHERE (  id='1' ) LIMIT 1   [ RunTime:0.0007s ]
SQL: SELECT * FROM `tb_product` WHERE `lable` = 'rec' ORDER BY id desc LIMIT 0,20   [ RunTime:0.0010s ]
INFO: [ view_parse ] --START--
INFO: [ template_filter ] --START--
INFO: Run Behavior\ContentReplaceBehavior [ RunTime:0.000298s ]
INFO: [ template_filter ] --END-- [ RunTime:0.000461s ]
NOTIC: [8] Use of undefined constant DEFAULT_CONTROLLER - assumed 'DEFAULT_CONTROLLER' F:\phpsite\hc\kaoti\kaoti20170406\Application\Runtime\Cache\Home\31a26f7ba22b8ca76f919f57895566d8.php 第 61 行.
NOTIC: [8] Undefined variable: data F:\phpsite\hc\kaoti\kaoti20170406\Application\Runtime\Cache\Home\31a26f7ba22b8ca76f919f57895566d8.php 第 62 行.
NOTIC: [8] Undefined variable: data F:\phpsite\hc\kaoti\kaoti20170406\Application\Runtime\Cache\Home\31a26f7ba22b8ca76f919f57895566d8.php 第 63 行.
NOTIC: [8] Undefined variable: table F:\phpsite\hc\kaoti\kaoti20170406\Application\Runtime\Cache\Home\31a26f7ba22b8ca76f919f57895566d8.php 第 64 行.
NOTIC: [8] Undefined variable: laiyuan F:\phpsite\hc\kaoti\kaoti20170406\Application\Runtime\Cache\Home\31a26f7ba22b8ca76f919f57895566d8.php 第 66 行.
NOTIC: [8] Undefined variable: lang F:\phpsite\hc\kaoti\kaoti20170406\Application\Runtime\Cache\Home\31a26f7ba22b8ca76f919f57895566d8.php 第 78 行.
NOTIC: [8] Undefined variable: act F:\phpsite\hc\kaoti\kaoti20170406\Application\Runtime\Cache\Home\31a26f7ba22b8ca76f919f57895566d8.php 第 79 行.
INFO: Run Behavior\ParseTemplateBehavior [ RunTime:0.070504s ]
INFO: [ view_parse ] --END-- [ RunTime:0.070690s ]
INFO: [ view_filter ] --START--
INFO: Run Behavior\WriteHtmlCacheBehavior [ RunTime:0.000690s ]
INFO: [ view_filter ] --END-- [ RunTime:0.000925s ]
INFO: [ app_end ] --START--
INFO: Run Behavior\ShowPageTraceBehavior [ RunTime:0.001027s ]
INFO: [ app_end ] --END-- [ RunTime:0.001232s ]

[ 2017-06-17T00:24:15+08:00 ] 127.0.0.1 /phpsite/hc/kaoti/kaoti20170406/index.php/Home/Shop/home/djid/1
INFO: [ app_init ] --START--
INFO: Run Behavior\BuildLiteBehavior [ RunTime:0.000038s ]
INFO: [ app_init ] --END-- [ RunTime:0.000672s ]
INFO: [ app_begin ] --START--
INFO: Run Behavior\ReadHtmlCacheBehavior [ RunTime:0.000899s ]
INFO: [ app_begin ] --END-- [ RunTime:0.001093s ]
SQL: SHOW COLUMNS FROM `tb_user` [ RunTime:0.0060s ]
SQL: SELECT * FROM `tb_user` WHERE `id` = '1' LIMIT 1   [ RunTime:0.0009s ]
SQL: SHOW COLUMNS FROM `tb_product` [ RunTime:0.0054s ]
SQL: SELECT COUNT(*) AS tp_count FROM `tb_product` WHERE `id` > 0 AND `dianjiaid` = '1' AND `lable` = 'rec' LIMIT 1   [ RunTime:0.0006s ]
SQL: SELECT * FROM `tb_product` WHERE `id` > 0 AND `dianjiaid` = '1' AND `lable` = 'rec' ORDER BY id desc LIMIT 0,9   [ RunTime:0.0009s ]
SQL: SHOW COLUMNS FROM `tb_user` [ RunTime:0.0059s ]
SQL: SELECT * FROM `tb_user` WHERE `id` = '0' LIMIT 1   [ RunTime:0.0006s ]
NOTIC: [8] Undefined index: rec F:\phpsite\hc\kaoti\kaoti20170406\Application\Home\Controller\ShopController.class.php 第 90 行.
SQL: SELECT * FROM `tb_user` WHERE `id` = '0' LIMIT 1   [ RunTime:0.0006s ]
NOTIC: [8] Undefined index: rec F:\phpsite\hc\kaoti\kaoti20170406\Application\Home\Controller\ShopController.class.php 第 90 行.
SQL: SELECT * FROM `tb_user` WHERE `id` = '0' LIMIT 1   [ RunTime:0.0005s ]
NOTIC: [8] Undefined index: rec F:\phpsite\hc\kaoti\kaoti20170406\Application\Home\Controller\ShopController.class.php 第 90 行.
SQL: SELECT * FROM `tb_user` WHERE `id` = '0' LIMIT 1   [ RunTime:0.0005s ]
NOTIC: [8] Undefined index: rec F:\phpsite\hc\kaoti\kaoti20170406\Application\Home\Controller\ShopController.class.php 第 90 行.
SQL: SELECT * FROM `tb_user` WHERE `id` = '0' LIMIT 1   [ RunTime:0.0005s ]
NOTIC: [8] Undefined index: rec F:\phpsite\hc\kaoti\kaoti20170406\Application\Home\Controller\ShopController.class.php 第 90 行.
SQL: SELECT * FROM `tb_user` WHERE `id` = '0' LIMIT 1   [ RunTime:0.0005s ]
NOTIC: [8] Undefined index: rec F:\phpsite\hc\kaoti\kaoti20170406\Application\Home\Controller\ShopController.class.php 第 90 行.
SQL: SELECT * FROM `tb_user` WHERE `id` = '0' LIMIT 1   [ RunTime:0.0005s ]
NOTIC: [8] Undefined index: rec F:\phpsite\hc\kaoti\kaoti20170406\Application\Home\Controller\ShopController.class.php 第 90 行.
SQL: SELECT * FROM `tb_user` WHERE `id` = '0' LIMIT 1   [ RunTime:0.0005s ]
NOTIC: [8] Undefined index: rec F:\phpsite\hc\kaoti\kaoti20170406\Application\Home\Controller\ShopController.class.php 第 90 行.
SQL: SELECT * FROM `tb_user` WHERE `id` = '0' LIMIT 1   [ RunTime:0.0005s ]
NOTIC: [8] Undefined index: rec F:\phpsite\hc\kaoti\kaoti20170406\Application\Home\Controller\ShopController.class.php 第 90 行.
SQL: SELECT * FROM `tb_user` WHERE ( id='1' ) LIMIT 1   [ RunTime:0.0007s ]
SQL: SHOW COLUMNS FROM `tb_product_class` [ RunTime:0.0048s ]
SQL: SELECT * FROM `tb_product_class` WHERE `dianjiaid` = '1' ORDER BY id desc LIMIT 0,20   [ RunTime:0.0006s ]
NOTIC: [8] Use of undefined constant __PUBLIC__ - assumed '__PUBLIC__' F:\phpsite\hc\kaoti\kaoti20170406\Application\Home\Controller\ShopController.class.php 第 104 行.
INFO: [ view_parse ] --START--
INFO: [ template_filter ] --START--
INFO: Run Behavior\ContentReplaceBehavior [ RunTime:0.000290s ]
INFO: [ template_filter ] --END-- [ RunTime:0.000479s ]
NOTIC: [8] Use of undefined constant DEFAULT_CONTROLLER - assumed 'DEFAULT_CONTROLLER' F:\phpsite\hc\kaoti\kaoti20170406\Application\Runtime\Cache\Home\a38ade694d4dc8fd18f3c73d43067de9.php 第 61 行.
NOTIC: [8] Undefined variable: data F:\phpsite\hc\kaoti\kaoti20170406\Application\Runtime\Cache\Home\a38ade694d4dc8fd18f3c73d43067de9.php 第 62 行.
NOTIC: [8] Undefined variable: data F:\phpsite\hc\kaoti\kaoti20170406\Application\Runtime\Cache\Home\a38ade694d4dc8fd18f3c73d43067de9.php 第 63 行.
NOTIC: [8] Undefined variable: table F:\phpsite\hc\kaoti\kaoti20170406\Application\Runtime\Cache\Home\a38ade694d4dc8fd18f3c73d43067de9.php 第 64 行.
NOTIC: [8] Undefined variable: laiyuan F:\phpsite\hc\kaoti\kaoti20170406\Application\Runtime\Cache\Home\a38ade694d4dc8fd18f3c73d43067de9.php 第 66 行.
NOTIC: [8] Undefined variable: lang F:\phpsite\hc\kaoti\kaoti20170406\Application\Runtime\Cache\Home\a38ade694d4dc8fd18f3c73d43067de9.php 第 78 行.
NOTIC: [8] Undefined variable: act F:\phpsite\hc\kaoti\kaoti20170406\Application\Runtime\Cache\Home\a38ade694d4dc8fd18f3c73d43067de9.php 第 79 行.
NOTIC: [8] Undefined variable: row F:\phpsite\hc\kaoti\kaoti20170406\Application\Runtime\Cache\Home\a38ade694d4dc8fd18f3c73d43067de9.php 第 139 行.
NOTIC: [8] Use of undefined constant id - assumed 'id' F:\phpsite\hc\kaoti\kaoti20170406\Application\Runtime\Cache\Home\a38ade694d4dc8fd18f3c73d43067de9.php 第 140 行.
NOTIC: [8] Use of undefined constant id - assumed 'id' F:\phpsite\hc\kaoti\kaoti20170406\Application\Runtime\Cache\Home\a38ade694d4dc8fd18f3c73d43067de9.php 第 140 行.
NOTIC: [8] Use of undefined constant id - assumed 'id' F:\phpsite\hc\kaoti\kaoti20170406\Application\Runtime\Cache\Home\a38ade694d4dc8fd18f3c73d43067de9.php 第 140 行.
NOTIC: [8] Use of undefined constant id - assumed 'id' F:\phpsite\hc\kaoti\kaoti20170406\Application\Runtime\Cache\Home\a38ade694d4dc8fd18f3c73d43067de9.php 第 140 行.
NOTIC: [8] Use of undefined constant id - assumed 'id' F:\phpsite\hc\kaoti\kaoti20170406\Application\Runtime\Cache\Home\a38ade694d4dc8fd18f3c73d43067de9.php 第 140 行.
NOTIC: [8] Use of undefined constant id - assumed 'id' F:\phpsite\hc\kaoti\kaoti20170406\Application\Runtime\Cache\Home\a38ade694d4dc8fd18f3c73d43067de9.php 第 140 行.
NOTIC: [8] Use of undefined constant id - assumed 'id' F:\phpsite\hc\kaoti\kaoti20170406\Application\Runtime\Cache\Home\a38ade694d4dc8fd18f3c73d43067de9.php 第 140 行.
INFO: Run Behavior\ParseTemplateBehavior [ RunTime:0.076863s ]
INFO: [ view_parse ] --END-- [ RunTime:0.077035s ]
INFO: [ view_filter ] --START--
INFO: Run Behavior\WriteHtmlCacheBehavior [ RunTime:0.001193s ]
INFO: [ view_filter ] --END-- [ RunTime:0.001401s ]
INFO: [ app_end ] --START--
INFO: Run Behavior\ShowPageTraceBehavior [ RunTime:0.001064s ]
INFO: [ app_end ] --END-- [ RunTime:0.001271s ]

[ 2017-06-17T00:24:15+08:00 ] 127.0.0.1 /phpsite/hc/kaoti/kaoti20170406/
INFO: [ app_init ] --START--
INFO: Run Behavior\BuildLiteBehavior [ RunTime:0.000039s ]
INFO: [ app_init ] --END-- [ RunTime:0.000673s ]
INFO: [ app_begin ] --START--
INFO: Run Behavior\ReadHtmlCacheBehavior [ RunTime:0.000890s ]
INFO: [ app_begin ] --END-- [ RunTime:0.001103s ]
SQL: SHOW COLUMNS FROM `tb_user` [ RunTime:0.0064s ]
SQL: SELECT * FROM `tb_user` WHERE `id` = '1' LIMIT 1   [ RunTime:0.0008s ]
SQL: SHOW COLUMNS FROM `tb_setting` [ RunTime:0.0052s ]
SQL: SELECT * FROM `tb_setting` WHERE `setting_key` = 'kaoti' LIMIT 1   [ RunTime:0.0007s ]
SQL: SHOW COLUMNS FROM `tb_configex` [ RunTime:0.0074s ]
SQL: SELECT * FROM `tb_configex` WHERE ( 1=1 ) ORDER BY sort asc  [ RunTime:0.0008s ]
SQL: SHOW COLUMNS FROM `tb_class` [ RunTime:0.0055s ]
SQL: SELECT * FROM `tb_class` WHERE `fatherno` = '00010004'  [ RunTime:0.0015s ]
INFO: [ view_parse ] --START--
INFO: [ template_filter ] --START--
INFO: Run Behavior\ContentReplaceBehavior [ RunTime:0.000220s ]
INFO: [ template_filter ] --END-- [ RunTime:0.000396s ]
NOTIC: [8] Use of undefined constant DEFAULT_CONTROLLER - assumed 'DEFAULT_CONTROLLER' F:\phpsite\hc\kaoti\kaoti20170406\Application\Runtime\Cache\Home\769e70f2e46f34ceb60619bbda5e4691.php 第 61 行.
NOTIC: [8] Undefined variable: data F:\phpsite\hc\kaoti\kaoti20170406\Application\Runtime\Cache\Home\769e70f2e46f34ceb60619bbda5e4691.php 第 62 行.
NOTIC: [8] Undefined variable: data F:\phpsite\hc\kaoti\kaoti20170406\Application\Runtime\Cache\Home\769e70f2e46f34ceb60619bbda5e4691.php 第 63 行.
NOTIC: [8] Undefined variable: table F:\phpsite\hc\kaoti\kaoti20170406\Application\Runtime\Cache\Home\769e70f2e46f34ceb60619bbda5e4691.php 第 64 行.
NOTIC: [8] Undefined variable: laiyuan F:\phpsite\hc\kaoti\kaoti20170406\Application\Runtime\Cache\Home\769e70f2e46f34ceb60619bbda5e4691.php 第 66 行.
NOTIC: [8] Undefined variable: lang F:\phpsite\hc\kaoti\kaoti20170406\Application\Runtime\Cache\Home\769e70f2e46f34ceb60619bbda5e4691.php 第 78 行.
NOTIC: [8] Undefined variable: act F:\phpsite\hc\kaoti\kaoti20170406\Application\Runtime\Cache\Home\769e70f2e46f34ceb60619bbda5e4691.php 第 79 行.
NOTIC: [8] Use of undefined constant id - assumed 'id' F:\phpsite\hc\kaoti\kaoti20170406\Application\Runtime\Cache\Home\769e70f2e46f34ceb60619bbda5e4691.php 第 136 行.
NOTIC: [8] Use of undefined constant id - assumed 'id' F:\phpsite\hc\kaoti\kaoti20170406\Application\Runtime\Cache\Home\769e70f2e46f34ceb60619bbda5e4691.php 第 136 行.
NOTIC: [8] Use of undefined constant id - assumed 'id' F:\phpsite\hc\kaoti\kaoti20170406\Application\Runtime\Cache\Home\769e70f2e46f34ceb60619bbda5e4691.php 第 136 行.
NOTIC: [8] Use of undefined constant objtable - assumed 'objtable' F:\phpsite\hc\kaoti\kaoti20170406\Application\Runtime\Cache\Home\769e70f2e46f34ceb60619bbda5e4691.php 第 137 行.
NOTIC: [8] Use of undefined constant objtable - assumed 'objtable' F:\phpsite\hc\kaoti\kaoti20170406\Application\Runtime\Cache\Home\769e70f2e46f34ceb60619bbda5e4691.php 第 137 行.
NOTIC: [8] Use of undefined constant objtable - assumed 'objtable' F:\phpsite\hc\kaoti\kaoti20170406\Application\Runtime\Cache\Home\769e70f2e46f34ceb60619bbda5e4691.php 第 137 行.
INFO: Run Behavior\ParseTemplateBehavior [ RunTime:0.023139s ]
INFO: [ view_parse ] --END-- [ RunTime:0.023311s ]
INFO: [ view_filter ] --START--
INFO: Run Behavior\WriteHtmlCacheBehavior [ RunTime:0.000586s ]
INFO: [ view_filter ] --END-- [ RunTime:0.000752s ]
INFO: [ app_end ] --START--
INFO: Run Behavior\ShowPageTraceBehavior [ RunTime:0.001076s ]
INFO: [ app_end ] --END-- [ RunTime:0.001297s ]

[ 2017-06-17T01:42:58+08:00 ] 127.0.0.1 /phpsite/hc/kaoti/kaoti20170406/
INFO: [ app_init ] --START--
INFO: Run Behavior\BuildLiteBehavior [ RunTime:0.000040s ]
INFO: [ app_init ] --END-- [ RunTime:0.000682s ]
INFO: [ app_begin ] --START--
INFO: Run Behavior\ReadHtmlCacheBehavior [ RunTime:0.000875s ]
INFO: [ app_begin ] --END-- [ RunTime:0.001076s ]
SQL: SHOW COLUMNS FROM `tb_user` [ RunTime:0.0666s ]
SQL: SELECT * FROM `tb_user` WHERE `id` = '1' LIMIT 1   [ RunTime:0.0012s ]
SQL: SHOW COLUMNS FROM `tb_setting` [ RunTime:0.0424s ]
SQL: SELECT * FROM `tb_setting` WHERE `setting_key` = 'kaoti' LIMIT 1   [ RunTime:0.0335s ]
SQL: SHOW COLUMNS FROM `tb_configex` [ RunTime:0.1319s ]
SQL: SELECT * FROM `tb_configex` WHERE ( 1=1 ) ORDER BY sort asc  [ RunTime:0.2501s ]
SQL: SHOW COLUMNS FROM `tb_class` [ RunTime:0.0640s ]
SQL: SELECT * FROM `tb_class` WHERE `fatherno` = '00010004'  [ RunTime:0.0249s ]
INFO: [ view_parse ] --START--
INFO: [ template_filter ] --START--
INFO: Run Behavior\ContentReplaceBehavior [ RunTime:0.000240s ]
INFO: [ template_filter ] --END-- [ RunTime:0.000442s ]
NOTIC: [8] Use of undefined constant DEFAULT_CONTROLLER - assumed 'DEFAULT_CONTROLLER' F:\phpsite\hc\kaoti\kaoti20170406\Application\Runtime\Cache\Home\769e70f2e46f34ceb60619bbda5e4691.php 第 61 行.
NOTIC: [8] Undefined variable: data F:\phpsite\hc\kaoti\kaoti20170406\Application\Runtime\Cache\Home\769e70f2e46f34ceb60619bbda5e4691.php 第 62 行.
NOTIC: [8] Undefined variable: data F:\phpsite\hc\kaoti\kaoti20170406\Application\Runtime\Cache\Home\769e70f2e46f34ceb60619bbda5e4691.php 第 63 行.
NOTIC: [8] Undefined variable: table F:\phpsite\hc\kaoti\kaoti20170406\Application\Runtime\Cache\Home\769e70f2e46f34ceb60619bbda5e4691.php 第 64 行.
NOTIC: [8] Undefined variable: laiyuan F:\phpsite\hc\kaoti\kaoti20170406\Application\Runtime\Cache\Home\769e70f2e46f34ceb60619bbda5e4691.php 第 66 行.
NOTIC: [8] Undefined variable: lang F:\phpsite\hc\kaoti\kaoti20170406\Application\Runtime\Cache\Home\769e70f2e46f34ceb60619bbda5e4691.php 第 78 行.
NOTIC: [8] Undefined variable: act F:\phpsite\hc\kaoti\kaoti20170406\Application\Runtime\Cache\Home\769e70f2e46f34ceb60619bbda5e4691.php 第 79 行.
NOTIC: [8] Use of undefined constant id - assumed 'id' F:\phpsite\hc\kaoti\kaoti20170406\Application\Runtime\Cache\Home\769e70f2e46f34ceb60619bbda5e4691.php 第 136 行.
NOTIC: [8] Use of undefined constant id - assumed 'id' F:\phpsite\hc\kaoti\kaoti20170406\Application\Runtime\Cache\Home\769e70f2e46f34ceb60619bbda5e4691.php 第 136 行.
NOTIC: [8] Use of undefined constant id - assumed 'id' F:\phpsite\hc\kaoti\kaoti20170406\Application\Runtime\Cache\Home\769e70f2e46f34ceb60619bbda5e4691.php 第 136 行.
NOTIC: [8] Use of undefined constant objtable - assumed 'objtable' F:\phpsite\hc\kaoti\kaoti20170406\Application\Runtime\Cache\Home\769e70f2e46f34ceb60619bbda5e4691.php 第 137 行.
NOTIC: [8] Use of undefined constant objtable - assumed 'objtable' F:\phpsite\hc\kaoti\kaoti20170406\Application\Runtime\Cache\Home\769e70f2e46f34ceb60619bbda5e4691.php 第 137 行.
NOTIC: [8] Use of undefined constant objtable - assumed 'objtable' F:\phpsite\hc\kaoti\kaoti20170406\Application\Runtime\Cache\Home\769e70f2e46f34ceb60619bbda5e4691.php 第 137 行.
INFO: Run Behavior\ParseTemplateBehavior [ RunTime:0.114592s ]
INFO: [ view_parse ] --END-- [ RunTime:0.114798s ]
INFO: [ view_filter ] --START--
INFO: Run Behavior\WriteHtmlCacheBehavior [ RunTime:0.001129s ]
INFO: [ view_filter ] --END-- [ RunTime:0.001309s ]
INFO: [ app_end ] --START--
INFO: Run Behavior\ShowPageTraceBehavior [ RunTime:0.002606s ]
INFO: [ app_end ] --END-- [ RunTime:0.002845s ]

[ 2017-06-17T02:33:26+08:00 ] 127.0.0.1 /phpsite/hc/kaoti/kaoti20170406/index.php
INFO: [ app_init ] --START--
INFO: Run Behavior\BuildLiteBehavior [ RunTime:0.000042s ]
INFO: [ app_init ] --END-- [ RunTime:0.000756s ]
INFO: [ app_begin ] --START--
INFO: Run Behavior\ReadHtmlCacheBehavior [ RunTime:0.001600s ]
INFO: [ app_begin ] --END-- [ RunTime:0.002790s ]
SQL: SHOW COLUMNS FROM `tb_user` [ RunTime:0.0053s ]
SQL: SELECT * FROM `tb_user` WHERE `id` = '1' LIMIT 1   [ RunTime:0.0008s ]
SQL: SHOW COLUMNS FROM `tb_setting` [ RunTime:0.0055s ]
SQL: SELECT * FROM `tb_setting` WHERE `setting_key` = 'kaoti' LIMIT 1   [ RunTime:0.0007s ]
SQL: SHOW COLUMNS FROM `tb_configex` [ RunTime:0.0308s ]
SQL: SELECT * FROM `tb_configex` WHERE ( 1=1 ) ORDER BY sort asc  [ RunTime:0.0009s ]
SQL: SHOW COLUMNS FROM `tb_class` [ RunTime:0.0213s ]
SQL: SELECT * FROM `tb_class` WHERE `fatherno` = '00010004'  [ RunTime:0.0008s ]
INFO: [ view_parse ] --START--
INFO: [ template_filter ] --START--
INFO: Run Behavior\ContentReplaceBehavior [ RunTime:0.000212s ]
INFO: [ template_filter ] --END-- [ RunTime:0.000386s ]
NOTIC: [8] Use of undefined constant DEFAULT_CONTROLLER - assumed 'DEFAULT_CONTROLLER' F:\phpsite\hc\kaoti\kaoti20170406\Application\Runtime\Cache\Home\769e70f2e46f34ceb60619bbda5e4691.php 第 61 行.
NOTIC: [8] Undefined variable: data F:\phpsite\hc\kaoti\kaoti20170406\Application\Runtime\Cache\Home\769e70f2e46f34ceb60619bbda5e4691.php 第 62 行.
NOTIC: [8] Undefined variable: data F:\phpsite\hc\kaoti\kaoti20170406\Application\Runtime\Cache\Home\769e70f2e46f34ceb60619bbda5e4691.php 第 63 行.
NOTIC: [8] Undefined variable: table F:\phpsite\hc\kaoti\kaoti20170406\Application\Runtime\Cache\Home\769e70f2e46f34ceb60619bbda5e4691.php 第 64 行.
NOTIC: [8] Undefined variable: laiyuan F:\phpsite\hc\kaoti\kaoti20170406\Application\Runtime\Cache\Home\769e70f2e46f34ceb60619bbda5e4691.php 第 66 行.
NOTIC: [8] Undefined variable: lang F:\phpsite\hc\kaoti\kaoti20170406\Application\Runtime\Cache\Home\769e70f2e46f34ceb60619bbda5e4691.php 第 78 行.
NOTIC: [8] Undefined variable: act F:\phpsite\hc\kaoti\kaoti20170406\Application\Runtime\Cache\Home\769e70f2e46f34ceb60619bbda5e4691.php 第 79 行.
NOTIC: [8] Use of undefined constant id - assumed 'id' F:\phpsite\hc\kaoti\kaoti20170406\Application\Runtime\Cache\Home\769e70f2e46f34ceb60619bbda5e4691.php 第 136 行.
NOTIC: [8] Use of undefined constant id - assumed 'id' F:\phpsite\hc\kaoti\kaoti20170406\Application\Runtime\Cache\Home\769e70f2e46f34ceb60619bbda5e4691.php 第 136 行.
NOTIC: [8] Use of undefined constant id - assumed 'id' F:\phpsite\hc\kaoti\kaoti20170406\Application\Runtime\Cache\Home\769e70f2e46f34ceb60619bbda5e4691.php 第 136 行.
NOTIC: [8] Use of undefined constant objtable - assumed 'objtable' F:\phpsite\hc\kaoti\kaoti20170406\Application\Runtime\Cache\Home\769e70f2e46f34ceb60619bbda5e4691.php 第 137 行.
NOTIC: [8] Use of undefined constant objtable - assumed 'objtable' F:\phpsite\hc\kaoti\kaoti20170406\Application\Runtime\Cache\Home\769e70f2e46f34ceb60619bbda5e4691.php 第 137 行.
NOTIC: [8] Use of undefined constant objtable - assumed 'objtable' F:\phpsite\hc\kaoti\kaoti20170406\Application\Runtime\Cache\Home\769e70f2e46f34ceb60619bbda5e4691.php 第 137 行.
INFO: Run Behavior\ParseTemplateBehavior [ RunTime:0.099254s ]
INFO: [ view_parse ] --END-- [ RunTime:0.099441s ]
INFO: [ view_filter ] --START--
INFO: Run Behavior\WriteHtmlCacheBehavior [ RunTime:0.000684s ]
INFO: [ view_filter ] --END-- [ RunTime:0.000854s ]
INFO: [ app_end ] --START--
INFO: Run Behavior\ShowPageTraceBehavior [ RunTime:0.002778s ]
INFO: [ app_end ] --END-- [ RunTime:0.002954s ]

[ 2017-06-17T03:02:18+08:00 ] 127.0.0.1 /phpsite/hc/kaoti/kaoti20170406/index.php
INFO: [ app_init ] --START--
INFO: Run Behavior\BuildLiteBehavior [ RunTime:0.000042s ]
INFO: [ app_init ] --END-- [ RunTime:0.000693s ]
INFO: [ app_begin ] --START--
INFO: Run Behavior\ReadHtmlCacheBehavior [ RunTime:0.000910s ]
INFO: [ app_begin ] --END-- [ RunTime:0.001204s ]
SQL: SHOW COLUMNS FROM `tb_user` [ RunTime:0.0065s ]
SQL: SELECT * FROM `tb_user` WHERE `id` = '1' LIMIT 1   [ RunTime:0.0008s ]
SQL: SHOW COLUMNS FROM `tb_setting` [ RunTime:0.0075s ]
SQL: SELECT * FROM `tb_setting` WHERE `setting_key` = 'kaoti' LIMIT 1   [ RunTime:0.0007s ]
SQL: SHOW COLUMNS FROM `tb_configex` [ RunTime:0.0068s ]
SQL: SELECT * FROM `tb_configex` WHERE ( 1=1 ) ORDER BY sort asc  [ RunTime:0.0008s ]
SQL: SHOW COLUMNS FROM `tb_class` [ RunTime:0.0061s ]
SQL: SELECT * FROM `tb_class` WHERE `fatherno` = '00010004'  [ RunTime:0.0228s ]
INFO: [ view_parse ] --START--
INFO: [ template_filter ] --START--
INFO: Run Behavior\ContentReplaceBehavior [ RunTime:0.000216s ]
INFO: [ template_filter ] --END-- [ RunTime:0.000394s ]
NOTIC: [8] Use of undefined constant DEFAULT_CONTROLLER - assumed 'DEFAULT_CONTROLLER' F:\phpsite\hc\kaoti\kaoti20170406\Application\Runtime\Cache\Home\769e70f2e46f34ceb60619bbda5e4691.php 第 61 行.
NOTIC: [8] Undefined variable: data F:\phpsite\hc\kaoti\kaoti20170406\Application\Runtime\Cache\Home\769e70f2e46f34ceb60619bbda5e4691.php 第 62 行.
NOTIC: [8] Undefined variable: data F:\phpsite\hc\kaoti\kaoti20170406\Application\Runtime\Cache\Home\769e70f2e46f34ceb60619bbda5e4691.php 第 63 行.
NOTIC: [8] Undefined variable: table F:\phpsite\hc\kaoti\kaoti20170406\Application\Runtime\Cache\Home\769e70f2e46f34ceb60619bbda5e4691.php 第 64 行.
NOTIC: [8] Undefined variable: laiyuan F:\phpsite\hc\kaoti\kaoti20170406\Application\Runtime\Cache\Home\769e70f2e46f34ceb60619bbda5e4691.php 第 66 行.
NOTIC: [8] Undefined variable: lang F:\phpsite\hc\kaoti\kaoti20170406\Application\Runtime\Cache\Home\769e70f2e46f34ceb60619bbda5e4691.php 第 78 行.
NOTIC: [8] Undefined variable: act F:\phpsite\hc\kaoti\kaoti20170406\Application\Runtime\Cache\Home\769e70f2e46f34ceb60619bbda5e4691.php 第 79 行.
NOTIC: [8] Use of undefined constant id - assumed 'id' F:\phpsite\hc\kaoti\kaoti20170406\Application\Runtime\Cache\Home\769e70f2e46f34ceb60619bbda5e4691.php 第 136 行.
NOTIC: [8] Use of undefined constant id - assumed 'id' F:\phpsite\hc\kaoti\kaoti20170406\Application\Runtime\Cache\Home\769e70f2e46f34ceb60619bbda5e4691.php 第 136 行.
NOTIC: [8] Use of undefined constant id - assumed 'id' F:\phpsite\hc\kaoti\kaoti20170406\Application\Runtime\Cache\Home\769e70f2e46f34ceb60619bbda5e4691.php 第 136 行.
NOTIC: [8] Use of undefined constant objtable - assumed 'objtable' F:\phpsite\hc\kaoti\kaoti20170406\Application\Runtime\Cache\Home\769e70f2e46f34ceb60619bbda5e4691.php 第 137 行.
NOTIC: [8] Use of undefined constant objtable - assumed 'objtable' F:\phpsite\hc\kaoti\kaoti20170406\Application\Runtime\Cache\Home\769e70f2e46f34ceb60619bbda5e4691.php 第 137 行.
NOTIC: [8] Use of undefined constant objtable - assumed 'objtable' F:\phpsite\hc\kaoti\kaoti20170406\Application\Runtime\Cache\Home\769e70f2e46f34ceb60619bbda5e4691.php 第 137 行.
INFO: Run Behavior\ParseTemplateBehavior [ RunTime:0.067685s ]
INFO: [ view_parse ] --END-- [ RunTime:0.067864s ]
INFO: [ view_filter ] --START--
INFO: Run Behavior\WriteHtmlCacheBehavior [ RunTime:0.001031s ]
INFO: [ view_filter ] --END-- [ RunTime:0.001239s ]
INFO: [ app_end ] --START--
INFO: Run Behavior\ShowPageTraceBehavior [ RunTime:0.001075s ]
INFO: [ app_end ] --END-- [ RunTime:0.001249s ]

[ 2017-06-17T03:46:25+08:00 ] 127.0.0.1 /phpsite/hc/kaoti/kaoti20170406/index.php
INFO: [ app_init ] --START--
INFO: Run Behavior\BuildLiteBehavior [ RunTime:0.000041s ]
INFO: [ app_init ] --END-- [ RunTime:0.000737s ]
INFO: [ app_begin ] --START--
INFO: Run Behavior\ReadHtmlCacheBehavior [ RunTime:0.001117s ]
INFO: [ app_begin ] --END-- [ RunTime:0.001330s ]
SQL: SHOW COLUMNS FROM `tb_user` [ RunTime:0.0076s ]
SQL: SELECT * FROM `tb_user` WHERE `id` = '1' LIMIT 1   [ RunTime:0.0010s ]
SQL: SHOW COLUMNS FROM `tb_setting` [ RunTime:0.0059s ]
SQL: SELECT * FROM `tb_setting` WHERE `setting_key` = 'kaoti' LIMIT 1   [ RunTime:0.0009s ]
SQL: SHOW COLUMNS FROM `tb_configex` [ RunTime:0.0071s ]
SQL: SELECT * FROM `tb_configex` WHERE ( 1=1 ) ORDER BY sort asc  [ RunTime:0.0208s ]
SQL: SHOW COLUMNS FROM `tb_class` [ RunTime:0.0051s ]
SQL: SELECT * FROM `tb_class` WHERE `fatherno` = '00010004'  [ RunTime:0.0006s ]
INFO: [ view_parse ] --START--
INFO: [ template_filter ] --START--
INFO: Run Behavior\ContentReplaceBehavior [ RunTime:0.000218s ]
INFO: [ template_filter ] --END-- [ RunTime:0.000555s ]
NOTIC: [8] Use of undefined constant DEFAULT_CONTROLLER - assumed 'DEFAULT_CONTROLLER' F:\phpsite\hc\kaoti\kaoti20170406\Application\Runtime\Cache\Home\769e70f2e46f34ceb60619bbda5e4691.php 第 61 行.
NOTIC: [8] Undefined variable: data F:\phpsite\hc\kaoti\kaoti20170406\Application\Runtime\Cache\Home\769e70f2e46f34ceb60619bbda5e4691.php 第 62 行.
NOTIC: [8] Undefined variable: data F:\phpsite\hc\kaoti\kaoti20170406\Application\Runtime\Cache\Home\769e70f2e46f34ceb60619bbda5e4691.php 第 63 行.
NOTIC: [8] Undefined variable: table F:\phpsite\hc\kaoti\kaoti20170406\Application\Runtime\Cache\Home\769e70f2e46f34ceb60619bbda5e4691.php 第 64 行.
NOTIC: [8] Undefined variable: laiyuan F:\phpsite\hc\kaoti\kaoti20170406\Application\Runtime\Cache\Home\769e70f2e46f34ceb60619bbda5e4691.php 第 66 行.
NOTIC: [8] Undefined variable: lang F:\phpsite\hc\kaoti\kaoti20170406\Application\Runtime\Cache\Home\769e70f2e46f34ceb60619bbda5e4691.php 第 78 行.
NOTIC: [8] Undefined variable: act F:\phpsite\hc\kaoti\kaoti20170406\Application\Runtime\Cache\Home\769e70f2e46f34ceb60619bbda5e4691.php 第 79 行.
NOTIC: [8] Use of undefined constant id - assumed 'id' F:\phpsite\hc\kaoti\kaoti20170406\Application\Runtime\Cache\Home\769e70f2e46f34ceb60619bbda5e4691.php 第 136 行.
NOTIC: [8] Use of undefined constant id - assumed 'id' F:\phpsite\hc\kaoti\kaoti20170406\Application\Runtime\Cache\Home\769e70f2e46f34ceb60619bbda5e4691.php 第 136 行.
NOTIC: [8] Use of undefined constant id - assumed 'id' F:\phpsite\hc\kaoti\kaoti20170406\Application\Runtime\Cache\Home\769e70f2e46f34ceb60619bbda5e4691.php 第 136 行.
NOTIC: [8] Use of undefined constant objtable - assumed 'objtable' F:\phpsite\hc\kaoti\kaoti20170406\Application\Runtime\Cache\Home\769e70f2e46f34ceb60619bbda5e4691.php 第 137 行.
NOTIC: [8] Use of undefined constant objtable - assumed 'objtable' F:\phpsite\hc\kaoti\kaoti20170406\Application\Runtime\Cache\Home\769e70f2e46f34ceb60619bbda5e4691.php 第 137 行.
NOTIC: [8] Use of undefined constant objtable - assumed 'objtable' F:\phpsite\hc\kaoti\kaoti20170406\Application\Runtime\Cache\Home\769e70f2e46f34ceb60619bbda5e4691.php 第 137 行.
INFO: Run Behavior\ParseTemplateBehavior [ RunTime:0.129107s ]
INFO: [ view_parse ] --END-- [ RunTime:0.129302s ]
INFO: [ view_filter ] --START--
INFO: Run Behavior\WriteHtmlCacheBehavior [ RunTime:0.000700s ]
INFO: [ view_filter ] --END-- [ RunTime:0.000873s ]
INFO: [ app_end ] --START--
INFO: Run Behavior\ShowPageTraceBehavior [ RunTime:0.002605s ]
INFO: [ app_end ] --END-- [ RunTime:0.003335s ]

[ 2017-06-17T20:21:40+08:00 ] 127.0.0.1 /phpsite/hc/kaoti/kaoti20170406/index.php
INFO: [ app_init ] --START--
INFO: Run Behavior\BuildLiteBehavior [ RunTime:0.000072s ]
INFO: [ app_init ] --END-- [ RunTime:0.083815s ]
INFO: [ app_begin ] --START--
INFO: Run Behavior\ReadHtmlCacheBehavior [ RunTime:0.185743s ]
INFO: [ app_begin ] --END-- [ RunTime:0.186014s ]

[ 2017-06-17T20:21:49+08:00 ] 127.0.0.1 /phpsite/hc/kaoti/kaoti20170406/index.php/Home/user/login
INFO: [ app_init ] --START--
INFO: Run Behavior\BuildLiteBehavior [ RunTime:0.000138s ]
INFO: [ app_init ] --END-- [ RunTime:0.003889s ]
INFO: [ app_begin ] --START--
INFO: Run Behavior\ReadHtmlCacheBehavior [ RunTime:0.002953s ]
INFO: [ app_begin ] --END-- [ RunTime:0.003207s ]
SQL: SHOW COLUMNS FROM `tb_user` [ RunTime:0.9153s ]
SQL: SELECT * FROM `tb_user` WHERE `id` = '' LIMIT 1   [ RunTime:0.1400s ]
SQL: SHOW COLUMNS FROM `tb_user` [ RunTime:0.0106s ]
NOTIC: [8] Undefined index: username F:\phpsite\hc\kaoti\kaoti20170406\Application\Home\Controller\UserController.class.php 第 16 行.
NOTIC: [8] Undefined index: userpwd F:\phpsite\hc\kaoti\kaoti20170406\Application\Home\Controller\UserController.class.php 第 17 行.
INFO: [ view_parse ] --START--
INFO: [ template_filter ] --START--
INFO: Run Behavior\ContentReplaceBehavior [ RunTime:0.000169s ]
INFO: [ template_filter ] --END-- [ RunTime:0.000375s ]
NOTIC: [8] Use of undefined constant DEFAULT_CONTROLLER - assumed 'DEFAULT_CONTROLLER' F:\phpsite\hc\kaoti\kaoti20170406\Application\Runtime\Cache\Home\b171d71961885d3bf0f7a9b2e0867b01.php 第 62 行.
NOTIC: [8] Undefined variable: data F:\phpsite\hc\kaoti\kaoti20170406\Application\Runtime\Cache\Home\b171d71961885d3bf0f7a9b2e0867b01.php 第 63 行.
NOTIC: [8] Undefined variable: data F:\phpsite\hc\kaoti\kaoti20170406\Application\Runtime\Cache\Home\b171d71961885d3bf0f7a9b2e0867b01.php 第 64 行.
NOTIC: [8] Undefined variable: table F:\phpsite\hc\kaoti\kaoti20170406\Application\Runtime\Cache\Home\b171d71961885d3bf0f7a9b2e0867b01.php 第 65 行.
NOTIC: [8] Undefined variable: laiyuan F:\phpsite\hc\kaoti\kaoti20170406\Application\Runtime\Cache\Home\b171d71961885d3bf0f7a9b2e0867b01.php 第 67 行.
NOTIC: [8] Undefined variable: lang F:\phpsite\hc\kaoti\kaoti20170406\Application\Runtime\Cache\Home\b171d71961885d3bf0f7a9b2e0867b01.php 第 79 行.
NOTIC: [8] Undefined variable: act F:\phpsite\hc\kaoti\kaoti20170406\Application\Runtime\Cache\Home\b171d71961885d3bf0f7a9b2e0867b01.php 第 80 行.
NOTIC: [8] Undefined index: userq F:\phpsite\hc\kaoti\kaoti20170406\Application\Runtime\Cache\Home\b171d71961885d3bf0f7a9b2e0867b01.php 第 81 行.
NOTIC: [8] Undefined index: userq F:\phpsite\hc\kaoti\kaoti20170406\Application\Runtime\Cache\Home\b171d71961885d3bf0f7a9b2e0867b01.php 第 86 行.
NOTIC: [8] Undefined index: userq F:\phpsite\hc\kaoti\kaoti20170406\Application\Runtime\Cache\Home\b171d71961885d3bf0f7a9b2e0867b01.php 第 87 行.
INFO: Run Behavior\ParseTemplateBehavior [ RunTime:0.887518s ]
INFO: [ view_parse ] --END-- [ RunTime:0.910042s ]
INFO: [ view_filter ] --START--
INFO: Run Behavior\WriteHtmlCacheBehavior [ RunTime:0.104641s ]
INFO: [ view_filter ] --END-- [ RunTime:0.112774s ]
INFO: [ app_end ] --START--
INFO: Run Behavior\ShowPageTraceBehavior [ RunTime:0.055733s ]
INFO: [ app_end ] --END-- [ RunTime:0.056011s ]

[ 2017-06-17T20:25:42+08:00 ] 127.0.0.1 /phpsite/hc/kaoti/kaoti20170406/index.php/Home/user/login
INFO: [ app_init ] --START--
INFO: Run Behavior\BuildLiteBehavior [ RunTime:0.000041s ]
INFO: [ app_init ] --END-- [ RunTime:0.001243s ]
INFO: [ app_begin ] --START--
INFO: Run Behavior\ReadHtmlCacheBehavior [ RunTime:0.001966s ]
INFO: [ app_begin ] --END-- [ RunTime:0.002194s ]
SQL: SHOW COLUMNS FROM `tb_user` [ RunTime:0.0072s ]
SQL: SELECT * FROM `tb_user` WHERE `id` = '' LIMIT 1   [ RunTime:0.0021s ]
SQL: SHOW COLUMNS FROM `tb_user` [ RunTime:0.0157s ]
SQL: SELECT * FROM `tb_user` WHERE `username` = 'admin' AND `userpwd` = '8786ae78604bcdf3b8d9134ec19a753e' LIMIT 1   [ RunTime:0.1107s ]

[ 2017-06-17T20:25:43+08:00 ] 127.0.0.1 /phpsite/hc/kaoti/kaoti20170406/index.php/Home/index.html
INFO: [ app_init ] --START--
INFO: Run Behavior\BuildLiteBehavior [ RunTime:0.000041s ]
INFO: [ app_init ] --END-- [ RunTime:0.000858s ]
INFO: [ app_begin ] --START--
INFO: Run Behavior\ReadHtmlCacheBehavior [ RunTime:0.001126s ]
INFO: [ app_begin ] --END-- [ RunTime:0.001356s ]
SQL: SHOW COLUMNS FROM `tb_user` [ RunTime:0.0305s ]
SQL: SELECT * FROM `tb_user` WHERE `id` = '1' LIMIT 1   [ RunTime:0.0009s ]
SQL: SHOW COLUMNS FROM `tb_setting` [ RunTime:0.0435s ]
SQL: SELECT * FROM `tb_setting` WHERE `setting_key` = 'kaoti' LIMIT 1   [ RunTime:0.0112s ]
SQL: SHOW COLUMNS FROM `tb_configex` [ RunTime:0.0420s ]
SQL: SELECT * FROM `tb_configex` WHERE ( 1=1 ) ORDER BY sort asc  [ RunTime:0.1002s ]
SQL: SHOW COLUMNS FROM `tb_class` [ RunTime:0.0101s ]
SQL: SELECT * FROM `tb_class` WHERE `fatherno` = '00010004'  [ RunTime:0.0019s ]
INFO: [ view_parse ] --START--
INFO: [ template_filter ] --START--
INFO: Run Behavior\ContentReplaceBehavior [ RunTime:0.003234s ]
INFO: [ template_filter ] --END-- [ RunTime:0.003455s ]
NOTIC: [8] Use of undefined constant DEFAULT_CONTROLLER - assumed 'DEFAULT_CONTROLLER' F:\phpsite\hc\kaoti\kaoti20170406\Application\Runtime\Cache\Home\769e70f2e46f34ceb60619bbda5e4691.php 第 61 行.
NOTIC: [8] Undefined variable: data F:\phpsite\hc\kaoti\kaoti20170406\Application\Runtime\Cache\Home\769e70f2e46f34ceb60619bbda5e4691.php 第 62 行.
NOTIC: [8] Undefined variable: data F:\phpsite\hc\kaoti\kaoti20170406\Application\Runtime\Cache\Home\769e70f2e46f34ceb60619bbda5e4691.php 第 63 行.
NOTIC: [8] Undefined variable: table F:\phpsite\hc\kaoti\kaoti20170406\Application\Runtime\Cache\Home\769e70f2e46f34ceb60619bbda5e4691.php 第 64 行.
NOTIC: [8] Undefined variable: laiyuan F:\phpsite\hc\kaoti\kaoti20170406\Application\Runtime\Cache\Home\769e70f2e46f34ceb60619bbda5e4691.php 第 66 行.
NOTIC: [8] Undefined variable: lang F:\phpsite\hc\kaoti\kaoti20170406\Application\Runtime\Cache\Home\769e70f2e46f34ceb60619bbda5e4691.php 第 78 行.
NOTIC: [8] Undefined variable: act F:\phpsite\hc\kaoti\kaoti20170406\Application\Runtime\Cache\Home\769e70f2e46f34ceb60619bbda5e4691.php 第 79 行.
NOTIC: [8] Use of undefined constant id - assumed 'id' F:\phpsite\hc\kaoti\kaoti20170406\Application\Runtime\Cache\Home\769e70f2e46f34ceb60619bbda5e4691.php 第 136 行.
NOTIC: [8] Use of undefined constant id - assumed 'id' F:\phpsite\hc\kaoti\kaoti20170406\Application\Runtime\Cache\Home\769e70f2e46f34ceb60619bbda5e4691.php 第 136 行.
NOTIC: [8] Use of undefined constant id - assumed 'id' F:\phpsite\hc\kaoti\kaoti20170406\Application\Runtime\Cache\Home\769e70f2e46f34ceb60619bbda5e4691.php 第 136 行.
NOTIC: [8] Use of undefined constant objtable - assumed 'objtable' F:\phpsite\hc\kaoti\kaoti20170406\Application\Runtime\Cache\Home\769e70f2e46f34ceb60619bbda5e4691.php 第 137 行.
NOTIC: [8] Use of undefined constant objtable - assumed 'objtable' F:\phpsite\hc\kaoti\kaoti20170406\Application\Runtime\Cache\Home\769e70f2e46f34ceb60619bbda5e4691.php 第 137 行.
NOTIC: [8] Use of undefined constant objtable - assumed 'objtable' F:\phpsite\hc\kaoti\kaoti20170406\Application\Runtime\Cache\Home\769e70f2e46f34ceb60619bbda5e4691.php 第 137 行.
INFO: Run Behavior\ParseTemplateBehavior [ RunTime:0.124324s ]
INFO: [ view_parse ] --END-- [ RunTime:0.124519s ]
INFO: [ view_filter ] --START--
INFO: Run Behavior\WriteHtmlCacheBehavior [ RunTime:0.022334s ]
INFO: [ view_filter ] --END-- [ RunTime:0.022511s ]
INFO: [ app_end ] --START--
INFO: Run Behavior\ShowPageTraceBehavior [ RunTime:0.008053s ]
INFO: [ app_end ] --END-- [ RunTime:0.008262s ]

[ 2017-06-17T22:13:58+08:00 ] 127.0.0.1 /phpsite/hc/kaoti/kaoti20170406/index.php/Home/goumaiex/lists
INFO: [ app_init ] --START--
INFO: Run Behavior\BuildLiteBehavior [ RunTime:0.000044s ]
INFO: [ app_init ] --END-- [ RunTime:0.001932s ]
INFO: [ app_begin ] --START--
INFO: Run Behavior\ReadHtmlCacheBehavior [ RunTime:0.013667s ]
INFO: [ app_begin ] --END-- [ RunTime:0.023650s ]
SQL: SHOW COLUMNS FROM `tb_user` [ RunTime:1.1578s ]
SQL: SELECT * FROM `tb_user` WHERE `id` = '1' LIMIT 1   [ RunTime:0.0821s ]
SQL: SHOW COLUMNS FROM `tb_goumaiex` [ RunTime:0.0467s ]
SQL: SELECT COUNT(*) AS tp_count FROM `tb_goumaiex` WHERE `id` > 0 AND `userid` = '1' LIMIT 1   [ RunTime:0.0452s ]
SQL: SELECT * FROM `tb_goumaiex` WHERE `id` > 0 AND `userid` = '1' ORDER BY id desc LIMIT 0,10   [ RunTime:0.0010s ]
INFO: [ view_parse ] --START--
INFO: [ template_filter ] --START--
INFO: Run Behavior\ContentReplaceBehavior [ RunTime:0.000214s ]
INFO: [ template_filter ] --END-- [ RunTime:0.000428s ]
NOTIC: [8] Use of undefined constant DEFAULT_CONTROLLER - assumed 'DEFAULT_CONTROLLER' F:\phpsite\hc\kaoti\kaoti20170406\Application\Runtime\Cache\Home\c602073beb3b6bc90663b0171182ee54.php 第 61 行.
NOTIC: [8] Undefined variable: data F:\phpsite\hc\kaoti\kaoti20170406\Application\Runtime\Cache\Home\c602073beb3b6bc90663b0171182ee54.php 第 62 行.
NOTIC: [8] Undefined variable: data F:\phpsite\hc\kaoti\kaoti20170406\Application\Runtime\Cache\Home\c602073beb3b6bc90663b0171182ee54.php 第 63 行.
NOTIC: [8] Undefined variable: table F:\phpsite\hc\kaoti\kaoti20170406\Application\Runtime\Cache\Home\c602073beb3b6bc90663b0171182ee54.php 第 64 行.
NOTIC: [8] Undefined variable: laiyuan F:\phpsite\hc\kaoti\kaoti20170406\Application\Runtime\Cache\Home\c602073beb3b6bc90663b0171182ee54.php 第 66 行.
NOTIC: [8] Undefined variable: lang F:\phpsite\hc\kaoti\kaoti20170406\Application\Runtime\Cache\Home\c602073beb3b6bc90663b0171182ee54.php 第 78 行.
NOTIC: [8] Undefined variable: act F:\phpsite\hc\kaoti\kaoti20170406\Application\Runtime\Cache\Home\c602073beb3b6bc90663b0171182ee54.php 第 79 行.
INFO: Run Behavior\ParseTemplateBehavior [ RunTime:0.443645s ]
INFO: [ view_parse ] --END-- [ RunTime:0.443847s ]
INFO: [ view_filter ] --START--
INFO: Run Behavior\WriteHtmlCacheBehavior [ RunTime:0.024196s ]
INFO: [ view_filter ] --END-- [ RunTime:0.024442s ]
INFO: [ app_end ] --START--
INFO: Run Behavior\ShowPageTraceBehavior [ RunTime:0.007243s ]
INFO: [ app_end ] --END-- [ RunTime:0.007804s ]

