[ 2017-04-30T17:21:56+08:00 ] 127.0.0.1 /phpsite/hc/kaoti/kaoti20170406/index.php/home/user/login
INFO: [ app_init ] --START--
INFO: Run Behavior\BuildLiteBehavior [ RunTime:0.000059s ]
INFO: [ app_init ] --END-- [ RunTime:0.024598s ]
INFO: [ app_begin ] --START--
INFO: Run Behavior\ReadHtmlCacheBehavior [ RunTime:0.001636s ]
INFO: [ app_begin ] --END-- [ RunTime:0.001919s ]
SQL: SHOW COLUMNS FROM `tb_user` [ RunTime:0.1621s ]
SQL: SELECT * FROM `tb_user` WHERE `id` = '' LIMIT 1   [ RunTime:0.0105s ]
SQL: SHOW COLUMNS FROM `tb_user` [ RunTime:0.0076s ]
NOTIC: [8] Undefined index: username F:\phpsite\hc\kaoti\kaoti20170406\Application\Home\Controller\UserController.class.php 第 16 行.
NOTIC: [8] Undefined index: userpwd F:\phpsite\hc\kaoti\kaoti20170406\Application\Home\Controller\UserController.class.php 第 17 行.
INFO: [ view_parse ] --START--
INFO: [ template_filter ] --START--
INFO: Run Behavior\ContentReplaceBehavior [ RunTime:0.000350s ]
INFO: [ template_filter ] --END-- [ RunTime:0.000584s ]
NOTIC: [8] Use of undefined constant DEFAULT_CONTROLLER - assumed 'DEFAULT_CONTROLLER' F:\phpsite\hc\kaoti\kaoti20170406\Application\Runtime\Cache\Home\b171d71961885d3bf0f7a9b2e0867b01.php 第 61 行.
NOTIC: [8] Undefined variable: data F:\phpsite\hc\kaoti\kaoti20170406\Application\Runtime\Cache\Home\b171d71961885d3bf0f7a9b2e0867b01.php 第 62 行.
NOTIC: [8] Undefined variable: data F:\phpsite\hc\kaoti\kaoti20170406\Application\Runtime\Cache\Home\b171d71961885d3bf0f7a9b2e0867b01.php 第 63 行.
NOTIC: [8] Undefined variable: table F:\phpsite\hc\kaoti\kaoti20170406\Application\Runtime\Cache\Home\b171d71961885d3bf0f7a9b2e0867b01.php 第 64 行.
NOTIC: [8] Undefined variable: laiyuan F:\phpsite\hc\kaoti\kaoti20170406\Application\Runtime\Cache\Home\b171d71961885d3bf0f7a9b2e0867b01.php 第 66 行.
NOTIC: [8] Undefined variable: lang F:\phpsite\hc\kaoti\kaoti20170406\Application\Runtime\Cache\Home\b171d71961885d3bf0f7a9b2e0867b01.php 第 77 行.
NOTIC: [8] Undefined variable: act F:\phpsite\hc\kaoti\kaoti20170406\Application\Runtime\Cache\Home\b171d71961885d3bf0f7a9b2e0867b01.php 第 78 行.
NOTIC: [8] Undefined index: userq F:\phpsite\hc\kaoti\kaoti20170406\Application\Runtime\Cache\Home\b171d71961885d3bf0f7a9b2e0867b01.php 第 79 行.
NOTIC: [8] Undefined index: userq F:\phpsite\hc\kaoti\kaoti20170406\Application\Runtime\Cache\Home\b171d71961885d3bf0f7a9b2e0867b01.php 第 85 行.
NOTIC: [8] Undefined index: userq F:\phpsite\hc\kaoti\kaoti20170406\Application\Runtime\Cache\Home\b171d71961885d3bf0f7a9b2e0867b01.php 第 86 行.
INFO: Run Behavior\ParseTemplateBehavior [ RunTime:0.351764s ]
INFO: [ view_parse ] --END-- [ RunTime:0.352003s ]
INFO: [ view_filter ] --START--
INFO: Run Behavior\WriteHtmlCacheBehavior [ RunTime:0.078878s ]
INFO: [ view_filter ] --END-- [ RunTime:0.079055s ]
INFO: [ app_end ] --START--
INFO: Run Behavior\ShowPageTraceBehavior [ RunTime:0.030372s ]
INFO: [ app_end ] --END-- [ RunTime:0.030837s ]

[ 2017-04-30T17:22:26+08:00 ] 127.0.0.1 /phpsite/hc/kaoti/kaoti20170406/index.php?m=Home&c=user&a=zhaohuimima
INFO: [ app_init ] --START--
INFO: Run Behavior\BuildLiteBehavior [ RunTime:0.000041s ]
INFO: [ app_init ] --END-- [ RunTime:0.000994s ]
INFO: [ app_begin ] --START--
INFO: Run Behavior\ReadHtmlCacheBehavior [ RunTime:0.001307s ]
INFO: [ app_begin ] --END-- [ RunTime:0.001535s ]
INFO: [ view_parse ] --START--
INFO: [ template_filter ] --START--
INFO: Run Behavior\ContentReplaceBehavior [ RunTime:0.000369s ]
INFO: [ template_filter ] --END-- [ RunTime:0.000570s ]
NOTIC: [8] Use of undefined constant DEFAULT_CONTROLLER - assumed 'DEFAULT_CONTROLLER' F:\phpsite\hc\kaoti\kaoti20170406\Application\Runtime\Cache\Home\c4ee6d11c723a3facf47badd53f6e475.php 第 60 行.
NOTIC: [8] Undefined variable: data F:\phpsite\hc\kaoti\kaoti20170406\Application\Runtime\Cache\Home\c4ee6d11c723a3facf47badd53f6e475.php 第 61 行.
NOTIC: [8] Undefined variable: data F:\phpsite\hc\kaoti\kaoti20170406\Application\Runtime\Cache\Home\c4ee6d11c723a3facf47badd53f6e475.php 第 62 行.
NOTIC: [8] Undefined variable: table F:\phpsite\hc\kaoti\kaoti20170406\Application\Runtime\Cache\Home\c4ee6d11c723a3facf47badd53f6e475.php 第 63 行.
NOTIC: [8] Undefined variable: laiyuan F:\phpsite\hc\kaoti\kaoti20170406\Application\Runtime\Cache\Home\c4ee6d11c723a3facf47badd53f6e475.php 第 65 行.
NOTIC: [8] Undefined variable: lang F:\phpsite\hc\kaoti\kaoti20170406\Application\Runtime\Cache\Home\c4ee6d11c723a3facf47badd53f6e475.php 第 76 行.
NOTIC: [8] Undefined variable: act F:\phpsite\hc\kaoti\kaoti20170406\Application\Runtime\Cache\Home\c4ee6d11c723a3facf47badd53f6e475.php 第 77 行.
NOTIC: [8] Undefined index: userq F:\phpsite\hc\kaoti\kaoti20170406\Application\Runtime\Cache\Home\c4ee6d11c723a3facf47badd53f6e475.php 第 78 行.
NOTIC: [8] Undefined index: userq F:\phpsite\hc\kaoti\kaoti20170406\Application\Runtime\Cache\Home\c4ee6d11c723a3facf47badd53f6e475.php 第 84 行.
NOTIC: [8] Undefined index: userq F:\phpsite\hc\kaoti\kaoti20170406\Application\Runtime\Cache\Home\c4ee6d11c723a3facf47badd53f6e475.php 第 85 行.
INFO: Run Behavior\ParseTemplateBehavior [ RunTime:0.151547s ]
INFO: [ view_parse ] --END-- [ RunTime:0.151770s ]
INFO: [ view_filter ] --START--
INFO: Run Behavior\WriteHtmlCacheBehavior [ RunTime:0.000668s ]
INFO: [ view_filter ] --END-- [ RunTime:0.000839s ]
INFO: [ app_end ] --START--
INFO: Run Behavior\ShowPageTraceBehavior [ RunTime:0.000924s ]
INFO: [ app_end ] --END-- [ RunTime:0.001090s ]

[ 2017-04-30T17:22:38+08:00 ] 127.0.0.1 /phpsite/hc/kaoti/kaoti20170406/index.php
INFO: [ app_init ] --START--
INFO: Run Behavior\BuildLiteBehavior [ RunTime:0.000047s ]
INFO: [ app_init ] --END-- [ RunTime:0.000895s ]
INFO: [ app_begin ] --START--
INFO: Run Behavior\ReadHtmlCacheBehavior [ RunTime:0.000845s ]
INFO: [ app_begin ] --END-- [ RunTime:0.001038s ]

[ 2017-04-30T17:22:38+08:00 ] 127.0.0.1 /phpsite/hc/kaoti/kaoti20170406/index.php/Home/user/login
INFO: [ app_init ] --START--
INFO: Run Behavior\BuildLiteBehavior [ RunTime:0.000038s ]
INFO: [ app_init ] --END-- [ RunTime:0.000792s ]
INFO: [ app_begin ] --START--
INFO: Run Behavior\ReadHtmlCacheBehavior [ RunTime:0.000744s ]
INFO: [ app_begin ] --END-- [ RunTime:0.000984s ]
SQL: SHOW COLUMNS FROM `tb_user` [ RunTime:0.0638s ]
SQL: SELECT * FROM `tb_user` WHERE `id` = '' LIMIT 1   [ RunTime:0.0017s ]
SQL: SHOW COLUMNS FROM `tb_user` [ RunTime:0.0313s ]
NOTIC: [8] Undefined index: username F:\phpsite\hc\kaoti\kaoti20170406\Application\Home\Controller\UserController.class.php 第 16 行.
NOTIC: [8] Undefined index: userpwd F:\phpsite\hc\kaoti\kaoti20170406\Application\Home\Controller\UserController.class.php 第 17 行.
INFO: [ view_parse ] --START--
INFO: [ template_filter ] --START--
INFO: Run Behavior\ContentReplaceBehavior [ RunTime:0.000244s ]
INFO: [ template_filter ] --END-- [ RunTime:0.000410s ]
NOTIC: [8] Use of undefined constant DEFAULT_CONTROLLER - assumed 'DEFAULT_CONTROLLER' F:\phpsite\hc\kaoti\kaoti20170406\Application\Runtime\Cache\Home\b171d71961885d3bf0f7a9b2e0867b01.php 第 61 行.
NOTIC: [8] Undefined variable: data F:\phpsite\hc\kaoti\kaoti20170406\Application\Runtime\Cache\Home\b171d71961885d3bf0f7a9b2e0867b01.php 第 62 行.
NOTIC: [8] Undefined variable: data F:\phpsite\hc\kaoti\kaoti20170406\Application\Runtime\Cache\Home\b171d71961885d3bf0f7a9b2e0867b01.php 第 63 行.
NOTIC: [8] Undefined variable: table F:\phpsite\hc\kaoti\kaoti20170406\Application\Runtime\Cache\Home\b171d71961885d3bf0f7a9b2e0867b01.php 第 64 行.
NOTIC: [8] Undefined variable: laiyuan F:\phpsite\hc\kaoti\kaoti20170406\Application\Runtime\Cache\Home\b171d71961885d3bf0f7a9b2e0867b01.php 第 66 行.
NOTIC: [8] Undefined variable: lang F:\phpsite\hc\kaoti\kaoti20170406\Application\Runtime\Cache\Home\b171d71961885d3bf0f7a9b2e0867b01.php 第 77 行.
NOTIC: [8] Undefined variable: act F:\phpsite\hc\kaoti\kaoti20170406\Application\Runtime\Cache\Home\b171d71961885d3bf0f7a9b2e0867b01.php 第 78 行.
NOTIC: [8] Undefined index: userq F:\phpsite\hc\kaoti\kaoti20170406\Application\Runtime\Cache\Home\b171d71961885d3bf0f7a9b2e0867b01.php 第 79 行.
NOTIC: [8] Undefined index: userq F:\phpsite\hc\kaoti\kaoti20170406\Application\Runtime\Cache\Home\b171d71961885d3bf0f7a9b2e0867b01.php 第 85 行.
NOTIC: [8] Undefined index: userq F:\phpsite\hc\kaoti\kaoti20170406\Application\Runtime\Cache\Home\b171d71961885d3bf0f7a9b2e0867b01.php 第 86 行.
INFO: Run Behavior\ParseTemplateBehavior [ RunTime:0.026610s ]
INFO: [ view_parse ] --END-- [ RunTime:0.026926s ]
INFO: [ view_filter ] --START--
INFO: Run Behavior\WriteHtmlCacheBehavior [ RunTime:0.000870s ]
INFO: [ view_filter ] --END-- [ RunTime:0.001065s ]
INFO: [ app_end ] --START--
INFO: Run Behavior\ShowPageTraceBehavior [ RunTime:0.001092s ]
INFO: [ app_end ] --END-- [ RunTime:0.001278s ]

[ 2017-04-30T17:22:40+08:00 ] 127.0.0.1 /phpsite/hc/kaoti/kaoti20170406/index.php?m=Home&c=user&a=reg
INFO: [ app_init ] --START--
INFO: Run Behavior\BuildLiteBehavior [ RunTime:0.000045s ]
INFO: [ app_init ] --END-- [ RunTime:0.000916s ]
INFO: [ app_begin ] --START--
INFO: Run Behavior\ReadHtmlCacheBehavior [ RunTime:0.002179s ]
INFO: [ app_begin ] --END-- [ RunTime:0.002483s ]
SQL: SHOW COLUMNS FROM `tb_user` [ RunTime:0.0687s ]
INFO: [ view_parse ] --START--
INFO: [ template_filter ] --START--
INFO: Run Behavior\ContentReplaceBehavior [ RunTime:0.000325s ]
INFO: [ template_filter ] --END-- [ RunTime:0.000489s ]
NOTIC: [8] Use of undefined constant DEFAULT_CONTROLLER - assumed 'DEFAULT_CONTROLLER' F:\phpsite\hc\kaoti\kaoti20170406\Application\Runtime\Cache\Home\435614a53edd119dc5a0294ae785577f.php 第 60 行.
NOTIC: [8] Undefined variable: data F:\phpsite\hc\kaoti\kaoti20170406\Application\Runtime\Cache\Home\435614a53edd119dc5a0294ae785577f.php 第 61 行.
NOTIC: [8] Undefined variable: data F:\phpsite\hc\kaoti\kaoti20170406\Application\Runtime\Cache\Home\435614a53edd119dc5a0294ae785577f.php 第 62 行.
NOTIC: [8] Undefined variable: table F:\phpsite\hc\kaoti\kaoti20170406\Application\Runtime\Cache\Home\435614a53edd119dc5a0294ae785577f.php 第 63 行.
NOTIC: [8] Undefined variable: laiyuan F:\phpsite\hc\kaoti\kaoti20170406\Application\Runtime\Cache\Home\435614a53edd119dc5a0294ae785577f.php 第 65 行.
NOTIC: [8] Undefined variable: lang F:\phpsite\hc\kaoti\kaoti20170406\Application\Runtime\Cache\Home\435614a53edd119dc5a0294ae785577f.php 第 76 行.
NOTIC: [8] Undefined variable: act F:\phpsite\hc\kaoti\kaoti20170406\Application\Runtime\Cache\Home\435614a53edd119dc5a0294ae785577f.php 第 77 行.
NOTIC: [8] Undefined index: userq F:\phpsite\hc\kaoti\kaoti20170406\Application\Runtime\Cache\Home\435614a53edd119dc5a0294ae785577f.php 第 78 行.
NOTIC: [8] Undefined index: userq F:\phpsite\hc\kaoti\kaoti20170406\Application\Runtime\Cache\Home\435614a53edd119dc5a0294ae785577f.php 第 84 行.
NOTIC: [8] Undefined index: userq F:\phpsite\hc\kaoti\kaoti20170406\Application\Runtime\Cache\Home\435614a53edd119dc5a0294ae785577f.php 第 85 行.
INFO: Run Behavior\ParseTemplateBehavior [ RunTime:0.087487s ]
INFO: [ view_parse ] --END-- [ RunTime:0.087658s ]
INFO: [ view_filter ] --START--
INFO: Run Behavior\WriteHtmlCacheBehavior [ RunTime:0.000665s ]
INFO: [ view_filter ] --END-- [ RunTime:0.000857s ]
INFO: [ app_end ] --START--
INFO: Run Behavior\ShowPageTraceBehavior [ RunTime:0.001265s ]
INFO: [ app_end ] --END-- [ RunTime:0.001446s ]

[ 2017-04-30T17:23:33+08:00 ] 127.0.0.1 /phpsite/hc/kaoti/kaoti20170406/index.php
INFO: [ app_init ] --START--
INFO: Run Behavior\BuildLiteBehavior [ RunTime:0.000040s ]
INFO: [ app_init ] --END-- [ RunTime:0.001651s ]
INFO: [ app_begin ] --START--
INFO: Run Behavior\ReadHtmlCacheBehavior [ RunTime:0.000738s ]
INFO: [ app_begin ] --END-- [ RunTime:0.000927s ]

[ 2017-04-30T17:23:33+08:00 ] 127.0.0.1 /phpsite/hc/kaoti/kaoti20170406/index.php/Home/user/login
INFO: [ app_init ] --START--
INFO: Run Behavior\BuildLiteBehavior [ RunTime:0.000041s ]
INFO: [ app_init ] --END-- [ RunTime:0.000636s ]
INFO: [ app_begin ] --START--
INFO: Run Behavior\ReadHtmlCacheBehavior [ RunTime:0.000874s ]
INFO: [ app_begin ] --END-- [ RunTime:0.001067s ]
SQL: SHOW COLUMNS FROM `tb_user` [ RunTime:0.0314s ]
SQL: SELECT * FROM `tb_user` WHERE `id` = '' LIMIT 1   [ RunTime:0.0008s ]
SQL: SHOW COLUMNS FROM `tb_user` [ RunTime:0.1107s ]
NOTIC: [8] Undefined index: username F:\phpsite\hc\kaoti\kaoti20170406\Application\Home\Controller\UserController.class.php 第 16 行.
NOTIC: [8] Undefined index: userpwd F:\phpsite\hc\kaoti\kaoti20170406\Application\Home\Controller\UserController.class.php 第 17 行.
INFO: [ view_parse ] --START--
INFO: [ template_filter ] --START--
INFO: Run Behavior\ContentReplaceBehavior [ RunTime:0.000246s ]
INFO: [ template_filter ] --END-- [ RunTime:0.000407s ]
NOTIC: [8] Use of undefined constant DEFAULT_CONTROLLER - assumed 'DEFAULT_CONTROLLER' F:\phpsite\hc\kaoti\kaoti20170406\Application\Runtime\Cache\Home\b171d71961885d3bf0f7a9b2e0867b01.php 第 61 行.
NOTIC: [8] Undefined variable: data F:\phpsite\hc\kaoti\kaoti20170406\Application\Runtime\Cache\Home\b171d71961885d3bf0f7a9b2e0867b01.php 第 62 行.
NOTIC: [8] Undefined variable: data F:\phpsite\hc\kaoti\kaoti20170406\Application\Runtime\Cache\Home\b171d71961885d3bf0f7a9b2e0867b01.php 第 63 行.
NOTIC: [8] Undefined variable: table F:\phpsite\hc\kaoti\kaoti20170406\Application\Runtime\Cache\Home\b171d71961885d3bf0f7a9b2e0867b01.php 第 64 行.
NOTIC: [8] Undefined variable: laiyuan F:\phpsite\hc\kaoti\kaoti20170406\Application\Runtime\Cache\Home\b171d71961885d3bf0f7a9b2e0867b01.php 第 66 行.
NOTIC: [8] Undefined variable: lang F:\phpsite\hc\kaoti\kaoti20170406\Application\Runtime\Cache\Home\b171d71961885d3bf0f7a9b2e0867b01.php 第 77 行.
NOTIC: [8] Undefined variable: act F:\phpsite\hc\kaoti\kaoti20170406\Application\Runtime\Cache\Home\b171d71961885d3bf0f7a9b2e0867b01.php 第 78 行.
NOTIC: [8] Undefined index: userq F:\phpsite\hc\kaoti\kaoti20170406\Application\Runtime\Cache\Home\b171d71961885d3bf0f7a9b2e0867b01.php 第 79 行.
NOTIC: [8] Undefined index: userq F:\phpsite\hc\kaoti\kaoti20170406\Application\Runtime\Cache\Home\b171d71961885d3bf0f7a9b2e0867b01.php 第 85 行.
NOTIC: [8] Undefined index: userq F:\phpsite\hc\kaoti\kaoti20170406\Application\Runtime\Cache\Home\b171d71961885d3bf0f7a9b2e0867b01.php 第 86 行.
INFO: Run Behavior\ParseTemplateBehavior [ RunTime:0.023335s ]
INFO: [ view_parse ] --END-- [ RunTime:0.023526s ]
INFO: [ view_filter ] --START--
INFO: Run Behavior\WriteHtmlCacheBehavior [ RunTime:0.000487s ]
INFO: [ view_filter ] --END-- [ RunTime:0.000644s ]
INFO: [ app_end ] --START--
INFO: Run Behavior\ShowPageTraceBehavior [ RunTime:0.000839s ]
INFO: [ app_end ] --END-- [ RunTime:0.001014s ]

[ 2017-04-30T17:23:39+08:00 ] 127.0.0.1 /phpsite/hc/kaoti/kaoti20170406/index.php/Home/user/login
INFO: [ app_init ] --START--
INFO: Run Behavior\BuildLiteBehavior [ RunTime:0.000050s ]
INFO: [ app_init ] --END-- [ RunTime:0.000822s ]
INFO: [ app_begin ] --START--
INFO: Run Behavior\ReadHtmlCacheBehavior [ RunTime:0.001032s ]
INFO: [ app_begin ] --END-- [ RunTime:0.001295s ]
SQL: SHOW COLUMNS FROM `tb_user` [ RunTime:0.0447s ]
SQL: SELECT * FROM `tb_user` WHERE `id` = '' LIMIT 1   [ RunTime:0.0009s ]
SQL: SHOW COLUMNS FROM `tb_user` [ RunTime:0.0485s ]
SQL: SELECT * FROM `tb_user` WHERE `username` = 'admin' AND `userpwd` = '3d21f8fcd1204f26d29a468aaf594f1d' LIMIT 1   [ RunTime:0.0220s ]
NOTIC: [8] Undefined variable: module F:\phpsite\hc\kaoti\kaoti20170406\ThinkPHP\Common\functions.php 第 988 行.
NOTIC: [8] Undefined variable: var F:\phpsite\hc\kaoti\kaoti20170406\ThinkPHP\Common\functions.php 第 988 行.
NOTIC: [2] array_reverse() expects parameter 1 to be array, null given F:\phpsite\hc\kaoti\kaoti20170406\ThinkPHP\Common\functions.php 第 988 行.
NOTIC: [2] http_build_query() [<a href='function.http-build-query'>function.http-build-query</a>]: Parameter 1 expected to be Array or Object.  Incorrect value given F:\phpsite\hc\kaoti\kaoti20170406\ThinkPHP\Common\functions.php 第 988 行.

[ 2017-04-30T17:23:39+08:00 ] 127.0.0.1 /phpsite/hc/kaoti/kaoti20170406/index.php?m=&
INFO: [ app_init ] --START--
INFO: Run Behavior\BuildLiteBehavior [ RunTime:0.000039s ]
INFO: [ app_init ] --END-- [ RunTime:0.000612s ]
INFO: [ app_begin ] --START--
INFO: Run Behavior\ReadHtmlCacheBehavior [ RunTime:0.000753s ]
INFO: [ app_begin ] --END-- [ RunTime:0.001040s ]
SQL: SHOW COLUMNS FROM `tb_user` [ RunTime:0.0301s ]
SQL: SELECT * FROM `tb_user` WHERE `id` = '1' LIMIT 1   [ RunTime:0.0011s ]
SQL: SHOW COLUMNS FROM `tb_configex` [ RunTime:0.0736s ]
SQL: SELECT * FROM `tb_configex` WHERE ( 1=1 ) ORDER BY sort asc  [ RunTime:0.0008s ]
INFO: [ view_parse ] --START--
INFO: [ template_filter ] --START--
INFO: Run Behavior\ContentReplaceBehavior [ RunTime:0.000390s ]
INFO: [ template_filter ] --END-- [ RunTime:0.000594s ]
NOTIC: [8] Use of undefined constant DEFAULT_CONTROLLER - assumed 'DEFAULT_CONTROLLER' F:\phpsite\hc\kaoti\kaoti20170406\Application\Runtime\Cache\Home\30bf885a8e78e2bdcb808515b83b2fd7.php 第 60 行.
NOTIC: [8] Undefined variable: data F:\phpsite\hc\kaoti\kaoti20170406\Application\Runtime\Cache\Home\30bf885a8e78e2bdcb808515b83b2fd7.php 第 61 行.
NOTIC: [8] Undefined variable: data F:\phpsite\hc\kaoti\kaoti20170406\Application\Runtime\Cache\Home\30bf885a8e78e2bdcb808515b83b2fd7.php 第 62 行.
NOTIC: [8] Undefined variable: table F:\phpsite\hc\kaoti\kaoti20170406\Application\Runtime\Cache\Home\30bf885a8e78e2bdcb808515b83b2fd7.php 第 63 行.
NOTIC: [8] Undefined variable: laiyuan F:\phpsite\hc\kaoti\kaoti20170406\Application\Runtime\Cache\Home\30bf885a8e78e2bdcb808515b83b2fd7.php 第 65 行.
NOTIC: [8] Undefined variable: lang F:\phpsite\hc\kaoti\kaoti20170406\Application\Runtime\Cache\Home\30bf885a8e78e2bdcb808515b83b2fd7.php 第 76 行.
NOTIC: [8] Undefined variable: act F:\phpsite\hc\kaoti\kaoti20170406\Application\Runtime\Cache\Home\30bf885a8e78e2bdcb808515b83b2fd7.php 第 77 行.
NOTIC: [8] Use of undefined constant objtable - assumed 'objtable' F:\phpsite\hc\kaoti\kaoti20170406\Application\Runtime\Cache\Home\30bf885a8e78e2bdcb808515b83b2fd7.php 第 333 行.
NOTIC: [8] Use of undefined constant objtable - assumed 'objtable' F:\phpsite\hc\kaoti\kaoti20170406\Application\Runtime\Cache\Home\30bf885a8e78e2bdcb808515b83b2fd7.php 第 333 行.
NOTIC: [8] Use of undefined constant objtable - assumed 'objtable' F:\phpsite\hc\kaoti\kaoti20170406\Application\Runtime\Cache\Home\30bf885a8e78e2bdcb808515b83b2fd7.php 第 333 行.
INFO: Run Behavior\ParseTemplateBehavior [ RunTime:0.053868s ]
INFO: [ view_parse ] --END-- [ RunTime:0.054062s ]
INFO: [ view_filter ] --START--
INFO: Run Behavior\WriteHtmlCacheBehavior [ RunTime:0.000712s ]
INFO: [ view_filter ] --END-- [ RunTime:0.000918s ]
INFO: [ app_end ] --START--
INFO: Run Behavior\ShowPageTraceBehavior [ RunTime:0.001951s ]
INFO: [ app_end ] --END-- [ RunTime:0.002163s ]

[ 2017-04-30T17:23:43+08:00 ] 127.0.0.1 /phpsite/hc/kaoti/kaoti20170406/index.php?m=Home&c=Exam1&a=class1&table=examcn
INFO: [ app_init ] --START--
INFO: Run Behavior\BuildLiteBehavior [ RunTime:0.000037s ]
INFO: [ app_init ] --END-- [ RunTime:0.000612s ]
INFO: [ app_begin ] --START--
INFO: Run Behavior\ReadHtmlCacheBehavior [ RunTime:0.000804s ]
INFO: [ app_begin ] --END-- [ RunTime:0.001006s ]
SQL: SHOW COLUMNS FROM `tb_user` [ RunTime:0.0370s ]
SQL: SELECT * FROM `tb_user` WHERE `id` = '1' LIMIT 1   [ RunTime:0.0009s ]
SQL: SHOW COLUMNS FROM `tb_configex` [ RunTime:0.0134s ]
SQL: SELECT * FROM `tb_configex` WHERE `objtable` = 'examcn' AND `status` = 1 LIMIT 1   [ RunTime:0.0007s ]
SQL: SHOW COLUMNS FROM `tb_class` [ RunTime:0.0881s ]
SQL: SELECT * FROM `tb_class` WHERE `fatherno` = '000100040001'  [ RunTime:0.0012s ]
INFO: [ view_parse ] --START--
INFO: [ template_filter ] --START--
INFO: Run Behavior\ContentReplaceBehavior [ RunTime:0.000342s ]
INFO: [ template_filter ] --END-- [ RunTime:0.000509s ]
NOTIC: [8] Use of undefined constant DEFAULT_CONTROLLER - assumed 'DEFAULT_CONTROLLER' F:\phpsite\hc\kaoti\kaoti20170406\Application\Runtime\Cache\Home\55b0aa04705c3510acde9362a07d6dd9.php 第 60 行.
NOTIC: [8] Undefined index: classid F:\phpsite\hc\kaoti\kaoti20170406\Application\Runtime\Cache\Home\55b0aa04705c3510acde9362a07d6dd9.php 第 61 行.
NOTIC: [8] Undefined index: kemu F:\phpsite\hc\kaoti\kaoti20170406\Application\Runtime\Cache\Home\55b0aa04705c3510acde9362a07d6dd9.php 第 62 行.
NOTIC: [8] Undefined variable: laiyuan F:\phpsite\hc\kaoti\kaoti20170406\Application\Runtime\Cache\Home\55b0aa04705c3510acde9362a07d6dd9.php 第 65 行.
NOTIC: [8] Undefined variable: lang F:\phpsite\hc\kaoti\kaoti20170406\Application\Runtime\Cache\Home\55b0aa04705c3510acde9362a07d6dd9.php 第 76 行.
NOTIC: [8] Undefined variable: act F:\phpsite\hc\kaoti\kaoti20170406\Application\Runtime\Cache\Home\55b0aa04705c3510acde9362a07d6dd9.php 第 77 行.
NOTIC: [8] Use of undefined constant title1 - assumed 'title1' F:\phpsite\hc\kaoti\kaoti20170406\Application\Runtime\Cache\Home\55b0aa04705c3510acde9362a07d6dd9.php 第 370 行.
NOTIC: [8] Use of undefined constant title - assumed 'title' F:\phpsite\hc\kaoti\kaoti20170406\Application\Runtime\Cache\Home\55b0aa04705c3510acde9362a07d6dd9.php 第 373 行.
NOTIC: [8] Use of undefined constant title1 - assumed 'title1' F:\phpsite\hc\kaoti\kaoti20170406\Application\Runtime\Cache\Home\55b0aa04705c3510acde9362a07d6dd9.php 第 370 行.
NOTIC: [8] Use of undefined constant title - assumed 'title' F:\phpsite\hc\kaoti\kaoti20170406\Application\Runtime\Cache\Home\55b0aa04705c3510acde9362a07d6dd9.php 第 373 行.
NOTIC: [8] Use of undefined constant title1 - assumed 'title1' F:\phpsite\hc\kaoti\kaoti20170406\Application\Runtime\Cache\Home\55b0aa04705c3510acde9362a07d6dd9.php 第 370 行.
NOTIC: [8] Use of undefined constant title1 - assumed 'title1' F:\phpsite\hc\kaoti\kaoti20170406\Application\Runtime\Cache\Home\55b0aa04705c3510acde9362a07d6dd9.php 第 371 行.
INFO: Run Behavior\ParseTemplateBehavior [ RunTime:0.057328s ]
INFO: [ view_parse ] --END-- [ RunTime:0.057517s ]
INFO: [ view_filter ] --START--
INFO: Run Behavior\WriteHtmlCacheBehavior [ RunTime:0.000488s ]
INFO: [ view_filter ] --END-- [ RunTime:0.000651s ]
INFO: [ app_end ] --START--
INFO: Run Behavior\ShowPageTraceBehavior [ RunTime:0.000913s ]
INFO: [ app_end ] --END-- [ RunTime:0.001101s ]

[ 2017-04-30T17:23:45+08:00 ] 127.0.0.1 /phpsite/hc/kaoti/kaoti20170406/index.php
INFO: [ app_init ] --START--
INFO: Run Behavior\BuildLiteBehavior [ RunTime:0.000072s ]
INFO: [ app_init ] --END-- [ RunTime:0.001136s ]
INFO: [ app_begin ] --START--
INFO: Run Behavior\ReadHtmlCacheBehavior [ RunTime:0.000899s ]
INFO: [ app_begin ] --END-- [ RunTime:0.001123s ]
SQL: SHOW COLUMNS FROM `tb_user` [ RunTime:0.0464s ]
SQL: SELECT * FROM `tb_user` WHERE `id` = '1' LIMIT 1   [ RunTime:0.0008s ]
SQL: SHOW COLUMNS FROM `tb_configex` [ RunTime:0.0533s ]
SQL: SELECT * FROM `tb_configex` WHERE ( 1=1 ) ORDER BY sort asc  [ RunTime:0.0013s ]
INFO: [ view_parse ] --START--
INFO: [ template_filter ] --START--
INFO: Run Behavior\ContentReplaceBehavior [ RunTime:0.000293s ]
INFO: [ template_filter ] --END-- [ RunTime:0.000457s ]
NOTIC: [8] Use of undefined constant DEFAULT_CONTROLLER - assumed 'DEFAULT_CONTROLLER' F:\phpsite\hc\kaoti\kaoti20170406\Application\Runtime\Cache\Home\30bf885a8e78e2bdcb808515b83b2fd7.php 第 60 行.
NOTIC: [8] Undefined variable: data F:\phpsite\hc\kaoti\kaoti20170406\Application\Runtime\Cache\Home\30bf885a8e78e2bdcb808515b83b2fd7.php 第 61 行.
NOTIC: [8] Undefined variable: data F:\phpsite\hc\kaoti\kaoti20170406\Application\Runtime\Cache\Home\30bf885a8e78e2bdcb808515b83b2fd7.php 第 62 行.
NOTIC: [8] Undefined variable: table F:\phpsite\hc\kaoti\kaoti20170406\Application\Runtime\Cache\Home\30bf885a8e78e2bdcb808515b83b2fd7.php 第 63 行.
NOTIC: [8] Undefined variable: laiyuan F:\phpsite\hc\kaoti\kaoti20170406\Application\Runtime\Cache\Home\30bf885a8e78e2bdcb808515b83b2fd7.php 第 65 行.
NOTIC: [8] Undefined variable: lang F:\phpsite\hc\kaoti\kaoti20170406\Application\Runtime\Cache\Home\30bf885a8e78e2bdcb808515b83b2fd7.php 第 76 行.
NOTIC: [8] Undefined variable: act F:\phpsite\hc\kaoti\kaoti20170406\Application\Runtime\Cache\Home\30bf885a8e78e2bdcb808515b83b2fd7.php 第 77 行.
NOTIC: [8] Use of undefined constant objtable - assumed 'objtable' F:\phpsite\hc\kaoti\kaoti20170406\Application\Runtime\Cache\Home\30bf885a8e78e2bdcb808515b83b2fd7.php 第 333 行.
NOTIC: [8] Use of undefined constant objtable - assumed 'objtable' F:\phpsite\hc\kaoti\kaoti20170406\Application\Runtime\Cache\Home\30bf885a8e78e2bdcb808515b83b2fd7.php 第 333 行.
NOTIC: [8] Use of undefined constant objtable - assumed 'objtable' F:\phpsite\hc\kaoti\kaoti20170406\Application\Runtime\Cache\Home\30bf885a8e78e2bdcb808515b83b2fd7.php 第 333 行.
INFO: Run Behavior\ParseTemplateBehavior [ RunTime:0.030420s ]
INFO: [ view_parse ] --END-- [ RunTime:0.030602s ]
INFO: [ view_filter ] --START--
INFO: Run Behavior\WriteHtmlCacheBehavior [ RunTime:0.000458s ]
INFO: [ view_filter ] --END-- [ RunTime:0.000620s ]
INFO: [ app_end ] --START--
INFO: Run Behavior\ShowPageTraceBehavior [ RunTime:0.000848s ]
INFO: [ app_end ] --END-- [ RunTime:0.001025s ]

[ 2017-04-30T17:23:55+08:00 ] 127.0.0.1 /phpsite/hc/kaoti/kaoti20170406/index.php?m=Home&c=Exam1&a=class1&table=examcn
INFO: [ app_init ] --START--
INFO: Run Behavior\BuildLiteBehavior [ RunTime:0.000036s ]
INFO: [ app_init ] --END-- [ RunTime:0.000621s ]
INFO: [ app_begin ] --START--
INFO: Run Behavior\ReadHtmlCacheBehavior [ RunTime:0.000744s ]
INFO: [ app_begin ] --END-- [ RunTime:0.000940s ]
SQL: SHOW COLUMNS FROM `tb_user` [ RunTime:0.0333s ]
SQL: SELECT * FROM `tb_user` WHERE `id` = '1' LIMIT 1   [ RunTime:0.0033s ]
SQL: SHOW COLUMNS FROM `tb_configex` [ RunTime:0.0163s ]
SQL: SELECT * FROM `tb_configex` WHERE `objtable` = 'examcn' AND `status` = 1 LIMIT 1   [ RunTime:0.0008s ]
SQL: SHOW COLUMNS FROM `tb_class` [ RunTime:0.0113s ]
SQL: SELECT * FROM `tb_class` WHERE `fatherno` = '000100040001'  [ RunTime:0.0008s ]
INFO: [ view_parse ] --START--
INFO: [ template_filter ] --START--
INFO: Run Behavior\ContentReplaceBehavior [ RunTime:0.000405s ]
INFO: [ template_filter ] --END-- [ RunTime:0.000616s ]
NOTIC: [8] Use of undefined constant DEFAULT_CONTROLLER - assumed 'DEFAULT_CONTROLLER' F:\phpsite\hc\kaoti\kaoti20170406\Application\Runtime\Cache\Home\55b0aa04705c3510acde9362a07d6dd9.php 第 60 行.
NOTIC: [8] Undefined index: classid F:\phpsite\hc\kaoti\kaoti20170406\Application\Runtime\Cache\Home\55b0aa04705c3510acde9362a07d6dd9.php 第 61 行.
NOTIC: [8] Undefined index: kemu F:\phpsite\hc\kaoti\kaoti20170406\Application\Runtime\Cache\Home\55b0aa04705c3510acde9362a07d6dd9.php 第 62 行.
NOTIC: [8] Undefined variable: laiyuan F:\phpsite\hc\kaoti\kaoti20170406\Application\Runtime\Cache\Home\55b0aa04705c3510acde9362a07d6dd9.php 第 65 行.
NOTIC: [8] Undefined variable: lang F:\phpsite\hc\kaoti\kaoti20170406\Application\Runtime\Cache\Home\55b0aa04705c3510acde9362a07d6dd9.php 第 76 行.
NOTIC: [8] Undefined variable: act F:\phpsite\hc\kaoti\kaoti20170406\Application\Runtime\Cache\Home\55b0aa04705c3510acde9362a07d6dd9.php 第 77 行.
NOTIC: [8] Use of undefined constant title1 - assumed 'title1' F:\phpsite\hc\kaoti\kaoti20170406\Application\Runtime\Cache\Home\55b0aa04705c3510acde9362a07d6dd9.php 第 370 行.
NOTIC: [8] Use of undefined constant title - assumed 'title' F:\phpsite\hc\kaoti\kaoti20170406\Application\Runtime\Cache\Home\55b0aa04705c3510acde9362a07d6dd9.php 第 373 行.
NOTIC: [8] Use of undefined constant title1 - assumed 'title1' F:\phpsite\hc\kaoti\kaoti20170406\Application\Runtime\Cache\Home\55b0aa04705c3510acde9362a07d6dd9.php 第 370 行.
NOTIC: [8] Use of undefined constant title - assumed 'title' F:\phpsite\hc\kaoti\kaoti20170406\Application\Runtime\Cache\Home\55b0aa04705c3510acde9362a07d6dd9.php 第 373 行.
NOTIC: [8] Use of undefined constant title1 - assumed 'title1' F:\phpsite\hc\kaoti\kaoti20170406\Application\Runtime\Cache\Home\55b0aa04705c3510acde9362a07d6dd9.php 第 370 行.
NOTIC: [8] Use of undefined constant title1 - assumed 'title1' F:\phpsite\hc\kaoti\kaoti20170406\Application\Runtime\Cache\Home\55b0aa04705c3510acde9362a07d6dd9.php 第 371 行.
INFO: Run Behavior\ParseTemplateBehavior [ RunTime:0.028218s ]
INFO: [ view_parse ] --END-- [ RunTime:0.028390s ]
INFO: [ view_filter ] --START--
INFO: Run Behavior\WriteHtmlCacheBehavior [ RunTime:0.000473s ]
INFO: [ view_filter ] --END-- [ RunTime:0.000631s ]
INFO: [ app_end ] --START--
INFO: Run Behavior\ShowPageTraceBehavior [ RunTime:0.001065s ]
INFO: [ app_end ] --END-- [ RunTime:0.001294s ]

[ 2017-04-30T17:24:09+08:00 ] 127.0.0.1 /phpsite/hc/kaoti/kaoti20170406/index.php/Home/Exam1/class2/table/examcn/fatherid/39/
INFO: [ app_init ] --START--
INFO: Run Behavior\BuildLiteBehavior [ RunTime:0.000037s ]
INFO: [ app_init ] --END-- [ RunTime:0.000610s ]
INFO: [ app_begin ] --START--
INFO: Run Behavior\ReadHtmlCacheBehavior [ RunTime:0.000834s ]
INFO: [ app_begin ] --END-- [ RunTime:0.001125s ]
SQL: SHOW COLUMNS FROM `tb_user` [ RunTime:0.0433s ]
SQL: SELECT * FROM `tb_user` WHERE `id` = '1' LIMIT 1   [ RunTime:0.0010s ]
SQL: SHOW COLUMNS FROM `tb_configex` [ RunTime:0.0402s ]
SQL: SELECT * FROM `tb_configex` WHERE `objtable` = 'examcn' LIMIT 1   [ RunTime:0.0006s ]
SQL: SHOW COLUMNS FROM `tb_class` [ RunTime:0.0402s ]
SQL: SELECT * FROM `tb_class` WHERE `id` = 39 LIMIT 1   [ RunTime:0.0006s ]
SQL: SHOW COLUMNS FROM `tb_goumaiex` [ RunTime:0.0639s ]
SQL: SELECT * FROM `tb_goumaiex` WHERE `classid` = 39 AND `userid` = 1 LIMIT 1   [ RunTime:0.0006s ]
SQL: SELECT * FROM `tb_class` WHERE `fatherno` = '0001000400010001'  [ RunTime:0.0006s ]
SQL: SELECT * FROM `tb_class` WHERE `fatherno` = '00010004000100010001'  [ RunTime:0.0006s ]
INFO: [ view_parse ] --START--
INFO: [ template_filter ] --START--
INFO: Run Behavior\ContentReplaceBehavior [ RunTime:0.000316s ]
INFO: [ template_filter ] --END-- [ RunTime:0.000479s ]
NOTIC: [8] Use of undefined constant DEFAULT_CONTROLLER - assumed 'DEFAULT_CONTROLLER' F:\phpsite\hc\kaoti\kaoti20170406\Application\Runtime\Cache\Home\7228adf49d5a09ea96a8b97ba6c769bf.php 第 60 行.
NOTIC: [8] Undefined index: classid F:\phpsite\hc\kaoti\kaoti20170406\Application\Runtime\Cache\Home\7228adf49d5a09ea96a8b97ba6c769bf.php 第 61 行.
NOTIC: [8] Undefined index: kemu F:\phpsite\hc\kaoti\kaoti20170406\Application\Runtime\Cache\Home\7228adf49d5a09ea96a8b97ba6c769bf.php 第 62 行.
NOTIC: [8] Undefined variable: laiyuan F:\phpsite\hc\kaoti\kaoti20170406\Application\Runtime\Cache\Home\7228adf49d5a09ea96a8b97ba6c769bf.php 第 65 行.
NOTIC: [8] Undefined variable: lang F:\phpsite\hc\kaoti\kaoti20170406\Application\Runtime\Cache\Home\7228adf49d5a09ea96a8b97ba6c769bf.php 第 76 行.
NOTIC: [8] Undefined variable: act F:\phpsite\hc\kaoti\kaoti20170406\Application\Runtime\Cache\Home\7228adf49d5a09ea96a8b97ba6c769bf.php 第 77 行.
INFO: Run Behavior\ParseTemplateBehavior [ RunTime:0.078440s ]
INFO: [ view_parse ] --END-- [ RunTime:0.078674s ]
INFO: [ view_filter ] --START--
INFO: Run Behavior\WriteHtmlCacheBehavior [ RunTime:0.000492s ]
INFO: [ view_filter ] --END-- [ RunTime:0.000647s ]
INFO: [ app_end ] --START--
INFO: Run Behavior\ShowPageTraceBehavior [ RunTime:0.000787s ]
INFO: [ app_end ] --END-- [ RunTime:0.000954s ]

[ 2017-04-30T17:24:19+08:00 ] 127.0.0.1 /phpsite/hc/kaoti/kaoti20170406/index.php/Home/Exam1/lists/table/examcn/act/moni/fatherid/39/classid/45/
INFO: [ app_init ] --START--
INFO: Run Behavior\BuildLiteBehavior [ RunTime:0.000038s ]
INFO: [ app_init ] --END-- [ RunTime:0.000645s ]
INFO: [ app_begin ] --START--
INFO: Run Behavior\ReadHtmlCacheBehavior [ RunTime:0.000736s ]
INFO: [ app_begin ] --END-- [ RunTime:0.000921s ]
SQL: SHOW COLUMNS FROM `tb_user` [ RunTime:0.0452s ]
SQL: SELECT * FROM `tb_user` WHERE `id` = '1' LIMIT 1   [ RunTime:0.0009s ]
SQL: SHOW COLUMNS FROM `tb_goumaiex` [ RunTime:0.0699s ]
SQL: SELECT * FROM `tb_goumaiex` WHERE `classid` = 39 AND `userid` = 1 LIMIT 1   [ RunTime:0.0007s ]
SQL: SHOW COLUMNS FROM `tb_class` [ RunTime:0.0264s ]
SQL: SELECT * FROM `tb_class` WHERE `id` = 45 LIMIT 1   [ RunTime:0.0009s ]
SQL: SELECT * FROM `tb_class` WHERE `classno` = '00010004000100010001' LIMIT 1   [ RunTime:0.0041s ]
SQL: SHOW COLUMNS FROM `tb_examcn` [ RunTime:0.2030s ]
NOTIC: [8] Undefined index: kemu F:\phpsite\hc\kaoti\kaoti20170406\Application\Home\Controller\Exam1Controller.class.php 第 96 行.
SQL: SELECT * FROM `tb_examcn` WHERE `classid` = '45' AND `type` = 0 ORDER BY RAND() LIMIT 0,40   [ RunTime:0.1478s ]
SQL: SELECT * FROM `tb_examcn` WHERE `classid` = '45' AND `type` = 1 ORDER BY RAND() LIMIT 0,40   [ RunTime:0.0038s ]
NOTIC: [2] Invalid argument supplied for foreach() F:\phpsite\hc\kaoti\kaoti20170406\Application\Home\Controller\Exam1Controller.class.php 第 136 行.
SQL: SELECT * FROM `tb_examcn` WHERE `classid` = '45' AND `type` = 2 ORDER BY RAND() LIMIT 0,20   [ RunTime:0.0018s ]
NOTIC: [2] Invalid argument supplied for foreach() F:\phpsite\hc\kaoti\kaoti20170406\Application\Home\Controller\Exam1Controller.class.php 第 143 行.
NOTIC: [8] Undefined index: ajax F:\phpsite\hc\kaoti\kaoti20170406\Application\Home\Controller\Exam1Controller.class.php 第 158 行.
NOTIC: [8] Undefined variable: examstr F:\phpsite\hc\kaoti\kaoti20170406\Application\Home\Controller\Exam1Controller.class.php 第 167 行.
NOTIC: [8] Undefined variable: conf F:\phpsite\hc\kaoti\kaoti20170406\Application\Home\Controller\Exam1Controller.class.php 第 173 行.
NOTIC: [8] Undefined index: tpl F:\phpsite\hc\kaoti\kaoti20170406\Application\Home\Controller\Exam1Controller.class.php 第 178 行.
INFO: [ view_parse ] --START--
INFO: [ template_filter ] --START--
INFO: Run Behavior\ContentReplaceBehavior [ RunTime:0.000293s ]
INFO: [ template_filter ] --END-- [ RunTime:0.000466s ]
NOTIC: [8] Use of undefined constant DEFAULT_CONTROLLER - assumed 'DEFAULT_CONTROLLER' F:\phpsite\hc\kaoti\kaoti20170406\Application\Runtime\Cache\Home\01a98fc46f22212b6d966c020d6bc2f0.php 第 60 行.
NOTIC: [8] Undefined index: kemu F:\phpsite\hc\kaoti\kaoti20170406\Application\Runtime\Cache\Home\01a98fc46f22212b6d966c020d6bc2f0.php 第 62 行.
NOTIC: [8] Undefined variable: laiyuan F:\phpsite\hc\kaoti\kaoti20170406\Application\Runtime\Cache\Home\01a98fc46f22212b6d966c020d6bc2f0.php 第 65 行.
INFO: Run Behavior\ParseTemplateBehavior [ RunTime:0.090510s ]
INFO: [ view_parse ] --END-- [ RunTime:0.090690s ]
INFO: [ view_filter ] --START--
INFO: Run Behavior\WriteHtmlCacheBehavior [ RunTime:0.000496s ]
INFO: [ view_filter ] --END-- [ RunTime:0.000655s ]
INFO: [ app_end ] --START--
INFO: Run Behavior\ShowPageTraceBehavior [ RunTime:0.000805s ]
INFO: [ app_end ] --END-- [ RunTime:0.000970s ]

[ 2017-04-30T17:24:26+08:00 ] 127.0.0.1 /phpsite/hc/kaoti/kaoti20170406/index.php/Home/user/my
INFO: [ app_init ] --START--
INFO: Run Behavior\BuildLiteBehavior [ RunTime:0.000041s ]
INFO: [ app_init ] --END-- [ RunTime:0.000671s ]
INFO: [ app_begin ] --START--
INFO: Run Behavior\ReadHtmlCacheBehavior [ RunTime:0.000714s ]
INFO: [ app_begin ] --END-- [ RunTime:0.000895s ]
SQL: SHOW COLUMNS FROM `tb_user` [ RunTime:0.0407s ]
INFO: [ view_parse ] --START--
INFO: [ template_filter ] --START--
INFO: Run Behavior\ContentReplaceBehavior [ RunTime:0.000383s ]
INFO: [ template_filter ] --END-- [ RunTime:0.000586s ]
NOTIC: [8] Use of undefined constant DEFAULT_CONTROLLER - assumed 'DEFAULT_CONTROLLER' F:\phpsite\hc\kaoti\kaoti20170406\Application\Runtime\Cache\Home\0f9c7b1e2a45e9d983d30d5d12131db7.php 第 60 行.
NOTIC: [8] Undefined variable: data F:\phpsite\hc\kaoti\kaoti20170406\Application\Runtime\Cache\Home\0f9c7b1e2a45e9d983d30d5d12131db7.php 第 61 行.
NOTIC: [8] Undefined variable: data F:\phpsite\hc\kaoti\kaoti20170406\Application\Runtime\Cache\Home\0f9c7b1e2a45e9d983d30d5d12131db7.php 第 62 行.
NOTIC: [8] Undefined variable: table F:\phpsite\hc\kaoti\kaoti20170406\Application\Runtime\Cache\Home\0f9c7b1e2a45e9d983d30d5d12131db7.php 第 63 行.
NOTIC: [8] Undefined variable: laiyuan F:\phpsite\hc\kaoti\kaoti20170406\Application\Runtime\Cache\Home\0f9c7b1e2a45e9d983d30d5d12131db7.php 第 65 行.
NOTIC: [8] Undefined variable: lang F:\phpsite\hc\kaoti\kaoti20170406\Application\Runtime\Cache\Home\0f9c7b1e2a45e9d983d30d5d12131db7.php 第 76 行.
NOTIC: [8] Undefined variable: act F:\phpsite\hc\kaoti\kaoti20170406\Application\Runtime\Cache\Home\0f9c7b1e2a45e9d983d30d5d12131db7.php 第 77 行.
INFO: Run Behavior\ParseTemplateBehavior [ RunTime:0.059357s ]
INFO: [ view_parse ] --END-- [ RunTime:0.059549s ]
INFO: [ view_filter ] --START--
INFO: Run Behavior\WriteHtmlCacheBehavior [ RunTime:0.000451s ]
INFO: [ view_filter ] --END-- [ RunTime:0.000606s ]
INFO: [ app_end ] --START--
INFO: Run Behavior\ShowPageTraceBehavior [ RunTime:0.000778s ]
INFO: [ app_end ] --END-- [ RunTime:0.000938s ]

[ 2017-04-30T17:24:37+08:00 ] 127.0.0.1 /phpsite/hc/kaoti/kaoti20170406/index.php/Home/goumaiex/lists
INFO: [ app_init ] --START--
INFO: Run Behavior\BuildLiteBehavior [ RunTime:0.000038s ]
INFO: [ app_init ] --END-- [ RunTime:0.000658s ]
INFO: [ app_begin ] --START--
INFO: Run Behavior\ReadHtmlCacheBehavior [ RunTime:0.000824s ]
INFO: [ app_begin ] --END-- [ RunTime:0.001013s ]
SQL: SHOW COLUMNS FROM `tb_user` [ RunTime:0.0513s ]
SQL: SELECT * FROM `tb_user` WHERE `id` = '1' LIMIT 1   [ RunTime:0.0007s ]
SQL: SHOW COLUMNS FROM `tb_goumaiex` [ RunTime:0.0514s ]
SQL: SELECT COUNT(*) AS tp_count FROM `tb_goumaiex` WHERE `id` > 0 AND `userid` = '1' LIMIT 1   [ RunTime:0.0365s ]
SQL: SELECT * FROM `tb_goumaiex` WHERE `id` > 0 AND `userid` = '1' ORDER BY id desc LIMIT 0,10   [ RunTime:0.0008s ]
INFO: [ view_parse ] --START--
INFO: [ template_filter ] --START--
INFO: Run Behavior\ContentReplaceBehavior [ RunTime:0.000301s ]
INFO: [ template_filter ] --END-- [ RunTime:0.000470s ]
NOTIC: [8] Use of undefined constant DEFAULT_CONTROLLER - assumed 'DEFAULT_CONTROLLER' F:\phpsite\hc\kaoti\kaoti20170406\Application\Runtime\Cache\Home\c602073beb3b6bc90663b0171182ee54.php 第 60 行.
NOTIC: [8] Undefined variable: data F:\phpsite\hc\kaoti\kaoti20170406\Application\Runtime\Cache\Home\c602073beb3b6bc90663b0171182ee54.php 第 61 行.
NOTIC: [8] Undefined variable: data F:\phpsite\hc\kaoti\kaoti20170406\Application\Runtime\Cache\Home\c602073beb3b6bc90663b0171182ee54.php 第 62 行.
NOTIC: [8] Undefined variable: table F:\phpsite\hc\kaoti\kaoti20170406\Application\Runtime\Cache\Home\c602073beb3b6bc90663b0171182ee54.php 第 63 行.
NOTIC: [8] Undefined variable: laiyuan F:\phpsite\hc\kaoti\kaoti20170406\Application\Runtime\Cache\Home\c602073beb3b6bc90663b0171182ee54.php 第 65 行.
NOTIC: [8] Undefined variable: lang F:\phpsite\hc\kaoti\kaoti20170406\Application\Runtime\Cache\Home\c602073beb3b6bc90663b0171182ee54.php 第 76 行.
NOTIC: [8] Undefined variable: act F:\phpsite\hc\kaoti\kaoti20170406\Application\Runtime\Cache\Home\c602073beb3b6bc90663b0171182ee54.php 第 77 行.
INFO: Run Behavior\ParseTemplateBehavior [ RunTime:0.041973s ]
INFO: [ view_parse ] --END-- [ RunTime:0.042170s ]
INFO: [ view_filter ] --START--
INFO: Run Behavior\WriteHtmlCacheBehavior [ RunTime:0.000596s ]
INFO: [ view_filter ] --END-- [ RunTime:0.000807s ]
INFO: [ app_end ] --START--
INFO: Run Behavior\ShowPageTraceBehavior [ RunTime:0.001009s ]
INFO: [ app_end ] --END-- [ RunTime:0.001184s ]

[ 2017-04-30T17:24:56+08:00 ] 127.0.0.1 /phpsite/hc/kaoti/kaoti20170406/index.php/Home/Goumaiex/info/id/15
INFO: [ app_init ] --START--
INFO: Run Behavior\BuildLiteBehavior [ RunTime:0.000038s ]
INFO: [ app_init ] --END-- [ RunTime:0.000623s ]
INFO: [ app_begin ] --START--
INFO: Run Behavior\ReadHtmlCacheBehavior [ RunTime:0.000733s ]
INFO: [ app_begin ] --END-- [ RunTime:0.000918s ]
SQL: SHOW COLUMNS FROM `tb_user` [ RunTime:0.0798s ]
SQL: SELECT * FROM `tb_user` WHERE `id` = '1' LIMIT 1   [ RunTime:0.0009s ]
SQL: SHOW COLUMNS FROM `tb_goumaiex` [ RunTime:0.0728s ]
SQL: SELECT * FROM `tb_goumaiex` WHERE `userid` = '1' AND `id` = '15' LIMIT 1   [ RunTime:0.0007s ]
NOTIC: [8] Undefined variable: show F:\phpsite\hc\kaoti\kaoti20170406\Application\Home\Controller\GoumaiexController.class.php 第 176 行.
INFO: [ view_parse ] --START--
INFO: [ template_filter ] --START--
INFO: Run Behavior\ContentReplaceBehavior [ RunTime:0.000283s ]
INFO: [ template_filter ] --END-- [ RunTime:0.000485s ]
NOTIC: [8] Use of undefined constant DEFAULT_CONTROLLER - assumed 'DEFAULT_CONTROLLER' F:\phpsite\hc\kaoti\kaoti20170406\Application\Runtime\Cache\Home\7ee8e5735268566e0615e6525660aca7.php 第 60 行.
NOTIC: [8] Undefined variable: data F:\phpsite\hc\kaoti\kaoti20170406\Application\Runtime\Cache\Home\7ee8e5735268566e0615e6525660aca7.php 第 61 行.
NOTIC: [8] Undefined variable: data F:\phpsite\hc\kaoti\kaoti20170406\Application\Runtime\Cache\Home\7ee8e5735268566e0615e6525660aca7.php 第 62 行.
NOTIC: [8] Undefined variable: table F:\phpsite\hc\kaoti\kaoti20170406\Application\Runtime\Cache\Home\7ee8e5735268566e0615e6525660aca7.php 第 63 行.
NOTIC: [8] Undefined variable: laiyuan F:\phpsite\hc\kaoti\kaoti20170406\Application\Runtime\Cache\Home\7ee8e5735268566e0615e6525660aca7.php 第 65 行.
NOTIC: [8] Undefined variable: lang F:\phpsite\hc\kaoti\kaoti20170406\Application\Runtime\Cache\Home\7ee8e5735268566e0615e6525660aca7.php 第 76 行.
NOTIC: [8] Undefined variable: act F:\phpsite\hc\kaoti\kaoti20170406\Application\Runtime\Cache\Home\7ee8e5735268566e0615e6525660aca7.php 第 77 行.
NOTIC: [8] Undefined variable: laiyuan F:\phpsite\hc\kaoti\kaoti20170406\Application\Runtime\Cache\Home\7ee8e5735268566e0615e6525660aca7.php 第 314 行.
INFO: Run Behavior\ParseTemplateBehavior [ RunTime:0.057258s ]
INFO: [ view_parse ] --END-- [ RunTime:0.057570s ]
INFO: [ view_filter ] --START--
INFO: Run Behavior\WriteHtmlCacheBehavior [ RunTime:0.000521s ]
INFO: [ view_filter ] --END-- [ RunTime:0.000960s ]
INFO: [ app_end ] --START--
INFO: Run Behavior\ShowPageTraceBehavior [ RunTime:0.001297s ]
INFO: [ app_end ] --END-- [ RunTime:0.001828s ]

[ 2017-04-30T17:25:15+08:00 ] 127.0.0.1 /phpsite/hc/kaoti/kaoti20170406/index.php/Home/answer/lists
INFO: [ app_init ] --START--
INFO: Run Behavior\BuildLiteBehavior [ RunTime:0.000041s ]
INFO: [ app_init ] --END-- [ RunTime:0.000654s ]
INFO: [ app_begin ] --START--
INFO: Run Behavior\ReadHtmlCacheBehavior [ RunTime:0.000763s ]
INFO: [ app_begin ] --END-- [ RunTime:0.000950s ]
SQL: SHOW COLUMNS FROM `tb_user` [ RunTime:0.0420s ]
SQL: SELECT * FROM `tb_user` WHERE `id` = '1' LIMIT 1   [ RunTime:0.0009s ]
SQL: SHOW COLUMNS FROM `tb_answer` [ RunTime:0.0973s ]
NOTIC: [8] Undefined index: act F:\phpsite\hc\kaoti\kaoti20170406\Application\Home\Controller\AnswerController.class.php 第 75 行.
NOTIC: [8] Undefined index: objtable F:\phpsite\hc\kaoti\kaoti20170406\Application\Home\Controller\AnswerController.class.php 第 76 行.
NOTIC: [8] Undefined index: lang F:\phpsite\hc\kaoti\kaoti20170406\Application\Home\Controller\AnswerController.class.php 第 80 行.
NOTIC: [8] Undefined index: isok F:\phpsite\hc\kaoti\kaoti20170406\Application\Home\Controller\AnswerController.class.php 第 83 行.
NOTIC: [8] Undefined index: type F:\phpsite\hc\kaoti\kaoti20170406\Application\Home\Controller\AnswerController.class.php 第 94 行.
SQL: SELECT COUNT(*) AS tp_count FROM `tb_answer` WHERE `userid` = 1 AND `objtable` = 'exam' AND `isok` = 0 LIMIT 1   [ RunTime:0.0008s ]
NOTIC: [8] Undefined index: p F:\phpsite\hc\kaoti\kaoti20170406\Application\Home\Controller\AnswerController.class.php 第 100 行.
SQL: SELECT * FROM `tb_answer` WHERE `userid` = 1 AND `objtable` = 'exam' AND `isok` = 0 ORDER BY id desc LIMIT 0,20   [ RunTime:0.0014s ]
SQL: SHOW COLUMNS FROM `tb_exam` [ RunTime:0.1193s ]
SQL: SELECT * FROM `tb_exam` WHERE `id` = 1119 LIMIT 1   [ RunTime:0.0009s ]
SQL: SELECT * FROM `tb_exam` WHERE `id` = 993 LIMIT 1   [ RunTime:0.0011s ]
NOTIC: [8] Undefined index: type F:\phpsite\hc\kaoti\kaoti20170406\Application\Home\Controller\AnswerController.class.php 第 140 行.
NOTIC: [8] Undefined variable: conf F:\phpsite\hc\kaoti\kaoti20170406\Application\Home\Controller\AnswerController.class.php 第 147 行.
NOTIC: [8] Undefined variable: modelist F:\phpsite\hc\kaoti\kaoti20170406\Application\Home\Controller\AnswerController.class.php 第 148 行.
INFO: [ view_parse ] --START--
INFO: [ template_filter ] --START--
INFO: Run Behavior\ContentReplaceBehavior [ RunTime:0.000345s ]
INFO: [ template_filter ] --END-- [ RunTime:0.000553s ]
NOTIC: [8] Use of undefined constant DEFAULT_CONTROLLER - assumed 'DEFAULT_CONTROLLER' F:\phpsite\hc\kaoti\kaoti20170406\Application\Runtime\Cache\Home\27891a250e1118c379d4c0287f7427d2.php 第 60 行.
NOTIC: [8] Undefined index: classid F:\phpsite\hc\kaoti\kaoti20170406\Application\Runtime\Cache\Home\27891a250e1118c379d4c0287f7427d2.php 第 61 行.
NOTIC: [8] Undefined index: kemu F:\phpsite\hc\kaoti\kaoti20170406\Application\Runtime\Cache\Home\27891a250e1118c379d4c0287f7427d2.php 第 62 行.
NOTIC: [8] Undefined variable: laiyuan F:\phpsite\hc\kaoti\kaoti20170406\Application\Runtime\Cache\Home\27891a250e1118c379d4c0287f7427d2.php 第 65 行.
NOTIC: [8] Use of undefined constant photo - assumed 'photo' F:\phpsite\hc\kaoti\kaoti20170406\Application\Runtime\Cache\Home\27891a250e1118c379d4c0287f7427d2.php 第 335 行.
NOTIC: [8] Use of undefined constant btcaption - assumed 'btcaption' F:\phpsite\hc\kaoti\kaoti20170406\Application\Runtime\Cache\Home\27891a250e1118c379d4c0287f7427d2.php 第 339 行.
NOTIC: [8] Use of undefined constant photo - assumed 'photo' F:\phpsite\hc\kaoti\kaoti20170406\Application\Runtime\Cache\Home\27891a250e1118c379d4c0287f7427d2.php 第 335 行.
INFO: Run Behavior\ParseTemplateBehavior [ RunTime:0.057631s ]
INFO: [ view_parse ] --END-- [ RunTime:0.057809s ]
INFO: [ view_filter ] --START--
INFO: Run Behavior\WriteHtmlCacheBehavior [ RunTime:0.000451s ]
INFO: [ view_filter ] --END-- [ RunTime:0.000605s ]
INFO: [ app_end ] --START--
INFO: Run Behavior\ShowPageTraceBehavior [ RunTime:0.000884s ]
INFO: [ app_end ] --END-- [ RunTime:0.001056s ]

[ 2017-04-30T17:25:31+08:00 ] 127.0.0.1 /phpsite/hc/kaoti/kaoti20170406/index.php/Home/exam/update_success_count.html
INFO: [ app_init ] --START--
INFO: Run Behavior\BuildLiteBehavior [ RunTime:0.000039s ]
INFO: [ app_init ] --END-- [ RunTime:0.000669s ]
INFO: [ app_begin ] --START--
INFO: Run Behavior\ReadHtmlCacheBehavior [ RunTime:0.001707s ]
INFO: [ app_begin ] --END-- [ RunTime:0.001892s ]
SQL: SHOW COLUMNS FROM `tb_user` [ RunTime:0.0452s ]
SQL: SELECT * FROM `tb_user` WHERE `id` = '1' LIMIT 1   [ RunTime:0.0010s ]
SQL: SELECT * FROM `tb_user` WHERE `id` = '1' LIMIT 1   [ RunTime:0.0006s ]
SQL: UPDATE `tb_user` SET `exam_success_count`='13',`jifen`='4' WHERE (  id=1 ) [ RunTime:0.1169s ]

[ 2017-04-30T21:10:09+08:00 ] 127.0.0.1 /phpsite/hc/kaoti/kaoti20170406/index.php
INFO: [ app_init ] --START--
INFO: Run Behavior\BuildLiteBehavior [ RunTime:0.000047s ]
INFO: [ app_init ] --END-- [ RunTime:0.166565s ]
INFO: [ app_begin ] --START--
INFO: Run Behavior\ReadHtmlCacheBehavior [ RunTime:0.115835s ]
INFO: [ app_begin ] --END-- [ RunTime:0.116090s ]
SQL: SHOW COLUMNS FROM `tb_user` [ RunTime:2.0916s ]
SQL: SELECT * FROM `tb_user` WHERE `id` = '1' LIMIT 1   [ RunTime:0.1012s ]
SQL: SHOW COLUMNS FROM `tb_configex` [ RunTime:0.0970s ]
SQL: SELECT * FROM `tb_configex` WHERE ( 1=1 ) ORDER BY sort asc  [ RunTime:0.0057s ]
INFO: [ view_parse ] --START--
INFO: [ template_filter ] --START--
INFO: Run Behavior\ContentReplaceBehavior [ RunTime:0.000302s ]
INFO: [ template_filter ] --END-- [ RunTime:0.000577s ]
NOTIC: [8] Use of undefined constant DEFAULT_CONTROLLER - assumed 'DEFAULT_CONTROLLER' F:\phpsite\hc\kaoti\kaoti20170406\Application\Runtime\Cache\Home\30bf885a8e78e2bdcb808515b83b2fd7.php 第 60 行.
NOTIC: [8] Undefined variable: data F:\phpsite\hc\kaoti\kaoti20170406\Application\Runtime\Cache\Home\30bf885a8e78e2bdcb808515b83b2fd7.php 第 61 行.
NOTIC: [8] Undefined variable: data F:\phpsite\hc\kaoti\kaoti20170406\Application\Runtime\Cache\Home\30bf885a8e78e2bdcb808515b83b2fd7.php 第 62 行.
NOTIC: [8] Undefined variable: table F:\phpsite\hc\kaoti\kaoti20170406\Application\Runtime\Cache\Home\30bf885a8e78e2bdcb808515b83b2fd7.php 第 63 行.
NOTIC: [8] Undefined variable: laiyuan F:\phpsite\hc\kaoti\kaoti20170406\Application\Runtime\Cache\Home\30bf885a8e78e2bdcb808515b83b2fd7.php 第 65 行.
NOTIC: [8] Undefined variable: lang F:\phpsite\hc\kaoti\kaoti20170406\Application\Runtime\Cache\Home\30bf885a8e78e2bdcb808515b83b2fd7.php 第 76 行.
NOTIC: [8] Undefined variable: act F:\phpsite\hc\kaoti\kaoti20170406\Application\Runtime\Cache\Home\30bf885a8e78e2bdcb808515b83b2fd7.php 第 77 行.
NOTIC: [8] Use of undefined constant objtable - assumed 'objtable' F:\phpsite\hc\kaoti\kaoti20170406\Application\Runtime\Cache\Home\30bf885a8e78e2bdcb808515b83b2fd7.php 第 333 行.
NOTIC: [8] Use of undefined constant objtable - assumed 'objtable' F:\phpsite\hc\kaoti\kaoti20170406\Application\Runtime\Cache\Home\30bf885a8e78e2bdcb808515b83b2fd7.php 第 333 行.
NOTIC: [8] Use of undefined constant objtable - assumed 'objtable' F:\phpsite\hc\kaoti\kaoti20170406\Application\Runtime\Cache\Home\30bf885a8e78e2bdcb808515b83b2fd7.php 第 333 行.
INFO: Run Behavior\ParseTemplateBehavior [ RunTime:2.590612s ]
INFO: [ view_parse ] --END-- [ RunTime:2.590835s ]
INFO: [ view_filter ] --START--
INFO: Run Behavior\WriteHtmlCacheBehavior [ RunTime:0.156981s ]
INFO: [ view_filter ] --END-- [ RunTime:0.157333s ]
INFO: [ app_end ] --START--
INFO: Run Behavior\ShowPageTraceBehavior [ RunTime:0.181199s ]
INFO: [ app_end ] --END-- [ RunTime:0.181382s ]

