[ 2017-10-31T17:16:04+08:00 ] 127.0.0.1 /
INFO: [ app_init ] --START--
INFO: Run Behavior\BuildLiteBehavior [ RunTime:0.000000s ]
INFO: [ app_init ] --END-- [ RunTime:0.035002s ]
INFO: [ app_begin ] --START--
INFO: Run Behavior\ReadHtmlCacheBehavior [ RunTime:0.020001s ]
INFO: [ app_begin ] --END-- [ RunTime:0.020001s ]

[ 2017-10-31T17:16:06+08:00 ] 127.0.0.1 /index.php/Home/user/login
INFO: [ app_init ] --START--
INFO: Run Behavior\BuildLiteBehavior [ RunTime:0.000000s ]
INFO: [ app_init ] --END-- [ RunTime:0.000000s ]
INFO: [ app_begin ] --START--
INFO: Run Behavior\ReadHtmlCacheBehavior [ RunTime:0.001000s ]
INFO: [ app_begin ] --END-- [ RunTime:0.001000s ]
ERR: SQLSTATE[28000] [1045] Access denied for user 'sucaishui'@'localhost' (using password: YES)

[ 2017-10-31T17:18:13+08:00 ] 127.0.0.1 /
INFO: [ app_init ] --START--
INFO: Run Behavior\BuildLiteBehavior [ RunTime:0.000000s ]
INFO: [ app_init ] --END-- [ RunTime:0.019001s ]
INFO: [ app_begin ] --START--
INFO: Run Behavior\ReadHtmlCacheBehavior [ RunTime:0.002000s ]
INFO: [ app_begin ] --END-- [ RunTime:0.002000s ]

[ 2017-10-31T17:18:14+08:00 ] 127.0.0.1 /index.php/Home/user/login
INFO: [ app_init ] --START--
INFO: Run Behavior\BuildLiteBehavior [ RunTime:0.000000s ]
INFO: [ app_init ] --END-- [ RunTime:0.000000s ]
INFO: [ app_begin ] --START--
INFO: Run Behavior\ReadHtmlCacheBehavior [ RunTime:0.001000s ]
INFO: [ app_begin ] --END-- [ RunTime:0.001000s ]
SQL: SHOW COLUMNS FROM `tb_user` [ RunTime:0.0530s ]
SQL: SELECT * FROM `tb_user` WHERE `id` = '' LIMIT 1   [ RunTime:0.0010s ]
SQL: SHOW COLUMNS FROM `tb_user` [ RunTime:0.0120s ]
NOTIC: [8] Undefined index: username D:\phpStudy\WWW\Application\Home\Controller\UserController.class.php 第 16 行.
NOTIC: [8] Undefined index: userpwd D:\phpStudy\WWW\Application\Home\Controller\UserController.class.php 第 17 行.
INFO: [ view_parse ] --START--
INFO: [ template_filter ] --START--
INFO: Run Behavior\ContentReplaceBehavior [ RunTime:0.000000s ]
INFO: [ template_filter ] --END-- [ RunTime:0.000000s ]
NOTIC: [8] Use of undefined constant DEFAULT_CONTROLLER - assumed 'DEFAULT_CONTROLLER' D:\phpStudy\WWW\Application\Runtime\Cache\Home\b171d71961885d3bf0f7a9b2e0867b01.php 第 62 行.
NOTIC: [8] Undefined variable: data D:\phpStudy\WWW\Application\Runtime\Cache\Home\b171d71961885d3bf0f7a9b2e0867b01.php 第 63 行.
NOTIC: [8] Undefined variable: data D:\phpStudy\WWW\Application\Runtime\Cache\Home\b171d71961885d3bf0f7a9b2e0867b01.php 第 64 行.
NOTIC: [8] Undefined variable: table D:\phpStudy\WWW\Application\Runtime\Cache\Home\b171d71961885d3bf0f7a9b2e0867b01.php 第 65 行.
NOTIC: [8] Undefined variable: laiyuan D:\phpStudy\WWW\Application\Runtime\Cache\Home\b171d71961885d3bf0f7a9b2e0867b01.php 第 67 行.
NOTIC: [8] Undefined variable: lang D:\phpStudy\WWW\Application\Runtime\Cache\Home\b171d71961885d3bf0f7a9b2e0867b01.php 第 79 行.
NOTIC: [8] Undefined variable: act D:\phpStudy\WWW\Application\Runtime\Cache\Home\b171d71961885d3bf0f7a9b2e0867b01.php 第 80 行.
NOTIC: [8] Undefined index: userq D:\phpStudy\WWW\Application\Runtime\Cache\Home\b171d71961885d3bf0f7a9b2e0867b01.php 第 81 行.
NOTIC: [8] Undefined index: userq D:\phpStudy\WWW\Application\Runtime\Cache\Home\b171d71961885d3bf0f7a9b2e0867b01.php 第 86 行.
NOTIC: [8] Undefined index: userq D:\phpStudy\WWW\Application\Runtime\Cache\Home\b171d71961885d3bf0f7a9b2e0867b01.php 第 87 行.
INFO: Run Behavior\ParseTemplateBehavior [ RunTime:0.033002s ]
INFO: [ view_parse ] --END-- [ RunTime:0.033002s ]
INFO: [ view_filter ] --START--
INFO: Run Behavior\WriteHtmlCacheBehavior [ RunTime:0.001000s ]
INFO: [ view_filter ] --END-- [ RunTime:0.001000s ]
INFO: [ app_end ] --START--
INFO: Run Behavior\ShowPageTraceBehavior [ RunTime:0.001000s ]
INFO: [ app_end ] --END-- [ RunTime:0.001000s ]

[ 2017-10-31T17:18:32+08:00 ] 127.0.0.1 /index.php/Home/user/login
INFO: [ app_init ] --START--
INFO: Run Behavior\BuildLiteBehavior [ RunTime:0.000000s ]
INFO: [ app_init ] --END-- [ RunTime:0.000000s ]
INFO: [ app_begin ] --START--
INFO: Run Behavior\ReadHtmlCacheBehavior [ RunTime:0.001000s ]
INFO: [ app_begin ] --END-- [ RunTime:0.001000s ]
SQL: SHOW COLUMNS FROM `tb_user` [ RunTime:0.0100s ]
SQL: SELECT * FROM `tb_user` WHERE `id` = '' LIMIT 1   [ RunTime:0.0000s ]
SQL: SHOW COLUMNS FROM `tb_user` [ RunTime:0.0080s ]
SQL: SELECT * FROM `tb_user` WHERE `username` = 'admin' AND `userpwd` = '8786ae78604bcdf3b8d9134ec19a753e' LIMIT 1   [ RunTime:0.0010s ]

[ 2017-10-31T17:18:33+08:00 ] 127.0.0.1 /index.php/Home/index.html
INFO: [ app_init ] --START--
INFO: Run Behavior\BuildLiteBehavior [ RunTime:0.000000s ]
INFO: [ app_init ] --END-- [ RunTime:0.000000s ]
INFO: [ app_begin ] --START--
INFO: Run Behavior\ReadHtmlCacheBehavior [ RunTime:0.001000s ]
INFO: [ app_begin ] --END-- [ RunTime:0.001000s ]
SQL: SHOW COLUMNS FROM `tb_user` [ RunTime:0.0170s ]
SQL: SELECT * FROM `tb_user` WHERE `id` = '1' LIMIT 1   [ RunTime:0.0010s ]
SQL: SHOW COLUMNS FROM `tb_setting` [ RunTime:0.0120s ]
SQL: SELECT * FROM `tb_setting` WHERE `setting_key` = 'kaoti' LIMIT 1   [ RunTime:0.0000s ]
SQL: SHOW COLUMNS FROM `tb_configex` [ RunTime:0.0120s ]
SQL: SELECT * FROM `tb_configex` WHERE ( 1=1 ) ORDER BY sort asc  [ RunTime:0.0010s ]
SQL: SHOW COLUMNS FROM `tb_class` [ RunTime:0.0090s ]
SQL: SELECT * FROM `tb_class` WHERE `fatherno` = '00010004'  [ RunTime:0.0000s ]
INFO: [ view_parse ] --START--
INFO: [ template_filter ] --START--
INFO: Run Behavior\ContentReplaceBehavior [ RunTime:0.000000s ]
INFO: [ template_filter ] --END-- [ RunTime:0.000000s ]
NOTIC: [8] Use of undefined constant DEFAULT_CONTROLLER - assumed 'DEFAULT_CONTROLLER' D:\phpStudy\WWW\Application\Runtime\Cache\Home\769e70f2e46f34ceb60619bbda5e4691.php 第 61 行.
NOTIC: [8] Undefined variable: data D:\phpStudy\WWW\Application\Runtime\Cache\Home\769e70f2e46f34ceb60619bbda5e4691.php 第 62 行.
NOTIC: [8] Undefined variable: data D:\phpStudy\WWW\Application\Runtime\Cache\Home\769e70f2e46f34ceb60619bbda5e4691.php 第 63 行.
NOTIC: [8] Undefined variable: table D:\phpStudy\WWW\Application\Runtime\Cache\Home\769e70f2e46f34ceb60619bbda5e4691.php 第 64 行.
NOTIC: [8] Undefined variable: laiyuan D:\phpStudy\WWW\Application\Runtime\Cache\Home\769e70f2e46f34ceb60619bbda5e4691.php 第 66 行.
NOTIC: [8] Undefined variable: lang D:\phpStudy\WWW\Application\Runtime\Cache\Home\769e70f2e46f34ceb60619bbda5e4691.php 第 78 行.
NOTIC: [8] Undefined variable: act D:\phpStudy\WWW\Application\Runtime\Cache\Home\769e70f2e46f34ceb60619bbda5e4691.php 第 79 行.
NOTIC: [8] Use of undefined constant id - assumed 'id' D:\phpStudy\WWW\Application\Runtime\Cache\Home\769e70f2e46f34ceb60619bbda5e4691.php 第 136 行.
NOTIC: [8] Use of undefined constant id - assumed 'id' D:\phpStudy\WWW\Application\Runtime\Cache\Home\769e70f2e46f34ceb60619bbda5e4691.php 第 136 行.
NOTIC: [8] Use of undefined constant id - assumed 'id' D:\phpStudy\WWW\Application\Runtime\Cache\Home\769e70f2e46f34ceb60619bbda5e4691.php 第 136 行.
NOTIC: [8] Use of undefined constant objtable - assumed 'objtable' D:\phpStudy\WWW\Application\Runtime\Cache\Home\769e70f2e46f34ceb60619bbda5e4691.php 第 137 行.
NOTIC: [8] Use of undefined constant objtable - assumed 'objtable' D:\phpStudy\WWW\Application\Runtime\Cache\Home\769e70f2e46f34ceb60619bbda5e4691.php 第 137 行.
NOTIC: [8] Use of undefined constant objtable - assumed 'objtable' D:\phpStudy\WWW\Application\Runtime\Cache\Home\769e70f2e46f34ceb60619bbda5e4691.php 第 137 行.
INFO: Run Behavior\ParseTemplateBehavior [ RunTime:0.011000s ]
INFO: [ view_parse ] --END-- [ RunTime:0.011000s ]
INFO: [ view_filter ] --START--
INFO: Run Behavior\WriteHtmlCacheBehavior [ RunTime:0.000000s ]
INFO: [ view_filter ] --END-- [ RunTime:0.000000s ]
INFO: [ app_end ] --START--
INFO: Run Behavior\ShowPageTraceBehavior [ RunTime:0.000000s ]
INFO: [ app_end ] --END-- [ RunTime:0.000000s ]

[ 2017-10-31T17:19:00+08:00 ] 127.0.0.1 /index.php/Home/Exam/index/fatherid/38.html
INFO: [ app_init ] --START--
INFO: Run Behavior\BuildLiteBehavior [ RunTime:0.000000s ]
INFO: [ app_init ] --END-- [ RunTime:0.000000s ]
INFO: [ app_begin ] --START--
INFO: Run Behavior\ReadHtmlCacheBehavior [ RunTime:0.001000s ]
INFO: [ app_begin ] --END-- [ RunTime:0.001000s ]
SQL: SHOW COLUMNS FROM `tb_user` [ RunTime:0.0250s ]
SQL: SELECT * FROM `tb_user` WHERE `id` = '1' LIMIT 1   [ RunTime:0.0010s ]
SQL: SHOW COLUMNS FROM `tb_exam` [ RunTime:0.0080s ]
SQL: SHOW COLUMNS FROM `tb_class` [ RunTime:0.0080s ]
SQL: SELECT * FROM `tb_class` WHERE `id` = 38 LIMIT 1   [ RunTime:0.0000s ]
SQL: SELECT * FROM `tb_class` WHERE `fatherno` = '000100040001'  [ RunTime:0.0000s ]
SQL: SELECT * FROM `tb_class` WHERE `id` = 38 LIMIT 1   [ RunTime:0.0010s ]
NOTIC: [8] Undefined variable: data D:\phpStudy\WWW\Application\Home\Controller\ExamController.class.php 第 42 行.
INFO: [ view_parse ] --START--
INFO: [ template_filter ] --START--
INFO: Run Behavior\ContentReplaceBehavior [ RunTime:0.000000s ]
INFO: [ template_filter ] --END-- [ RunTime:0.000000s ]
NOTIC: [8] Use of undefined constant DEFAULT_CONTROLLER - assumed 'DEFAULT_CONTROLLER' D:\phpStudy\WWW\Application\Runtime\Cache\Home\3b55929aa3ece9bdb3aa5aa8c12f4fd5.php 第 61 行.
NOTIC: [8] Undefined variable: laiyuan D:\phpStudy\WWW\Application\Runtime\Cache\Home\3b55929aa3ece9bdb3aa5aa8c12f4fd5.php 第 66 行.
NOTIC: [8] Undefined variable: lang D:\phpStudy\WWW\Application\Runtime\Cache\Home\3b55929aa3ece9bdb3aa5aa8c12f4fd5.php 第 78 行.
NOTIC: [8] Undefined variable: act D:\phpStudy\WWW\Application\Runtime\Cache\Home\3b55929aa3ece9bdb3aa5aa8c12f4fd5.php 第 79 行.
NOTIC: [8] Undefined index: kemu D:\phpStudy\WWW\Application\Runtime\Cache\Home\3b55929aa3ece9bdb3aa5aa8c12f4fd5.php 第 124 行.
NOTIC: [8] Undefined index: kemu D:\phpStudy\WWW\Application\Runtime\Cache\Home\3b55929aa3ece9bdb3aa5aa8c12f4fd5.php 第 124 行.
NOTIC: [8] Undefined index: kemu D:\phpStudy\WWW\Application\Runtime\Cache\Home\3b55929aa3ece9bdb3aa5aa8c12f4fd5.php 第 124 行.
NOTIC: [8] Undefined index: kemu D:\phpStudy\WWW\Application\Runtime\Cache\Home\3b55929aa3ece9bdb3aa5aa8c12f4fd5.php 第 124 行.
NOTIC: [8] Undefined index: kemu D:\phpStudy\WWW\Application\Runtime\Cache\Home\3b55929aa3ece9bdb3aa5aa8c12f4fd5.php 第 124 行.
NOTIC: [8] Undefined index: kemu D:\phpStudy\WWW\Application\Runtime\Cache\Home\3b55929aa3ece9bdb3aa5aa8c12f4fd5.php 第 124 行.
INFO: Run Behavior\ParseTemplateBehavior [ RunTime:0.029002s ]
INFO: [ view_parse ] --END-- [ RunTime:0.029002s ]
INFO: [ view_filter ] --START--
INFO: Run Behavior\WriteHtmlCacheBehavior [ RunTime:0.001000s ]
INFO: [ view_filter ] --END-- [ RunTime:0.001000s ]
INFO: [ app_end ] --START--
INFO: Run Behavior\ShowPageTraceBehavior [ RunTime:0.001000s ]
INFO: [ app_end ] --END-- [ RunTime:0.001000s ]

[ 2017-10-31T17:19:11+08:00 ] 127.0.0.1 /index.php/Home/Exam/lists/act/moni/classid/39/kemu/1
INFO: [ app_init ] --START--
INFO: Run Behavior\BuildLiteBehavior [ RunTime:0.000000s ]
INFO: [ app_init ] --END-- [ RunTime:0.000000s ]
INFO: [ app_begin ] --START--
INFO: Run Behavior\ReadHtmlCacheBehavior [ RunTime:0.001000s ]
INFO: [ app_begin ] --END-- [ RunTime:0.001000s ]
SQL: SHOW COLUMNS FROM `tb_user` [ RunTime:0.0140s ]
SQL: SELECT * FROM `tb_user` WHERE `id` = '1' LIMIT 1   [ RunTime:0.0010s ]
SQL: SHOW COLUMNS FROM `tb_class` [ RunTime:0.0160s ]
SQL: SELECT * FROM `tb_class` WHERE `id` = 39 LIMIT 1   [ RunTime:0.0010s ]
SQL: SELECT * FROM `tb_class` WHERE `classno` = '000100040001' LIMIT 1   [ RunTime:0.0010s ]
SQL: SHOW COLUMNS FROM `tb_exam` [ RunTime:0.0080s ]
SQL: SELECT * FROM `tb_exam` WHERE `classid` = '39' AND `kemu` = 1 AND `type` = 0 ORDER BY RAND() LIMIT 0,40   [ RunTime:0.0720s ]
SQL: SELECT * FROM `tb_exam` WHERE `classid` = '39' AND `kemu` = 1 AND `type` = 1 ORDER BY RAND() LIMIT 0,40   [ RunTime:0.0110s ]
SQL: SELECT * FROM `tb_exam` WHERE `classid` = '39' AND `kemu` = 1 AND `type` = 2 ORDER BY RAND() LIMIT 0,20   [ RunTime:0.0020s ]
NOTIC: [2] Invalid argument supplied for foreach() D:\phpStudy\WWW\Application\Home\Controller\ExamController.class.php 第 121 行.
NOTIC: [8] Undefined index: ajax D:\phpStudy\WWW\Application\Home\Controller\ExamController.class.php 第 136 行.
NOTIC: [8] Undefined variable: conf D:\phpStudy\WWW\Application\Home\Controller\ExamController.class.php 第 151 行.
NOTIC: [8] Undefined index: tpl D:\phpStudy\WWW\Application\Home\Controller\ExamController.class.php 第 156 行.
INFO: [ view_parse ] --START--
INFO: [ template_filter ] --START--
INFO: Run Behavior\ContentReplaceBehavior [ RunTime:0.000000s ]
INFO: [ template_filter ] --END-- [ RunTime:0.000000s ]
NOTIC: [8] Use of undefined constant DEFAULT_CONTROLLER - assumed 'DEFAULT_CONTROLLER' D:\phpStudy\WWW\Application\Runtime\Cache\Home\bfb98a2b56c27ea7e4a591fb49e9a818.php 第 61 行.
NOTIC: [8] Undefined variable: laiyuan D:\phpStudy\WWW\Application\Runtime\Cache\Home\bfb98a2b56c27ea7e4a591fb49e9a818.php 第 66 行.
INFO: Run Behavior\ParseTemplateBehavior [ RunTime:0.009000s ]
INFO: [ view_parse ] --END-- [ RunTime:0.010000s ]
INFO: [ view_filter ] --START--
INFO: Run Behavior\WriteHtmlCacheBehavior [ RunTime:0.000000s ]
INFO: [ view_filter ] --END-- [ RunTime:0.000000s ]
INFO: [ app_end ] --START--
INFO: Run Behavior\ShowPageTraceBehavior [ RunTime:0.001000s ]
INFO: [ app_end ] --END-- [ RunTime:0.001000s ]

[ 2017-10-31T17:19:58+08:00 ] 127.0.0.1 /index.php/Home/Exam/lists/act/moni/classid/39/kemu/4
INFO: [ app_init ] --START--
INFO: Run Behavior\BuildLiteBehavior [ RunTime:0.000000s ]
INFO: [ app_init ] --END-- [ RunTime:0.000000s ]
INFO: [ app_begin ] --START--
INFO: Run Behavior\ReadHtmlCacheBehavior [ RunTime:0.001000s ]
INFO: [ app_begin ] --END-- [ RunTime:0.001000s ]
SQL: SHOW COLUMNS FROM `tb_user` [ RunTime:0.0150s ]
SQL: SELECT * FROM `tb_user` WHERE `id` = '1' LIMIT 1   [ RunTime:0.0010s ]
SQL: SHOW COLUMNS FROM `tb_class` [ RunTime:0.0090s ]
SQL: SELECT * FROM `tb_class` WHERE `id` = 39 LIMIT 1   [ RunTime:0.0000s ]
SQL: SELECT * FROM `tb_class` WHERE `classno` = '000100040001' LIMIT 1   [ RunTime:0.0000s ]
SQL: SHOW COLUMNS FROM `tb_exam` [ RunTime:0.0080s ]
SQL: SELECT * FROM `tb_exam` WHERE `classid` = '39' AND `kemu` = 4 AND `type` = 0 ORDER BY RAND() LIMIT 0,40   [ RunTime:0.0020s ]
SQL: SELECT * FROM `tb_exam` WHERE `classid` = '39' AND `kemu` = 4 AND `type` = 1 ORDER BY RAND() LIMIT 0,40   [ RunTime:0.0020s ]
NOTIC: [2] Invalid argument supplied for foreach() D:\phpStudy\WWW\Application\Home\Controller\ExamController.class.php 第 114 行.
SQL: SELECT * FROM `tb_exam` WHERE `classid` = '39' AND `kemu` = 4 AND `type` = 2 ORDER BY RAND() LIMIT 0,20   [ RunTime:0.0030s ]
NOTIC: [2] Invalid argument supplied for foreach() D:\phpStudy\WWW\Application\Home\Controller\ExamController.class.php 第 121 行.
NOTIC: [8] Undefined index: ajax D:\phpStudy\WWW\Application\Home\Controller\ExamController.class.php 第 136 行.
NOTIC: [8] Undefined variable: examstr D:\phpStudy\WWW\Application\Home\Controller\ExamController.class.php 第 145 行.
NOTIC: [8] Undefined variable: conf D:\phpStudy\WWW\Application\Home\Controller\ExamController.class.php 第 151 行.
NOTIC: [8] Undefined index: tpl D:\phpStudy\WWW\Application\Home\Controller\ExamController.class.php 第 156 行.
INFO: [ view_parse ] --START--
INFO: [ template_filter ] --START--
INFO: Run Behavior\ContentReplaceBehavior [ RunTime:0.000000s ]
INFO: [ template_filter ] --END-- [ RunTime:0.000000s ]
NOTIC: [8] Use of undefined constant DEFAULT_CONTROLLER - assumed 'DEFAULT_CONTROLLER' D:\phpStudy\WWW\Application\Runtime\Cache\Home\bfb98a2b56c27ea7e4a591fb49e9a818.php 第 61 行.
NOTIC: [8] Undefined variable: laiyuan D:\phpStudy\WWW\Application\Runtime\Cache\Home\bfb98a2b56c27ea7e4a591fb49e9a818.php 第 66 行.
INFO: Run Behavior\ParseTemplateBehavior [ RunTime:0.021001s ]
INFO: [ view_parse ] --END-- [ RunTime:0.021001s ]
INFO: [ view_filter ] --START--
INFO: Run Behavior\WriteHtmlCacheBehavior [ RunTime:0.001000s ]
INFO: [ view_filter ] --END-- [ RunTime:0.001000s ]
INFO: [ app_end ] --START--
INFO: Run Behavior\ShowPageTraceBehavior [ RunTime:0.001000s ]
INFO: [ app_end ] --END-- [ RunTime:0.001000s ]

[ 2017-10-31T17:20:07+08:00 ] 127.0.0.1 /index.php/Home/Exam/lists/act/shunxi/classid/39/kemu/4/tpl/lists_a
INFO: [ app_init ] --START--
INFO: Run Behavior\BuildLiteBehavior [ RunTime:0.000000s ]
INFO: [ app_init ] --END-- [ RunTime:0.000000s ]
INFO: [ app_begin ] --START--
INFO: Run Behavior\ReadHtmlCacheBehavior [ RunTime:0.000000s ]
INFO: [ app_begin ] --END-- [ RunTime:0.000000s ]
SQL: SHOW COLUMNS FROM `tb_user` [ RunTime:0.0130s ]
SQL: SELECT * FROM `tb_user` WHERE `id` = '1' LIMIT 1   [ RunTime:0.0010s ]
SQL: SHOW COLUMNS FROM `tb_class` [ RunTime:0.0070s ]
SQL: SELECT * FROM `tb_class` WHERE `id` = 39 LIMIT 1   [ RunTime:0.0000s ]
SQL: SELECT * FROM `tb_class` WHERE `classno` = '000100040001' LIMIT 1   [ RunTime:0.0010s ]
SQL: SHOW COLUMNS FROM `tb_exam` [ RunTime:0.0070s ]
SQL: SELECT COUNT(*) AS tp_count FROM `tb_exam` WHERE `classid` = '39' AND `kemu` = 4 LIMIT 1   [ RunTime:0.0010s ]
NOTIC: [8] Undefined index: p D:\phpStudy\WWW\Application\Home\Controller\ExamController.class.php 第 92 行.
SQL: SELECT * FROM `tb_exam` WHERE `classid` = '39' AND `kemu` = 4 ORDER BY id desc LIMIT 0,100   [ RunTime:0.0030s ]
NOTIC: [2] Invalid argument supplied for foreach() D:\phpStudy\WWW\Application\Home\Controller\ExamController.class.php 第 100 行.
NOTIC: [8] Undefined index: ajax D:\phpStudy\WWW\Application\Home\Controller\ExamController.class.php 第 136 行.
NOTIC: [8] Undefined variable: examstr D:\phpStudy\WWW\Application\Home\Controller\ExamController.class.php 第 145 行.
NOTIC: [8] Undefined variable: conf D:\phpStudy\WWW\Application\Home\Controller\ExamController.class.php 第 151 行.
INFO: [ view_parse ] --START--
INFO: [ template_filter ] --START--
INFO: Run Behavior\ContentReplaceBehavior [ RunTime:0.000000s ]
INFO: [ template_filter ] --END-- [ RunTime:0.000000s ]
NOTIC: [8] Use of undefined constant DEFAULT_CONTROLLER - assumed 'DEFAULT_CONTROLLER' D:\phpStudy\WWW\Application\Runtime\Cache\Home\1629bacd96a7208075e468b7c0a698f3.php 第 61 行.
NOTIC: [8] Undefined variable: laiyuan D:\phpStudy\WWW\Application\Runtime\Cache\Home\1629bacd96a7208075e468b7c0a698f3.php 第 66 行.
INFO: Run Behavior\ParseTemplateBehavior [ RunTime:0.012001s ]
INFO: [ view_parse ] --END-- [ RunTime:0.012001s ]
INFO: [ view_filter ] --START--
INFO: Run Behavior\WriteHtmlCacheBehavior [ RunTime:0.000000s ]
INFO: [ view_filter ] --END-- [ RunTime:0.000000s ]
INFO: [ app_end ] --START--
INFO: Run Behavior\ShowPageTraceBehavior [ RunTime:0.001000s ]
INFO: [ app_end ] --END-- [ RunTime:0.001000s ]

[ 2017-10-31T17:20:14+08:00 ] 127.0.0.1 /index.php/Home/Exam/lists/act/moni/classid/41/kemu/4
INFO: [ app_init ] --START--
INFO: Run Behavior\BuildLiteBehavior [ RunTime:0.000000s ]
INFO: [ app_init ] --END-- [ RunTime:0.000000s ]
INFO: [ app_begin ] --START--
INFO: Run Behavior\ReadHtmlCacheBehavior [ RunTime:0.001000s ]
INFO: [ app_begin ] --END-- [ RunTime:0.001000s ]
SQL: SHOW COLUMNS FROM `tb_user` [ RunTime:0.0120s ]
SQL: SELECT * FROM `tb_user` WHERE `id` = '1' LIMIT 1   [ RunTime:0.0010s ]
SQL: SHOW COLUMNS FROM `tb_class` [ RunTime:0.0120s ]
SQL: SELECT * FROM `tb_class` WHERE `id` = 41 LIMIT 1   [ RunTime:0.0010s ]
SQL: SELECT * FROM `tb_class` WHERE `classno` = '000100040001' LIMIT 1   [ RunTime:0.0000s ]
SQL: SHOW COLUMNS FROM `tb_exam` [ RunTime:0.0080s ]
SQL: SELECT * FROM `tb_exam` WHERE `classid` = '41' AND `kemu` = 4 AND `type` = 0 ORDER BY RAND() LIMIT 0,40   [ RunTime:0.0070s ]
SQL: SELECT * FROM `tb_exam` WHERE `classid` = '41' AND `kemu` = 4 AND `type` = 1 ORDER BY RAND() LIMIT 0,40   [ RunTime:0.0030s ]
NOTIC: [2] Invalid argument supplied for foreach() D:\phpStudy\WWW\Application\Home\Controller\ExamController.class.php 第 114 行.
SQL: SELECT * FROM `tb_exam` WHERE `classid` = '41' AND `kemu` = 4 AND `type` = 2 ORDER BY RAND() LIMIT 0,20   [ RunTime:0.0030s ]
NOTIC: [2] Invalid argument supplied for foreach() D:\phpStudy\WWW\Application\Home\Controller\ExamController.class.php 第 121 行.
NOTIC: [8] Undefined index: ajax D:\phpStudy\WWW\Application\Home\Controller\ExamController.class.php 第 136 行.
NOTIC: [8] Undefined variable: examstr D:\phpStudy\WWW\Application\Home\Controller\ExamController.class.php 第 145 行.
NOTIC: [8] Undefined variable: conf D:\phpStudy\WWW\Application\Home\Controller\ExamController.class.php 第 151 行.
NOTIC: [8] Undefined index: tpl D:\phpStudy\WWW\Application\Home\Controller\ExamController.class.php 第 156 行.
INFO: [ view_parse ] --START--
INFO: [ template_filter ] --START--
INFO: Run Behavior\ContentReplaceBehavior [ RunTime:0.000000s ]
INFO: [ template_filter ] --END-- [ RunTime:0.000000s ]
NOTIC: [8] Use of undefined constant DEFAULT_CONTROLLER - assumed 'DEFAULT_CONTROLLER' D:\phpStudy\WWW\Application\Runtime\Cache\Home\bfb98a2b56c27ea7e4a591fb49e9a818.php 第 61 行.
NOTIC: [8] Undefined variable: laiyuan D:\phpStudy\WWW\Application\Runtime\Cache\Home\bfb98a2b56c27ea7e4a591fb49e9a818.php 第 66 行.
INFO: Run Behavior\ParseTemplateBehavior [ RunTime:0.016001s ]
INFO: [ view_parse ] --END-- [ RunTime:0.016001s ]
INFO: [ view_filter ] --START--
INFO: Run Behavior\WriteHtmlCacheBehavior [ RunTime:0.001000s ]
INFO: [ view_filter ] --END-- [ RunTime:0.001000s ]
INFO: [ app_end ] --START--
INFO: Run Behavior\ShowPageTraceBehavior [ RunTime:0.001000s ]
INFO: [ app_end ] --END-- [ RunTime:0.001000s ]

[ 2017-10-31T17:20:24+08:00 ] 127.0.0.1 /index.php/Home/user/pwd
INFO: [ app_init ] --START--
INFO: Run Behavior\BuildLiteBehavior [ RunTime:0.000000s ]
INFO: [ app_init ] --END-- [ RunTime:0.000000s ]
INFO: [ app_begin ] --START--
INFO: Run Behavior\ReadHtmlCacheBehavior [ RunTime:0.001000s ]
INFO: [ app_begin ] --END-- [ RunTime:0.001000s ]
SQL: SHOW COLUMNS FROM `tb_user` [ RunTime:0.0100s ]
INFO: [ view_parse ] --START--
INFO: [ template_filter ] --START--
INFO: Run Behavior\ContentReplaceBehavior [ RunTime:0.001000s ]
INFO: [ template_filter ] --END-- [ RunTime:0.001000s ]
NOTIC: [8] Use of undefined constant DEFAULT_CONTROLLER - assumed 'DEFAULT_CONTROLLER' D:\phpStudy\WWW\Application\Runtime\Cache\Home\c4c9c8bdbfd4a4f15efdc631205a60fb.php 第 61 行.
NOTIC: [8] Undefined variable: data D:\phpStudy\WWW\Application\Runtime\Cache\Home\c4c9c8bdbfd4a4f15efdc631205a60fb.php 第 62 行.
NOTIC: [8] Undefined variable: data D:\phpStudy\WWW\Application\Runtime\Cache\Home\c4c9c8bdbfd4a4f15efdc631205a60fb.php 第 63 行.
NOTIC: [8] Undefined variable: table D:\phpStudy\WWW\Application\Runtime\Cache\Home\c4c9c8bdbfd4a4f15efdc631205a60fb.php 第 64 行.
NOTIC: [8] Undefined variable: laiyuan D:\phpStudy\WWW\Application\Runtime\Cache\Home\c4c9c8bdbfd4a4f15efdc631205a60fb.php 第 66 行.
NOTIC: [8] Undefined variable: lang D:\phpStudy\WWW\Application\Runtime\Cache\Home\c4c9c8bdbfd4a4f15efdc631205a60fb.php 第 78 行.
NOTIC: [8] Undefined variable: act D:\phpStudy\WWW\Application\Runtime\Cache\Home\c4c9c8bdbfd4a4f15efdc631205a60fb.php 第 79 行.
INFO: Run Behavior\ParseTemplateBehavior [ RunTime:0.030002s ]
INFO: [ view_parse ] --END-- [ RunTime:0.030002s ]
INFO: [ view_filter ] --START--
INFO: Run Behavior\WriteHtmlCacheBehavior [ RunTime:0.000000s ]
INFO: [ view_filter ] --END-- [ RunTime:0.000000s ]
INFO: [ app_end ] --START--
INFO: Run Behavior\ShowPageTraceBehavior [ RunTime:0.001000s ]
INFO: [ app_end ] --END-- [ RunTime:0.001000s ]

[ 2017-10-31T17:20:35+08:00 ] 127.0.0.1 /index.php/Home/User/pwd.html
INFO: [ app_init ] --START--
INFO: Run Behavior\BuildLiteBehavior [ RunTime:0.000000s ]
INFO: [ app_init ] --END-- [ RunTime:0.001000s ]
INFO: [ app_begin ] --START--
INFO: Run Behavior\ReadHtmlCacheBehavior [ RunTime:0.001000s ]
INFO: [ app_begin ] --END-- [ RunTime:0.001000s ]
SQL: SHOW COLUMNS FROM `tb_user` [ RunTime:0.0150s ]
SQL: SELECT * FROM `tb_user` WHERE (  id=1 ) LIMIT 1   [ RunTime:0.0010s ]
SQL: UPDATE `tb_user` SET `userpwd`='4b871c40db6339036895aa5752c1469c' WHERE `id` = '1' [ RunTime:0.0550s ]

[ 2017-10-31T17:20:38+08:00 ] 127.0.0.1 /index.php/Home/index
INFO: [ app_init ] --START--
INFO: Run Behavior\BuildLiteBehavior [ RunTime:0.000000s ]
INFO: [ app_init ] --END-- [ RunTime:0.000000s ]
INFO: [ app_begin ] --START--
INFO: Run Behavior\ReadHtmlCacheBehavior [ RunTime:0.001000s ]
INFO: [ app_begin ] --END-- [ RunTime:0.001000s ]
SQL: SHOW COLUMNS FROM `tb_user` [ RunTime:0.0150s ]
SQL: SELECT * FROM `tb_user` WHERE `id` = '1' LIMIT 1   [ RunTime:0.0010s ]
SQL: SHOW COLUMNS FROM `tb_setting` [ RunTime:0.0140s ]
SQL: SELECT * FROM `tb_setting` WHERE `setting_key` = 'kaoti' LIMIT 1   [ RunTime:0.0000s ]
SQL: SHOW COLUMNS FROM `tb_configex` [ RunTime:0.0140s ]
SQL: SELECT * FROM `tb_configex` WHERE ( 1=1 ) ORDER BY sort asc  [ RunTime:0.0010s ]
SQL: SHOW COLUMNS FROM `tb_class` [ RunTime:0.0100s ]
SQL: SELECT * FROM `tb_class` WHERE `fatherno` = '00010004'  [ RunTime:0.0000s ]
INFO: [ view_parse ] --START--
INFO: [ template_filter ] --START--
INFO: Run Behavior\ContentReplaceBehavior [ RunTime:0.000000s ]
INFO: [ template_filter ] --END-- [ RunTime:0.000000s ]
NOTIC: [8] Use of undefined constant DEFAULT_CONTROLLER - assumed 'DEFAULT_CONTROLLER' D:\phpStudy\WWW\Application\Runtime\Cache\Home\769e70f2e46f34ceb60619bbda5e4691.php 第 61 行.
NOTIC: [8] Undefined variable: data D:\phpStudy\WWW\Application\Runtime\Cache\Home\769e70f2e46f34ceb60619bbda5e4691.php 第 62 行.
NOTIC: [8] Undefined variable: data D:\phpStudy\WWW\Application\Runtime\Cache\Home\769e70f2e46f34ceb60619bbda5e4691.php 第 63 行.
NOTIC: [8] Undefined variable: table D:\phpStudy\WWW\Application\Runtime\Cache\Home\769e70f2e46f34ceb60619bbda5e4691.php 第 64 行.
NOTIC: [8] Undefined variable: laiyuan D:\phpStudy\WWW\Application\Runtime\Cache\Home\769e70f2e46f34ceb60619bbda5e4691.php 第 66 行.
NOTIC: [8] Undefined variable: lang D:\phpStudy\WWW\Application\Runtime\Cache\Home\769e70f2e46f34ceb60619bbda5e4691.php 第 78 行.
NOTIC: [8] Undefined variable: act D:\phpStudy\WWW\Application\Runtime\Cache\Home\769e70f2e46f34ceb60619bbda5e4691.php 第 79 行.
NOTIC: [8] Use of undefined constant id - assumed 'id' D:\phpStudy\WWW\Application\Runtime\Cache\Home\769e70f2e46f34ceb60619bbda5e4691.php 第 136 行.
NOTIC: [8] Use of undefined constant id - assumed 'id' D:\phpStudy\WWW\Application\Runtime\Cache\Home\769e70f2e46f34ceb60619bbda5e4691.php 第 136 行.
NOTIC: [8] Use of undefined constant id - assumed 'id' D:\phpStudy\WWW\Application\Runtime\Cache\Home\769e70f2e46f34ceb60619bbda5e4691.php 第 136 行.
NOTIC: [8] Use of undefined constant objtable - assumed 'objtable' D:\phpStudy\WWW\Application\Runtime\Cache\Home\769e70f2e46f34ceb60619bbda5e4691.php 第 137 行.
NOTIC: [8] Use of undefined constant objtable - assumed 'objtable' D:\phpStudy\WWW\Application\Runtime\Cache\Home\769e70f2e46f34ceb60619bbda5e4691.php 第 137 行.
NOTIC: [8] Use of undefined constant objtable - assumed 'objtable' D:\phpStudy\WWW\Application\Runtime\Cache\Home\769e70f2e46f34ceb60619bbda5e4691.php 第 137 行.
INFO: Run Behavior\ParseTemplateBehavior [ RunTime:0.012000s ]
INFO: [ view_parse ] --END-- [ RunTime:0.012000s ]
INFO: [ view_filter ] --START--
INFO: Run Behavior\WriteHtmlCacheBehavior [ RunTime:0.000000s ]
INFO: [ view_filter ] --END-- [ RunTime:0.000000s ]
INFO: [ app_end ] --START--
INFO: Run Behavior\ShowPageTraceBehavior [ RunTime:0.001001s ]
INFO: [ app_end ] --END-- [ RunTime:0.001001s ]

[ 2017-10-31T17:20:50+08:00 ] 127.0.0.1 /index.php/Home/user/my
INFO: [ app_init ] --START--
INFO: Run Behavior\BuildLiteBehavior [ RunTime:0.000000s ]
INFO: [ app_init ] --END-- [ RunTime:0.000000s ]
INFO: [ app_begin ] --START--
INFO: Run Behavior\ReadHtmlCacheBehavior [ RunTime:0.001000s ]
INFO: [ app_begin ] --END-- [ RunTime:0.001000s ]
SQL: SHOW COLUMNS FROM `tb_user` [ RunTime:0.0150s ]
INFO: [ view_parse ] --START--
INFO: [ template_filter ] --START--
INFO: Run Behavior\ContentReplaceBehavior [ RunTime:0.000000s ]
INFO: [ template_filter ] --END-- [ RunTime:0.000000s ]
NOTIC: [8] Use of undefined constant DEFAULT_CONTROLLER - assumed 'DEFAULT_CONTROLLER' D:\phpStudy\WWW\Application\Runtime\Cache\Home\0f9c7b1e2a45e9d983d30d5d12131db7.php 第 61 行.
NOTIC: [8] Undefined variable: data D:\phpStudy\WWW\Application\Runtime\Cache\Home\0f9c7b1e2a45e9d983d30d5d12131db7.php 第 62 行.
NOTIC: [8] Undefined variable: data D:\phpStudy\WWW\Application\Runtime\Cache\Home\0f9c7b1e2a45e9d983d30d5d12131db7.php 第 63 行.
NOTIC: [8] Undefined variable: table D:\phpStudy\WWW\Application\Runtime\Cache\Home\0f9c7b1e2a45e9d983d30d5d12131db7.php 第 64 行.
NOTIC: [8] Undefined variable: laiyuan D:\phpStudy\WWW\Application\Runtime\Cache\Home\0f9c7b1e2a45e9d983d30d5d12131db7.php 第 66 行.
NOTIC: [8] Undefined variable: lang D:\phpStudy\WWW\Application\Runtime\Cache\Home\0f9c7b1e2a45e9d983d30d5d12131db7.php 第 78 行.
NOTIC: [8] Undefined variable: act D:\phpStudy\WWW\Application\Runtime\Cache\Home\0f9c7b1e2a45e9d983d30d5d12131db7.php 第 79 行.
INFO: Run Behavior\ParseTemplateBehavior [ RunTime:0.017001s ]
INFO: [ view_parse ] --END-- [ RunTime:0.017001s ]
INFO: [ view_filter ] --START--
INFO: Run Behavior\WriteHtmlCacheBehavior [ RunTime:0.000000s ]
INFO: [ view_filter ] --END-- [ RunTime:0.000000s ]
INFO: [ app_end ] --START--
INFO: Run Behavior\ShowPageTraceBehavior [ RunTime:0.001000s ]
INFO: [ app_end ] --END-- [ RunTime:0.001000s ]

[ 2017-10-31T17:20:55+08:00 ] 127.0.0.1 /index.php/Home/goumaiex/lists
INFO: [ app_init ] --START--
INFO: Run Behavior\BuildLiteBehavior [ RunTime:0.000000s ]
INFO: [ app_init ] --END-- [ RunTime:0.000000s ]
INFO: [ app_begin ] --START--
INFO: Run Behavior\ReadHtmlCacheBehavior [ RunTime:0.000000s ]
INFO: [ app_begin ] --END-- [ RunTime:0.000000s ]
SQL: SHOW COLUMNS FROM `tb_user` [ RunTime:0.0150s ]
SQL: SELECT * FROM `tb_user` WHERE `id` = '1' LIMIT 1   [ RunTime:0.0010s ]
SQL: SHOW COLUMNS FROM `tb_goumaiex` [ RunTime:0.0250s ]
SQL: SELECT COUNT(*) AS tp_count FROM `tb_goumaiex` WHERE `id` > 0 AND `userid` = '1' LIMIT 1   [ RunTime:0.0270s ]
SQL: SELECT * FROM `tb_goumaiex` WHERE `id` > 0 AND `userid` = '1' ORDER BY id desc LIMIT 0,10   [ RunTime:0.0010s ]
INFO: [ view_parse ] --START--
INFO: [ template_filter ] --START--
INFO: Run Behavior\ContentReplaceBehavior [ RunTime:0.000000s ]
INFO: [ template_filter ] --END-- [ RunTime:0.000000s ]
NOTIC: [8] Use of undefined constant DEFAULT_CONTROLLER - assumed 'DEFAULT_CONTROLLER' D:\phpStudy\WWW\Application\Runtime\Cache\Home\c602073beb3b6bc90663b0171182ee54.php 第 61 行.
NOTIC: [8] Undefined variable: data D:\phpStudy\WWW\Application\Runtime\Cache\Home\c602073beb3b6bc90663b0171182ee54.php 第 62 行.
NOTIC: [8] Undefined variable: data D:\phpStudy\WWW\Application\Runtime\Cache\Home\c602073beb3b6bc90663b0171182ee54.php 第 63 行.
NOTIC: [8] Undefined variable: table D:\phpStudy\WWW\Application\Runtime\Cache\Home\c602073beb3b6bc90663b0171182ee54.php 第 64 行.
NOTIC: [8] Undefined variable: laiyuan D:\phpStudy\WWW\Application\Runtime\Cache\Home\c602073beb3b6bc90663b0171182ee54.php 第 66 行.
NOTIC: [8] Undefined variable: lang D:\phpStudy\WWW\Application\Runtime\Cache\Home\c602073beb3b6bc90663b0171182ee54.php 第 78 行.
NOTIC: [8] Undefined variable: act D:\phpStudy\WWW\Application\Runtime\Cache\Home\c602073beb3b6bc90663b0171182ee54.php 第 79 行.
INFO: Run Behavior\ParseTemplateBehavior [ RunTime:0.012000s ]
INFO: [ view_parse ] --END-- [ RunTime:0.012000s ]
INFO: [ view_filter ] --START--
INFO: Run Behavior\WriteHtmlCacheBehavior [ RunTime:0.000000s ]
INFO: [ view_filter ] --END-- [ RunTime:0.000000s ]
INFO: [ app_end ] --START--
INFO: Run Behavior\ShowPageTraceBehavior [ RunTime:0.001001s ]
INFO: [ app_end ] --END-- [ RunTime:0.001001s ]

[ 2017-10-31T17:21:01+08:00 ] 127.0.0.1 /index.php
INFO: [ app_init ] --START--
INFO: Run Behavior\BuildLiteBehavior [ RunTime:0.000000s ]
INFO: [ app_init ] --END-- [ RunTime:0.000000s ]
INFO: [ app_begin ] --START--
INFO: Run Behavior\ReadHtmlCacheBehavior [ RunTime:0.001000s ]
INFO: [ app_begin ] --END-- [ RunTime:0.001000s ]
SQL: SHOW COLUMNS FROM `tb_user` [ RunTime:0.0090s ]
SQL: SELECT * FROM `tb_user` WHERE `id` = '1' LIMIT 1   [ RunTime:0.0010s ]
SQL: SHOW COLUMNS FROM `tb_setting` [ RunTime:0.0080s ]
SQL: SELECT * FROM `tb_setting` WHERE `setting_key` = 'kaoti' LIMIT 1   [ RunTime:0.0000s ]
SQL: SHOW COLUMNS FROM `tb_configex` [ RunTime:0.0090s ]
SQL: SELECT * FROM `tb_configex` WHERE ( 1=1 ) ORDER BY sort asc  [ RunTime:0.0010s ]
SQL: SHOW COLUMNS FROM `tb_class` [ RunTime:0.0090s ]
SQL: SELECT * FROM `tb_class` WHERE `fatherno` = '00010004'  [ RunTime:0.0010s ]
INFO: [ view_parse ] --START--
INFO: [ template_filter ] --START--
INFO: Run Behavior\ContentReplaceBehavior [ RunTime:0.000000s ]
INFO: [ template_filter ] --END-- [ RunTime:0.001000s ]
NOTIC: [8] Use of undefined constant DEFAULT_CONTROLLER - assumed 'DEFAULT_CONTROLLER' D:\phpStudy\WWW\Application\Runtime\Cache\Home\769e70f2e46f34ceb60619bbda5e4691.php 第 61 行.
NOTIC: [8] Undefined variable: data D:\phpStudy\WWW\Application\Runtime\Cache\Home\769e70f2e46f34ceb60619bbda5e4691.php 第 62 行.
NOTIC: [8] Undefined variable: data D:\phpStudy\WWW\Application\Runtime\Cache\Home\769e70f2e46f34ceb60619bbda5e4691.php 第 63 行.
NOTIC: [8] Undefined variable: table D:\phpStudy\WWW\Application\Runtime\Cache\Home\769e70f2e46f34ceb60619bbda5e4691.php 第 64 行.
NOTIC: [8] Undefined variable: laiyuan D:\phpStudy\WWW\Application\Runtime\Cache\Home\769e70f2e46f34ceb60619bbda5e4691.php 第 66 行.
NOTIC: [8] Undefined variable: lang D:\phpStudy\WWW\Application\Runtime\Cache\Home\769e70f2e46f34ceb60619bbda5e4691.php 第 78 行.
NOTIC: [8] Undefined variable: act D:\phpStudy\WWW\Application\Runtime\Cache\Home\769e70f2e46f34ceb60619bbda5e4691.php 第 79 行.
NOTIC: [8] Use of undefined constant id - assumed 'id' D:\phpStudy\WWW\Application\Runtime\Cache\Home\769e70f2e46f34ceb60619bbda5e4691.php 第 136 行.
NOTIC: [8] Use of undefined constant id - assumed 'id' D:\phpStudy\WWW\Application\Runtime\Cache\Home\769e70f2e46f34ceb60619bbda5e4691.php 第 136 行.
NOTIC: [8] Use of undefined constant id - assumed 'id' D:\phpStudy\WWW\Application\Runtime\Cache\Home\769e70f2e46f34ceb60619bbda5e4691.php 第 136 行.
NOTIC: [8] Use of undefined constant objtable - assumed 'objtable' D:\phpStudy\WWW\Application\Runtime\Cache\Home\769e70f2e46f34ceb60619bbda5e4691.php 第 137 行.
NOTIC: [8] Use of undefined constant objtable - assumed 'objtable' D:\phpStudy\WWW\Application\Runtime\Cache\Home\769e70f2e46f34ceb60619bbda5e4691.php 第 137 行.
NOTIC: [8] Use of undefined constant objtable - assumed 'objtable' D:\phpStudy\WWW\Application\Runtime\Cache\Home\769e70f2e46f34ceb60619bbda5e4691.php 第 137 行.
INFO: Run Behavior\ParseTemplateBehavior [ RunTime:0.014001s ]
INFO: [ view_parse ] --END-- [ RunTime:0.014001s ]
INFO: [ view_filter ] --START--
INFO: Run Behavior\WriteHtmlCacheBehavior [ RunTime:0.001000s ]
INFO: [ view_filter ] --END-- [ RunTime:0.001000s ]
INFO: [ app_end ] --START--
INFO: Run Behavior\ShowPageTraceBehavior [ RunTime:0.001000s ]
INFO: [ app_end ] --END-- [ RunTime:0.001000s ]

[ 2017-10-31T17:21:08+08:00 ] 127.0.0.1 /index.php/home/user/login
INFO: [ app_init ] --START--
INFO: Run Behavior\BuildLiteBehavior [ RunTime:0.000000s ]
INFO: [ app_init ] --END-- [ RunTime:0.001000s ]
INFO: [ app_begin ] --START--
INFO: Run Behavior\ReadHtmlCacheBehavior [ RunTime:0.000000s ]
INFO: [ app_begin ] --END-- [ RunTime:0.000000s ]
SQL: SHOW COLUMNS FROM `tb_user` [ RunTime:0.0140s ]
NOTIC: [8] Undefined index: username D:\phpStudy\WWW\Application\Home\Controller\UserController.class.php 第 16 行.
NOTIC: [8] Undefined index: userpwd D:\phpStudy\WWW\Application\Home\Controller\UserController.class.php 第 17 行.
INFO: [ view_parse ] --START--
INFO: [ template_filter ] --START--
INFO: Run Behavior\ContentReplaceBehavior [ RunTime:0.000000s ]
INFO: [ template_filter ] --END-- [ RunTime:0.000000s ]
NOTIC: [8] Use of undefined constant DEFAULT_CONTROLLER - assumed 'DEFAULT_CONTROLLER' D:\phpStudy\WWW\Application\Runtime\Cache\Home\b171d71961885d3bf0f7a9b2e0867b01.php 第 62 行.
NOTIC: [8] Undefined variable: data D:\phpStudy\WWW\Application\Runtime\Cache\Home\b171d71961885d3bf0f7a9b2e0867b01.php 第 63 行.
NOTIC: [8] Undefined variable: data D:\phpStudy\WWW\Application\Runtime\Cache\Home\b171d71961885d3bf0f7a9b2e0867b01.php 第 64 行.
NOTIC: [8] Undefined variable: table D:\phpStudy\WWW\Application\Runtime\Cache\Home\b171d71961885d3bf0f7a9b2e0867b01.php 第 65 行.
NOTIC: [8] Undefined variable: laiyuan D:\phpStudy\WWW\Application\Runtime\Cache\Home\b171d71961885d3bf0f7a9b2e0867b01.php 第 67 行.
NOTIC: [8] Undefined variable: lang D:\phpStudy\WWW\Application\Runtime\Cache\Home\b171d71961885d3bf0f7a9b2e0867b01.php 第 79 行.
NOTIC: [8] Undefined variable: act D:\phpStudy\WWW\Application\Runtime\Cache\Home\b171d71961885d3bf0f7a9b2e0867b01.php 第 80 行.
NOTIC: [8] Undefined index: userq D:\phpStudy\WWW\Application\Runtime\Cache\Home\b171d71961885d3bf0f7a9b2e0867b01.php 第 81 行.
NOTIC: [8] Undefined index: userq D:\phpStudy\WWW\Application\Runtime\Cache\Home\b171d71961885d3bf0f7a9b2e0867b01.php 第 86 行.
NOTIC: [8] Undefined index: userq D:\phpStudy\WWW\Application\Runtime\Cache\Home\b171d71961885d3bf0f7a9b2e0867b01.php 第 87 行.
INFO: Run Behavior\ParseTemplateBehavior [ RunTime:0.014001s ]
INFO: [ view_parse ] --END-- [ RunTime:0.014001s ]
INFO: [ view_filter ] --START--
INFO: Run Behavior\WriteHtmlCacheBehavior [ RunTime:0.000000s ]
INFO: [ view_filter ] --END-- [ RunTime:0.000000s ]
INFO: [ app_end ] --START--
INFO: Run Behavior\ShowPageTraceBehavior [ RunTime:0.000000s ]
INFO: [ app_end ] --END-- [ RunTime:0.000000s ]

[ 2017-10-31T17:21:22+08:00 ] 127.0.0.1 /index.php/home/user/login
INFO: [ app_init ] --START--
INFO: Run Behavior\BuildLiteBehavior [ RunTime:0.000000s ]
INFO: [ app_init ] --END-- [ RunTime:0.000000s ]
INFO: [ app_begin ] --START--
INFO: Run Behavior\ReadHtmlCacheBehavior [ RunTime:0.001000s ]
INFO: [ app_begin ] --END-- [ RunTime:0.001000s ]
SQL: SHOW COLUMNS FROM `tb_user` [ RunTime:0.0140s ]
SQL: SELECT * FROM `tb_user` WHERE `id` = '' LIMIT 1   [ RunTime:0.0010s ]
SQL: SHOW COLUMNS FROM `tb_user` [ RunTime:0.0140s ]
SQL: SELECT * FROM `tb_user` WHERE `username` = 'admin' AND `userpwd` = '4b871c40db6339036895aa5752c1469c' LIMIT 1   [ RunTime:0.0010s ]

[ 2017-10-31T17:21:23+08:00 ] 127.0.0.1 /index.php/Home/index.html
INFO: [ app_init ] --START--
INFO: Run Behavior\BuildLiteBehavior [ RunTime:0.000000s ]
INFO: [ app_init ] --END-- [ RunTime:0.000000s ]
INFO: [ app_begin ] --START--
INFO: Run Behavior\ReadHtmlCacheBehavior [ RunTime:0.001000s ]
INFO: [ app_begin ] --END-- [ RunTime:0.001000s ]
SQL: SHOW COLUMNS FROM `tb_user` [ RunTime:0.0150s ]
SQL: SELECT * FROM `tb_user` WHERE `id` = '1' LIMIT 1   [ RunTime:0.0010s ]
SQL: SHOW COLUMNS FROM `tb_setting` [ RunTime:0.0110s ]
SQL: SELECT * FROM `tb_setting` WHERE `setting_key` = 'kaoti' LIMIT 1   [ RunTime:0.0010s ]
SQL: SHOW COLUMNS FROM `tb_configex` [ RunTime:0.0080s ]
SQL: SELECT * FROM `tb_configex` WHERE ( 1=1 ) ORDER BY sort asc  [ RunTime:0.0010s ]
SQL: SHOW COLUMNS FROM `tb_class` [ RunTime:0.0070s ]
SQL: SELECT * FROM `tb_class` WHERE `fatherno` = '00010004'  [ RunTime:0.0000s ]
INFO: [ view_parse ] --START--
INFO: [ template_filter ] --START--
INFO: Run Behavior\ContentReplaceBehavior [ RunTime:0.000000s ]
INFO: [ template_filter ] --END-- [ RunTime:0.000000s ]
NOTIC: [8] Use of undefined constant DEFAULT_CONTROLLER - assumed 'DEFAULT_CONTROLLER' D:\phpStudy\WWW\Application\Runtime\Cache\Home\769e70f2e46f34ceb60619bbda5e4691.php 第 61 行.
NOTIC: [8] Undefined variable: data D:\phpStudy\WWW\Application\Runtime\Cache\Home\769e70f2e46f34ceb60619bbda5e4691.php 第 62 行.
NOTIC: [8] Undefined variable: data D:\phpStudy\WWW\Application\Runtime\Cache\Home\769e70f2e46f34ceb60619bbda5e4691.php 第 63 行.
NOTIC: [8] Undefined variable: table D:\phpStudy\WWW\Application\Runtime\Cache\Home\769e70f2e46f34ceb60619bbda5e4691.php 第 64 行.
NOTIC: [8] Undefined variable: laiyuan D:\phpStudy\WWW\Application\Runtime\Cache\Home\769e70f2e46f34ceb60619bbda5e4691.php 第 66 行.
NOTIC: [8] Undefined variable: lang D:\phpStudy\WWW\Application\Runtime\Cache\Home\769e70f2e46f34ceb60619bbda5e4691.php 第 78 行.
NOTIC: [8] Undefined variable: act D:\phpStudy\WWW\Application\Runtime\Cache\Home\769e70f2e46f34ceb60619bbda5e4691.php 第 79 行.
NOTIC: [8] Use of undefined constant id - assumed 'id' D:\phpStudy\WWW\Application\Runtime\Cache\Home\769e70f2e46f34ceb60619bbda5e4691.php 第 136 行.
NOTIC: [8] Use of undefined constant id - assumed 'id' D:\phpStudy\WWW\Application\Runtime\Cache\Home\769e70f2e46f34ceb60619bbda5e4691.php 第 136 行.
NOTIC: [8] Use of undefined constant id - assumed 'id' D:\phpStudy\WWW\Application\Runtime\Cache\Home\769e70f2e46f34ceb60619bbda5e4691.php 第 136 行.
NOTIC: [8] Use of undefined constant objtable - assumed 'objtable' D:\phpStudy\WWW\Application\Runtime\Cache\Home\769e70f2e46f34ceb60619bbda5e4691.php 第 137 行.
NOTIC: [8] Use of undefined constant objtable - assumed 'objtable' D:\phpStudy\WWW\Application\Runtime\Cache\Home\769e70f2e46f34ceb60619bbda5e4691.php 第 137 行.
NOTIC: [8] Use of undefined constant objtable - assumed 'objtable' D:\phpStudy\WWW\Application\Runtime\Cache\Home\769e70f2e46f34ceb60619bbda5e4691.php 第 137 行.
INFO: Run Behavior\ParseTemplateBehavior [ RunTime:0.011000s ]
INFO: [ view_parse ] --END-- [ RunTime:0.011000s ]
INFO: [ view_filter ] --START--
INFO: Run Behavior\WriteHtmlCacheBehavior [ RunTime:0.001000s ]
INFO: [ view_filter ] --END-- [ RunTime:0.001000s ]
INFO: [ app_end ] --START--
INFO: Run Behavior\ShowPageTraceBehavior [ RunTime:0.000000s ]
INFO: [ app_end ] --END-- [ RunTime:0.001000s ]

