[ 2019-05-24T12:07:31+08:00 ] ::1 /
INFO: [ app_init ] --START--
INFO: Run Behavior\BuildLiteBehavior [ RunTime:0.000017s ]
INFO: [ app_init ] --END-- [ RunTime:0.009635s ]
INFO: [ app_begin ] --START--
INFO: Run Behavior\ReadHtmlCacheBehavior [ RunTime:0.012695s ]
INFO: [ app_begin ] --END-- [ RunTime:0.012766s ]

[ 2019-05-24T12:07:33+08:00 ] ::1 /index.php/Home/user/login
INFO: [ app_init ] --START--
INFO: Run Behavior\BuildLiteBehavior [ RunTime:0.000019s ]
INFO: [ app_init ] --END-- [ RunTime:0.000579s ]
INFO: [ app_begin ] --START--
INFO: Run Behavior\ReadHtmlCacheBehavior [ RunTime:0.000848s ]
INFO: [ app_begin ] --END-- [ RunTime:0.000924s ]
SQL: SHOW COLUMNS FROM `tb_user` [ RunTime:0.0511s ]
SQL: SELECT * FROM `tb_user` WHERE `id` = '' LIMIT 1   [ RunTime:0.0007s ]
SQL: SHOW COLUMNS FROM `tb_user` [ RunTime:0.0203s ]
NOTIC: [8] Undefined index: username D:\resource\bishe\jiakao\Application\Home\Controller\UserController.class.php 第 16 行.
NOTIC: [8] Undefined index: userpwd D:\resource\bishe\jiakao\Application\Home\Controller\UserController.class.php 第 17 行.
INFO: [ view_parse ] --START--
INFO: [ template_filter ] --START--
INFO: Run Behavior\ContentReplaceBehavior [ RunTime:0.000088s ]
INFO: [ template_filter ] --END-- [ RunTime:0.000158s ]
NOTIC: [8] Use of undefined constant DEFAULT_CONTROLLER - assumed 'DEFAULT_CONTROLLER' D:\resource\bishe\jiakao\Application\Runtime\Cache\Home\b171d71961885d3bf0f7a9b2e0867b01.php 第 205 行.
NOTIC: [8] Undefined variable: data D:\resource\bishe\jiakao\Application\Runtime\Cache\Home\b171d71961885d3bf0f7a9b2e0867b01.php 第 206 行.
NOTIC: [8] Undefined variable: data D:\resource\bishe\jiakao\Application\Runtime\Cache\Home\b171d71961885d3bf0f7a9b2e0867b01.php 第 207 行.
NOTIC: [8] Undefined variable: table D:\resource\bishe\jiakao\Application\Runtime\Cache\Home\b171d71961885d3bf0f7a9b2e0867b01.php 第 208 行.
NOTIC: [8] Undefined variable: laiyuan D:\resource\bishe\jiakao\Application\Runtime\Cache\Home\b171d71961885d3bf0f7a9b2e0867b01.php 第 210 行.
NOTIC: [8] Undefined variable: lang D:\resource\bishe\jiakao\Application\Runtime\Cache\Home\b171d71961885d3bf0f7a9b2e0867b01.php 第 221 行.
NOTIC: [8] Undefined variable: act D:\resource\bishe\jiakao\Application\Runtime\Cache\Home\b171d71961885d3bf0f7a9b2e0867b01.php 第 222 行.
NOTIC: [8] Undefined index: userq D:\resource\bishe\jiakao\Application\Runtime\Cache\Home\b171d71961885d3bf0f7a9b2e0867b01.php 第 223 行.
NOTIC: [8] Undefined index: userq D:\resource\bishe\jiakao\Application\Runtime\Cache\Home\b171d71961885d3bf0f7a9b2e0867b01.php 第 228 行.
NOTIC: [8] Undefined index: userq D:\resource\bishe\jiakao\Application\Runtime\Cache\Home\b171d71961885d3bf0f7a9b2e0867b01.php 第 229 行.
INFO: Run Behavior\ParseTemplateBehavior [ RunTime:0.145441s ]
INFO: [ view_parse ] --END-- [ RunTime:0.145485s ]
INFO: [ view_filter ] --START--
INFO: Run Behavior\WriteHtmlCacheBehavior [ RunTime:0.001445s ]
INFO: [ view_filter ] --END-- [ RunTime:0.001482s ]
INFO: [ app_end ] --START--
INFO: Run Behavior\ShowPageTraceBehavior [ RunTime:0.022994s ]
INFO: [ app_end ] --END-- [ RunTime:0.023068s ]

