[ 2019-04-08T11:10:04+08:00 ] ::1 /
INFO: [ app_init ] --START--
INFO: Run Behavior\BuildLiteBehavior [ RunTime:0.000119s ]
INFO: [ app_init ] --END-- [ RunTime:0.019583s ]
INFO: [ app_begin ] --START--
INFO: Run Behavior\ReadHtmlCacheBehavior [ RunTime:0.012782s ]
INFO: [ app_begin ] --END-- [ RunTime:0.012869s ]

[ 2019-04-08T11:10:06+08:00 ] ::1 /index.php/Home/user/login
INFO: [ app_init ] --START--
INFO: Run Behavior\BuildLiteBehavior [ RunTime:0.000023s ]
INFO: [ app_init ] --END-- [ RunTime:0.000327s ]
INFO: [ app_begin ] --START--
INFO: Run Behavior\ReadHtmlCacheBehavior [ RunTime:0.000462s ]
INFO: [ app_begin ] --END-- [ RunTime:0.000517s ]
SQL: SHOW COLUMNS FROM `tb_user` [ RunTime:0.1364s ]
SQL: SELECT * FROM `tb_user` WHERE `id` = '' LIMIT 1   [ RunTime:0.0133s ]
SQL: SHOW COLUMNS FROM `tb_user` [ RunTime:0.0102s ]
NOTIC: [8] Undefined index: username D:\resource\bishe\jiakao\Application\Home\Controller\UserController.class.php 第 16 行.
NOTIC: [8] Undefined index: userpwd D:\resource\bishe\jiakao\Application\Home\Controller\UserController.class.php 第 17 行.
INFO: [ view_parse ] --START--
INFO: [ template_filter ] --START--
INFO: Run Behavior\ContentReplaceBehavior [ RunTime:0.000082s ]
INFO: [ template_filter ] --END-- [ RunTime:0.000143s ]
NOTIC: [8] Use of undefined constant DEFAULT_CONTROLLER - assumed 'DEFAULT_CONTROLLER' D:\resource\bishe\jiakao\Application\Runtime\Cache\Home\b171d71961885d3bf0f7a9b2e0867b01.php 第 62 行.
NOTIC: [8] Undefined variable: data D:\resource\bishe\jiakao\Application\Runtime\Cache\Home\b171d71961885d3bf0f7a9b2e0867b01.php 第 63 行.
NOTIC: [8] Undefined variable: data D:\resource\bishe\jiakao\Application\Runtime\Cache\Home\b171d71961885d3bf0f7a9b2e0867b01.php 第 64 行.
NOTIC: [8] Undefined variable: table D:\resource\bishe\jiakao\Application\Runtime\Cache\Home\b171d71961885d3bf0f7a9b2e0867b01.php 第 65 行.
NOTIC: [8] Undefined variable: laiyuan D:\resource\bishe\jiakao\Application\Runtime\Cache\Home\b171d71961885d3bf0f7a9b2e0867b01.php 第 67 行.
NOTIC: [8] Undefined variable: lang D:\resource\bishe\jiakao\Application\Runtime\Cache\Home\b171d71961885d3bf0f7a9b2e0867b01.php 第 78 行.
NOTIC: [8] Undefined variable: act D:\resource\bishe\jiakao\Application\Runtime\Cache\Home\b171d71961885d3bf0f7a9b2e0867b01.php 第 79 行.
NOTIC: [8] Undefined index: userq D:\resource\bishe\jiakao\Application\Runtime\Cache\Home\b171d71961885d3bf0f7a9b2e0867b01.php 第 80 行.
NOTIC: [8] Undefined index: userq D:\resource\bishe\jiakao\Application\Runtime\Cache\Home\b171d71961885d3bf0f7a9b2e0867b01.php 第 85 行.
NOTIC: [8] Undefined index: userq D:\resource\bishe\jiakao\Application\Runtime\Cache\Home\b171d71961885d3bf0f7a9b2e0867b01.php 第 86 行.
INFO: Run Behavior\ParseTemplateBehavior [ RunTime:0.156111s ]
INFO: [ view_parse ] --END-- [ RunTime:0.156182s ]
INFO: [ view_filter ] --START--
INFO: Run Behavior\WriteHtmlCacheBehavior [ RunTime:0.008743s ]
INFO: [ view_filter ] --END-- [ RunTime:0.008787s ]
INFO: [ app_end ] --START--
INFO: Run Behavior\ShowPageTraceBehavior [ RunTime:0.022436s ]
INFO: [ app_end ] --END-- [ RunTime:0.022720s ]

[ 2019-04-08T11:10:13+08:00 ] ::1 /index.php/Home/user/login
INFO: [ app_init ] --START--
INFO: Run Behavior\BuildLiteBehavior [ RunTime:0.000030s ]
INFO: [ app_init ] --END-- [ RunTime:0.000818s ]
INFO: [ app_begin ] --START--
INFO: Run Behavior\ReadHtmlCacheBehavior [ RunTime:0.000641s ]
INFO: [ app_begin ] --END-- [ RunTime:0.000699s ]
SQL: SHOW COLUMNS FROM `tb_user` [ RunTime:0.0856s ]
SQL: SELECT * FROM `tb_user` WHERE `id` = '' LIMIT 1   [ RunTime:0.0004s ]
SQL: SHOW COLUMNS FROM `tb_user` [ RunTime:0.0121s ]
SQL: SELECT * FROM `tb_user` WHERE `username` = 'admin' AND `userpwd` = '21232f297a57a5a743894a0e4a801fc3' LIMIT 1   [ RunTime:0.0005s ]

[ 2019-04-08T11:10:14+08:00 ] ::1 /index.php/Home/index.html
INFO: [ app_init ] --START--
INFO: Run Behavior\BuildLiteBehavior [ RunTime:0.000019s ]
INFO: [ app_init ] --END-- [ RunTime:0.000570s ]
INFO: [ app_begin ] --START--
INFO: Run Behavior\ReadHtmlCacheBehavior [ RunTime:0.000697s ]
INFO: [ app_begin ] --END-- [ RunTime:0.000765s ]
SQL: SHOW COLUMNS FROM `tb_user` [ RunTime:0.0227s ]
SQL: SELECT * FROM `tb_user` WHERE `id` = '1' LIMIT 1   [ RunTime:0.0003s ]
SQL: SHOW COLUMNS FROM `tb_setting` [ RunTime:0.0164s ]
SQL: SELECT * FROM `tb_setting` WHERE `setting_key` = 'kaoti' LIMIT 1   [ RunTime:0.0003s ]
SQL: SHOW COLUMNS FROM `tb_configex` [ RunTime:0.0254s ]
SQL: SELECT * FROM `tb_configex` WHERE ( 1=1 ) ORDER BY sort asc  [ RunTime:0.0003s ]
SQL: SHOW COLUMNS FROM `tb_class` [ RunTime:0.0183s ]
SQL: SELECT * FROM `tb_class` WHERE `fatherno` = '00010004'  [ RunTime:0.0003s ]
INFO: [ view_parse ] --START--
INFO: [ template_filter ] --START--
INFO: Run Behavior\ContentReplaceBehavior [ RunTime:0.000100s ]
INFO: [ template_filter ] --END-- [ RunTime:0.000147s ]
NOTIC: [8] Use of undefined constant DEFAULT_CONTROLLER - assumed 'DEFAULT_CONTROLLER' D:\resource\bishe\jiakao\Application\Runtime\Cache\Home\769e70f2e46f34ceb60619bbda5e4691.php 第 61 行.
NOTIC: [8] Undefined variable: data D:\resource\bishe\jiakao\Application\Runtime\Cache\Home\769e70f2e46f34ceb60619bbda5e4691.php 第 62 行.
NOTIC: [8] Undefined variable: data D:\resource\bishe\jiakao\Application\Runtime\Cache\Home\769e70f2e46f34ceb60619bbda5e4691.php 第 63 行.
NOTIC: [8] Undefined variable: table D:\resource\bishe\jiakao\Application\Runtime\Cache\Home\769e70f2e46f34ceb60619bbda5e4691.php 第 64 行.
NOTIC: [8] Undefined variable: laiyuan D:\resource\bishe\jiakao\Application\Runtime\Cache\Home\769e70f2e46f34ceb60619bbda5e4691.php 第 66 行.
NOTIC: [8] Undefined variable: lang D:\resource\bishe\jiakao\Application\Runtime\Cache\Home\769e70f2e46f34ceb60619bbda5e4691.php 第 77 行.
NOTIC: [8] Undefined variable: act D:\resource\bishe\jiakao\Application\Runtime\Cache\Home\769e70f2e46f34ceb60619bbda5e4691.php 第 78 行.
NOTIC: [8] Use of undefined constant id - assumed 'id' D:\resource\bishe\jiakao\Application\Runtime\Cache\Home\769e70f2e46f34ceb60619bbda5e4691.php 第 217 行.
NOTIC: [8] Use of undefined constant id - assumed 'id' D:\resource\bishe\jiakao\Application\Runtime\Cache\Home\769e70f2e46f34ceb60619bbda5e4691.php 第 217 行.
NOTIC: [8] Use of undefined constant id - assumed 'id' D:\resource\bishe\jiakao\Application\Runtime\Cache\Home\769e70f2e46f34ceb60619bbda5e4691.php 第 217 行.
INFO: Run Behavior\ParseTemplateBehavior [ RunTime:0.064017s ]
INFO: [ view_parse ] --END-- [ RunTime:0.064077s ]
INFO: [ view_filter ] --START--
INFO: Run Behavior\WriteHtmlCacheBehavior [ RunTime:0.000308s ]
INFO: [ view_filter ] --END-- [ RunTime:0.000337s ]
INFO: [ app_end ] --START--
INFO: Run Behavior\ShowPageTraceBehavior [ RunTime:0.000869s ]
INFO: [ app_end ] --END-- [ RunTime:0.000933s ]

[ 2019-04-08T11:10:35+08:00 ] ::1 /index.php/Home/Exam/index/fatherid/38.html
INFO: [ app_init ] --START--
INFO: Run Behavior\BuildLiteBehavior [ RunTime:0.000016s ]
INFO: [ app_init ] --END-- [ RunTime:0.000483s ]
INFO: [ app_begin ] --START--
INFO: Run Behavior\ReadHtmlCacheBehavior [ RunTime:0.000440s ]
INFO: [ app_begin ] --END-- [ RunTime:0.000482s ]
SQL: SHOW COLUMNS FROM `tb_user` [ RunTime:0.0346s ]
SQL: SELECT * FROM `tb_user` WHERE `id` = '1' LIMIT 1   [ RunTime:0.0018s ]
SQL: SHOW COLUMNS FROM `tb_exam` [ RunTime:0.0358s ]
SQL: SHOW COLUMNS FROM `tb_class` [ RunTime:0.0124s ]
SQL: SELECT * FROM `tb_class` WHERE `id` = 38 LIMIT 1   [ RunTime:0.0006s ]
SQL: SELECT * FROM `tb_class` WHERE `fatherno` = '000100040001'  [ RunTime:0.0006s ]
SQL: SELECT * FROM `tb_class` WHERE `id` = 38 LIMIT 1   [ RunTime:0.0004s ]
NOTIC: [8] Undefined variable: data D:\resource\bishe\jiakao\Application\Home\Controller\ExamController.class.php 第 42 行.
INFO: [ view_parse ] --START--
INFO: [ template_filter ] --START--
INFO: Run Behavior\ContentReplaceBehavior [ RunTime:0.000204s ]
INFO: [ template_filter ] --END-- [ RunTime:0.000279s ]
NOTIC: [8] Use of undefined constant DEFAULT_CONTROLLER - assumed 'DEFAULT_CONTROLLER' D:\resource\bishe\jiakao\Application\Runtime\Cache\Home\3b55929aa3ece9bdb3aa5aa8c12f4fd5.php 第 61 行.
NOTIC: [8] Undefined variable: laiyuan D:\resource\bishe\jiakao\Application\Runtime\Cache\Home\3b55929aa3ece9bdb3aa5aa8c12f4fd5.php 第 66 行.
NOTIC: [8] Undefined variable: lang D:\resource\bishe\jiakao\Application\Runtime\Cache\Home\3b55929aa3ece9bdb3aa5aa8c12f4fd5.php 第 77 行.
NOTIC: [8] Undefined variable: act D:\resource\bishe\jiakao\Application\Runtime\Cache\Home\3b55929aa3ece9bdb3aa5aa8c12f4fd5.php 第 78 行.
NOTIC: [8] Undefined index: kemu D:\resource\bishe\jiakao\Application\Runtime\Cache\Home\3b55929aa3ece9bdb3aa5aa8c12f4fd5.php 第 123 行.
NOTIC: [8] Undefined index: kemu D:\resource\bishe\jiakao\Application\Runtime\Cache\Home\3b55929aa3ece9bdb3aa5aa8c12f4fd5.php 第 123 行.
NOTIC: [8] Undefined index: kemu D:\resource\bishe\jiakao\Application\Runtime\Cache\Home\3b55929aa3ece9bdb3aa5aa8c12f4fd5.php 第 123 行.
NOTIC: [8] Undefined index: kemu D:\resource\bishe\jiakao\Application\Runtime\Cache\Home\3b55929aa3ece9bdb3aa5aa8c12f4fd5.php 第 123 行.
NOTIC: [8] Undefined index: kemu D:\resource\bishe\jiakao\Application\Runtime\Cache\Home\3b55929aa3ece9bdb3aa5aa8c12f4fd5.php 第 123 行.
NOTIC: [8] Undefined index: kemu D:\resource\bishe\jiakao\Application\Runtime\Cache\Home\3b55929aa3ece9bdb3aa5aa8c12f4fd5.php 第 123 行.
INFO: Run Behavior\ParseTemplateBehavior [ RunTime:0.064302s ]
INFO: [ view_parse ] --END-- [ RunTime:0.064380s ]
INFO: [ view_filter ] --START--
INFO: Run Behavior\WriteHtmlCacheBehavior [ RunTime:0.000205s ]
INFO: [ view_filter ] --END-- [ RunTime:0.000232s ]
INFO: [ app_end ] --START--
INFO: Run Behavior\ShowPageTraceBehavior [ RunTime:0.000517s ]
INFO: [ app_end ] --END-- [ RunTime:0.000557s ]

[ 2019-04-08T11:10:39+08:00 ] ::1 /index.php/Home/Exam/lists/act/moni/classid/39/kemu/1
INFO: [ app_init ] --START--
INFO: Run Behavior\BuildLiteBehavior [ RunTime:0.000011s ]
INFO: [ app_init ] --END-- [ RunTime:0.000273s ]
INFO: [ app_begin ] --START--
INFO: Run Behavior\ReadHtmlCacheBehavior [ RunTime:0.000513s ]
INFO: [ app_begin ] --END-- [ RunTime:0.000569s ]
SQL: SHOW COLUMNS FROM `tb_user` [ RunTime:0.0339s ]
SQL: SELECT * FROM `tb_user` WHERE `id` = '1' LIMIT 1   [ RunTime:0.0005s ]
SQL: SHOW COLUMNS FROM `tb_class` [ RunTime:0.0149s ]
SQL: SELECT * FROM `tb_class` WHERE `id` = 39 LIMIT 1   [ RunTime:0.0003s ]
SQL: SELECT * FROM `tb_class` WHERE `classno` = '000100040001' LIMIT 1   [ RunTime:0.0003s ]
SQL: SHOW COLUMNS FROM `tb_exam` [ RunTime:0.0091s ]
SQL: SELECT * FROM `tb_exam` WHERE `classid` = '39' AND `kemu` = 1 AND `type` = 0 ORDER BY RAND() LIMIT 0,40   [ RunTime:0.0388s ]
SQL: SELECT * FROM `tb_exam` WHERE `classid` = '39' AND `kemu` = 1 AND `type` = 1 ORDER BY RAND() LIMIT 0,40   [ RunTime:0.0086s ]
SQL: SELECT * FROM `tb_exam` WHERE `classid` = '39' AND `kemu` = 1 AND `type` = 2 ORDER BY RAND() LIMIT 0,20   [ RunTime:0.0026s ]
NOTIC: [2] Invalid argument supplied for foreach() D:\resource\bishe\jiakao\Application\Home\Controller\ExamController.class.php 第 121 行.
NOTIC: [8] Undefined index: ajax D:\resource\bishe\jiakao\Application\Home\Controller\ExamController.class.php 第 136 行.
NOTIC: [8] Undefined variable: conf D:\resource\bishe\jiakao\Application\Home\Controller\ExamController.class.php 第 151 行.
NOTIC: [8] Undefined index: tpl D:\resource\bishe\jiakao\Application\Home\Controller\ExamController.class.php 第 156 行.
INFO: [ view_parse ] --START--
INFO: [ template_filter ] --START--
INFO: Run Behavior\ContentReplaceBehavior [ RunTime:0.000120s ]
INFO: [ template_filter ] --END-- [ RunTime:0.000187s ]
NOTIC: [8] Use of undefined constant DEFAULT_CONTROLLER - assumed 'DEFAULT_CONTROLLER' D:\resource\bishe\jiakao\Application\Runtime\Cache\Home\bfb98a2b56c27ea7e4a591fb49e9a818.php 第 61 行.
NOTIC: [8] Undefined variable: laiyuan D:\resource\bishe\jiakao\Application\Runtime\Cache\Home\bfb98a2b56c27ea7e4a591fb49e9a818.php 第 66 行.
INFO: Run Behavior\ParseTemplateBehavior [ RunTime:0.107282s ]
INFO: [ view_parse ] --END-- [ RunTime:0.107326s ]
INFO: [ view_filter ] --START--
INFO: Run Behavior\WriteHtmlCacheBehavior [ RunTime:0.000244s ]
INFO: [ view_filter ] --END-- [ RunTime:0.000278s ]
INFO: [ app_end ] --START--
INFO: Run Behavior\ShowPageTraceBehavior [ RunTime:0.001176s ]
INFO: [ app_end ] --END-- [ RunTime:0.001317s ]

[ 2019-04-08T11:10:43+08:00 ] ::1 /index.php/Home/answer/add.html
INFO: [ app_init ] --START--
INFO: Run Behavior\BuildLiteBehavior [ RunTime:0.000030s ]
INFO: [ app_init ] --END-- [ RunTime:0.000616s ]
INFO: [ app_begin ] --START--
INFO: Run Behavior\ReadHtmlCacheBehavior [ RunTime:0.001081s ]
INFO: [ app_begin ] --END-- [ RunTime:0.001171s ]
SQL: SHOW COLUMNS FROM `tb_user` [ RunTime:0.0171s ]
SQL: SELECT * FROM `tb_user` WHERE `id` = '1' LIMIT 1   [ RunTime:0.0007s ]
SQL: SHOW COLUMNS FROM `tb_answer` [ RunTime:0.0199s ]
SQL: SHOW COLUMNS FROM `tb_class` [ RunTime:0.0109s ]
SQL: SELECT * FROM `tb_user` WHERE `id` = '1' LIMIT 1   [ RunTime:0.0004s ]
SQL: UPDATE `tb_user` SET `exam_error_count`='5',`jifen`='0' WHERE (  id=1 ) [ RunTime:0.0184s ]
SQL: SELECT * FROM `tb_answer` WHERE `objidno` = '3f0cc4d8a4e31fee4f058e325c4c208c' AND `userid` = 1 AND `isok` = 1 LIMIT 1   [ RunTime:0.0003s ]
SQL: INSERT INTO `tb_answer` (`type`,`objid`,`objidno`,`isok`,`objtable`,`value`,`title`,`userid`,`time`) VALUES ('1','130','3f0cc4d8a4e31fee4f058e325c4c208c','1','exam','Y','正在执行社区戒毒、强制隔离戒毒、社区康复措施，车辆管理所将注销其驾驶证。','1','1554693043') [ RunTime:0.0064s ]

[ 2019-04-08T11:10:45+08:00 ] ::1 /index.php/Home/answer/add.html
INFO: [ app_init ] --START--
INFO: Run Behavior\BuildLiteBehavior [ RunTime:0.000012s ]
INFO: [ app_init ] --END-- [ RunTime:0.000292s ]
INFO: [ app_begin ] --START--
INFO: Run Behavior\ReadHtmlCacheBehavior [ RunTime:0.000445s ]
INFO: [ app_begin ] --END-- [ RunTime:0.000488s ]
SQL: SHOW COLUMNS FROM `tb_user` [ RunTime:0.0329s ]
SQL: SELECT * FROM `tb_user` WHERE `id` = '1' LIMIT 1   [ RunTime:0.0006s ]
SQL: SHOW COLUMNS FROM `tb_answer` [ RunTime:0.0217s ]
SQL: SHOW COLUMNS FROM `tb_class` [ RunTime:0.0124s ]
SQL: SELECT * FROM `tb_user` WHERE `id` = '1' LIMIT 1   [ RunTime:0.0003s ]
SQL: UPDATE `tb_user` SET `exam_error_count`='6',`jifen`='0' WHERE (  id=1 ) [ RunTime:0.0031s ]
SQL: SELECT * FROM `tb_answer` WHERE `objidno` = '17770812c51cfdb5a0578099ef92fd9c' AND `userid` = 1 AND `isok` = 0 LIMIT 1   [ RunTime:0.0002s ]
SQL: INSERT INTO `tb_answer` (`type`,`objid`,`objidno`,`isok`,`objtable`,`value`,`title`,`userid`,`time`) VALUES ('1','183','17770812c51cfdb5a0578099ef92fd9c','0','exam','N','灯光开关在该位置时，前雾灯点亮。','1','1554693045') [ RunTime:0.0029s ]

[ 2019-04-08T11:10:48+08:00 ] ::1 /index.php/Home/answer/add.html
INFO: [ app_init ] --START--
INFO: Run Behavior\BuildLiteBehavior [ RunTime:0.000015s ]
INFO: [ app_init ] --END-- [ RunTime:0.000349s ]
INFO: [ app_begin ] --START--
INFO: Run Behavior\ReadHtmlCacheBehavior [ RunTime:0.000500s ]
INFO: [ app_begin ] --END-- [ RunTime:0.000549s ]
SQL: SHOW COLUMNS FROM `tb_user` [ RunTime:0.0395s ]
SQL: SELECT * FROM `tb_user` WHERE `id` = '1' LIMIT 1   [ RunTime:0.0006s ]
SQL: SHOW COLUMNS FROM `tb_answer` [ RunTime:0.0155s ]
SQL: SHOW COLUMNS FROM `tb_class` [ RunTime:0.0117s ]
SQL: SELECT * FROM `tb_user` WHERE `id` = '1' LIMIT 1   [ RunTime:0.0003s ]
SQL: UPDATE `tb_user` SET `exam_error_count`='7',`jifen`='0' WHERE (  id=1 ) [ RunTime:0.0032s ]
SQL: SELECT * FROM `tb_answer` WHERE `objidno` = '7455b27c1cbfe0aab4100cf789e805dc' AND `userid` = 1 AND `isok` = 1 LIMIT 1   [ RunTime:0.0002s ]
SQL: INSERT INTO `tb_answer` (`type`,`objid`,`objidno`,`isok`,`objtable`,`value`,`title`,`userid`,`time`) VALUES ('1','201','7455b27c1cbfe0aab4100cf789e805dc','1','exam','Y','驾驶机动车发生财产损失交通事故后，当事人对事实及成因无争议移动车辆时需要对现场拍照或者标划停车位置。','1','1554693048') [ RunTime:0.0019s ]

[ 2019-04-08T11:10:55+08:00 ] ::1 /index.php/Home/Exam/index/fatherid/38.html
INFO: [ app_init ] --START--
INFO: Run Behavior\BuildLiteBehavior [ RunTime:0.000013s ]
INFO: [ app_init ] --END-- [ RunTime:0.000327s ]
INFO: [ app_begin ] --START--
INFO: Run Behavior\ReadHtmlCacheBehavior [ RunTime:0.000526s ]
INFO: [ app_begin ] --END-- [ RunTime:0.000569s ]
SQL: SHOW COLUMNS FROM `tb_user` [ RunTime:0.0398s ]
SQL: SELECT * FROM `tb_user` WHERE `id` = '1' LIMIT 1   [ RunTime:0.0006s ]
SQL: SHOW COLUMNS FROM `tb_exam` [ RunTime:0.0163s ]
SQL: SHOW COLUMNS FROM `tb_class` [ RunTime:0.0114s ]
SQL: SELECT * FROM `tb_class` WHERE `id` = 38 LIMIT 1   [ RunTime:0.0003s ]
SQL: SELECT * FROM `tb_class` WHERE `fatherno` = '000100040001'  [ RunTime:0.0003s ]
SQL: SELECT * FROM `tb_class` WHERE `id` = 38 LIMIT 1   [ RunTime:0.0002s ]
NOTIC: [8] Undefined variable: data D:\resource\bishe\jiakao\Application\Home\Controller\ExamController.class.php 第 42 行.
INFO: [ view_parse ] --START--
INFO: [ template_filter ] --START--
INFO: Run Behavior\ContentReplaceBehavior [ RunTime:0.000133s ]
INFO: [ template_filter ] --END-- [ RunTime:0.000189s ]
NOTIC: [8] Use of undefined constant DEFAULT_CONTROLLER - assumed 'DEFAULT_CONTROLLER' D:\resource\bishe\jiakao\Application\Runtime\Cache\Home\3b55929aa3ece9bdb3aa5aa8c12f4fd5.php 第 61 行.
NOTIC: [8] Undefined variable: laiyuan D:\resource\bishe\jiakao\Application\Runtime\Cache\Home\3b55929aa3ece9bdb3aa5aa8c12f4fd5.php 第 66 行.
NOTIC: [8] Undefined variable: lang D:\resource\bishe\jiakao\Application\Runtime\Cache\Home\3b55929aa3ece9bdb3aa5aa8c12f4fd5.php 第 77 行.
NOTIC: [8] Undefined variable: act D:\resource\bishe\jiakao\Application\Runtime\Cache\Home\3b55929aa3ece9bdb3aa5aa8c12f4fd5.php 第 78 行.
NOTIC: [8] Undefined index: kemu D:\resource\bishe\jiakao\Application\Runtime\Cache\Home\3b55929aa3ece9bdb3aa5aa8c12f4fd5.php 第 123 行.
NOTIC: [8] Undefined index: kemu D:\resource\bishe\jiakao\Application\Runtime\Cache\Home\3b55929aa3ece9bdb3aa5aa8c12f4fd5.php 第 123 行.
NOTIC: [8] Undefined index: kemu D:\resource\bishe\jiakao\Application\Runtime\Cache\Home\3b55929aa3ece9bdb3aa5aa8c12f4fd5.php 第 123 行.
NOTIC: [8] Undefined index: kemu D:\resource\bishe\jiakao\Application\Runtime\Cache\Home\3b55929aa3ece9bdb3aa5aa8c12f4fd5.php 第 123 行.
NOTIC: [8] Undefined index: kemu D:\resource\bishe\jiakao\Application\Runtime\Cache\Home\3b55929aa3ece9bdb3aa5aa8c12f4fd5.php 第 123 行.
NOTIC: [8] Undefined index: kemu D:\resource\bishe\jiakao\Application\Runtime\Cache\Home\3b55929aa3ece9bdb3aa5aa8c12f4fd5.php 第 123 行.
INFO: Run Behavior\ParseTemplateBehavior [ RunTime:0.046394s ]
INFO: [ view_parse ] --END-- [ RunTime:0.046444s ]
INFO: [ view_filter ] --START--
INFO: Run Behavior\WriteHtmlCacheBehavior [ RunTime:0.000354s ]
INFO: [ view_filter ] --END-- [ RunTime:0.000389s ]
INFO: [ app_end ] --START--
INFO: Run Behavior\ShowPageTraceBehavior [ RunTime:0.000852s ]
INFO: [ app_end ] --END-- [ RunTime:0.000907s ]

[ 2019-04-08T11:11:20+08:00 ] ::1 /index.php/Home/Exam/index/fatherid/38.html
INFO: [ app_init ] --START--
INFO: Run Behavior\BuildLiteBehavior [ RunTime:0.000013s ]
INFO: [ app_init ] --END-- [ RunTime:0.000282s ]
INFO: [ app_begin ] --START--
INFO: Run Behavior\ReadHtmlCacheBehavior [ RunTime:0.000410s ]
INFO: [ app_begin ] --END-- [ RunTime:0.000449s ]
SQL: SHOW COLUMNS FROM `tb_user` [ RunTime:0.0440s ]
SQL: SELECT * FROM `tb_user` WHERE `id` = '1' LIMIT 1   [ RunTime:0.0008s ]
SQL: SHOW COLUMNS FROM `tb_exam` [ RunTime:0.0178s ]
SQL: SHOW COLUMNS FROM `tb_class` [ RunTime:0.0081s ]
SQL: SELECT * FROM `tb_class` WHERE `id` = 38 LIMIT 1   [ RunTime:0.0003s ]
SQL: SELECT * FROM `tb_class` WHERE `fatherno` = '000100040001'  [ RunTime:0.0003s ]
SQL: SELECT * FROM `tb_class` WHERE `id` = 38 LIMIT 1   [ RunTime:0.0002s ]
NOTIC: [8] Undefined variable: data D:\resource\bishe\jiakao\Application\Home\Controller\ExamController.class.php 第 42 行.
INFO: [ view_parse ] --START--
INFO: [ template_filter ] --START--
INFO: Run Behavior\ContentReplaceBehavior [ RunTime:0.000108s ]
INFO: [ template_filter ] --END-- [ RunTime:0.000152s ]
NOTIC: [8] Use of undefined constant DEFAULT_CONTROLLER - assumed 'DEFAULT_CONTROLLER' D:\resource\bishe\jiakao\Application\Runtime\Cache\Home\3b55929aa3ece9bdb3aa5aa8c12f4fd5.php 第 61 行.
NOTIC: [8] Undefined variable: laiyuan D:\resource\bishe\jiakao\Application\Runtime\Cache\Home\3b55929aa3ece9bdb3aa5aa8c12f4fd5.php 第 66 行.
NOTIC: [8] Undefined variable: lang D:\resource\bishe\jiakao\Application\Runtime\Cache\Home\3b55929aa3ece9bdb3aa5aa8c12f4fd5.php 第 77 行.
NOTIC: [8] Undefined variable: act D:\resource\bishe\jiakao\Application\Runtime\Cache\Home\3b55929aa3ece9bdb3aa5aa8c12f4fd5.php 第 78 行.
NOTIC: [8] Undefined index: kemu D:\resource\bishe\jiakao\Application\Runtime\Cache\Home\3b55929aa3ece9bdb3aa5aa8c12f4fd5.php 第 123 行.
NOTIC: [8] Undefined index: kemu D:\resource\bishe\jiakao\Application\Runtime\Cache\Home\3b55929aa3ece9bdb3aa5aa8c12f4fd5.php 第 123 行.
NOTIC: [8] Undefined index: kemu D:\resource\bishe\jiakao\Application\Runtime\Cache\Home\3b55929aa3ece9bdb3aa5aa8c12f4fd5.php 第 123 行.
NOTIC: [8] Undefined index: kemu D:\resource\bishe\jiakao\Application\Runtime\Cache\Home\3b55929aa3ece9bdb3aa5aa8c12f4fd5.php 第 123 行.
NOTIC: [8] Undefined index: kemu D:\resource\bishe\jiakao\Application\Runtime\Cache\Home\3b55929aa3ece9bdb3aa5aa8c12f4fd5.php 第 123 行.
NOTIC: [8] Undefined index: kemu D:\resource\bishe\jiakao\Application\Runtime\Cache\Home\3b55929aa3ece9bdb3aa5aa8c12f4fd5.php 第 123 行.
INFO: Run Behavior\ParseTemplateBehavior [ RunTime:0.039743s ]
INFO: [ view_parse ] --END-- [ RunTime:0.039786s ]
INFO: [ view_filter ] --START--
INFO: Run Behavior\WriteHtmlCacheBehavior [ RunTime:0.000253s ]
INFO: [ view_filter ] --END-- [ RunTime:0.000288s ]
INFO: [ app_end ] --START--
INFO: Run Behavior\ShowPageTraceBehavior [ RunTime:0.000550s ]
INFO: [ app_end ] --END-- [ RunTime:0.000589s ]

