[ 2019-06-05T11:07:24+08:00 ] ::1 /
INFO: [ app_init ] --START--
INFO: Run Behavior\BuildLiteBehavior [ RunTime:0.000057s ]
INFO: [ app_init ] --END-- [ RunTime:0.028986s ]
INFO: [ app_begin ] --START--
INFO: Run Behavior\ReadHtmlCacheBehavior [ RunTime:0.017544s ]
INFO: [ app_begin ] --END-- [ RunTime:0.017622s ]

[ 2019-06-05T11:07:26+08:00 ] ::1 /index.php/Home/user/login
INFO: [ app_init ] --START--
INFO: Run Behavior\BuildLiteBehavior [ RunTime:0.000019s ]
INFO: [ app_init ] --END-- [ RunTime:0.000427s ]
INFO: [ app_begin ] --START--
INFO: Run Behavior\ReadHtmlCacheBehavior [ RunTime:0.000669s ]
INFO: [ app_begin ] --END-- [ RunTime:0.000736s ]
SQL: SHOW COLUMNS FROM `tb_user` [ RunTime:0.5304s ]
SQL: SELECT * FROM `tb_user` WHERE `id` = '' LIMIT 1   [ RunTime:0.0488s ]
SQL: SHOW COLUMNS FROM `tb_user` [ RunTime:0.0269s ]
NOTIC: [8] Undefined index: username D:\resource\bishe\jiakao\Application\Home\Controller\UserController.class.php 第 16 行.
NOTIC: [8] Undefined index: userpwd D:\resource\bishe\jiakao\Application\Home\Controller\UserController.class.php 第 17 行.
INFO: [ view_parse ] --START--
INFO: [ template_filter ] --START--
INFO: Run Behavior\ContentReplaceBehavior [ RunTime:0.000110s ]
INFO: [ template_filter ] --END-- [ RunTime:0.000177s ]
NOTIC: [8] Use of undefined constant DEFAULT_CONTROLLER - assumed 'DEFAULT_CONTROLLER' D:\resource\bishe\jiakao\Application\Runtime\Cache\Home\b171d71961885d3bf0f7a9b2e0867b01.php 第 205 行.
NOTIC: [8] Undefined variable: data D:\resource\bishe\jiakao\Application\Runtime\Cache\Home\b171d71961885d3bf0f7a9b2e0867b01.php 第 206 行.
NOTIC: [8] Undefined variable: data D:\resource\bishe\jiakao\Application\Runtime\Cache\Home\b171d71961885d3bf0f7a9b2e0867b01.php 第 207 行.
NOTIC: [8] Undefined variable: table D:\resource\bishe\jiakao\Application\Runtime\Cache\Home\b171d71961885d3bf0f7a9b2e0867b01.php 第 208 行.
NOTIC: [8] Undefined variable: laiyuan D:\resource\bishe\jiakao\Application\Runtime\Cache\Home\b171d71961885d3bf0f7a9b2e0867b01.php 第 210 行.
NOTIC: [8] Undefined variable: lang D:\resource\bishe\jiakao\Application\Runtime\Cache\Home\b171d71961885d3bf0f7a9b2e0867b01.php 第 221 行.
NOTIC: [8] Undefined variable: act D:\resource\bishe\jiakao\Application\Runtime\Cache\Home\b171d71961885d3bf0f7a9b2e0867b01.php 第 222 行.
NOTIC: [8] Undefined index: userq D:\resource\bishe\jiakao\Application\Runtime\Cache\Home\b171d71961885d3bf0f7a9b2e0867b01.php 第 223 行.
NOTIC: [8] Undefined index: userq D:\resource\bishe\jiakao\Application\Runtime\Cache\Home\b171d71961885d3bf0f7a9b2e0867b01.php 第 228 行.
NOTIC: [8] Undefined index: userq D:\resource\bishe\jiakao\Application\Runtime\Cache\Home\b171d71961885d3bf0f7a9b2e0867b01.php 第 229 行.
INFO: Run Behavior\ParseTemplateBehavior [ RunTime:0.202077s ]
INFO: [ view_parse ] --END-- [ RunTime:0.202133s ]
INFO: [ view_filter ] --START--
INFO: Run Behavior\WriteHtmlCacheBehavior [ RunTime:0.008865s ]
INFO: [ view_filter ] --END-- [ RunTime:0.008911s ]
INFO: [ app_end ] --START--
INFO: Run Behavior\ShowPageTraceBehavior [ RunTime:0.037691s ]
INFO: [ app_end ] --END-- [ RunTime:0.037786s ]

[ 2019-06-05T11:07:34+08:00 ] ::1 /index.php/Home/user/login
INFO: [ app_init ] --START--
INFO: Run Behavior\BuildLiteBehavior [ RunTime:0.000014s ]
INFO: [ app_init ] --END-- [ RunTime:0.000290s ]
INFO: [ app_begin ] --START--
INFO: Run Behavior\ReadHtmlCacheBehavior [ RunTime:0.000448s ]
INFO: [ app_begin ] --END-- [ RunTime:0.000496s ]
SQL: SHOW COLUMNS FROM `tb_user` [ RunTime:0.0640s ]
SQL: SELECT * FROM `tb_user` WHERE `id` = '' LIMIT 1   [ RunTime:0.0003s ]
SQL: SHOW COLUMNS FROM `tb_user` [ RunTime:0.0517s ]
SQL: SELECT * FROM `tb_user` WHERE `username` = 'admin' AND `userpwd` = '21232f297a57a5a743894a0e4a801fc3' LIMIT 1   [ RunTime:0.0004s ]

[ 2019-06-05T11:07:35+08:00 ] ::1 /index.php/Home/index.html
INFO: [ app_init ] --START--
INFO: Run Behavior\BuildLiteBehavior [ RunTime:0.000020s ]
INFO: [ app_init ] --END-- [ RunTime:0.000457s ]
INFO: [ app_begin ] --START--
INFO: Run Behavior\ReadHtmlCacheBehavior [ RunTime:0.000663s ]
INFO: [ app_begin ] --END-- [ RunTime:0.000725s ]
SQL: SHOW COLUMNS FROM `tb_user` [ RunTime:0.0134s ]
SQL: SELECT * FROM `tb_user` WHERE `id` = '1' LIMIT 1   [ RunTime:0.0003s ]
SQL: SHOW COLUMNS FROM `tb_setting` [ RunTime:0.0186s ]
SQL: SELECT * FROM `tb_setting` WHERE `setting_key` = 'kaoti' LIMIT 1   [ RunTime:0.0003s ]
SQL: SHOW COLUMNS FROM `tb_configex` [ RunTime:0.0798s ]
SQL: SELECT * FROM `tb_configex` WHERE ( 1=1 ) ORDER BY sort asc  [ RunTime:0.0110s ]
SQL: SHOW COLUMNS FROM `tb_class` [ RunTime:0.0200s ]
SQL: SELECT * FROM `tb_class` WHERE `fatherno` = '00010004'  [ RunTime:0.0003s ]
INFO: [ view_parse ] --START--
INFO: [ template_filter ] --START--
INFO: Run Behavior\ContentReplaceBehavior [ RunTime:0.000100s ]
INFO: [ template_filter ] --END-- [ RunTime:0.000146s ]
NOTIC: [8] Use of undefined constant DEFAULT_CONTROLLER - assumed 'DEFAULT_CONTROLLER' D:\resource\bishe\jiakao\Application\Runtime\Cache\Home\769e70f2e46f34ceb60619bbda5e4691.php 第 204 行.
NOTIC: [8] Undefined variable: data D:\resource\bishe\jiakao\Application\Runtime\Cache\Home\769e70f2e46f34ceb60619bbda5e4691.php 第 205 行.
NOTIC: [8] Undefined variable: data D:\resource\bishe\jiakao\Application\Runtime\Cache\Home\769e70f2e46f34ceb60619bbda5e4691.php 第 206 行.
NOTIC: [8] Undefined variable: table D:\resource\bishe\jiakao\Application\Runtime\Cache\Home\769e70f2e46f34ceb60619bbda5e4691.php 第 207 行.
NOTIC: [8] Undefined variable: laiyuan D:\resource\bishe\jiakao\Application\Runtime\Cache\Home\769e70f2e46f34ceb60619bbda5e4691.php 第 209 行.
NOTIC: [8] Undefined variable: lang D:\resource\bishe\jiakao\Application\Runtime\Cache\Home\769e70f2e46f34ceb60619bbda5e4691.php 第 220 行.
NOTIC: [8] Undefined variable: act D:\resource\bishe\jiakao\Application\Runtime\Cache\Home\769e70f2e46f34ceb60619bbda5e4691.php 第 221 行.
INFO: Run Behavior\ParseTemplateBehavior [ RunTime:0.056586s ]
INFO: [ view_parse ] --END-- [ RunTime:0.056652s ]
INFO: [ view_filter ] --START--
INFO: Run Behavior\WriteHtmlCacheBehavior [ RunTime:0.000245s ]
INFO: [ view_filter ] --END-- [ RunTime:0.000276s ]
INFO: [ app_end ] --START--
INFO: Run Behavior\ShowPageTraceBehavior [ RunTime:0.000540s ]
INFO: [ app_end ] --END-- [ RunTime:0.000590s ]

[ 2019-06-05T11:07:56+08:00 ] ::1 /
INFO: [ app_init ] --START--
INFO: Run Behavior\BuildLiteBehavior [ RunTime:0.000024s ]
INFO: [ app_init ] --END-- [ RunTime:0.000574s ]
INFO: [ app_begin ] --START--
INFO: Run Behavior\ReadHtmlCacheBehavior [ RunTime:0.000997s ]
INFO: [ app_begin ] --END-- [ RunTime:0.001185s ]
SQL: SHOW COLUMNS FROM `tb_user` [ RunTime:0.0348s ]
SQL: SELECT * FROM `tb_user` WHERE `id` = '1' LIMIT 1   [ RunTime:0.0007s ]
SQL: SHOW COLUMNS FROM `tb_setting` [ RunTime:0.0231s ]
SQL: SELECT * FROM `tb_setting` WHERE `setting_key` = 'kaoti' LIMIT 1   [ RunTime:0.0004s ]
SQL: SHOW COLUMNS FROM `tb_configex` [ RunTime:0.0234s ]
SQL: SELECT * FROM `tb_configex` WHERE ( 1=1 ) ORDER BY sort asc  [ RunTime:0.0007s ]
SQL: SHOW COLUMNS FROM `tb_class` [ RunTime:0.0265s ]
SQL: SELECT * FROM `tb_class` WHERE `fatherno` = '00010004'  [ RunTime:0.0010s ]
INFO: [ view_parse ] --START--
INFO: [ template_filter ] --START--
INFO: Run Behavior\ContentReplaceBehavior [ RunTime:0.000234s ]
INFO: [ template_filter ] --END-- [ RunTime:0.000382s ]
NOTIC: [8] Use of undefined constant DEFAULT_CONTROLLER - assumed 'DEFAULT_CONTROLLER' D:\resource\bishe\jiakao\Application\Runtime\Cache\Home\769e70f2e46f34ceb60619bbda5e4691.php 第 204 行.
NOTIC: [8] Undefined variable: data D:\resource\bishe\jiakao\Application\Runtime\Cache\Home\769e70f2e46f34ceb60619bbda5e4691.php 第 205 行.
NOTIC: [8] Undefined variable: data D:\resource\bishe\jiakao\Application\Runtime\Cache\Home\769e70f2e46f34ceb60619bbda5e4691.php 第 206 行.
NOTIC: [8] Undefined variable: table D:\resource\bishe\jiakao\Application\Runtime\Cache\Home\769e70f2e46f34ceb60619bbda5e4691.php 第 207 行.
NOTIC: [8] Undefined variable: laiyuan D:\resource\bishe\jiakao\Application\Runtime\Cache\Home\769e70f2e46f34ceb60619bbda5e4691.php 第 209 行.
NOTIC: [8] Undefined variable: lang D:\resource\bishe\jiakao\Application\Runtime\Cache\Home\769e70f2e46f34ceb60619bbda5e4691.php 第 220 行.
NOTIC: [8] Undefined variable: act D:\resource\bishe\jiakao\Application\Runtime\Cache\Home\769e70f2e46f34ceb60619bbda5e4691.php 第 221 行.
INFO: Run Behavior\ParseTemplateBehavior [ RunTime:0.056820s ]
INFO: [ view_parse ] --END-- [ RunTime:0.056932s ]
INFO: [ view_filter ] --START--
INFO: Run Behavior\WriteHtmlCacheBehavior [ RunTime:0.000424s ]
INFO: [ view_filter ] --END-- [ RunTime:0.000475s ]
INFO: [ app_end ] --START--
INFO: Run Behavior\ShowPageTraceBehavior [ RunTime:0.000930s ]
INFO: [ app_end ] --END-- [ RunTime:0.001072s ]

[ 2019-06-05T11:16:35+08:00 ] ::1 /index.php/Home/Exam/index/fatherid/38.html
INFO: [ app_init ] --START--
INFO: Run Behavior\BuildLiteBehavior [ RunTime:0.000017s ]
INFO: [ app_init ] --END-- [ RunTime:0.000408s ]
INFO: [ app_begin ] --START--
INFO: Run Behavior\ReadHtmlCacheBehavior [ RunTime:0.000709s ]
INFO: [ app_begin ] --END-- [ RunTime:0.000760s ]
SQL: SHOW COLUMNS FROM `tb_user` [ RunTime:0.0530s ]
SQL: SELECT * FROM `tb_user` WHERE `id` = '1' LIMIT 1   [ RunTime:0.0011s ]
SQL: SHOW COLUMNS FROM `tb_exam` [ RunTime:0.0503s ]
SQL: SHOW COLUMNS FROM `tb_class` [ RunTime:0.0609s ]
SQL: SELECT * FROM `tb_class` WHERE `id` = 38 LIMIT 1   [ RunTime:0.0008s ]
SQL: SELECT * FROM `tb_class` WHERE `fatherno` = '000100040001'  [ RunTime:0.0009s ]
SQL: SELECT * FROM `tb_class` WHERE `id` = 38 LIMIT 1   [ RunTime:0.0007s ]
NOTIC: [8] Object of class Home\Controller\ExamController could not be converted to int D:\resource\bishe\jiakao\Application\Home\Controller\ExamController.class.php 第 38 行.
NOTIC: [8] Undefined variable: data D:\resource\bishe\jiakao\Application\Home\Controller\ExamController.class.php 第 39 行.
INFO: [ view_parse ] --START--
INFO: [ template_filter ] --START--
INFO: Run Behavior\ContentReplaceBehavior [ RunTime:0.000398s ]
INFO: [ template_filter ] --END-- [ RunTime:0.000551s ]
NOTIC: [8] Use of undefined constant DEFAULT_CONTROLLER - assumed 'DEFAULT_CONTROLLER' D:\resource\bishe\jiakao\Application\Runtime\Cache\Home\3b55929aa3ece9bdb3aa5aa8c12f4fd5.php 第 204 行.
NOTIC: [8] Undefined variable: laiyuan D:\resource\bishe\jiakao\Application\Runtime\Cache\Home\3b55929aa3ece9bdb3aa5aa8c12f4fd5.php 第 209 行.
NOTIC: [8] Undefined variable: lang D:\resource\bishe\jiakao\Application\Runtime\Cache\Home\3b55929aa3ece9bdb3aa5aa8c12f4fd5.php 第 220 行.
NOTIC: [8] Undefined variable: act D:\resource\bishe\jiakao\Application\Runtime\Cache\Home\3b55929aa3ece9bdb3aa5aa8c12f4fd5.php 第 221 行.
NOTIC: [8] Undefined index: kemu D:\resource\bishe\jiakao\Application\Runtime\Cache\Home\3b55929aa3ece9bdb3aa5aa8c12f4fd5.php 第 266 行.
NOTIC: [8] Undefined index: kemu D:\resource\bishe\jiakao\Application\Runtime\Cache\Home\3b55929aa3ece9bdb3aa5aa8c12f4fd5.php 第 266 行.
NOTIC: [8] Undefined index: kemu D:\resource\bishe\jiakao\Application\Runtime\Cache\Home\3b55929aa3ece9bdb3aa5aa8c12f4fd5.php 第 266 行.
NOTIC: [8] Undefined index: kemu D:\resource\bishe\jiakao\Application\Runtime\Cache\Home\3b55929aa3ece9bdb3aa5aa8c12f4fd5.php 第 266 行.
NOTIC: [8] Undefined index: kemu D:\resource\bishe\jiakao\Application\Runtime\Cache\Home\3b55929aa3ece9bdb3aa5aa8c12f4fd5.php 第 266 行.
NOTIC: [8] Undefined index: kemu D:\resource\bishe\jiakao\Application\Runtime\Cache\Home\3b55929aa3ece9bdb3aa5aa8c12f4fd5.php 第 266 行.
INFO: Run Behavior\ParseTemplateBehavior [ RunTime:0.223019s ]
INFO: [ view_parse ] --END-- [ RunTime:0.223276s ]
INFO: [ view_filter ] --START--
INFO: Run Behavior\WriteHtmlCacheBehavior [ RunTime:0.001605s ]
INFO: [ view_filter ] --END-- [ RunTime:0.001803s ]
INFO: [ app_end ] --START--
INFO: Run Behavior\ShowPageTraceBehavior [ RunTime:0.015299s ]
INFO: [ app_end ] --END-- [ RunTime:0.016892s ]

[ 2019-06-05T11:16:39+08:00 ] ::1 /index.php/Home/Exam/lists/act/moni/classid/39/kemu/1
INFO: [ app_init ] --START--
INFO: Run Behavior\BuildLiteBehavior [ RunTime:0.000015s ]
INFO: [ app_init ] --END-- [ RunTime:0.000378s ]
INFO: [ app_begin ] --START--
INFO: Run Behavior\ReadHtmlCacheBehavior [ RunTime:0.000668s ]
INFO: [ app_begin ] --END-- [ RunTime:0.000716s ]
SQL: SHOW COLUMNS FROM `tb_user` [ RunTime:0.0573s ]
SQL: SELECT * FROM `tb_user` WHERE `id` = '1' LIMIT 1   [ RunTime:0.0013s ]
SQL: SHOW COLUMNS FROM `tb_class` [ RunTime:0.0356s ]
SQL: SELECT * FROM `tb_class` WHERE `id` = 39 LIMIT 1   [ RunTime:0.0008s ]
SQL: SELECT * FROM `tb_class` WHERE `classno` = '000100040001' LIMIT 1   [ RunTime:0.0008s ]
SQL: SHOW COLUMNS FROM `tb_exam` [ RunTime:0.0319s ]
SQL: SELECT * FROM `tb_exam` WHERE `classid` = '39' AND `kemu` = 1 AND `type` = 0 ORDER BY RAND() LIMIT 0,50   [ RunTime:0.0698s ]
SQL: SELECT * FROM `tb_exam` WHERE `classid` = '39' AND `kemu` = 1 AND `type` = 1 ORDER BY RAND() LIMIT 0,50   [ RunTime:0.0263s ]
SQL: SELECT * FROM `tb_exam` WHERE `classid` = '39' AND `kemu` = 1 AND `type` = 2 ORDER BY RAND() LIMIT 0,20   [ RunTime:0.0090s ]
NOTIC: [2] Invalid argument supplied for foreach() D:\resource\bishe\jiakao\Application\Home\Controller\ExamController.class.php 第 118 行.
NOTIC: [8] Undefined index: ajax D:\resource\bishe\jiakao\Application\Home\Controller\ExamController.class.php 第 133 行.
NOTIC: [8] Undefined variable: conf D:\resource\bishe\jiakao\Application\Home\Controller\ExamController.class.php 第 148 行.
NOTIC: [8] Undefined index: tpl D:\resource\bishe\jiakao\Application\Home\Controller\ExamController.class.php 第 153 行.
INFO: [ view_parse ] --START--
INFO: [ template_filter ] --START--
INFO: Run Behavior\ContentReplaceBehavior [ RunTime:0.000348s ]
INFO: [ template_filter ] --END-- [ RunTime:0.000492s ]
NOTIC: [8] Use of undefined constant DEFAULT_CONTROLLER - assumed 'DEFAULT_CONTROLLER' D:\resource\bishe\jiakao\Application\Runtime\Cache\Home\bfb98a2b56c27ea7e4a591fb49e9a818.php 第 204 行.
NOTIC: [8] Undefined variable: laiyuan D:\resource\bishe\jiakao\Application\Runtime\Cache\Home\bfb98a2b56c27ea7e4a591fb49e9a818.php 第 209 行.
INFO: Run Behavior\ParseTemplateBehavior [ RunTime:0.332559s ]
INFO: [ view_parse ] --END-- [ RunTime:0.332661s ]
INFO: [ view_filter ] --START--
INFO: Run Behavior\WriteHtmlCacheBehavior [ RunTime:0.000511s ]
INFO: [ view_filter ] --END-- [ RunTime:0.000555s ]
INFO: [ app_end ] --START--
INFO: Run Behavior\ShowPageTraceBehavior [ RunTime:0.002795s ]
INFO: [ app_end ] --END-- [ RunTime:0.002928s ]

[ 2019-06-05T11:16:43+08:00 ] ::1 /index.php/Home/Exam/lists/act/shunxi/classid/39/kemu/1/tpl/lists_a
INFO: [ app_init ] --START--
INFO: Run Behavior\BuildLiteBehavior [ RunTime:0.000015s ]
INFO: [ app_init ] --END-- [ RunTime:0.000390s ]
INFO: [ app_begin ] --START--
INFO: Run Behavior\ReadHtmlCacheBehavior [ RunTime:0.000770s ]
INFO: [ app_begin ] --END-- [ RunTime:0.000819s ]
SQL: SHOW COLUMNS FROM `tb_user` [ RunTime:0.0495s ]
SQL: SELECT * FROM `tb_user` WHERE `id` = '1' LIMIT 1   [ RunTime:0.0011s ]
SQL: SHOW COLUMNS FROM `tb_class` [ RunTime:0.0361s ]
SQL: SELECT * FROM `tb_class` WHERE `id` = 39 LIMIT 1   [ RunTime:0.0004s ]
SQL: SELECT * FROM `tb_class` WHERE `classno` = '000100040001' LIMIT 1   [ RunTime:0.0005s ]
SQL: SHOW COLUMNS FROM `tb_exam` [ RunTime:0.0302s ]
SQL: SELECT COUNT(*) AS tp_count FROM `tb_exam` WHERE `classid` = '39' AND `kemu` = 1 LIMIT 1   [ RunTime:0.0013s ]
NOTIC: [8] Undefined index: p D:\resource\bishe\jiakao\Application\Home\Controller\ExamController.class.php 第 89 行.
SQL: SELECT * FROM `tb_exam` WHERE `classid` = '39' AND `kemu` = 1 ORDER BY id desc LIMIT 0,200   [ RunTime:0.0025s ]
NOTIC: [8] Undefined index: ajax D:\resource\bishe\jiakao\Application\Home\Controller\ExamController.class.php 第 133 行.
NOTIC: [8] Undefined variable: conf D:\resource\bishe\jiakao\Application\Home\Controller\ExamController.class.php 第 148 行.
INFO: [ view_parse ] --START--
INFO: [ template_filter ] --START--
INFO: Run Behavior\ContentReplaceBehavior [ RunTime:0.000099s ]
INFO: [ template_filter ] --END-- [ RunTime:0.000143s ]
NOTIC: [8] Use of undefined constant DEFAULT_CONTROLLER - assumed 'DEFAULT_CONTROLLER' D:\resource\bishe\jiakao\Application\Runtime\Cache\Home\1629bacd96a7208075e468b7c0a698f3.php 第 204 行.
NOTIC: [8] Undefined variable: laiyuan D:\resource\bishe\jiakao\Application\Runtime\Cache\Home\1629bacd96a7208075e468b7c0a698f3.php 第 209 行.
NOTIC: [8] Use of undefined constant photo - assumed 'photo' D:\resource\bishe\jiakao\Application\Runtime\Cache\Home\1629bacd96a7208075e468b7c0a698f3.php 第 280 行.
NOTIC: [8] Use of undefined constant photo - assumed 'photo' D:\resource\bishe\jiakao\Application\Runtime\Cache\Home\1629bacd96a7208075e468b7c0a698f3.php 第 280 行.
NOTIC: [8] Use of undefined constant photo - assumed 'photo' D:\resource\bishe\jiakao\Application\Runtime\Cache\Home\1629bacd96a7208075e468b7c0a698f3.php 第 280 行.
NOTIC: [8] Use of undefined constant photo - assumed 'photo' D:\resource\bishe\jiakao\Application\Runtime\Cache\Home\1629bacd96a7208075e468b7c0a698f3.php 第 280 行.
NOTIC: [8] Use of undefined constant photo - assumed 'photo' D:\resource\bishe\jiakao\Application\Runtime\Cache\Home\1629bacd96a7208075e468b7c0a698f3.php 第 280 行.
NOTIC: [8] Use of undefined constant photo - assumed 'photo' D:\resource\bishe\jiakao\Application\Runtime\Cache\Home\1629bacd96a7208075e468b7c0a698f3.php 第 280 行.
NOTIC: [8] Use of undefined constant photo - assumed 'photo' D:\resource\bishe\jiakao\Application\Runtime\Cache\Home\1629bacd96a7208075e468b7c0a698f3.php 第 280 行.
NOTIC: [8] Use of undefined constant photo - assumed 'photo' D:\resource\bishe\jiakao\Application\Runtime\Cache\Home\1629bacd96a7208075e468b7c0a698f3.php 第 280 行.
NOTIC: [8] Use of undefined constant photo - assumed 'photo' D:\resource\bishe\jiakao\Application\Runtime\Cache\Home\1629bacd96a7208075e468b7c0a698f3.php 第 280 行.
NOTIC: [8] Use of undefined constant photo - assumed 'photo' D:\resource\bishe\jiakao\Application\Runtime\Cache\Home\1629bacd96a7208075e468b7c0a698f3.php 第 280 行.
NOTIC: [8] Use of undefined constant photo - assumed 'photo' D:\resource\bishe\jiakao\Application\Runtime\Cache\Home\1629bacd96a7208075e468b7c0a698f3.php 第 280 行.
NOTIC: [8] Use of undefined constant photo - assumed 'photo' D:\resource\bishe\jiakao\Application\Runtime\Cache\Home\1629bacd96a7208075e468b7c0a698f3.php 第 280 行.
NOTIC: [8] Use of undefined constant photo - assumed 'photo' D:\resource\bishe\jiakao\Application\Runtime\Cache\Home\1629bacd96a7208075e468b7c0a698f3.php 第 280 行.
NOTIC: [8] Use of undefined constant photo - assumed 'photo' D:\resource\bishe\jiakao\Application\Runtime\Cache\Home\1629bacd96a7208075e468b7c0a698f3.php 第 280 行.
NOTIC: [8] Use of undefined constant photo - assumed 'photo' D:\resource\bishe\jiakao\Application\Runtime\Cache\Home\1629bacd96a7208075e468b7c0a698f3.php 第 280 行.
NOTIC: [8] Use of undefined constant photo - assumed 'photo' D:\resource\bishe\jiakao\Application\Runtime\Cache\Home\1629bacd96a7208075e468b7c0a698f3.php 第 280 行.
NOTIC: [8] Use of undefined constant photo - assumed 'photo' D:\resource\bishe\jiakao\Application\Runtime\Cache\Home\1629bacd96a7208075e468b7c0a698f3.php 第 280 行.
NOTIC: [8] Use of undefined constant photo - assumed 'photo' D:\resource\bishe\jiakao\Application\Runtime\Cache\Home\1629bacd96a7208075e468b7c0a698f3.php 第 280 行.
NOTIC: [8] Use of undefined constant photo - assumed 'photo' D:\resource\bishe\jiakao\Application\Runtime\Cache\Home\1629bacd96a7208075e468b7c0a698f3.php 第 280 行.
NOTIC: [8] Use of undefined constant photo - assumed 'photo' D:\resource\bishe\jiakao\Application\Runtime\Cache\Home\1629bacd96a7208075e468b7c0a698f3.php 第 280 行.
NOTIC: [8] Use of undefined constant photo - assumed 'photo' D:\resource\bishe\jiakao\Application\Runtime\Cache\Home\1629bacd96a7208075e468b7c0a698f3.php 第 280 行.
NOTIC: [8] Use of undefined constant photo - assumed 'photo' D:\resource\bishe\jiakao\Application\Runtime\Cache\Home\1629bacd96a7208075e468b7c0a698f3.php 第 280 行.
NOTIC: [8] Use of undefined constant photo - assumed 'photo' D:\resource\bishe\jiakao\Application\Runtime\Cache\Home\1629bacd96a7208075e468b7c0a698f3.php 第 280 行.
NOTIC: [8] Use of undefined constant photo - assumed 'photo' D:\resource\bishe\jiakao\Application\Runtime\Cache\Home\1629bacd96a7208075e468b7c0a698f3.php 第 280 行.
NOTIC: [8] Use of undefined constant photo - assumed 'photo' D:\resource\bishe\jiakao\Application\Runtime\Cache\Home\1629bacd96a7208075e468b7c0a698f3.php 第 280 行.
NOTIC: [8] Use of undefined constant photo - assumed 'photo' D:\resource\bishe\jiakao\Application\Runtime\Cache\Home\1629bacd96a7208075e468b7c0a698f3.php 第 280 行.
NOTIC: [8] Use of undefined constant photo - assumed 'photo' D:\resource\bishe\jiakao\Application\Runtime\Cache\Home\1629bacd96a7208075e468b7c0a698f3.php 第 280 行.
NOTIC: [8] Use of undefined constant photo - assumed 'photo' D:\resource\bishe\jiakao\Application\Runtime\Cache\Home\1629bacd96a7208075e468b7c0a698f3.php 第 280 行.
NOTIC: [8] Use of undefined constant photo - assumed 'photo' D:\resource\bishe\jiakao\Application\Runtime\Cache\Home\1629bacd96a7208075e468b7c0a698f3.php 第 280 行.
NOTIC: [8] Use of undefined constant photo - assumed 'photo' D:\resource\bishe\jiakao\Application\Runtime\Cache\Home\1629bacd96a7208075e468b7c0a698f3.php 第 280 行.
NOTIC: [8] Use of undefined constant photo - assumed 'photo' D:\resource\bishe\jiakao\Application\Runtime\Cache\Home\1629bacd96a7208075e468b7c0a698f3.php 第 280 行.
NOTIC: [8] Use of undefined constant photo - assumed 'photo' D:\resource\bishe\jiakao\Application\Runtime\Cache\Home\1629bacd96a7208075e468b7c0a698f3.php 第 280 行.
NOTIC: [8] Use of undefined constant photo - assumed 'photo' D:\resource\bishe\jiakao\Application\Runtime\Cache\Home\1629bacd96a7208075e468b7c0a698f3.php 第 280 行.
NOTIC: [8] Use of undefined constant photo - assumed 'photo' D:\resource\bishe\jiakao\Application\Runtime\Cache\Home\1629bacd96a7208075e468b7c0a698f3.php 第 280 行.
NOTIC: [8] Use of undefined constant photo - assumed 'photo' D:\resource\bishe\jiakao\Application\Runtime\Cache\Home\1629bacd96a7208075e468b7c0a698f3.php 第 280 行.
NOTIC: [8] Use of undefined constant photo - assumed 'photo' D:\resource\bishe\jiakao\Application\Runtime\Cache\Home\1629bacd96a7208075e468b7c0a698f3.php 第 280 行.
NOTIC: [8] Use of undefined constant photo - assumed 'photo' D:\resource\bishe\jiakao\Application\Runtime\Cache\Home\1629bacd96a7208075e468b7c0a698f3.php 第 280 行.
NOTIC: [8] Use of undefined constant photo - assumed 'photo' D:\resource\bishe\jiakao\Application\Runtime\Cache\Home\1629bacd96a7208075e468b7c0a698f3.php 第 280 行.
NOTIC: [8] Use of undefined constant photo - assumed 'photo' D:\resource\bishe\jiakao\Application\Runtime\Cache\Home\1629bacd96a7208075e468b7c0a698f3.php 第 280 行.
NOTIC: [8] Use of undefined constant photo - assumed 'photo' D:\resource\bishe\jiakao\Application\Runtime\Cache\Home\1629bacd96a7208075e468b7c0a698f3.php 第 280 行.
NOTIC: [8] Use of undefined constant photo - assumed 'photo' D:\resource\bishe\jiakao\Application\Runtime\Cache\Home\1629bacd96a7208075e468b7c0a698f3.php 第 280 行.
NOTIC: [8] Use of undefined constant photo - assumed 'photo' D:\resource\bishe\jiakao\Application\Runtime\Cache\Home\1629bacd96a7208075e468b7c0a698f3.php 第 280 行.
NOTIC: [8] Use of undefined constant photo - assumed 'photo' D:\resource\bishe\jiakao\Application\Runtime\Cache\Home\1629bacd96a7208075e468b7c0a698f3.php 第 280 行.
NOTIC: [8] Use of undefined constant photo - assumed 'photo' D:\resource\bishe\jiakao\Application\Runtime\Cache\Home\1629bacd96a7208075e468b7c0a698f3.php 第 280 行.
NOTIC: [8] Use of undefined constant photo - assumed 'photo' D:\resource\bishe\jiakao\Application\Runtime\Cache\Home\1629bacd96a7208075e468b7c0a698f3.php 第 280 行.
NOTIC: [8] Use of undefined constant photo - assumed 'photo' D:\resource\bishe\jiakao\Application\Runtime\Cache\Home\1629bacd96a7208075e468b7c0a698f3.php 第 280 行.
NOTIC: [8] Use of undefined constant photo - assumed 'photo' D:\resource\bishe\jiakao\Application\Runtime\Cache\Home\1629bacd96a7208075e468b7c0a698f3.php 第 280 行.
NOTIC: [8] Use of undefined constant photo - assumed 'photo' D:\resource\bishe\jiakao\Application\Runtime\Cache\Home\1629bacd96a7208075e468b7c0a698f3.php 第 280 行.
NOTIC: [8] Use of undefined constant photo - assumed 'photo' D:\resource\bishe\jiakao\Application\Runtime\Cache\Home\1629bacd96a7208075e468b7c0a698f3.php 第 280 行.
NOTIC: [8] Use of undefined constant photo - assumed 'photo' D:\resource\bishe\jiakao\Application\Runtime\Cache\Home\1629bacd96a7208075e468b7c0a698f3.php 第 280 行.
NOTIC: [8] Use of undefined constant photo - assumed 'photo' D:\resource\bishe\jiakao\Application\Runtime\Cache\Home\1629bacd96a7208075e468b7c0a698f3.php 第 280 行.
NOTIC: [8] Use of undefined constant photo - assumed 'photo' D:\resource\bishe\jiakao\Application\Runtime\Cache\Home\1629bacd96a7208075e468b7c0a698f3.php 第 280 行.
NOTIC: [8] Use of undefined constant photo - assumed 'photo' D:\resource\bishe\jiakao\Application\Runtime\Cache\Home\1629bacd96a7208075e468b7c0a698f3.php 第 280 行.
NOTIC: [8] Use of undefined constant photo - assumed 'photo' D:\resource\bishe\jiakao\Application\Runtime\Cache\Home\1629bacd96a7208075e468b7c0a698f3.php 第 280 行.
NOTIC: [8] Use of undefined constant photo - assumed 'photo' D:\resource\bishe\jiakao\Application\Runtime\Cache\Home\1629bacd96a7208075e468b7c0a698f3.php 第 280 行.
NOTIC: [8] Use of undefined constant photo - assumed 'photo' D:\resource\bishe\jiakao\Application\Runtime\Cache\Home\1629bacd96a7208075e468b7c0a698f3.php 第 280 行.
NOTIC: [8] Use of undefined constant photo - assumed 'photo' D:\resource\bishe\jiakao\Application\Runtime\Cache\Home\1629bacd96a7208075e468b7c0a698f3.php 第 280 行.
NOTIC: [8] Use of undefined constant photo - assumed 'photo' D:\resource\bishe\jiakao\Application\Runtime\Cache\Home\1629bacd96a7208075e468b7c0a698f3.php 第 280 行.
NOTIC: [8] Use of undefined constant photo - assumed 'photo' D:\resource\bishe\jiakao\Application\Runtime\Cache\Home\1629bacd96a7208075e468b7c0a698f3.php 第 280 行.
NOTIC: [8] Use of undefined constant photo - assumed 'photo' D:\resource\bishe\jiakao\Application\Runtime\Cache\Home\1629bacd96a7208075e468b7c0a698f3.php 第 280 行.
NOTIC: [8] Use of undefined constant photo - assumed 'photo' D:\resource\bishe\jiakao\Application\Runtime\Cache\Home\1629bacd96a7208075e468b7c0a698f3.php 第 280 行.
NOTIC: [8] Use of undefined constant photo - assumed 'photo' D:\resource\bishe\jiakao\Application\Runtime\Cache\Home\1629bacd96a7208075e468b7c0a698f3.php 第 280 行.
NOTIC: [8] Use of undefined constant photo - assumed 'photo' D:\resource\bishe\jiakao\Application\Runtime\Cache\Home\1629bacd96a7208075e468b7c0a698f3.php 第 280 行.
NOTIC: [8] Use of undefined constant photo - assumed 'photo' D:\resource\bishe\jiakao\Application\Runtime\Cache\Home\1629bacd96a7208075e468b7c0a698f3.php 第 280 行.
NOTIC: [8] Use of undefined constant photo - assumed 'photo' D:\resource\bishe\jiakao\Application\Runtime\Cache\Home\1629bacd96a7208075e468b7c0a698f3.php 第 280 行.
NOTIC: [8] Use of undefined constant photo - assumed 'photo' D:\resource\bishe\jiakao\Application\Runtime\Cache\Home\1629bacd96a7208075e468b7c0a698f3.php 第 280 行.
NOTIC: [8] Use of undefined constant photo - assumed 'photo' D:\resource\bishe\jiakao\Application\Runtime\Cache\Home\1629bacd96a7208075e468b7c0a698f3.php 第 280 行.
NOTIC: [8] Use of undefined constant photo - assumed 'photo' D:\resource\bishe\jiakao\Application\Runtime\Cache\Home\1629bacd96a7208075e468b7c0a698f3.php 第 280 行.
NOTIC: [8] Use of undefined constant photo - assumed 'photo' D:\resource\bishe\jiakao\Application\Runtime\Cache\Home\1629bacd96a7208075e468b7c0a698f3.php 第 280 行.
NOTIC: [8] Use of undefined constant photo - assumed 'photo' D:\resource\bishe\jiakao\Application\Runtime\Cache\Home\1629bacd96a7208075e468b7c0a698f3.php 第 280 行.
NOTIC: [8] Use of undefined constant photo - assumed 'photo' D:\resource\bishe\jiakao\Application\Runtime\Cache\Home\1629bacd96a7208075e468b7c0a698f3.php 第 280 行.
NOTIC: [8] Use of undefined constant photo - assumed 'photo' D:\resource\bishe\jiakao\Application\Runtime\Cache\Home\1629bacd96a7208075e468b7c0a698f3.php 第 280 行.
NOTIC: [8] Use of undefined constant photo - assumed 'photo' D:\resource\bishe\jiakao\Application\Runtime\Cache\Home\1629bacd96a7208075e468b7c0a698f3.php 第 280 行.
NOTIC: [8] Use of undefined constant photo - assumed 'photo' D:\resource\bishe\jiakao\Application\Runtime\Cache\Home\1629bacd96a7208075e468b7c0a698f3.php 第 280 行.
NOTIC: [8] Use of undefined constant photo - assumed 'photo' D:\resource\bishe\jiakao\Application\Runtime\Cache\Home\1629bacd96a7208075e468b7c0a698f3.php 第 280 行.
NOTIC: [8] Use of undefined constant photo - assumed 'photo' D:\resource\bishe\jiakao\Application\Runtime\Cache\Home\1629bacd96a7208075e468b7c0a698f3.php 第 280 行.
NOTIC: [8] Use of undefined constant photo - assumed 'photo' D:\resource\bishe\jiakao\Application\Runtime\Cache\Home\1629bacd96a7208075e468b7c0a698f3.php 第 280 行.
NOTIC: [8] Use of undefined constant photo - assumed 'photo' D:\resource\bishe\jiakao\Application\Runtime\Cache\Home\1629bacd96a7208075e468b7c0a698f3.php 第 280 行.
NOTIC: [8] Use of undefined constant photo - assumed 'photo' D:\resource\bishe\jiakao\Application\Runtime\Cache\Home\1629bacd96a7208075e468b7c0a698f3.php 第 280 行.
NOTIC: [8] Use of undefined constant photo - assumed 'photo' D:\resource\bishe\jiakao\Application\Runtime\Cache\Home\1629bacd96a7208075e468b7c0a698f3.php 第 280 行.
NOTIC: [8] Use of undefined constant photo - assumed 'photo' D:\resource\bishe\jiakao\Application\Runtime\Cache\Home\1629bacd96a7208075e468b7c0a698f3.php 第 280 行.
NOTIC: [8] Use of undefined constant photo - assumed 'photo' D:\resource\bishe\jiakao\Application\Runtime\Cache\Home\1629bacd96a7208075e468b7c0a698f3.php 第 280 行.
NOTIC: [8] Use of undefined constant photo - assumed 'photo' D:\resource\bishe\jiakao\Application\Runtime\Cache\Home\1629bacd96a7208075e468b7c0a698f3.php 第 280 行.
NOTIC: [8] Use of undefined constant photo - assumed 'photo' D:\resource\bishe\jiakao\Application\Runtime\Cache\Home\1629bacd96a7208075e468b7c0a698f3.php 第 280 行.
NOTIC: [8] Use of undefined constant photo - assumed 'photo' D:\resource\bishe\jiakao\Application\Runtime\Cache\Home\1629bacd96a7208075e468b7c0a698f3.php 第 280 行.
NOTIC: [8] Use of undefined constant photo - assumed 'photo' D:\resource\bishe\jiakao\Application\Runtime\Cache\Home\1629bacd96a7208075e468b7c0a698f3.php 第 280 行.
NOTIC: [8] Use of undefined constant photo - assumed 'photo' D:\resource\bishe\jiakao\Application\Runtime\Cache\Home\1629bacd96a7208075e468b7c0a698f3.php 第 280 行.
NOTIC: [8] Use of undefined constant photo - assumed 'photo' D:\resource\bishe\jiakao\Application\Runtime\Cache\Home\1629bacd96a7208075e468b7c0a698f3.php 第 280 行.
NOTIC: [8] Use of undefined constant photo - assumed 'photo' D:\resource\bishe\jiakao\Application\Runtime\Cache\Home\1629bacd96a7208075e468b7c0a698f3.php 第 280 行.
NOTIC: [8] Use of undefined constant photo - assumed 'photo' D:\resource\bishe\jiakao\Application\Runtime\Cache\Home\1629bacd96a7208075e468b7c0a698f3.php 第 280 行.
NOTIC: [8] Use of undefined constant photo - assumed 'photo' D:\resource\bishe\jiakao\Application\Runtime\Cache\Home\1629bacd96a7208075e468b7c0a698f3.php 第 280 行.
NOTIC: [8] Use of undefined constant photo - assumed 'photo' D:\resource\bishe\jiakao\Application\Runtime\Cache\Home\1629bacd96a7208075e468b7c0a698f3.php 第 280 行.
NOTIC: [8] Use of undefined constant photo - assumed 'photo' D:\resource\bishe\jiakao\Application\Runtime\Cache\Home\1629bacd96a7208075e468b7c0a698f3.php 第 280 行.
NOTIC: [8] Use of undefined constant photo - assumed 'photo' D:\resource\bishe\jiakao\Application\Runtime\Cache\Home\1629bacd96a7208075e468b7c0a698f3.php 第 280 行.
NOTIC: [8] Use of undefined constant photo - assumed 'photo' D:\resource\bishe\jiakao\Application\Runtime\Cache\Home\1629bacd96a7208075e468b7c0a698f3.php 第 280 行.
NOTIC: [8] Use of undefined constant photo - assumed 'photo' D:\resource\bishe\jiakao\Application\Runtime\Cache\Home\1629bacd96a7208075e468b7c0a698f3.php 第 280 行.
NOTIC: [8] Use of undefined constant photo - assumed 'photo' D:\resource\bishe\jiakao\Application\Runtime\Cache\Home\1629bacd96a7208075e468b7c0a698f3.php 第 280 行.
NOTIC: [8] Use of undefined constant photo - assumed 'photo' D:\resource\bishe\jiakao\Application\Runtime\Cache\Home\1629bacd96a7208075e468b7c0a698f3.php 第 280 行.
NOTIC: [8] Use of undefined constant photo - assumed 'photo' D:\resource\bishe\jiakao\Application\Runtime\Cache\Home\1629bacd96a7208075e468b7c0a698f3.php 第 280 行.
NOTIC: [8] Use of undefined constant photo - assumed 'photo' D:\resource\bishe\jiakao\Application\Runtime\Cache\Home\1629bacd96a7208075e468b7c0a698f3.php 第 280 行.
NOTIC: [8] Use of undefined constant photo - assumed 'photo' D:\resource\bishe\jiakao\Application\Runtime\Cache\Home\1629bacd96a7208075e468b7c0a698f3.php 第 280 行.
NOTIC: [8] Use of undefined constant photo - assumed 'photo' D:\resource\bishe\jiakao\Application\Runtime\Cache\Home\1629bacd96a7208075e468b7c0a698f3.php 第 280 行.
NOTIC: [8] Use of undefined constant photo - assumed 'photo' D:\resource\bishe\jiakao\Application\Runtime\Cache\Home\1629bacd96a7208075e468b7c0a698f3.php 第 280 行.
NOTIC: [8] Use of undefined constant photo - assumed 'photo' D:\resource\bishe\jiakao\Application\Runtime\Cache\Home\1629bacd96a7208075e468b7c0a698f3.php 第 280 行.
NOTIC: [8] Use of undefined constant photo - assumed 'photo' D:\resource\bishe\jiakao\Application\Runtime\Cache\Home\1629bacd96a7208075e468b7c0a698f3.php 第 280 行.
NOTIC: [8] Use of undefined constant photo - assumed 'photo' D:\resource\bishe\jiakao\Application\Runtime\Cache\Home\1629bacd96a7208075e468b7c0a698f3.php 第 280 行.
NOTIC: [8] Use of undefined constant photo - assumed 'photo' D:\resource\bishe\jiakao\Application\Runtime\Cache\Home\1629bacd96a7208075e468b7c0a698f3.php 第 280 行.
NOTIC: [8] Use of undefined constant photo - assumed 'photo' D:\resource\bishe\jiakao\Application\Runtime\Cache\Home\1629bacd96a7208075e468b7c0a698f3.php 第 280 行.
NOTIC: [8] Use of undefined constant photo - assumed 'photo' D:\resource\bishe\jiakao\Application\Runtime\Cache\Home\1629bacd96a7208075e468b7c0a698f3.php 第 280 行.
NOTIC: [8] Use of undefined constant photo - assumed 'photo' D:\resource\bishe\jiakao\Application\Runtime\Cache\Home\1629bacd96a7208075e468b7c0a698f3.php 第 280 行.
NOTIC: [8] Use of undefined constant photo - assumed 'photo' D:\resource\bishe\jiakao\Application\Runtime\Cache\Home\1629bacd96a7208075e468b7c0a698f3.php 第 280 行.
NOTIC: [8] Use of undefined constant photo - assumed 'photo' D:\resource\bishe\jiakao\Application\Runtime\Cache\Home\1629bacd96a7208075e468b7c0a698f3.php 第 280 行.
NOTIC: [8] Use of undefined constant photo - assumed 'photo' D:\resource\bishe\jiakao\Application\Runtime\Cache\Home\1629bacd96a7208075e468b7c0a698f3.php 第 280 行.
NOTIC: [8] Use of undefined constant photo - assumed 'photo' D:\resource\bishe\jiakao\Application\Runtime\Cache\Home\1629bacd96a7208075e468b7c0a698f3.php 第 280 行.
NOTIC: [8] Use of undefined constant photo - assumed 'photo' D:\resource\bishe\jiakao\Application\Runtime\Cache\Home\1629bacd96a7208075e468b7c0a698f3.php 第 280 行.
NOTIC: [8] Use of undefined constant photo - assumed 'photo' D:\resource\bishe\jiakao\Application\Runtime\Cache\Home\1629bacd96a7208075e468b7c0a698f3.php 第 280 行.
NOTIC: [8] Use of undefined constant photo - assumed 'photo' D:\resource\bishe\jiakao\Application\Runtime\Cache\Home\1629bacd96a7208075e468b7c0a698f3.php 第 280 行.
NOTIC: [8] Use of undefined constant photo - assumed 'photo' D:\resource\bishe\jiakao\Application\Runtime\Cache\Home\1629bacd96a7208075e468b7c0a698f3.php 第 280 行.
NOTIC: [8] Use of undefined constant photo - assumed 'photo' D:\resource\bishe\jiakao\Application\Runtime\Cache\Home\1629bacd96a7208075e468b7c0a698f3.php 第 280 行.
NOTIC: [8] Use of undefined constant photo - assumed 'photo' D:\resource\bishe\jiakao\Application\Runtime\Cache\Home\1629bacd96a7208075e468b7c0a698f3.php 第 280 行.
NOTIC: [8] Use of undefined constant photo - assumed 'photo' D:\resource\bishe\jiakao\Application\Runtime\Cache\Home\1629bacd96a7208075e468b7c0a698f3.php 第 280 行.
NOTIC: [8] Use of undefined constant photo - assumed 'photo' D:\resource\bishe\jiakao\Application\Runtime\Cache\Home\1629bacd96a7208075e468b7c0a698f3.php 第 280 行.
NOTIC: [8] Use of undefined constant photo - assumed 'photo' D:\resource\bishe\jiakao\Application\Runtime\Cache\Home\1629bacd96a7208075e468b7c0a698f3.php 第 280 行.
NOTIC: [8] Use of undefined constant photo - assumed 'photo' D:\resource\bishe\jiakao\Application\Runtime\Cache\Home\1629bacd96a7208075e468b7c0a698f3.php 第 280 行.
NOTIC: [8] Use of undefined constant photo - assumed 'photo' D:\resource\bishe\jiakao\Application\Runtime\Cache\Home\1629bacd96a7208075e468b7c0a698f3.php 第 280 行.
NOTIC: [8] Use of undefined constant photo - assumed 'photo' D:\resource\bishe\jiakao\Application\Runtime\Cache\Home\1629bacd96a7208075e468b7c0a698f3.php 第 280 行.
NOTIC: [8] Use of undefined constant photo - assumed 'photo' D:\resource\bishe\jiakao\Application\Runtime\Cache\Home\1629bacd96a7208075e468b7c0a698f3.php 第 280 行.
NOTIC: [8] Use of undefined constant photo - assumed 'photo' D:\resource\bishe\jiakao\Application\Runtime\Cache\Home\1629bacd96a7208075e468b7c0a698f3.php 第 280 行.
NOTIC: [8] Use of undefined constant photo - assumed 'photo' D:\resource\bishe\jiakao\Application\Runtime\Cache\Home\1629bacd96a7208075e468b7c0a698f3.php 第 280 行.
NOTIC: [8] Use of undefined constant photo - assumed 'photo' D:\resource\bishe\jiakao\Application\Runtime\Cache\Home\1629bacd96a7208075e468b7c0a698f3.php 第 280 行.
NOTIC: [8] Use of undefined constant photo - assumed 'photo' D:\resource\bishe\jiakao\Application\Runtime\Cache\Home\1629bacd96a7208075e468b7c0a698f3.php 第 280 行.
NOTIC: [8] Use of undefined constant photo - assumed 'photo' D:\resource\bishe\jiakao\Application\Runtime\Cache\Home\1629bacd96a7208075e468b7c0a698f3.php 第 280 行.
NOTIC: [8] Use of undefined constant photo - assumed 'photo' D:\resource\bishe\jiakao\Application\Runtime\Cache\Home\1629bacd96a7208075e468b7c0a698f3.php 第 280 行.
NOTIC: [8] Use of undefined constant photo - assumed 'photo' D:\resource\bishe\jiakao\Application\Runtime\Cache\Home\1629bacd96a7208075e468b7c0a698f3.php 第 280 行.
NOTIC: [8] Use of undefined constant photo - assumed 'photo' D:\resource\bishe\jiakao\Application\Runtime\Cache\Home\1629bacd96a7208075e468b7c0a698f3.php 第 280 行.
NOTIC: [8] Use of undefined constant photo - assumed 'photo' D:\resource\bishe\jiakao\Application\Runtime\Cache\Home\1629bacd96a7208075e468b7c0a698f3.php 第 280 行.
NOTIC: [8] Use of undefined constant photo - assumed 'photo' D:\resource\bishe\jiakao\Application\Runtime\Cache\Home\1629bacd96a7208075e468b7c0a698f3.php 第 280 行.
NOTIC: [8] Use of undefined constant photo - assumed 'photo' D:\resource\bishe\jiakao\Application\Runtime\Cache\Home\1629bacd96a7208075e468b7c0a698f3.php 第 280 行.
NOTIC: [8] Use of undefined constant photo - assumed 'photo' D:\resource\bishe\jiakao\Application\Runtime\Cache\Home\1629bacd96a7208075e468b7c0a698f3.php 第 280 行.
NOTIC: [8] Use of undefined constant photo - assumed 'photo' D:\resource\bishe\jiakao\Application\Runtime\Cache\Home\1629bacd96a7208075e468b7c0a698f3.php 第 280 行.
NOTIC: [8] Use of undefined constant photo - assumed 'photo' D:\resource\bishe\jiakao\Application\Runtime\Cache\Home\1629bacd96a7208075e468b7c0a698f3.php 第 280 行.
NOTIC: [8] Use of undefined constant photo - assumed 'photo' D:\resource\bishe\jiakao\Application\Runtime\Cache\Home\1629bacd96a7208075e468b7c0a698f3.php 第 280 行.
NOTIC: [8] Use of undefined constant photo - assumed 'photo' D:\resource\bishe\jiakao\Application\Runtime\Cache\Home\1629bacd96a7208075e468b7c0a698f3.php 第 280 行.
NOTIC: [8] Use of undefined constant photo - assumed 'photo' D:\resource\bishe\jiakao\Application\Runtime\Cache\Home\1629bacd96a7208075e468b7c0a698f3.php 第 280 行.
NOTIC: [8] Use of undefined constant photo - assumed 'photo' D:\resource\bishe\jiakao\Application\Runtime\Cache\Home\1629bacd96a7208075e468b7c0a698f3.php 第 280 行.
NOTIC: [8] Use of undefined constant photo - assumed 'photo' D:\resource\bishe\jiakao\Application\Runtime\Cache\Home\1629bacd96a7208075e468b7c0a698f3.php 第 280 行.
NOTIC: [8] Use of undefined constant photo - assumed 'photo' D:\resource\bishe\jiakao\Application\Runtime\Cache\Home\1629bacd96a7208075e468b7c0a698f3.php 第 280 行.
NOTIC: [8] Use of undefined constant photo - assumed 'photo' D:\resource\bishe\jiakao\Application\Runtime\Cache\Home\1629bacd96a7208075e468b7c0a698f3.php 第 280 行.
NOTIC: [8] Use of undefined constant photo - assumed 'photo' D:\resource\bishe\jiakao\Application\Runtime\Cache\Home\1629bacd96a7208075e468b7c0a698f3.php 第 280 行.
NOTIC: [8] Use of undefined constant photo - assumed 'photo' D:\resource\bishe\jiakao\Application\Runtime\Cache\Home\1629bacd96a7208075e468b7c0a698f3.php 第 280 行.
NOTIC: [8] Use of undefined constant photo - assumed 'photo' D:\resource\bishe\jiakao\Application\Runtime\Cache\Home\1629bacd96a7208075e468b7c0a698f3.php 第 280 行.
NOTIC: [8] Use of undefined constant photo - assumed 'photo' D:\resource\bishe\jiakao\Application\Runtime\Cache\Home\1629bacd96a7208075e468b7c0a698f3.php 第 280 行.
NOTIC: [8] Use of undefined constant photo - assumed 'photo' D:\resource\bishe\jiakao\Application\Runtime\Cache\Home\1629bacd96a7208075e468b7c0a698f3.php 第 280 行.
NOTIC: [8] Use of undefined constant photo - assumed 'photo' D:\resource\bishe\jiakao\Application\Runtime\Cache\Home\1629bacd96a7208075e468b7c0a698f3.php 第 280 行.
NOTIC: [8] Use of undefined constant photo - assumed 'photo' D:\resource\bishe\jiakao\Application\Runtime\Cache\Home\1629bacd96a7208075e468b7c0a698f3.php 第 280 行.
NOTIC: [8] Use of undefined constant photo - assumed 'photo' D:\resource\bishe\jiakao\Application\Runtime\Cache\Home\1629bacd96a7208075e468b7c0a698f3.php 第 280 行.
NOTIC: [8] Use of undefined constant photo - assumed 'photo' D:\resource\bishe\jiakao\Application\Runtime\Cache\Home\1629bacd96a7208075e468b7c0a698f3.php 第 280 行.
NOTIC: [8] Use of undefined constant photo - assumed 'photo' D:\resource\bishe\jiakao\Application\Runtime\Cache\Home\1629bacd96a7208075e468b7c0a698f3.php 第 280 行.
NOTIC: [8] Use of undefined constant photo - assumed 'photo' D:\resource\bishe\jiakao\Application\Runtime\Cache\Home\1629bacd96a7208075e468b7c0a698f3.php 第 280 行.
NOTIC: [8] Use of undefined constant photo - assumed 'photo' D:\resource\bishe\jiakao\Application\Runtime\Cache\Home\1629bacd96a7208075e468b7c0a698f3.php 第 280 行.
NOTIC: [8] Use of undefined constant photo - assumed 'photo' D:\resource\bishe\jiakao\Application\Runtime\Cache\Home\1629bacd96a7208075e468b7c0a698f3.php 第 280 行.
NOTIC: [8] Use of undefined constant photo - assumed 'photo' D:\resource\bishe\jiakao\Application\Runtime\Cache\Home\1629bacd96a7208075e468b7c0a698f3.php 第 280 行.
NOTIC: [8] Use of undefined constant photo - assumed 'photo' D:\resource\bishe\jiakao\Application\Runtime\Cache\Home\1629bacd96a7208075e468b7c0a698f3.php 第 280 行.
NOTIC: [8] Use of undefined constant photo - assumed 'photo' D:\resource\bishe\jiakao\Application\Runtime\Cache\Home\1629bacd96a7208075e468b7c0a698f3.php 第 280 行.
NOTIC: [8] Use of undefined constant photo - assumed 'photo' D:\resource\bishe\jiakao\Application\Runtime\Cache\Home\1629bacd96a7208075e468b7c0a698f3.php 第 280 行.
NOTIC: [8] Use of undefined constant photo - assumed 'photo' D:\resource\bishe\jiakao\Application\Runtime\Cache\Home\1629bacd96a7208075e468b7c0a698f3.php 第 280 行.
NOTIC: [8] Use of undefined constant photo - assumed 'photo' D:\resource\bishe\jiakao\Application\Runtime\Cache\Home\1629bacd96a7208075e468b7c0a698f3.php 第 280 行.
NOTIC: [8] Use of undefined constant photo - assumed 'photo' D:\resource\bishe\jiakao\Application\Runtime\Cache\Home\1629bacd96a7208075e468b7c0a698f3.php 第 280 行.
NOTIC: [8] Use of undefined constant photo - assumed 'photo' D:\resource\bishe\jiakao\Application\Runtime\Cache\Home\1629bacd96a7208075e468b7c0a698f3.php 第 280 行.
NOTIC: [8] Use of undefined constant photo - assumed 'photo' D:\resource\bishe\jiakao\Application\Runtime\Cache\Home\1629bacd96a7208075e468b7c0a698f3.php 第 280 行.
NOTIC: [8] Use of undefined constant photo - assumed 'photo' D:\resource\bishe\jiakao\Application\Runtime\Cache\Home\1629bacd96a7208075e468b7c0a698f3.php 第 280 行.
NOTIC: [8] Use of undefined constant photo - assumed 'photo' D:\resource\bishe\jiakao\Application\Runtime\Cache\Home\1629bacd96a7208075e468b7c0a698f3.php 第 280 行.
NOTIC: [8] Use of undefined constant photo - assumed 'photo' D:\resource\bishe\jiakao\Application\Runtime\Cache\Home\1629bacd96a7208075e468b7c0a698f3.php 第 280 行.
NOTIC: [8] Use of undefined constant photo - assumed 'photo' D:\resource\bishe\jiakao\Application\Runtime\Cache\Home\1629bacd96a7208075e468b7c0a698f3.php 第 280 行.
NOTIC: [8] Use of undefined constant photo - assumed 'photo' D:\resource\bishe\jiakao\Application\Runtime\Cache\Home\1629bacd96a7208075e468b7c0a698f3.php 第 280 行.
NOTIC: [8] Use of undefined constant photo - assumed 'photo' D:\resource\bishe\jiakao\Application\Runtime\Cache\Home\1629bacd96a7208075e468b7c0a698f3.php 第 280 行.
NOTIC: [8] Use of undefined constant photo - assumed 'photo' D:\resource\bishe\jiakao\Application\Runtime\Cache\Home\1629bacd96a7208075e468b7c0a698f3.php 第 280 行.
NOTIC: [8] Use of undefined constant photo - assumed 'photo' D:\resource\bishe\jiakao\Application\Runtime\Cache\Home\1629bacd96a7208075e468b7c0a698f3.php 第 280 行.
NOTIC: [8] Use of undefined constant photo - assumed 'photo' D:\resource\bishe\jiakao\Application\Runtime\Cache\Home\1629bacd96a7208075e468b7c0a698f3.php 第 280 行.
NOTIC: [8] Use of undefined constant photo - assumed 'photo' D:\resource\bishe\jiakao\Application\Runtime\Cache\Home\1629bacd96a7208075e468b7c0a698f3.php 第 280 行.
NOTIC: [8] Use of undefined constant photo - assumed 'photo' D:\resource\bishe\jiakao\Application\Runtime\Cache\Home\1629bacd96a7208075e468b7c0a698f3.php 第 280 行.
NOTIC: [8] Use of undefined constant photo - assumed 'photo' D:\resource\bishe\jiakao\Application\Runtime\Cache\Home\1629bacd96a7208075e468b7c0a698f3.php 第 280 行.
NOTIC: [8] Use of undefined constant photo - assumed 'photo' D:\resource\bishe\jiakao\Application\Runtime\Cache\Home\1629bacd96a7208075e468b7c0a698f3.php 第 280 行.
NOTIC: [8] Use of undefined constant photo - assumed 'photo' D:\resource\bishe\jiakao\Application\Runtime\Cache\Home\1629bacd96a7208075e468b7c0a698f3.php 第 280 行.
NOTIC: [8] Use of undefined constant photo - assumed 'photo' D:\resource\bishe\jiakao\Application\Runtime\Cache\Home\1629bacd96a7208075e468b7c0a698f3.php 第 280 行.
NOTIC: [8] Use of undefined constant photo - assumed 'photo' D:\resource\bishe\jiakao\Application\Runtime\Cache\Home\1629bacd96a7208075e468b7c0a698f3.php 第 280 行.
NOTIC: [8] Use of undefined constant photo - assumed 'photo' D:\resource\bishe\jiakao\Application\Runtime\Cache\Home\1629bacd96a7208075e468b7c0a698f3.php 第 280 行.
NOTIC: [8] Use of undefined constant photo - assumed 'photo' D:\resource\bishe\jiakao\Application\Runtime\Cache\Home\1629bacd96a7208075e468b7c0a698f3.php 第 280 行.
NOTIC: [8] Use of undefined constant photo - assumed 'photo' D:\resource\bishe\jiakao\Application\Runtime\Cache\Home\1629bacd96a7208075e468b7c0a698f3.php 第 280 行.
NOTIC: [8] Use of undefined constant photo - assumed 'photo' D:\resource\bishe\jiakao\Application\Runtime\Cache\Home\1629bacd96a7208075e468b7c0a698f3.php 第 280 行.
NOTIC: [8] Use of undefined constant photo - assumed 'photo' D:\resource\bishe\jiakao\Application\Runtime\Cache\Home\1629bacd96a7208075e468b7c0a698f3.php 第 280 行.
NOTIC: [8] Use of undefined constant photo - assumed 'photo' D:\resource\bishe\jiakao\Application\Runtime\Cache\Home\1629bacd96a7208075e468b7c0a698f3.php 第 280 行.
NOTIC: [8] Use of undefined constant photo - assumed 'photo' D:\resource\bishe\jiakao\Application\Runtime\Cache\Home\1629bacd96a7208075e468b7c0a698f3.php 第 280 行.
NOTIC: [8] Use of undefined constant photo - assumed 'photo' D:\resource\bishe\jiakao\Application\Runtime\Cache\Home\1629bacd96a7208075e468b7c0a698f3.php 第 280 行.
NOTIC: [8] Use of undefined constant photo - assumed 'photo' D:\resource\bishe\jiakao\Application\Runtime\Cache\Home\1629bacd96a7208075e468b7c0a698f3.php 第 280 行.
NOTIC: [8] Use of undefined constant photo - assumed 'photo' D:\resource\bishe\jiakao\Application\Runtime\Cache\Home\1629bacd96a7208075e468b7c0a698f3.php 第 280 行.
NOTIC: [8] Use of undefined constant photo - assumed 'photo' D:\resource\bishe\jiakao\Application\Runtime\Cache\Home\1629bacd96a7208075e468b7c0a698f3.php 第 280 行.
NOTIC: [8] Use of undefined constant photo - assumed 'photo' D:\resource\bishe\jiakao\Application\Runtime\Cache\Home\1629bacd96a7208075e468b7c0a698f3.php 第 280 行.
NOTIC: [8] Use of undefined constant photo - assumed 'photo' D:\resource\bishe\jiakao\Application\Runtime\Cache\Home\1629bacd96a7208075e468b7c0a698f3.php 第 280 行.
NOTIC: [8] Use of undefined constant photo - assumed 'photo' D:\resource\bishe\jiakao\Application\Runtime\Cache\Home\1629bacd96a7208075e468b7c0a698f3.php 第 280 行.
INFO: Run Behavior\ParseTemplateBehavior [ RunTime:0.058235s ]
INFO: [ view_parse ] --END-- [ RunTime:0.058296s ]
INFO: [ view_filter ] --START--
INFO: Run Behavior\WriteHtmlCacheBehavior [ RunTime:0.000610s ]
INFO: [ view_filter ] --END-- [ RunTime:0.000660s ]
INFO: [ app_end ] --START--
INFO: Run Behavior\ShowPageTraceBehavior [ RunTime:0.001229s ]
INFO: [ app_end ] --END-- [ RunTime:0.001328s ]

[ 2019-06-05T11:16:55+08:00 ] ::1 /index.php/Home/Exam/lists/act/moni/classid/39/kemu/1
INFO: [ app_init ] --START--
INFO: Run Behavior\BuildLiteBehavior [ RunTime:0.000016s ]
INFO: [ app_init ] --END-- [ RunTime:0.000372s ]
INFO: [ app_begin ] --START--
INFO: Run Behavior\ReadHtmlCacheBehavior [ RunTime:0.000849s ]
INFO: [ app_begin ] --END-- [ RunTime:0.000921s ]
SQL: SHOW COLUMNS FROM `tb_user` [ RunTime:0.0441s ]
SQL: SELECT * FROM `tb_user` WHERE `id` = '1' LIMIT 1   [ RunTime:0.0011s ]
SQL: SHOW COLUMNS FROM `tb_class` [ RunTime:0.0311s ]
SQL: SELECT * FROM `tb_class` WHERE `id` = 39 LIMIT 1   [ RunTime:0.0007s ]
SQL: SELECT * FROM `tb_class` WHERE `classno` = '000100040001' LIMIT 1   [ RunTime:0.0009s ]
SQL: SHOW COLUMNS FROM `tb_exam` [ RunTime:0.0309s ]
SQL: SELECT * FROM `tb_exam` WHERE `classid` = '39' AND `kemu` = 1 AND `type` = 0 ORDER BY RAND() LIMIT 0,50   [ RunTime:0.0247s ]
SQL: SELECT * FROM `tb_exam` WHERE `classid` = '39' AND `kemu` = 1 AND `type` = 1 ORDER BY RAND() LIMIT 0,50   [ RunTime:0.0276s ]
SQL: SELECT * FROM `tb_exam` WHERE `classid` = '39' AND `kemu` = 1 AND `type` = 2 ORDER BY RAND() LIMIT 0,20   [ RunTime:0.0062s ]
NOTIC: [2] Invalid argument supplied for foreach() D:\resource\bishe\jiakao\Application\Home\Controller\ExamController.class.php 第 118 行.
NOTIC: [8] Undefined index: ajax D:\resource\bishe\jiakao\Application\Home\Controller\ExamController.class.php 第 133 行.
NOTIC: [8] Undefined variable: conf D:\resource\bishe\jiakao\Application\Home\Controller\ExamController.class.php 第 148 行.
NOTIC: [8] Undefined index: tpl D:\resource\bishe\jiakao\Application\Home\Controller\ExamController.class.php 第 153 行.
INFO: [ view_parse ] --START--
INFO: [ template_filter ] --START--
INFO: Run Behavior\ContentReplaceBehavior [ RunTime:0.000367s ]
INFO: [ template_filter ] --END-- [ RunTime:0.000519s ]
NOTIC: [8] Use of undefined constant DEFAULT_CONTROLLER - assumed 'DEFAULT_CONTROLLER' D:\resource\bishe\jiakao\Application\Runtime\Cache\Home\bfb98a2b56c27ea7e4a591fb49e9a818.php 第 204 行.
NOTIC: [8] Undefined variable: laiyuan D:\resource\bishe\jiakao\Application\Runtime\Cache\Home\bfb98a2b56c27ea7e4a591fb49e9a818.php 第 209 行.
INFO: Run Behavior\ParseTemplateBehavior [ RunTime:0.182176s ]
INFO: [ view_parse ] --END-- [ RunTime:0.182295s ]
INFO: [ view_filter ] --START--
INFO: Run Behavior\WriteHtmlCacheBehavior [ RunTime:0.001111s ]
INFO: [ view_filter ] --END-- [ RunTime:0.001189s ]
INFO: [ app_end ] --START--
INFO: Run Behavior\ShowPageTraceBehavior [ RunTime:0.004659s ]
INFO: [ app_end ] --END-- [ RunTime:0.004840s ]

[ 2019-06-05T11:17:02+08:00 ] ::1 /index.php/Home/answer/add.html
INFO: [ app_init ] --START--
INFO: Run Behavior\BuildLiteBehavior [ RunTime:0.000016s ]
INFO: [ app_init ] --END-- [ RunTime:0.000400s ]
INFO: [ app_begin ] --START--
INFO: Run Behavior\ReadHtmlCacheBehavior [ RunTime:0.000684s ]
INFO: [ app_begin ] --END-- [ RunTime:0.000731s ]
SQL: SHOW COLUMNS FROM `tb_user` [ RunTime:0.0414s ]
SQL: SELECT * FROM `tb_user` WHERE `id` = '1' LIMIT 1   [ RunTime:0.0010s ]
SQL: SHOW COLUMNS FROM `tb_answer` [ RunTime:0.0197s ]
SQL: SHOW COLUMNS FROM `tb_class` [ RunTime:0.0142s ]
SQL: SELECT * FROM `tb_user` WHERE `id` = '1' LIMIT 1   [ RunTime:0.0004s ]
SQL: UPDATE `tb_user` SET `exam_error_count`='136',`jifen`='0' WHERE (  id=1 ) [ RunTime:0.0212s ]
SQL: SELECT * FROM `tb_answer` WHERE `objidno` = '89be95b835f27b46dcc3570dc9e47a93' AND `userid` = 1 AND `isok` = 1 LIMIT 1   [ RunTime:0.0006s ]
SQL: INSERT INTO `tb_answer` (`type`,`objid`,`objidno`,`isok`,`objtable`,`value`,`title`,`userid`,`time`) VALUES ('1','384','89be95b835f27b46dcc3570dc9e47a93','1','exam','Y','伪造、变造机动车驾驶证构成犯罪的将被依法追究刑事责任。','1','1559704622') [ RunTime:0.0161s ]

[ 2019-06-05T11:17:04+08:00 ] ::1 /index.php/Home/answer/add.html
INFO: [ app_init ] --START--
INFO: Run Behavior\BuildLiteBehavior [ RunTime:0.000014s ]
INFO: [ app_init ] --END-- [ RunTime:0.000380s ]
INFO: [ app_begin ] --START--
INFO: Run Behavior\ReadHtmlCacheBehavior [ RunTime:0.000906s ]
INFO: [ app_begin ] --END-- [ RunTime:0.000971s ]
SQL: SHOW COLUMNS FROM `tb_user` [ RunTime:0.0636s ]
SQL: SELECT * FROM `tb_user` WHERE `id` = '1' LIMIT 1   [ RunTime:0.0012s ]
SQL: SHOW COLUMNS FROM `tb_answer` [ RunTime:0.0368s ]
SQL: SHOW COLUMNS FROM `tb_class` [ RunTime:0.0422s ]
SQL: SELECT * FROM `tb_user` WHERE `id` = '1' LIMIT 1   [ RunTime:0.0021s ]
SQL: UPDATE `tb_user` SET `exam_error_count`='137',`jifen`='0' WHERE (  id=1 ) [ RunTime:0.0044s ]
SQL: SELECT * FROM `tb_answer` WHERE `objidno` = '54191c9d467c44cba2c1cd1c4d70e6c6' AND `userid` = 1 AND `isok` = 1 LIMIT 1   [ RunTime:0.0012s ]
SQL: INSERT INTO `tb_answer` (`type`,`objid`,`objidno`,`isok`,`objtable`,`value`,`title`,`userid`,`time`) VALUES ('1','420','54191c9d467c44cba2c1cd1c4d70e6c6','1','exam','Y','驾驶人要按照驾驶证载明的准驾车型驾驶车辆。','1','1559704624') [ RunTime:0.0031s ]

[ 2019-06-05T11:17:06+08:00 ] ::1 /index.php/Home/answer/add.html
INFO: [ app_init ] --START--
INFO: Run Behavior\BuildLiteBehavior [ RunTime:0.000019s ]
INFO: [ app_init ] --END-- [ RunTime:0.000472s ]
INFO: [ app_begin ] --START--
INFO: Run Behavior\ReadHtmlCacheBehavior [ RunTime:0.000837s ]
INFO: [ app_begin ] --END-- [ RunTime:0.000898s ]
SQL: SHOW COLUMNS FROM `tb_user` [ RunTime:0.0507s ]
SQL: SELECT * FROM `tb_user` WHERE `id` = '1' LIMIT 1   [ RunTime:0.0009s ]
SQL: SHOW COLUMNS FROM `tb_answer` [ RunTime:0.0225s ]
SQL: SHOW COLUMNS FROM `tb_class` [ RunTime:0.0237s ]
SQL: SELECT * FROM `tb_user` WHERE `id` = '1' LIMIT 1   [ RunTime:0.0006s ]
SQL: UPDATE `tb_user` SET `exam_error_count`='138',`jifen`='0' WHERE (  id=1 ) [ RunTime:0.0034s ]
SQL: SELECT * FROM `tb_answer` WHERE `objidno` = 'c6ad54eba43edd889b3f50f647cbab46' AND `userid` = 1 AND `isok` = 1 LIMIT 1   [ RunTime:0.0005s ]
SQL: UPDATE `tb_answer` SET `time`='1559704626' WHERE `id` = 207 [ RunTime:0.0033s ]

[ 2019-06-05T11:17:09+08:00 ] ::1 /index.php/Home/answer/add.html
INFO: [ app_init ] --START--
INFO: Run Behavior\BuildLiteBehavior [ RunTime:0.000018s ]
INFO: [ app_init ] --END-- [ RunTime:0.000591s ]
INFO: [ app_begin ] --START--
INFO: Run Behavior\ReadHtmlCacheBehavior [ RunTime:0.001309s ]
INFO: [ app_begin ] --END-- [ RunTime:0.001414s ]
SQL: SHOW COLUMNS FROM `tb_user` [ RunTime:0.0498s ]
SQL: SELECT * FROM `tb_user` WHERE `id` = '1' LIMIT 1   [ RunTime:0.0012s ]
SQL: SHOW COLUMNS FROM `tb_answer` [ RunTime:0.0299s ]
SQL: SHOW COLUMNS FROM `tb_class` [ RunTime:0.0246s ]
SQL: SELECT * FROM `tb_user` WHERE `id` = '1' LIMIT 1   [ RunTime:0.0010s ]
SQL: UPDATE `tb_user` SET `exam_error_count`='139',`jifen`='0' WHERE (  id=1 ) [ RunTime:0.0042s ]
SQL: SELECT * FROM `tb_answer` WHERE `objidno` = '8ac613418415212fa78b38cd3dbfe69e' AND `userid` = 1 AND `isok` = 0 LIMIT 1   [ RunTime:0.0006s ]
SQL: INSERT INTO `tb_answer` (`type`,`objid`,`objidno`,`isok`,`objtable`,`value`,`title`,`userid`,`time`) VALUES ('1','344','8ac613418415212fa78b38cd3dbfe69e','0','exam','Y','这个标志的含义是告示前方道路是单向通行路段。','1','1559704629') [ RunTime:0.0035s ]

[ 2019-06-05T11:17:14+08:00 ] ::1 /index.php/Home/answer/add.html
INFO: [ app_init ] --START--
INFO: Run Behavior\BuildLiteBehavior [ RunTime:0.000017s ]
INFO: [ app_init ] --END-- [ RunTime:0.000411s ]
INFO: [ app_begin ] --START--
INFO: Run Behavior\ReadHtmlCacheBehavior [ RunTime:0.000725s ]
INFO: [ app_begin ] --END-- [ RunTime:0.000781s ]
SQL: SHOW COLUMNS FROM `tb_user` [ RunTime:0.0633s ]
SQL: SELECT * FROM `tb_user` WHERE `id` = '1' LIMIT 1   [ RunTime:0.0013s ]
SQL: SHOW COLUMNS FROM `tb_answer` [ RunTime:0.0226s ]
SQL: SHOW COLUMNS FROM `tb_class` [ RunTime:0.0267s ]
SQL: SELECT * FROM `tb_user` WHERE `id` = '1' LIMIT 1   [ RunTime:0.0010s ]
SQL: UPDATE `tb_user` SET `exam_error_count`='140',`jifen`='0' WHERE (  id=1 ) [ RunTime:0.0028s ]
SQL: SELECT * FROM `tb_answer` WHERE `objidno` = '007b69baf5e12591d362359ccd60061d' AND `userid` = 1 AND `isok` = 0 LIMIT 1   [ RunTime:0.0007s ]
SQL: INSERT INTO `tb_answer` (`type`,`objid`,`objidno`,`isok`,`objtable`,`value`,`title`,`userid`,`time`) VALUES ('1','237','007b69baf5e12591d362359ccd60061d','0','exam','N','行车中遇到正在进行作业的道路养护车辆、工程作业车时要注意避让。','1','1559704634') [ RunTime:0.0027s ]

[ 2019-06-05T11:17:17+08:00 ] ::1 /index.php/Home/answer/add.html
INFO: [ app_init ] --START--
INFO: Run Behavior\BuildLiteBehavior [ RunTime:0.000015s ]
INFO: [ app_init ] --END-- [ RunTime:0.000383s ]
INFO: [ app_begin ] --START--
INFO: Run Behavior\ReadHtmlCacheBehavior [ RunTime:0.000685s ]
INFO: [ app_begin ] --END-- [ RunTime:0.000732s ]
SQL: SHOW COLUMNS FROM `tb_user` [ RunTime:0.0553s ]
SQL: SELECT * FROM `tb_user` WHERE `id` = '1' LIMIT 1   [ RunTime:0.0022s ]
SQL: SHOW COLUMNS FROM `tb_answer` [ RunTime:0.0369s ]
SQL: SHOW COLUMNS FROM `tb_class` [ RunTime:0.0231s ]
SQL: SELECT * FROM `tb_user` WHERE `id` = '1' LIMIT 1   [ RunTime:0.0004s ]
SQL: UPDATE `tb_user` SET `exam_error_count`='141',`jifen`='0' WHERE (  id=1 ) [ RunTime:0.0021s ]
SQL: SELECT * FROM `tb_answer` WHERE `objidno` = '2e8fd7f1b6ef30fd98efbc93b7f9d46c' AND `userid` = 1 AND `isok` = 1 LIMIT 1   [ RunTime:0.0004s ]
SQL: INSERT INTO `tb_answer` (`type`,`objid`,`objidno`,`isok`,`objtable`,`value`,`title`,`userid`,`time`) VALUES ('1','99','2e8fd7f1b6ef30fd98efbc93b7f9d46c','1','exam','Y','对有伪造或变造号牌、行驶证嫌疑的车辆，交通警察依法予以扣留','1','1559704637') [ RunTime:0.0024s ]

[ 2019-06-05T11:17:19+08:00 ] ::1 /index.php/Home/answer/add.html
INFO: [ app_init ] --START--
INFO: Run Behavior\BuildLiteBehavior [ RunTime:0.000015s ]
INFO: [ app_init ] --END-- [ RunTime:0.000380s ]
INFO: [ app_begin ] --START--
INFO: Run Behavior\ReadHtmlCacheBehavior [ RunTime:0.000683s ]
INFO: [ app_begin ] --END-- [ RunTime:0.000729s ]
SQL: SHOW COLUMNS FROM `tb_user` [ RunTime:0.0551s ]
SQL: SELECT * FROM `tb_user` WHERE `id` = '1' LIMIT 1   [ RunTime:0.0009s ]
SQL: SHOW COLUMNS FROM `tb_answer` [ RunTime:0.0273s ]
SQL: SHOW COLUMNS FROM `tb_class` [ RunTime:0.0262s ]
SQL: SELECT * FROM `tb_user` WHERE `id` = '1' LIMIT 1   [ RunTime:0.0007s ]
SQL: UPDATE `tb_user` SET `exam_error_count`='142',`jifen`='0' WHERE (  id=1 ) [ RunTime:0.0026s ]
SQL: SELECT * FROM `tb_answer` WHERE `objidno` = '48fc7f487857aa6ff1a03171c6fe824d' AND `userid` = 1 AND `isok` = 1 LIMIT 1   [ RunTime:0.0007s ]
SQL: INSERT INTO `tb_answer` (`type`,`objid`,`objidno`,`isok`,`objtable`,`value`,`title`,`userid`,`time`) VALUES ('1','352','48fc7f487857aa6ff1a03171c6fe824d','1','exam','N','机动车仪表板上（如图所示）亮，提示左侧车门未关闭。','1','1559704639') [ RunTime:0.0035s ]

[ 2019-06-05T11:17:29+08:00 ] ::1 /index.php/Home/answer/add.html
INFO: [ app_init ] --START--
INFO: Run Behavior\BuildLiteBehavior [ RunTime:0.000014s ]
INFO: [ app_init ] --END-- [ RunTime:0.000380s ]
INFO: [ app_begin ] --START--
INFO: Run Behavior\ReadHtmlCacheBehavior [ RunTime:0.001017s ]
INFO: [ app_begin ] --END-- [ RunTime:0.001102s ]
SQL: SHOW COLUMNS FROM `tb_user` [ RunTime:0.0563s ]
SQL: SELECT * FROM `tb_user` WHERE `id` = '1' LIMIT 1   [ RunTime:0.0014s ]
SQL: SHOW COLUMNS FROM `tb_answer` [ RunTime:0.0259s ]
SQL: SHOW COLUMNS FROM `tb_class` [ RunTime:0.0268s ]
SQL: SELECT * FROM `tb_user` WHERE `id` = '1' LIMIT 1   [ RunTime:0.0006s ]
SQL: UPDATE `tb_user` SET `exam_error_count`='143',`jifen`='0' WHERE (  id=1 ) [ RunTime:0.0040s ]
SQL: SELECT * FROM `tb_answer` WHERE `objidno` = '9e3e77ede2e87eba14e9049ce149c62e' AND `userid` = 1 AND `isok` = 0 LIMIT 1   [ RunTime:0.0007s ]
SQL: INSERT INTO `tb_answer` (`type`,`objid`,`objidno`,`isok`,`objtable`,`value`,`title`,`userid`,`time`) VALUES ('1','440','9e3e77ede2e87eba14e9049ce149c62e','0','exam','Y','初次申领的机动车驾驶证的有效期为4年。','1','1559704649') [ RunTime:0.0028s ]

[ 2019-06-05T11:17:31+08:00 ] ::1 /index.php/Home/answer/add.html
INFO: [ app_init ] --START--
INFO: Run Behavior\BuildLiteBehavior [ RunTime:0.000016s ]
INFO: [ app_init ] --END-- [ RunTime:0.000403s ]
INFO: [ app_begin ] --START--
INFO: Run Behavior\ReadHtmlCacheBehavior [ RunTime:0.000768s ]
INFO: [ app_begin ] --END-- [ RunTime:0.000827s ]
SQL: SHOW COLUMNS FROM `tb_user` [ RunTime:0.0390s ]
SQL: SELECT * FROM `tb_user` WHERE `id` = '1' LIMIT 1   [ RunTime:0.0009s ]
SQL: SHOW COLUMNS FROM `tb_answer` [ RunTime:0.0251s ]
SQL: SHOW COLUMNS FROM `tb_class` [ RunTime:0.0239s ]
SQL: SELECT * FROM `tb_user` WHERE `id` = '1' LIMIT 1   [ RunTime:0.0006s ]
SQL: UPDATE `tb_user` SET `exam_error_count`='144',`jifen`='0' WHERE (  id=1 ) [ RunTime:0.0022s ]
SQL: SELECT * FROM `tb_answer` WHERE `objidno` = '2741a0a7b7c40ba9e3f7648e3380f13f' AND `userid` = 1 AND `isok` = 0 LIMIT 1   [ RunTime:0.0005s ]
SQL: INSERT INTO `tb_answer` (`type`,`objid`,`objidno`,`isok`,`objtable`,`value`,`title`,`userid`,`time`) VALUES ('1','54','2741a0a7b7c40ba9e3f7648e3380f13f','0','exam','N','距离宽度不足4米的窄路50米以内的路段不能停车。','1','1559704651') [ RunTime:0.0023s ]

