[ 2019-03-26T11:34:38+08:00 ] ::1 /
INFO: [ app_init ] --START--
INFO: Run Behavior\BuildLiteBehavior [ RunTime:0.000037s ]
INFO: [ app_init ] --END-- [ RunTime:0.067614s ]
INFO: [ app_begin ] --START--
INFO: Run Behavior\ReadHtmlCacheBehavior [ RunTime:0.057179s ]
INFO: [ app_begin ] --END-- [ RunTime:0.057297s ]
SQL: SHOW COLUMNS FROM `tb_user` [ RunTime:0.0519s ]
SQL: SELECT * FROM `tb_user` WHERE `id` = '1' LIMIT 1   [ RunTime:0.0007s ]
SQL: SHOW COLUMNS FROM `tb_setting` [ RunTime:0.0274s ]
SQL: SELECT * FROM `tb_setting` WHERE `setting_key` = 'kaoti' LIMIT 1   [ RunTime:0.0003s ]
SQL: SHOW COLUMNS FROM `tb_configex` [ RunTime:0.0340s ]
SQL: SELECT * FROM `tb_configex` WHERE ( 1=1 ) ORDER BY sort asc  [ RunTime:0.0006s ]
SQL: SHOW COLUMNS FROM `tb_class` [ RunTime:0.0501s ]
SQL: SELECT * FROM `tb_class` WHERE `fatherno` = '00010004'  [ RunTime:0.0005s ]
INFO: [ view_parse ] --START--
INFO: [ template_filter ] --START--
INFO: Run Behavior\ContentReplaceBehavior [ RunTime:0.000380s ]
INFO: [ template_filter ] --END-- [ RunTime:0.000491s ]
NOTIC: [8] Use of undefined constant DEFAULT_CONTROLLER - assumed 'DEFAULT_CONTROLLER' D:\resource\bishe\jiakao\Application\Runtime\Cache\Home\769e70f2e46f34ceb60619bbda5e4691.php 第 61 行.
NOTIC: [8] Undefined variable: data D:\resource\bishe\jiakao\Application\Runtime\Cache\Home\769e70f2e46f34ceb60619bbda5e4691.php 第 62 行.
NOTIC: [8] Undefined variable: data D:\resource\bishe\jiakao\Application\Runtime\Cache\Home\769e70f2e46f34ceb60619bbda5e4691.php 第 63 行.
NOTIC: [8] Undefined variable: table D:\resource\bishe\jiakao\Application\Runtime\Cache\Home\769e70f2e46f34ceb60619bbda5e4691.php 第 64 行.
NOTIC: [8] Undefined variable: laiyuan D:\resource\bishe\jiakao\Application\Runtime\Cache\Home\769e70f2e46f34ceb60619bbda5e4691.php 第 66 行.
NOTIC: [8] Undefined variable: lang D:\resource\bishe\jiakao\Application\Runtime\Cache\Home\769e70f2e46f34ceb60619bbda5e4691.php 第 78 行.
NOTIC: [8] Undefined variable: act D:\resource\bishe\jiakao\Application\Runtime\Cache\Home\769e70f2e46f34ceb60619bbda5e4691.php 第 79 行.
NOTIC: [8] Use of undefined constant id - assumed 'id' D:\resource\bishe\jiakao\Application\Runtime\Cache\Home\769e70f2e46f34ceb60619bbda5e4691.php 第 136 行.
NOTIC: [8] Use of undefined constant id - assumed 'id' D:\resource\bishe\jiakao\Application\Runtime\Cache\Home\769e70f2e46f34ceb60619bbda5e4691.php 第 136 行.
NOTIC: [8] Use of undefined constant id - assumed 'id' D:\resource\bishe\jiakao\Application\Runtime\Cache\Home\769e70f2e46f34ceb60619bbda5e4691.php 第 136 行.
NOTIC: [8] Use of undefined constant objtable - assumed 'objtable' D:\resource\bishe\jiakao\Application\Runtime\Cache\Home\769e70f2e46f34ceb60619bbda5e4691.php 第 137 行.
NOTIC: [8] Use of undefined constant objtable - assumed 'objtable' D:\resource\bishe\jiakao\Application\Runtime\Cache\Home\769e70f2e46f34ceb60619bbda5e4691.php 第 137 行.
NOTIC: [8] Use of undefined constant objtable - assumed 'objtable' D:\resource\bishe\jiakao\Application\Runtime\Cache\Home\769e70f2e46f34ceb60619bbda5e4691.php 第 137 行.
INFO: Run Behavior\ParseTemplateBehavior [ RunTime:0.569568s ]
INFO: [ view_parse ] --END-- [ RunTime:0.569682s ]
INFO: [ view_filter ] --START--
INFO: Run Behavior\WriteHtmlCacheBehavior [ RunTime:0.038525s ]
INFO: [ view_filter ] --END-- [ RunTime:0.038686s ]
INFO: [ app_end ] --START--
INFO: Run Behavior\ShowPageTraceBehavior [ RunTime:0.046197s ]
INFO: [ app_end ] --END-- [ RunTime:0.046504s ]

[ 2019-03-26T11:34:59+08:00 ] ::1 /
INFO: [ app_init ] --START--
INFO: Run Behavior\BuildLiteBehavior [ RunTime:0.000035s ]
INFO: [ app_init ] --END-- [ RunTime:0.000851s ]
INFO: [ app_begin ] --START--
INFO: Run Behavior\ReadHtmlCacheBehavior [ RunTime:0.001565s ]
INFO: [ app_begin ] --END-- [ RunTime:0.001660s ]
SQL: SHOW COLUMNS FROM `tb_user` [ RunTime:0.0538s ]
SQL: SELECT * FROM `tb_user` WHERE `id` = '1' LIMIT 1   [ RunTime:0.0007s ]
SQL: SHOW COLUMNS FROM `tb_setting` [ RunTime:0.0483s ]
SQL: SELECT * FROM `tb_setting` WHERE `setting_key` = 'kaoti' LIMIT 1   [ RunTime:0.0003s ]
SQL: SHOW COLUMNS FROM `tb_configex` [ RunTime:0.0533s ]
SQL: SELECT * FROM `tb_configex` WHERE ( 1=1 ) ORDER BY sort asc  [ RunTime:0.0005s ]
SQL: SHOW COLUMNS FROM `tb_class` [ RunTime:0.0354s ]
SQL: SELECT * FROM `tb_class` WHERE `fatherno` = '00010004'  [ RunTime:0.0006s ]
INFO: [ view_parse ] --START--
INFO: [ template_filter ] --START--
INFO: Run Behavior\ContentReplaceBehavior [ RunTime:0.000382s ]
INFO: [ template_filter ] --END-- [ RunTime:0.000504s ]
NOTIC: [8] Use of undefined constant DEFAULT_CONTROLLER - assumed 'DEFAULT_CONTROLLER' D:\resource\bishe\jiakao\Application\Runtime\Cache\Home\769e70f2e46f34ceb60619bbda5e4691.php 第 61 行.
NOTIC: [8] Undefined variable: data D:\resource\bishe\jiakao\Application\Runtime\Cache\Home\769e70f2e46f34ceb60619bbda5e4691.php 第 62 行.
NOTIC: [8] Undefined variable: data D:\resource\bishe\jiakao\Application\Runtime\Cache\Home\769e70f2e46f34ceb60619bbda5e4691.php 第 63 行.
NOTIC: [8] Undefined variable: table D:\resource\bishe\jiakao\Application\Runtime\Cache\Home\769e70f2e46f34ceb60619bbda5e4691.php 第 64 行.
NOTIC: [8] Undefined variable: laiyuan D:\resource\bishe\jiakao\Application\Runtime\Cache\Home\769e70f2e46f34ceb60619bbda5e4691.php 第 66 行.
NOTIC: [8] Undefined variable: lang D:\resource\bishe\jiakao\Application\Runtime\Cache\Home\769e70f2e46f34ceb60619bbda5e4691.php 第 78 行.
NOTIC: [8] Undefined variable: act D:\resource\bishe\jiakao\Application\Runtime\Cache\Home\769e70f2e46f34ceb60619bbda5e4691.php 第 79 行.
NOTIC: [8] Use of undefined constant id - assumed 'id' D:\resource\bishe\jiakao\Application\Runtime\Cache\Home\769e70f2e46f34ceb60619bbda5e4691.php 第 136 行.
NOTIC: [8] Use of undefined constant id - assumed 'id' D:\resource\bishe\jiakao\Application\Runtime\Cache\Home\769e70f2e46f34ceb60619bbda5e4691.php 第 136 行.
NOTIC: [8] Use of undefined constant id - assumed 'id' D:\resource\bishe\jiakao\Application\Runtime\Cache\Home\769e70f2e46f34ceb60619bbda5e4691.php 第 136 行.
NOTIC: [8] Use of undefined constant objtable - assumed 'objtable' D:\resource\bishe\jiakao\Application\Runtime\Cache\Home\769e70f2e46f34ceb60619bbda5e4691.php 第 137 行.
NOTIC: [8] Use of undefined constant objtable - assumed 'objtable' D:\resource\bishe\jiakao\Application\Runtime\Cache\Home\769e70f2e46f34ceb60619bbda5e4691.php 第 137 行.
NOTIC: [8] Use of undefined constant objtable - assumed 'objtable' D:\resource\bishe\jiakao\Application\Runtime\Cache\Home\769e70f2e46f34ceb60619bbda5e4691.php 第 137 行.
INFO: Run Behavior\ParseTemplateBehavior [ RunTime:0.293769s ]
INFO: [ view_parse ] --END-- [ RunTime:0.293866s ]
INFO: [ view_filter ] --START--
INFO: Run Behavior\WriteHtmlCacheBehavior [ RunTime:0.000704s ]
INFO: [ view_filter ] --END-- [ RunTime:0.000796s ]
INFO: [ app_end ] --START--
INFO: Run Behavior\ShowPageTraceBehavior [ RunTime:0.001412s ]
INFO: [ app_end ] --END-- [ RunTime:0.001516s ]

[ 2019-03-26T14:30:39+08:00 ] ::1 /
INFO: [ app_init ] --START--
INFO: Run Behavior\BuildLiteBehavior [ RunTime:0.000028s ]
INFO: [ app_init ] --END-- [ RunTime:0.016553s ]
INFO: [ app_begin ] --START--
INFO: Run Behavior\ReadHtmlCacheBehavior [ RunTime:0.014334s ]
INFO: [ app_begin ] --END-- [ RunTime:0.014408s ]
SQL: SHOW COLUMNS FROM `tb_user` [ RunTime:0.1432s ]
SQL: SELECT * FROM `tb_user` WHERE `id` = '1' LIMIT 1   [ RunTime:0.0103s ]
SQL: SHOW COLUMNS FROM `tb_setting` [ RunTime:0.0213s ]
SQL: SELECT * FROM `tb_setting` WHERE `setting_key` = 'kaoti' LIMIT 1   [ RunTime:0.0002s ]
SQL: SHOW COLUMNS FROM `tb_configex` [ RunTime:0.0196s ]
SQL: SELECT * FROM `tb_configex` WHERE ( 1=1 ) ORDER BY sort asc  [ RunTime:0.0004s ]
SQL: SHOW COLUMNS FROM `tb_class` [ RunTime:0.0180s ]
SQL: SELECT * FROM `tb_class` WHERE `fatherno` = '00010004'  [ RunTime:0.0004s ]
INFO: [ view_parse ] --START--
INFO: [ template_filter ] --START--
INFO: Run Behavior\ContentReplaceBehavior [ RunTime:0.000098s ]
INFO: [ template_filter ] --END-- [ RunTime:0.000143s ]
NOTIC: [8] Use of undefined constant DEFAULT_CONTROLLER - assumed 'DEFAULT_CONTROLLER' D:\resource\bishe\jiakao\Application\Runtime\Cache\Home\769e70f2e46f34ceb60619bbda5e4691.php 第 61 行.
NOTIC: [8] Undefined variable: data D:\resource\bishe\jiakao\Application\Runtime\Cache\Home\769e70f2e46f34ceb60619bbda5e4691.php 第 62 行.
NOTIC: [8] Undefined variable: data D:\resource\bishe\jiakao\Application\Runtime\Cache\Home\769e70f2e46f34ceb60619bbda5e4691.php 第 63 行.
NOTIC: [8] Undefined variable: table D:\resource\bishe\jiakao\Application\Runtime\Cache\Home\769e70f2e46f34ceb60619bbda5e4691.php 第 64 行.
NOTIC: [8] Undefined variable: laiyuan D:\resource\bishe\jiakao\Application\Runtime\Cache\Home\769e70f2e46f34ceb60619bbda5e4691.php 第 66 行.
NOTIC: [8] Undefined variable: lang D:\resource\bishe\jiakao\Application\Runtime\Cache\Home\769e70f2e46f34ceb60619bbda5e4691.php 第 78 行.
NOTIC: [8] Undefined variable: act D:\resource\bishe\jiakao\Application\Runtime\Cache\Home\769e70f2e46f34ceb60619bbda5e4691.php 第 79 行.
NOTIC: [8] Use of undefined constant id - assumed 'id' D:\resource\bishe\jiakao\Application\Runtime\Cache\Home\769e70f2e46f34ceb60619bbda5e4691.php 第 136 行.
NOTIC: [8] Use of undefined constant id - assumed 'id' D:\resource\bishe\jiakao\Application\Runtime\Cache\Home\769e70f2e46f34ceb60619bbda5e4691.php 第 136 行.
NOTIC: [8] Use of undefined constant id - assumed 'id' D:\resource\bishe\jiakao\Application\Runtime\Cache\Home\769e70f2e46f34ceb60619bbda5e4691.php 第 136 行.
NOTIC: [8] Use of undefined constant objtable - assumed 'objtable' D:\resource\bishe\jiakao\Application\Runtime\Cache\Home\769e70f2e46f34ceb60619bbda5e4691.php 第 137 行.
NOTIC: [8] Use of undefined constant objtable - assumed 'objtable' D:\resource\bishe\jiakao\Application\Runtime\Cache\Home\769e70f2e46f34ceb60619bbda5e4691.php 第 137 行.
NOTIC: [8] Use of undefined constant objtable - assumed 'objtable' D:\resource\bishe\jiakao\Application\Runtime\Cache\Home\769e70f2e46f34ceb60619bbda5e4691.php 第 137 行.
INFO: Run Behavior\ParseTemplateBehavior [ RunTime:0.147487s ]
INFO: [ view_parse ] --END-- [ RunTime:0.147542s ]
INFO: [ view_filter ] --START--
INFO: Run Behavior\WriteHtmlCacheBehavior [ RunTime:0.009013s ]
INFO: [ view_filter ] --END-- [ RunTime:0.009067s ]
INFO: [ app_end ] --START--
INFO: Run Behavior\ShowPageTraceBehavior [ RunTime:0.017432s ]
INFO: [ app_end ] --END-- [ RunTime:0.017509s ]

[ 2019-03-26T14:31:01+08:00 ] ::1 /
INFO: [ app_init ] --START--
INFO: Run Behavior\BuildLiteBehavior [ RunTime:0.000023s ]
INFO: [ app_init ] --END-- [ RunTime:0.000675s ]
INFO: [ app_begin ] --START--
INFO: Run Behavior\ReadHtmlCacheBehavior [ RunTime:0.001190s ]
INFO: [ app_begin ] --END-- [ RunTime:0.001291s ]
SQL: SHOW COLUMNS FROM `tb_user` [ RunTime:0.0255s ]
SQL: SELECT * FROM `tb_user` WHERE `id` = '1' LIMIT 1   [ RunTime:0.0009s ]
SQL: SHOW COLUMNS FROM `tb_setting` [ RunTime:0.0129s ]
SQL: SELECT * FROM `tb_setting` WHERE `setting_key` = 'kaoti' LIMIT 1   [ RunTime:0.0003s ]
SQL: SHOW COLUMNS FROM `tb_configex` [ RunTime:0.0141s ]
SQL: SELECT * FROM `tb_configex` WHERE ( 1=1 ) ORDER BY sort asc  [ RunTime:0.0003s ]
SQL: SHOW COLUMNS FROM `tb_class` [ RunTime:0.0103s ]
SQL: SELECT * FROM `tb_class` WHERE `fatherno` = '00010004'  [ RunTime:0.0003s ]
INFO: [ view_parse ] --START--
INFO: [ template_filter ] --START--
INFO: Run Behavior\ContentReplaceBehavior [ RunTime:0.000096s ]
INFO: [ template_filter ] --END-- [ RunTime:0.000136s ]
NOTIC: [8] Use of undefined constant DEFAULT_CONTROLLER - assumed 'DEFAULT_CONTROLLER' D:\resource\bishe\jiakao\Application\Runtime\Cache\Home\769e70f2e46f34ceb60619bbda5e4691.php 第 61 行.
NOTIC: [8] Undefined variable: data D:\resource\bishe\jiakao\Application\Runtime\Cache\Home\769e70f2e46f34ceb60619bbda5e4691.php 第 62 行.
NOTIC: [8] Undefined variable: data D:\resource\bishe\jiakao\Application\Runtime\Cache\Home\769e70f2e46f34ceb60619bbda5e4691.php 第 63 行.
NOTIC: [8] Undefined variable: table D:\resource\bishe\jiakao\Application\Runtime\Cache\Home\769e70f2e46f34ceb60619bbda5e4691.php 第 64 行.
NOTIC: [8] Undefined variable: laiyuan D:\resource\bishe\jiakao\Application\Runtime\Cache\Home\769e70f2e46f34ceb60619bbda5e4691.php 第 66 行.
NOTIC: [8] Undefined variable: lang D:\resource\bishe\jiakao\Application\Runtime\Cache\Home\769e70f2e46f34ceb60619bbda5e4691.php 第 78 行.
NOTIC: [8] Undefined variable: act D:\resource\bishe\jiakao\Application\Runtime\Cache\Home\769e70f2e46f34ceb60619bbda5e4691.php 第 79 行.
NOTIC: [8] Use of undefined constant id - assumed 'id' D:\resource\bishe\jiakao\Application\Runtime\Cache\Home\769e70f2e46f34ceb60619bbda5e4691.php 第 136 行.
NOTIC: [8] Use of undefined constant id - assumed 'id' D:\resource\bishe\jiakao\Application\Runtime\Cache\Home\769e70f2e46f34ceb60619bbda5e4691.php 第 136 行.
NOTIC: [8] Use of undefined constant id - assumed 'id' D:\resource\bishe\jiakao\Application\Runtime\Cache\Home\769e70f2e46f34ceb60619bbda5e4691.php 第 136 行.
NOTIC: [8] Use of undefined constant objtable - assumed 'objtable' D:\resource\bishe\jiakao\Application\Runtime\Cache\Home\769e70f2e46f34ceb60619bbda5e4691.php 第 137 行.
NOTIC: [8] Use of undefined constant objtable - assumed 'objtable' D:\resource\bishe\jiakao\Application\Runtime\Cache\Home\769e70f2e46f34ceb60619bbda5e4691.php 第 137 行.
NOTIC: [8] Use of undefined constant objtable - assumed 'objtable' D:\resource\bishe\jiakao\Application\Runtime\Cache\Home\769e70f2e46f34ceb60619bbda5e4691.php 第 137 行.
INFO: Run Behavior\ParseTemplateBehavior [ RunTime:0.038786s ]
INFO: [ view_parse ] --END-- [ RunTime:0.038836s ]
INFO: [ view_filter ] --START--
INFO: Run Behavior\WriteHtmlCacheBehavior [ RunTime:0.000339s ]
INFO: [ view_filter ] --END-- [ RunTime:0.000370s ]
INFO: [ app_end ] --START--
INFO: Run Behavior\ShowPageTraceBehavior [ RunTime:0.000575s ]
INFO: [ app_end ] --END-- [ RunTime:0.000639s ]

[ 2019-03-26T15:12:55+08:00 ] ::1 /index.php
INFO: [ app_init ] --START--
INFO: Run Behavior\BuildLiteBehavior [ RunTime:0.000022s ]
INFO: [ app_init ] --END-- [ RunTime:0.000552s ]
INFO: [ app_begin ] --START--
INFO: Run Behavior\ReadHtmlCacheBehavior [ RunTime:0.000919s ]
INFO: [ app_begin ] --END-- [ RunTime:0.000994s ]

[ 2019-03-26T18:17:35+08:00 ] ::1 /index.php/Home/Exam/index/fatherid/38.html
INFO: [ app_init ] --START--
INFO: Run Behavior\BuildLiteBehavior [ RunTime:0.000018s ]
INFO: [ app_init ] --END-- [ RunTime:0.000500s ]
INFO: [ app_begin ] --START--
INFO: Run Behavior\ReadHtmlCacheBehavior [ RunTime:0.000897s ]
INFO: [ app_begin ] --END-- [ RunTime:0.000970s ]
SQL: SHOW COLUMNS FROM `tb_user` [ RunTime:0.0263s ]
SQL: SELECT * FROM `tb_user` WHERE `id` = '1' LIMIT 1   [ RunTime:0.0010s ]
SQL: SHOW COLUMNS FROM `tb_exam` [ RunTime:0.0272s ]
SQL: SHOW COLUMNS FROM `tb_class` [ RunTime:0.0082s ]
SQL: SELECT * FROM `tb_class` WHERE `id` = 38 LIMIT 1   [ RunTime:0.0004s ]
SQL: SELECT * FROM `tb_class` WHERE `fatherno` = '000100040001'  [ RunTime:0.0003s ]
SQL: SELECT * FROM `tb_class` WHERE `id` = 38 LIMIT 1   [ RunTime:0.0002s ]
NOTIC: [8] Undefined variable: data D:\resource\bishe\jiakao\Application\Home\Controller\ExamController.class.php 第 42 行.
INFO: [ view_parse ] --START--
INFO: [ template_filter ] --START--
INFO: Run Behavior\ContentReplaceBehavior [ RunTime:0.000111s ]
INFO: [ template_filter ] --END-- [ RunTime:0.000164s ]
NOTIC: [8] Use of undefined constant DEFAULT_CONTROLLER - assumed 'DEFAULT_CONTROLLER' D:\resource\bishe\jiakao\Application\Runtime\Cache\Home\3b55929aa3ece9bdb3aa5aa8c12f4fd5.php 第 61 行.
NOTIC: [8] Undefined variable: laiyuan D:\resource\bishe\jiakao\Application\Runtime\Cache\Home\3b55929aa3ece9bdb3aa5aa8c12f4fd5.php 第 66 行.
NOTIC: [8] Undefined variable: lang D:\resource\bishe\jiakao\Application\Runtime\Cache\Home\3b55929aa3ece9bdb3aa5aa8c12f4fd5.php 第 78 行.
NOTIC: [8] Undefined variable: act D:\resource\bishe\jiakao\Application\Runtime\Cache\Home\3b55929aa3ece9bdb3aa5aa8c12f4fd5.php 第 79 行.
NOTIC: [8] Undefined index: kemu D:\resource\bishe\jiakao\Application\Runtime\Cache\Home\3b55929aa3ece9bdb3aa5aa8c12f4fd5.php 第 124 行.
NOTIC: [8] Undefined index: kemu D:\resource\bishe\jiakao\Application\Runtime\Cache\Home\3b55929aa3ece9bdb3aa5aa8c12f4fd5.php 第 124 行.
NOTIC: [8] Undefined index: kemu D:\resource\bishe\jiakao\Application\Runtime\Cache\Home\3b55929aa3ece9bdb3aa5aa8c12f4fd5.php 第 124 行.
NOTIC: [8] Undefined index: kemu D:\resource\bishe\jiakao\Application\Runtime\Cache\Home\3b55929aa3ece9bdb3aa5aa8c12f4fd5.php 第 124 行.
NOTIC: [8] Undefined index: kemu D:\resource\bishe\jiakao\Application\Runtime\Cache\Home\3b55929aa3ece9bdb3aa5aa8c12f4fd5.php 第 124 行.
NOTIC: [8] Undefined index: kemu D:\resource\bishe\jiakao\Application\Runtime\Cache\Home\3b55929aa3ece9bdb3aa5aa8c12f4fd5.php 第 124 行.
INFO: Run Behavior\ParseTemplateBehavior [ RunTime:0.053739s ]
INFO: [ view_parse ] --END-- [ RunTime:0.053795s ]
INFO: [ view_filter ] --START--
INFO: Run Behavior\WriteHtmlCacheBehavior [ RunTime:0.000947s ]
INFO: [ view_filter ] --END-- [ RunTime:0.001004s ]
INFO: [ app_end ] --START--
INFO: Run Behavior\ShowPageTraceBehavior [ RunTime:0.000734s ]
INFO: [ app_end ] --END-- [ RunTime:0.000792s ]

[ 2019-03-26T18:17:38+08:00 ] ::1 /index.php/Home/Exam/lists/act/moni/classid/39/kemu/1
INFO: [ app_init ] --START--
INFO: Run Behavior\BuildLiteBehavior [ RunTime:0.000012s ]
INFO: [ app_init ] --END-- [ RunTime:0.000296s ]
INFO: [ app_begin ] --START--
INFO: Run Behavior\ReadHtmlCacheBehavior [ RunTime:0.000428s ]
INFO: [ app_begin ] --END-- [ RunTime:0.000470s ]
SQL: SHOW COLUMNS FROM `tb_user` [ RunTime:0.0114s ]
SQL: SELECT * FROM `tb_user` WHERE `id` = '1' LIMIT 1   [ RunTime:0.0003s ]
SQL: SHOW COLUMNS FROM `tb_class` [ RunTime:0.0109s ]
SQL: SELECT * FROM `tb_class` WHERE `id` = 39 LIMIT 1   [ RunTime:0.0004s ]
SQL: SELECT * FROM `tb_class` WHERE `classno` = '000100040001' LIMIT 1   [ RunTime:0.0002s ]
SQL: SHOW COLUMNS FROM `tb_exam` [ RunTime:0.0082s ]
SQL: SELECT * FROM `tb_exam` WHERE `classid` = '39' AND `kemu` = 1 AND `type` = 0 ORDER BY RAND() LIMIT 0,40   [ RunTime:0.0386s ]
SQL: SELECT * FROM `tb_exam` WHERE `classid` = '39' AND `kemu` = 1 AND `type` = 1 ORDER BY RAND() LIMIT 0,40   [ RunTime:0.0078s ]
SQL: SELECT * FROM `tb_exam` WHERE `classid` = '39' AND `kemu` = 1 AND `type` = 2 ORDER BY RAND() LIMIT 0,20   [ RunTime:0.0017s ]
NOTIC: [2] Invalid argument supplied for foreach() D:\resource\bishe\jiakao\Application\Home\Controller\ExamController.class.php 第 121 行.
NOTIC: [8] Undefined index: ajax D:\resource\bishe\jiakao\Application\Home\Controller\ExamController.class.php 第 136 行.
NOTIC: [8] Undefined variable: conf D:\resource\bishe\jiakao\Application\Home\Controller\ExamController.class.php 第 151 行.
NOTIC: [8] Undefined index: tpl D:\resource\bishe\jiakao\Application\Home\Controller\ExamController.class.php 第 156 行.
INFO: [ view_parse ] --START--
INFO: [ template_filter ] --START--
INFO: Run Behavior\ContentReplaceBehavior [ RunTime:0.000097s ]
INFO: [ template_filter ] --END-- [ RunTime:0.000142s ]
NOTIC: [8] Use of undefined constant DEFAULT_CONTROLLER - assumed 'DEFAULT_CONTROLLER' D:\resource\bishe\jiakao\Application\Runtime\Cache\Home\bfb98a2b56c27ea7e4a591fb49e9a818.php 第 61 行.
NOTIC: [8] Undefined variable: laiyuan D:\resource\bishe\jiakao\Application\Runtime\Cache\Home\bfb98a2b56c27ea7e4a591fb49e9a818.php 第 66 行.
INFO: Run Behavior\ParseTemplateBehavior [ RunTime:0.099501s ]
INFO: [ view_parse ] --END-- [ RunTime:0.099564s ]
INFO: [ view_filter ] --START--
INFO: Run Behavior\WriteHtmlCacheBehavior [ RunTime:0.000639s ]
INFO: [ view_filter ] --END-- [ RunTime:0.000723s ]
INFO: [ app_end ] --START--
INFO: Run Behavior\ShowPageTraceBehavior [ RunTime:0.001072s ]
INFO: [ app_end ] --END-- [ RunTime:0.001163s ]

[ 2019-03-26T18:24:55+08:00 ] ::1 /
INFO: [ app_init ] --START--
INFO: Run Behavior\BuildLiteBehavior [ RunTime:0.000013s ]
INFO: [ app_init ] --END-- [ RunTime:0.000342s ]
INFO: [ app_begin ] --START--
INFO: Run Behavior\ReadHtmlCacheBehavior [ RunTime:0.000768s ]
INFO: [ app_begin ] --END-- [ RunTime:0.000824s ]
SQL: SHOW COLUMNS FROM `tb_user` [ RunTime:0.0141s ]
SQL: SELECT * FROM `tb_user` WHERE `id` = '1' LIMIT 1   [ RunTime:0.0005s ]
SQL: SHOW COLUMNS FROM `tb_setting` [ RunTime:0.0125s ]
SQL: SELECT * FROM `tb_setting` WHERE `setting_key` = 'kaoti' LIMIT 1   [ RunTime:0.0004s ]
SQL: SHOW COLUMNS FROM `tb_configex` [ RunTime:0.0125s ]
SQL: SELECT * FROM `tb_configex` WHERE ( 1=1 ) ORDER BY sort asc  [ RunTime:0.0005s ]
SQL: SHOW COLUMNS FROM `tb_class` [ RunTime:0.0105s ]
SQL: SELECT * FROM `tb_class` WHERE `fatherno` = '00010004'  [ RunTime:0.0005s ]
INFO: [ view_parse ] --START--
INFO: [ template_filter ] --START--
INFO: Run Behavior\ContentReplaceBehavior [ RunTime:0.000105s ]
INFO: [ template_filter ] --END-- [ RunTime:0.000156s ]
NOTIC: [8] Use of undefined constant DEFAULT_CONTROLLER - assumed 'DEFAULT_CONTROLLER' D:\resource\bishe\jiakao\Application\Runtime\Cache\Home\769e70f2e46f34ceb60619bbda5e4691.php 第 61 行.
NOTIC: [8] Undefined variable: data D:\resource\bishe\jiakao\Application\Runtime\Cache\Home\769e70f2e46f34ceb60619bbda5e4691.php 第 62 行.
NOTIC: [8] Undefined variable: data D:\resource\bishe\jiakao\Application\Runtime\Cache\Home\769e70f2e46f34ceb60619bbda5e4691.php 第 63 行.
NOTIC: [8] Undefined variable: table D:\resource\bishe\jiakao\Application\Runtime\Cache\Home\769e70f2e46f34ceb60619bbda5e4691.php 第 64 行.
NOTIC: [8] Undefined variable: laiyuan D:\resource\bishe\jiakao\Application\Runtime\Cache\Home\769e70f2e46f34ceb60619bbda5e4691.php 第 66 行.
NOTIC: [8] Undefined variable: lang D:\resource\bishe\jiakao\Application\Runtime\Cache\Home\769e70f2e46f34ceb60619bbda5e4691.php 第 78 行.
NOTIC: [8] Undefined variable: act D:\resource\bishe\jiakao\Application\Runtime\Cache\Home\769e70f2e46f34ceb60619bbda5e4691.php 第 79 行.
NOTIC: [8] Use of undefined constant id - assumed 'id' D:\resource\bishe\jiakao\Application\Runtime\Cache\Home\769e70f2e46f34ceb60619bbda5e4691.php 第 136 行.
NOTIC: [8] Use of undefined constant id - assumed 'id' D:\resource\bishe\jiakao\Application\Runtime\Cache\Home\769e70f2e46f34ceb60619bbda5e4691.php 第 136 行.
NOTIC: [8] Use of undefined constant id - assumed 'id' D:\resource\bishe\jiakao\Application\Runtime\Cache\Home\769e70f2e46f34ceb60619bbda5e4691.php 第 136 行.
NOTIC: [8] Use of undefined constant objtable - assumed 'objtable' D:\resource\bishe\jiakao\Application\Runtime\Cache\Home\769e70f2e46f34ceb60619bbda5e4691.php 第 137 行.
NOTIC: [8] Use of undefined constant objtable - assumed 'objtable' D:\resource\bishe\jiakao\Application\Runtime\Cache\Home\769e70f2e46f34ceb60619bbda5e4691.php 第 137 行.
NOTIC: [8] Use of undefined constant objtable - assumed 'objtable' D:\resource\bishe\jiakao\Application\Runtime\Cache\Home\769e70f2e46f34ceb60619bbda5e4691.php 第 137 行.
INFO: Run Behavior\ParseTemplateBehavior [ RunTime:0.055078s ]
INFO: [ view_parse ] --END-- [ RunTime:0.055128s ]
INFO: [ view_filter ] --START--
INFO: Run Behavior\WriteHtmlCacheBehavior [ RunTime:0.000388s ]
INFO: [ view_filter ] --END-- [ RunTime:0.000424s ]
INFO: [ app_end ] --START--
INFO: Run Behavior\ShowPageTraceBehavior [ RunTime:0.001768s ]
INFO: [ app_end ] --END-- [ RunTime:0.001887s ]

