[ 2019-05-21T10:34:50+08:00 ] ::1 /
INFO: [ app_init ] --START--
INFO: Run Behavior\BuildLiteBehavior [ RunTime:0.000020s ]
INFO: [ app_init ] --END-- [ RunTime:0.020944s ]
INFO: [ app_begin ] --START--
INFO: Run Behavior\ReadHtmlCacheBehavior [ RunTime:0.014076s ]
INFO: [ app_begin ] --END-- [ RunTime:0.014148s ]

[ 2019-05-21T10:34:51+08:00 ] ::1 /index.php/Home/user/login
INFO: [ app_init ] --START--
INFO: Run Behavior\BuildLiteBehavior [ RunTime:0.000013s ]
INFO: [ app_init ] --END-- [ RunTime:0.000290s ]
INFO: [ app_begin ] --START--
INFO: Run Behavior\ReadHtmlCacheBehavior [ RunTime:0.000436s ]
INFO: [ app_begin ] --END-- [ RunTime:0.000480s ]
SQL: SHOW COLUMNS FROM `tb_user` [ RunTime:0.1946s ]
SQL: SELECT * FROM `tb_user` WHERE `id` = '' LIMIT 1   [ RunTime:0.0284s ]
SQL: SHOW COLUMNS FROM `tb_user` [ RunTime:0.0106s ]
NOTIC: [8] Undefined index: username D:\resource\bishe\jiakao\Application\Home\Controller\UserController.class.php 第 16 行.
NOTIC: [8] Undefined index: userpwd D:\resource\bishe\jiakao\Application\Home\Controller\UserController.class.php 第 17 行.
INFO: [ view_parse ] --START--
INFO: [ template_filter ] --START--
INFO: Run Behavior\ContentReplaceBehavior [ RunTime:0.000087s ]
INFO: [ template_filter ] --END-- [ RunTime:0.000136s ]
NOTIC: [8] Use of undefined constant DEFAULT_CONTROLLER - assumed 'DEFAULT_CONTROLLER' D:\resource\bishe\jiakao\Application\Runtime\Cache\Home\b171d71961885d3bf0f7a9b2e0867b01.php 第 205 行.
NOTIC: [8] Undefined variable: data D:\resource\bishe\jiakao\Application\Runtime\Cache\Home\b171d71961885d3bf0f7a9b2e0867b01.php 第 206 行.
NOTIC: [8] Undefined variable: data D:\resource\bishe\jiakao\Application\Runtime\Cache\Home\b171d71961885d3bf0f7a9b2e0867b01.php 第 207 行.
NOTIC: [8] Undefined variable: table D:\resource\bishe\jiakao\Application\Runtime\Cache\Home\b171d71961885d3bf0f7a9b2e0867b01.php 第 208 行.
NOTIC: [8] Undefined variable: laiyuan D:\resource\bishe\jiakao\Application\Runtime\Cache\Home\b171d71961885d3bf0f7a9b2e0867b01.php 第 210 行.
NOTIC: [8] Undefined variable: lang D:\resource\bishe\jiakao\Application\Runtime\Cache\Home\b171d71961885d3bf0f7a9b2e0867b01.php 第 221 行.
NOTIC: [8] Undefined variable: act D:\resource\bishe\jiakao\Application\Runtime\Cache\Home\b171d71961885d3bf0f7a9b2e0867b01.php 第 222 行.
NOTIC: [8] Undefined index: userq D:\resource\bishe\jiakao\Application\Runtime\Cache\Home\b171d71961885d3bf0f7a9b2e0867b01.php 第 223 行.
NOTIC: [8] Undefined index: userq D:\resource\bishe\jiakao\Application\Runtime\Cache\Home\b171d71961885d3bf0f7a9b2e0867b01.php 第 228 行.
NOTIC: [8] Undefined index: userq D:\resource\bishe\jiakao\Application\Runtime\Cache\Home\b171d71961885d3bf0f7a9b2e0867b01.php 第 229 行.
INFO: Run Behavior\ParseTemplateBehavior [ RunTime:0.181643s ]
INFO: [ view_parse ] --END-- [ RunTime:0.181740s ]
INFO: [ view_filter ] --START--
INFO: Run Behavior\WriteHtmlCacheBehavior [ RunTime:0.008961s ]
INFO: [ view_filter ] --END-- [ RunTime:0.009009s ]
INFO: [ app_end ] --START--
INFO: Run Behavior\ShowPageTraceBehavior [ RunTime:0.031948s ]
INFO: [ app_end ] --END-- [ RunTime:0.032026s ]

[ 2019-05-21T10:49:41+08:00 ] ::1 /
INFO: [ app_init ] --START--
INFO: Run Behavior\BuildLiteBehavior [ RunTime:0.000014s ]
INFO: [ app_init ] --END-- [ RunTime:0.000369s ]
INFO: [ app_begin ] --START--
INFO: Run Behavior\ReadHtmlCacheBehavior [ RunTime:0.000706s ]
INFO: [ app_begin ] --END-- [ RunTime:0.000779s ]

[ 2019-05-21T10:49:42+08:00 ] ::1 /index.php/Home/user/login
INFO: [ app_init ] --START--
INFO: Run Behavior\BuildLiteBehavior [ RunTime:0.000036s ]
INFO: [ app_init ] --END-- [ RunTime:0.000604s ]
INFO: [ app_begin ] --START--
INFO: Run Behavior\ReadHtmlCacheBehavior [ RunTime:0.000809s ]
INFO: [ app_begin ] --END-- [ RunTime:0.000878s ]
SQL: SHOW COLUMNS FROM `tb_user` [ RunTime:0.0335s ]
SQL: SELECT * FROM `tb_user` WHERE `id` = '' LIMIT 1   [ RunTime:0.0003s ]
SQL: SHOW COLUMNS FROM `tb_user` [ RunTime:0.0072s ]
NOTIC: [8] Undefined index: username D:\resource\bishe\jiakao\Application\Home\Controller\UserController.class.php 第 16 行.
NOTIC: [8] Undefined index: userpwd D:\resource\bishe\jiakao\Application\Home\Controller\UserController.class.php 第 17 行.
INFO: [ view_parse ] --START--
INFO: [ template_filter ] --START--
INFO: Run Behavior\ContentReplaceBehavior [ RunTime:0.000070s ]
INFO: [ template_filter ] --END-- [ RunTime:0.000115s ]
NOTIC: [8] Use of undefined constant DEFAULT_CONTROLLER - assumed 'DEFAULT_CONTROLLER' D:\resource\bishe\jiakao\Application\Runtime\Cache\Home\b171d71961885d3bf0f7a9b2e0867b01.php 第 205 行.
NOTIC: [8] Undefined variable: data D:\resource\bishe\jiakao\Application\Runtime\Cache\Home\b171d71961885d3bf0f7a9b2e0867b01.php 第 206 行.
NOTIC: [8] Undefined variable: data D:\resource\bishe\jiakao\Application\Runtime\Cache\Home\b171d71961885d3bf0f7a9b2e0867b01.php 第 207 行.
NOTIC: [8] Undefined variable: table D:\resource\bishe\jiakao\Application\Runtime\Cache\Home\b171d71961885d3bf0f7a9b2e0867b01.php 第 208 行.
NOTIC: [8] Undefined variable: laiyuan D:\resource\bishe\jiakao\Application\Runtime\Cache\Home\b171d71961885d3bf0f7a9b2e0867b01.php 第 210 行.
NOTIC: [8] Undefined variable: lang D:\resource\bishe\jiakao\Application\Runtime\Cache\Home\b171d71961885d3bf0f7a9b2e0867b01.php 第 221 行.
NOTIC: [8] Undefined variable: act D:\resource\bishe\jiakao\Application\Runtime\Cache\Home\b171d71961885d3bf0f7a9b2e0867b01.php 第 222 行.
NOTIC: [8] Undefined index: userq D:\resource\bishe\jiakao\Application\Runtime\Cache\Home\b171d71961885d3bf0f7a9b2e0867b01.php 第 223 行.
NOTIC: [8] Undefined index: userq D:\resource\bishe\jiakao\Application\Runtime\Cache\Home\b171d71961885d3bf0f7a9b2e0867b01.php 第 228 行.
NOTIC: [8] Undefined index: userq D:\resource\bishe\jiakao\Application\Runtime\Cache\Home\b171d71961885d3bf0f7a9b2e0867b01.php 第 229 行.
INFO: Run Behavior\ParseTemplateBehavior [ RunTime:0.040869s ]
INFO: [ view_parse ] --END-- [ RunTime:0.040914s ]
INFO: [ view_filter ] --START--
INFO: Run Behavior\WriteHtmlCacheBehavior [ RunTime:0.000374s ]
INFO: [ view_filter ] --END-- [ RunTime:0.000407s ]
INFO: [ app_end ] --START--
INFO: Run Behavior\ShowPageTraceBehavior [ RunTime:0.001567s ]
INFO: [ app_end ] --END-- [ RunTime:0.001655s ]

[ 2019-05-21T10:49:52+08:00 ] ::1 /index.php/Home/user/login
INFO: [ app_init ] --START--
INFO: Run Behavior\BuildLiteBehavior [ RunTime:0.000013s ]
INFO: [ app_init ] --END-- [ RunTime:0.000383s ]
INFO: [ app_begin ] --START--
INFO: Run Behavior\ReadHtmlCacheBehavior [ RunTime:0.000634s ]
INFO: [ app_begin ] --END-- [ RunTime:0.000676s ]
SQL: SHOW COLUMNS FROM `tb_user` [ RunTime:0.0408s ]
SQL: SELECT * FROM `tb_user` WHERE `id` = '' LIMIT 1   [ RunTime:0.0014s ]
SQL: SHOW COLUMNS FROM `tb_user` [ RunTime:0.0224s ]
SQL: SELECT * FROM `tb_user` WHERE `username` = 'admin' AND `userpwd` = '21232f297a57a5a743894a0e4a801fc3' LIMIT 1   [ RunTime:0.0005s ]

[ 2019-05-21T10:49:53+08:00 ] ::1 /index.php/Home/index.html
INFO: [ app_init ] --START--
INFO: Run Behavior\BuildLiteBehavior [ RunTime:0.000015s ]
INFO: [ app_init ] --END-- [ RunTime:0.000534s ]
INFO: [ app_begin ] --START--
INFO: Run Behavior\ReadHtmlCacheBehavior [ RunTime:0.000634s ]
INFO: [ app_begin ] --END-- [ RunTime:0.000681s ]
SQL: SHOW COLUMNS FROM `tb_user` [ RunTime:0.0395s ]
SQL: SELECT * FROM `tb_user` WHERE `id` = '1' LIMIT 1   [ RunTime:0.0007s ]
SQL: SHOW COLUMNS FROM `tb_setting` [ RunTime:0.0202s ]
SQL: SELECT * FROM `tb_setting` WHERE `setting_key` = 'kaoti' LIMIT 1   [ RunTime:0.0004s ]
SQL: SHOW COLUMNS FROM `tb_configex` [ RunTime:0.0175s ]
SQL: SELECT * FROM `tb_configex` WHERE ( 1=1 ) ORDER BY sort asc  [ RunTime:0.0004s ]
SQL: SHOW COLUMNS FROM `tb_class` [ RunTime:0.0113s ]
SQL: SELECT * FROM `tb_class` WHERE `fatherno` = '00010004'  [ RunTime:0.0006s ]
INFO: [ view_parse ] --START--
INFO: [ template_filter ] --START--
INFO: Run Behavior\ContentReplaceBehavior [ RunTime:0.000093s ]
INFO: [ template_filter ] --END-- [ RunTime:0.000140s ]
NOTIC: [8] Use of undefined constant DEFAULT_CONTROLLER - assumed 'DEFAULT_CONTROLLER' D:\resource\bishe\jiakao\Application\Runtime\Cache\Home\769e70f2e46f34ceb60619bbda5e4691.php 第 204 行.
NOTIC: [8] Undefined variable: data D:\resource\bishe\jiakao\Application\Runtime\Cache\Home\769e70f2e46f34ceb60619bbda5e4691.php 第 205 行.
NOTIC: [8] Undefined variable: data D:\resource\bishe\jiakao\Application\Runtime\Cache\Home\769e70f2e46f34ceb60619bbda5e4691.php 第 206 行.
NOTIC: [8] Undefined variable: table D:\resource\bishe\jiakao\Application\Runtime\Cache\Home\769e70f2e46f34ceb60619bbda5e4691.php 第 207 行.
NOTIC: [8] Undefined variable: laiyuan D:\resource\bishe\jiakao\Application\Runtime\Cache\Home\769e70f2e46f34ceb60619bbda5e4691.php 第 209 行.
NOTIC: [8] Undefined variable: lang D:\resource\bishe\jiakao\Application\Runtime\Cache\Home\769e70f2e46f34ceb60619bbda5e4691.php 第 220 行.
NOTIC: [8] Undefined variable: act D:\resource\bishe\jiakao\Application\Runtime\Cache\Home\769e70f2e46f34ceb60619bbda5e4691.php 第 221 行.
INFO: Run Behavior\ParseTemplateBehavior [ RunTime:0.056183s ]
INFO: [ view_parse ] --END-- [ RunTime:0.056242s ]
INFO: [ view_filter ] --START--
INFO: Run Behavior\WriteHtmlCacheBehavior [ RunTime:0.000399s ]
INFO: [ view_filter ] --END-- [ RunTime:0.000430s ]
INFO: [ app_end ] --START--
INFO: Run Behavior\ShowPageTraceBehavior [ RunTime:0.000691s ]
INFO: [ app_end ] --END-- [ RunTime:0.000744s ]

[ 2019-05-21T10:49:55+08:00 ] ::1 /index.php/Home/Exam/index/fatherid/38.html
INFO: [ app_init ] --START--
INFO: Run Behavior\BuildLiteBehavior [ RunTime:0.000016s ]
INFO: [ app_init ] --END-- [ RunTime:0.000411s ]
INFO: [ app_begin ] --START--
INFO: Run Behavior\ReadHtmlCacheBehavior [ RunTime:0.000741s ]
INFO: [ app_begin ] --END-- [ RunTime:0.000794s ]
SQL: SHOW COLUMNS FROM `tb_user` [ RunTime:0.0397s ]
SQL: SELECT * FROM `tb_user` WHERE `id` = '1' LIMIT 1   [ RunTime:0.0007s ]
SQL: SHOW COLUMNS FROM `tb_exam` [ RunTime:0.0181s ]
SQL: SHOW COLUMNS FROM `tb_class` [ RunTime:0.0123s ]
SQL: SELECT * FROM `tb_class` WHERE `id` = 38 LIMIT 1   [ RunTime:0.0003s ]
SQL: SELECT * FROM `tb_class` WHERE `fatherno` = '000100040001'  [ RunTime:0.0003s ]
SQL: SELECT * FROM `tb_class` WHERE `id` = 38 LIMIT 1   [ RunTime:0.0003s ]
NOTIC: [8] Undefined variable: data D:\resource\bishe\jiakao\Application\Home\Controller\ExamController.class.php 第 40 行.
INFO: [ view_parse ] --START--
INFO: [ template_filter ] --START--
INFO: Run Behavior\ContentReplaceBehavior [ RunTime:0.000160s ]
INFO: [ template_filter ] --END-- [ RunTime:0.000226s ]
NOTIC: [8] Use of undefined constant DEFAULT_CONTROLLER - assumed 'DEFAULT_CONTROLLER' D:\resource\bishe\jiakao\Application\Runtime\Cache\Home\3b55929aa3ece9bdb3aa5aa8c12f4fd5.php 第 204 行.
NOTIC: [8] Undefined variable: laiyuan D:\resource\bishe\jiakao\Application\Runtime\Cache\Home\3b55929aa3ece9bdb3aa5aa8c12f4fd5.php 第 209 行.
NOTIC: [8] Undefined variable: lang D:\resource\bishe\jiakao\Application\Runtime\Cache\Home\3b55929aa3ece9bdb3aa5aa8c12f4fd5.php 第 220 行.
NOTIC: [8] Undefined variable: act D:\resource\bishe\jiakao\Application\Runtime\Cache\Home\3b55929aa3ece9bdb3aa5aa8c12f4fd5.php 第 221 行.
NOTIC: [8] Undefined index: kemu D:\resource\bishe\jiakao\Application\Runtime\Cache\Home\3b55929aa3ece9bdb3aa5aa8c12f4fd5.php 第 266 行.
NOTIC: [8] Undefined index: kemu D:\resource\bishe\jiakao\Application\Runtime\Cache\Home\3b55929aa3ece9bdb3aa5aa8c12f4fd5.php 第 266 行.
NOTIC: [8] Undefined index: kemu D:\resource\bishe\jiakao\Application\Runtime\Cache\Home\3b55929aa3ece9bdb3aa5aa8c12f4fd5.php 第 266 行.
NOTIC: [8] Undefined index: kemu D:\resource\bishe\jiakao\Application\Runtime\Cache\Home\3b55929aa3ece9bdb3aa5aa8c12f4fd5.php 第 266 行.
NOTIC: [8] Undefined index: kemu D:\resource\bishe\jiakao\Application\Runtime\Cache\Home\3b55929aa3ece9bdb3aa5aa8c12f4fd5.php 第 266 行.
NOTIC: [8] Undefined index: kemu D:\resource\bishe\jiakao\Application\Runtime\Cache\Home\3b55929aa3ece9bdb3aa5aa8c12f4fd5.php 第 266 行.
INFO: Run Behavior\ParseTemplateBehavior [ RunTime:0.070791s ]
INFO: [ view_parse ] --END-- [ RunTime:0.070864s ]
INFO: [ view_filter ] --START--
INFO: Run Behavior\WriteHtmlCacheBehavior [ RunTime:0.000625s ]
INFO: [ view_filter ] --END-- [ RunTime:0.000673s ]
INFO: [ app_end ] --START--
INFO: Run Behavior\ShowPageTraceBehavior [ RunTime:0.001022s ]
INFO: [ app_end ] --END-- [ RunTime:0.001131s ]

[ 2019-05-21T10:52:31+08:00 ] ::1 /index.php/Home/Exam/index/fatherid/38.html
INFO: [ app_init ] --START--
INFO: Run Behavior\BuildLiteBehavior [ RunTime:0.000022s ]
INFO: [ app_init ] --END-- [ RunTime:0.000572s ]
INFO: [ app_begin ] --START--
INFO: Run Behavior\ReadHtmlCacheBehavior [ RunTime:0.001177s ]
INFO: [ app_begin ] --END-- [ RunTime:0.001265s ]
SQL: SHOW COLUMNS FROM `tb_user` [ RunTime:0.0477s ]
SQL: SELECT * FROM `tb_user` WHERE `id` = '1' LIMIT 1   [ RunTime:0.0011s ]
SQL: SHOW COLUMNS FROM `tb_exam` [ RunTime:0.0295s ]
SQL: SHOW COLUMNS FROM `tb_class` [ RunTime:0.0292s ]
SQL: SELECT * FROM `tb_class` WHERE `id` = 38 LIMIT 1   [ RunTime:0.0007s ]
SQL: SELECT * FROM `tb_class` WHERE `fatherno` = '000100040001'  [ RunTime:0.0009s ]
SQL: SELECT * FROM `tb_class` WHERE `id` = 38 LIMIT 1   [ RunTime:0.0006s ]
NOTIC: [8] Undefined variable: data D:\resource\bishe\jiakao\Application\Home\Controller\ExamController.class.php 第 40 行.
INFO: [ view_parse ] --START--
INFO: [ template_filter ] --START--
INFO: Run Behavior\ContentReplaceBehavior [ RunTime:0.000615s ]
INFO: [ template_filter ] --END-- [ RunTime:0.000826s ]
NOTIC: [8] Use of undefined constant DEFAULT_CONTROLLER - assumed 'DEFAULT_CONTROLLER' D:\resource\bishe\jiakao\Application\Runtime\Cache\Home\3b55929aa3ece9bdb3aa5aa8c12f4fd5.php 第 204 行.
NOTIC: [8] Undefined variable: laiyuan D:\resource\bishe\jiakao\Application\Runtime\Cache\Home\3b55929aa3ece9bdb3aa5aa8c12f4fd5.php 第 209 行.
NOTIC: [8] Undefined variable: lang D:\resource\bishe\jiakao\Application\Runtime\Cache\Home\3b55929aa3ece9bdb3aa5aa8c12f4fd5.php 第 220 行.
NOTIC: [8] Undefined variable: act D:\resource\bishe\jiakao\Application\Runtime\Cache\Home\3b55929aa3ece9bdb3aa5aa8c12f4fd5.php 第 221 行.
NOTIC: [8] Undefined index: kemu D:\resource\bishe\jiakao\Application\Runtime\Cache\Home\3b55929aa3ece9bdb3aa5aa8c12f4fd5.php 第 266 行.
NOTIC: [8] Undefined index: kemu D:\resource\bishe\jiakao\Application\Runtime\Cache\Home\3b55929aa3ece9bdb3aa5aa8c12f4fd5.php 第 266 行.
NOTIC: [8] Undefined index: kemu D:\resource\bishe\jiakao\Application\Runtime\Cache\Home\3b55929aa3ece9bdb3aa5aa8c12f4fd5.php 第 266 行.
NOTIC: [8] Undefined index: kemu D:\resource\bishe\jiakao\Application\Runtime\Cache\Home\3b55929aa3ece9bdb3aa5aa8c12f4fd5.php 第 266 行.
NOTIC: [8] Undefined index: kemu D:\resource\bishe\jiakao\Application\Runtime\Cache\Home\3b55929aa3ece9bdb3aa5aa8c12f4fd5.php 第 266 行.
NOTIC: [8] Undefined index: kemu D:\resource\bishe\jiakao\Application\Runtime\Cache\Home\3b55929aa3ece9bdb3aa5aa8c12f4fd5.php 第 266 行.
INFO: Run Behavior\ParseTemplateBehavior [ RunTime:0.125986s ]
INFO: [ view_parse ] --END-- [ RunTime:0.126108s ]
INFO: [ view_filter ] --START--
INFO: Run Behavior\WriteHtmlCacheBehavior [ RunTime:0.000939s ]
INFO: [ view_filter ] --END-- [ RunTime:0.001017s ]
INFO: [ app_end ] --START--
INFO: Run Behavior\ShowPageTraceBehavior [ RunTime:0.002722s ]
INFO: [ app_end ] --END-- [ RunTime:0.002865s ]

[ 2019-05-21T10:52:31+08:00 ] ::1 /index.php
INFO: [ app_init ] --START--
INFO: Run Behavior\BuildLiteBehavior [ RunTime:0.000040s ]
INFO: [ app_init ] --END-- [ RunTime:0.001311s ]
INFO: [ app_begin ] --START--
INFO: Run Behavior\ReadHtmlCacheBehavior [ RunTime:0.004781s ]
INFO: [ app_begin ] --END-- [ RunTime:0.004951s ]

[ 2019-05-21T11:06:37+08:00 ] ::1 /index.php/Home/Exam/index/fatherid/38.html
INFO: [ app_init ] --START--
INFO: Run Behavior\BuildLiteBehavior [ RunTime:0.000017s ]
INFO: [ app_init ] --END-- [ RunTime:0.000425s ]
INFO: [ app_begin ] --START--
INFO: Run Behavior\ReadHtmlCacheBehavior [ RunTime:0.000644s ]
INFO: [ app_begin ] --END-- [ RunTime:0.000693s ]
SQL: SHOW COLUMNS FROM `tb_user` [ RunTime:0.0433s ]
SQL: SELECT * FROM `tb_user` WHERE `id` = '1' LIMIT 1   [ RunTime:0.0008s ]
SQL: SHOW COLUMNS FROM `tb_exam` [ RunTime:0.0204s ]
SQL: SHOW COLUMNS FROM `tb_class` [ RunTime:0.0188s ]
SQL: SELECT * FROM `tb_class` WHERE `id` = 38 LIMIT 1   [ RunTime:0.0005s ]
SQL: SELECT * FROM `tb_class` WHERE `fatherno` = '000100040001'  [ RunTime:0.0005s ]
SQL: SELECT * FROM `tb_class` WHERE `id` = 38 LIMIT 1   [ RunTime:0.0004s ]
NOTIC: [8] Undefined variable: data D:\resource\bishe\jiakao\Application\Home\Controller\ExamController.class.php 第 40 行.
INFO: [ view_parse ] --START--
INFO: [ template_filter ] --START--
INFO: Run Behavior\ContentReplaceBehavior [ RunTime:0.000160s ]
INFO: [ template_filter ] --END-- [ RunTime:0.000224s ]
NOTIC: [8] Use of undefined constant DEFAULT_CONTROLLER - assumed 'DEFAULT_CONTROLLER' D:\resource\bishe\jiakao\Application\Runtime\Cache\Home\3b55929aa3ece9bdb3aa5aa8c12f4fd5.php 第 204 行.
NOTIC: [8] Undefined variable: laiyuan D:\resource\bishe\jiakao\Application\Runtime\Cache\Home\3b55929aa3ece9bdb3aa5aa8c12f4fd5.php 第 209 行.
NOTIC: [8] Undefined variable: lang D:\resource\bishe\jiakao\Application\Runtime\Cache\Home\3b55929aa3ece9bdb3aa5aa8c12f4fd5.php 第 220 行.
NOTIC: [8] Undefined variable: act D:\resource\bishe\jiakao\Application\Runtime\Cache\Home\3b55929aa3ece9bdb3aa5aa8c12f4fd5.php 第 221 行.
NOTIC: [8] Undefined index: kemu D:\resource\bishe\jiakao\Application\Runtime\Cache\Home\3b55929aa3ece9bdb3aa5aa8c12f4fd5.php 第 266 行.
NOTIC: [8] Undefined index: kemu D:\resource\bishe\jiakao\Application\Runtime\Cache\Home\3b55929aa3ece9bdb3aa5aa8c12f4fd5.php 第 266 行.
NOTIC: [8] Undefined index: kemu D:\resource\bishe\jiakao\Application\Runtime\Cache\Home\3b55929aa3ece9bdb3aa5aa8c12f4fd5.php 第 266 行.
NOTIC: [8] Undefined index: kemu D:\resource\bishe\jiakao\Application\Runtime\Cache\Home\3b55929aa3ece9bdb3aa5aa8c12f4fd5.php 第 266 行.
NOTIC: [8] Undefined index: kemu D:\resource\bishe\jiakao\Application\Runtime\Cache\Home\3b55929aa3ece9bdb3aa5aa8c12f4fd5.php 第 266 行.
NOTIC: [8] Undefined index: kemu D:\resource\bishe\jiakao\Application\Runtime\Cache\Home\3b55929aa3ece9bdb3aa5aa8c12f4fd5.php 第 266 行.
INFO: Run Behavior\ParseTemplateBehavior [ RunTime:0.055056s ]
INFO: [ view_parse ] --END-- [ RunTime:0.055133s ]
INFO: [ view_filter ] --START--
INFO: Run Behavior\WriteHtmlCacheBehavior [ RunTime:0.000344s ]
INFO: [ view_filter ] --END-- [ RunTime:0.000374s ]
INFO: [ app_end ] --START--
INFO: Run Behavior\ShowPageTraceBehavior [ RunTime:0.001341s ]
INFO: [ app_end ] --END-- [ RunTime:0.001430s ]

[ 2019-05-21T11:06:41+08:00 ] ::1 /index.php/Home/Exam/lists/act/moni/classid/40/kemu/1
INFO: [ app_init ] --START--
INFO: Run Behavior\BuildLiteBehavior [ RunTime:0.000015s ]
INFO: [ app_init ] --END-- [ RunTime:0.000411s ]
INFO: [ app_begin ] --START--
INFO: Run Behavior\ReadHtmlCacheBehavior [ RunTime:0.000642s ]
INFO: [ app_begin ] --END-- [ RunTime:0.000692s ]
SQL: SHOW COLUMNS FROM `tb_user` [ RunTime:0.0340s ]
SQL: SELECT * FROM `tb_user` WHERE `id` = '1' LIMIT 1   [ RunTime:0.0006s ]
SQL: SHOW COLUMNS FROM `tb_class` [ RunTime:0.0154s ]
SQL: SELECT * FROM `tb_class` WHERE `id` = 40 LIMIT 1   [ RunTime:0.0003s ]
SQL: SELECT * FROM `tb_class` WHERE `classno` = '000100040001' LIMIT 1   [ RunTime:0.0003s ]
SQL: SHOW COLUMNS FROM `tb_exam` [ RunTime:0.0105s ]
SQL: SELECT * FROM `tb_exam` WHERE `classid` = '40' AND `kemu` = 1 AND `type` = 0 ORDER BY RAND() LIMIT 0,40   [ RunTime:0.0022s ]
SQL: SELECT * FROM `tb_exam` WHERE `classid` = '40' AND `kemu` = 1 AND `type` = 1 ORDER BY RAND() LIMIT 0,40   [ RunTime:0.0027s ]
NOTIC: [2] Invalid argument supplied for foreach() D:\resource\bishe\jiakao\Application\Home\Controller\ExamController.class.php 第 112 行.
SQL: SELECT * FROM `tb_exam` WHERE `classid` = '40' AND `kemu` = 1 AND `type` = 2 ORDER BY RAND() LIMIT 0,20   [ RunTime:0.0020s ]
NOTIC: [2] Invalid argument supplied for foreach() D:\resource\bishe\jiakao\Application\Home\Controller\ExamController.class.php 第 119 行.
NOTIC: [8] Undefined index: ajax D:\resource\bishe\jiakao\Application\Home\Controller\ExamController.class.php 第 134 行.
NOTIC: [8] Undefined variable: conf D:\resource\bishe\jiakao\Application\Home\Controller\ExamController.class.php 第 149 行.
NOTIC: [8] Undefined index: tpl D:\resource\bishe\jiakao\Application\Home\Controller\ExamController.class.php 第 154 行.
INFO: [ view_parse ] --START--
INFO: [ template_filter ] --START--
INFO: Run Behavior\ContentReplaceBehavior [ RunTime:0.000096s ]
INFO: [ template_filter ] --END-- [ RunTime:0.000141s ]
NOTIC: [8] Use of undefined constant DEFAULT_CONTROLLER - assumed 'DEFAULT_CONTROLLER' D:\resource\bishe\jiakao\Application\Runtime\Cache\Home\bfb98a2b56c27ea7e4a591fb49e9a818.php 第 204 行.
NOTIC: [8] Undefined variable: laiyuan D:\resource\bishe\jiakao\Application\Runtime\Cache\Home\bfb98a2b56c27ea7e4a591fb49e9a818.php 第 209 行.
INFO: Run Behavior\ParseTemplateBehavior [ RunTime:0.074120s ]
INFO: [ view_parse ] --END-- [ RunTime:0.074167s ]
INFO: [ view_filter ] --START--
INFO: Run Behavior\WriteHtmlCacheBehavior [ RunTime:0.000337s ]
INFO: [ view_filter ] --END-- [ RunTime:0.000367s ]
INFO: [ app_end ] --START--
INFO: Run Behavior\ShowPageTraceBehavior [ RunTime:0.000775s ]
INFO: [ app_end ] --END-- [ RunTime:0.000826s ]

[ 2019-05-21T11:06:44+08:00 ] ::1 /index.php/Home/answer/add.html
INFO: [ app_init ] --START--
INFO: Run Behavior\BuildLiteBehavior [ RunTime:0.000016s ]
INFO: [ app_init ] --END-- [ RunTime:0.000314s ]
INFO: [ app_begin ] --START--
INFO: Run Behavior\ReadHtmlCacheBehavior [ RunTime:0.000518s ]
INFO: [ app_begin ] --END-- [ RunTime:0.000555s ]
SQL: SHOW COLUMNS FROM `tb_user` [ RunTime:0.0376s ]
SQL: SELECT * FROM `tb_user` WHERE `id` = '1' LIMIT 1   [ RunTime:0.0007s ]
SQL: SHOW COLUMNS FROM `tb_answer` [ RunTime:0.0225s ]
SQL: SHOW COLUMNS FROM `tb_class` [ RunTime:0.0108s ]
SQL: SELECT * FROM `tb_user` WHERE `id` = '1' LIMIT 1   [ RunTime:0.0004s ]
SQL: UPDATE `tb_user` SET `exam_error_count`='59',`jifen`='0' WHERE (  id=1 ) [ RunTime:0.0037s ]
SQL: SELECT * FROM `tb_answer` WHERE `objidno` = '5e019f285b5e906d48b82adac6a9e47d' AND `userid` = 1 AND `isok` = 1 LIMIT 1   [ RunTime:0.0003s ]
SQL: INSERT INTO `tb_answer` (`type`,`objid`,`objidno`,`isok`,`objtable`,`value`,`title`,`userid`,`time`) VALUES ('1','994','5e019f285b5e906d48b82adac6a9e47d','1','exam','N','开车能玩手机吗？','1','1558408004') [ RunTime:0.0020s ]

[ 2019-05-21T11:06:51+08:00 ] ::1 /index.php/Home/Exam/lists/act/shunxi/classid/39/kemu/4/tpl/lists_a
INFO: [ app_init ] --START--
INFO: Run Behavior\BuildLiteBehavior [ RunTime:0.000015s ]
INFO: [ app_init ] --END-- [ RunTime:0.000371s ]
INFO: [ app_begin ] --START--
INFO: Run Behavior\ReadHtmlCacheBehavior [ RunTime:0.000631s ]
INFO: [ app_begin ] --END-- [ RunTime:0.000681s ]
SQL: SHOW COLUMNS FROM `tb_user` [ RunTime:0.0428s ]
SQL: SELECT * FROM `tb_user` WHERE `id` = '1' LIMIT 1   [ RunTime:0.0007s ]
SQL: SHOW COLUMNS FROM `tb_class` [ RunTime:0.0186s ]
SQL: SELECT * FROM `tb_class` WHERE `id` = 39 LIMIT 1   [ RunTime:0.0004s ]
SQL: SELECT * FROM `tb_class` WHERE `classno` = '000100040001' LIMIT 1   [ RunTime:0.0005s ]
SQL: SHOW COLUMNS FROM `tb_exam` [ RunTime:0.0179s ]
SQL: SELECT COUNT(*) AS tp_count FROM `tb_exam` WHERE `classid` = '39' AND `kemu` = 4 LIMIT 1   [ RunTime:0.0022s ]
NOTIC: [8] Undefined index: p D:\resource\bishe\jiakao\Application\Home\Controller\ExamController.class.php 第 90 行.
SQL: SELECT * FROM `tb_exam` WHERE `classid` = '39' AND `kemu` = 4 ORDER BY id desc LIMIT 0,100   [ RunTime:0.0039s ]
NOTIC: [2] Invalid argument supplied for foreach() D:\resource\bishe\jiakao\Application\Home\Controller\ExamController.class.php 第 98 行.
NOTIC: [8] Undefined index: ajax D:\resource\bishe\jiakao\Application\Home\Controller\ExamController.class.php 第 134 行.
NOTIC: [8] Undefined variable: examstr D:\resource\bishe\jiakao\Application\Home\Controller\ExamController.class.php 第 143 行.
NOTIC: [8] Undefined variable: conf D:\resource\bishe\jiakao\Application\Home\Controller\ExamController.class.php 第 149 行.
INFO: [ view_parse ] --START--
INFO: [ template_filter ] --START--
INFO: Run Behavior\ContentReplaceBehavior [ RunTime:0.000154s ]
INFO: [ template_filter ] --END-- [ RunTime:0.000219s ]
NOTIC: [8] Use of undefined constant DEFAULT_CONTROLLER - assumed 'DEFAULT_CONTROLLER' D:\resource\bishe\jiakao\Application\Runtime\Cache\Home\1629bacd96a7208075e468b7c0a698f3.php 第 204 行.
NOTIC: [8] Undefined variable: laiyuan D:\resource\bishe\jiakao\Application\Runtime\Cache\Home\1629bacd96a7208075e468b7c0a698f3.php 第 209 行.
INFO: Run Behavior\ParseTemplateBehavior [ RunTime:0.073961s ]
INFO: [ view_parse ] --END-- [ RunTime:0.074031s ]
INFO: [ view_filter ] --START--
INFO: Run Behavior\WriteHtmlCacheBehavior [ RunTime:0.000341s ]
INFO: [ view_filter ] --END-- [ RunTime:0.000371s ]
INFO: [ app_end ] --START--
INFO: Run Behavior\ShowPageTraceBehavior [ RunTime:0.000603s ]
INFO: [ app_end ] --END-- [ RunTime:0.000647s ]

[ 2019-05-21T11:06:54+08:00 ] ::1 /index.php/Home/Exam/lists/act/moni/classid/39/kemu/4
INFO: [ app_init ] --START--
INFO: Run Behavior\BuildLiteBehavior [ RunTime:0.000014s ]
INFO: [ app_init ] --END-- [ RunTime:0.000380s ]
INFO: [ app_begin ] --START--
INFO: Run Behavior\ReadHtmlCacheBehavior [ RunTime:0.000637s ]
INFO: [ app_begin ] --END-- [ RunTime:0.000686s ]
SQL: SHOW COLUMNS FROM `tb_user` [ RunTime:0.0404s ]
SQL: SELECT * FROM `tb_user` WHERE `id` = '1' LIMIT 1   [ RunTime:0.0013s ]
SQL: SHOW COLUMNS FROM `tb_class` [ RunTime:0.0368s ]
SQL: SELECT * FROM `tb_class` WHERE `id` = 39 LIMIT 1   [ RunTime:0.0007s ]
SQL: SELECT * FROM `tb_class` WHERE `classno` = '000100040001' LIMIT 1   [ RunTime:0.0008s ]
SQL: SHOW COLUMNS FROM `tb_exam` [ RunTime:0.0203s ]
SQL: SELECT * FROM `tb_exam` WHERE `classid` = '39' AND `kemu` = 4 AND `type` = 0 ORDER BY RAND() LIMIT 0,40   [ RunTime:0.0035s ]
SQL: SELECT * FROM `tb_exam` WHERE `classid` = '39' AND `kemu` = 4 AND `type` = 1 ORDER BY RAND() LIMIT 0,40   [ RunTime:0.0045s ]
NOTIC: [2] Invalid argument supplied for foreach() D:\resource\bishe\jiakao\Application\Home\Controller\ExamController.class.php 第 112 行.
SQL: SELECT * FROM `tb_exam` WHERE `classid` = '39' AND `kemu` = 4 AND `type` = 2 ORDER BY RAND() LIMIT 0,20   [ RunTime:0.0033s ]
NOTIC: [2] Invalid argument supplied for foreach() D:\resource\bishe\jiakao\Application\Home\Controller\ExamController.class.php 第 119 行.
NOTIC: [8] Undefined index: ajax D:\resource\bishe\jiakao\Application\Home\Controller\ExamController.class.php 第 134 行.
NOTIC: [8] Undefined variable: examstr D:\resource\bishe\jiakao\Application\Home\Controller\ExamController.class.php 第 143 行.
NOTIC: [8] Undefined variable: conf D:\resource\bishe\jiakao\Application\Home\Controller\ExamController.class.php 第 149 行.
NOTIC: [8] Undefined index: tpl D:\resource\bishe\jiakao\Application\Home\Controller\ExamController.class.php 第 154 行.
INFO: [ view_parse ] --START--
INFO: [ template_filter ] --START--
INFO: Run Behavior\ContentReplaceBehavior [ RunTime:0.000203s ]
INFO: [ template_filter ] --END-- [ RunTime:0.000292s ]
NOTIC: [8] Use of undefined constant DEFAULT_CONTROLLER - assumed 'DEFAULT_CONTROLLER' D:\resource\bishe\jiakao\Application\Runtime\Cache\Home\bfb98a2b56c27ea7e4a591fb49e9a818.php 第 204 行.
NOTIC: [8] Undefined variable: laiyuan D:\resource\bishe\jiakao\Application\Runtime\Cache\Home\bfb98a2b56c27ea7e4a591fb49e9a818.php 第 209 行.
INFO: Run Behavior\ParseTemplateBehavior [ RunTime:0.082095s ]
INFO: [ view_parse ] --END-- [ RunTime:0.082178s ]
INFO: [ view_filter ] --START--
INFO: Run Behavior\WriteHtmlCacheBehavior [ RunTime:0.000830s ]
INFO: [ view_filter ] --END-- [ RunTime:0.000925s ]
INFO: [ app_end ] --START--
INFO: Run Behavior\ShowPageTraceBehavior [ RunTime:0.001307s ]
INFO: [ app_end ] --END-- [ RunTime:0.001449s ]

[ 2019-05-21T11:09:11+08:00 ] ::1 /index.php/Home/Exam/lists/act/moni/classid/39/kemu/4
INFO: [ app_init ] --START--
INFO: Run Behavior\BuildLiteBehavior [ RunTime:0.000015s ]
INFO: [ app_init ] --END-- [ RunTime:0.000373s ]
INFO: [ app_begin ] --START--
INFO: Run Behavior\ReadHtmlCacheBehavior [ RunTime:0.000819s ]
INFO: [ app_begin ] --END-- [ RunTime:0.000882s ]
SQL: SHOW COLUMNS FROM `tb_user` [ RunTime:0.0251s ]
SQL: SELECT * FROM `tb_user` WHERE `id` = '1' LIMIT 1   [ RunTime:0.0005s ]
SQL: SHOW COLUMNS FROM `tb_class` [ RunTime:0.0138s ]
SQL: SELECT * FROM `tb_class` WHERE `id` = 39 LIMIT 1   [ RunTime:0.0003s ]
SQL: SELECT * FROM `tb_class` WHERE `classno` = '000100040001' LIMIT 1   [ RunTime:0.0004s ]
SQL: SHOW COLUMNS FROM `tb_exam` [ RunTime:0.0132s ]
SQL: SELECT * FROM `tb_exam` WHERE `classid` = '39' AND `kemu` = 4 AND `type` = 0 ORDER BY RAND() LIMIT 0,40   [ RunTime:0.0027s ]
SQL: SELECT * FROM `tb_exam` WHERE `classid` = '39' AND `kemu` = 4 AND `type` = 1 ORDER BY RAND() LIMIT 0,40   [ RunTime:0.0025s ]
NOTIC: [2] Invalid argument supplied for foreach() D:\resource\bishe\jiakao\Application\Home\Controller\ExamController.class.php 第 112 行.
SQL: SELECT * FROM `tb_exam` WHERE `classid` = '39' AND `kemu` = 4 AND `type` = 2 ORDER BY RAND() LIMIT 0,20   [ RunTime:0.0025s ]
NOTIC: [2] Invalid argument supplied for foreach() D:\resource\bishe\jiakao\Application\Home\Controller\ExamController.class.php 第 119 行.
NOTIC: [8] Undefined index: ajax D:\resource\bishe\jiakao\Application\Home\Controller\ExamController.class.php 第 134 行.
NOTIC: [8] Undefined variable: conf D:\resource\bishe\jiakao\Application\Home\Controller\ExamController.class.php 第 149 行.
NOTIC: [8] Undefined index: tpl D:\resource\bishe\jiakao\Application\Home\Controller\ExamController.class.php 第 154 行.
INFO: [ view_parse ] --START--
INFO: [ template_filter ] --START--
INFO: Run Behavior\ContentReplaceBehavior [ RunTime:0.000159s ]
INFO: [ template_filter ] --END-- [ RunTime:0.000229s ]
NOTIC: [8] Use of undefined constant DEFAULT_CONTROLLER - assumed 'DEFAULT_CONTROLLER' D:\resource\bishe\jiakao\Application\Runtime\Cache\Home\bfb98a2b56c27ea7e4a591fb49e9a818.php 第 204 行.
NOTIC: [8] Undefined variable: laiyuan D:\resource\bishe\jiakao\Application\Runtime\Cache\Home\bfb98a2b56c27ea7e4a591fb49e9a818.php 第 209 行.
INFO: Run Behavior\ParseTemplateBehavior [ RunTime:0.057542s ]
INFO: [ view_parse ] --END-- [ RunTime:0.057611s ]
INFO: [ view_filter ] --START--
INFO: Run Behavior\WriteHtmlCacheBehavior [ RunTime:0.000337s ]
INFO: [ view_filter ] --END-- [ RunTime:0.000368s ]
INFO: [ app_end ] --START--
INFO: Run Behavior\ShowPageTraceBehavior [ RunTime:0.000737s ]
INFO: [ app_end ] --END-- [ RunTime:0.000802s ]

[ 2019-05-21T11:11:03+08:00 ] ::1 /index.php/Home/Exam/index/fatherid/38.html
INFO: [ app_init ] --START--
INFO: Run Behavior\BuildLiteBehavior [ RunTime:0.000026s ]
INFO: [ app_init ] --END-- [ RunTime:0.000740s ]
INFO: [ app_begin ] --START--
INFO: Run Behavior\ReadHtmlCacheBehavior [ RunTime:0.000759s ]
INFO: [ app_begin ] --END-- [ RunTime:0.000817s ]
SQL: SHOW COLUMNS FROM `tb_user` [ RunTime:0.0419s ]
SQL: SELECT * FROM `tb_user` WHERE `id` = '1' LIMIT 1   [ RunTime:0.0015s ]
SQL: SHOW COLUMNS FROM `tb_exam` [ RunTime:0.0188s ]
SQL: SHOW COLUMNS FROM `tb_class` [ RunTime:0.0170s ]
SQL: SELECT * FROM `tb_class` WHERE `id` = 38 LIMIT 1   [ RunTime:0.0004s ]
SQL: SELECT * FROM `tb_class` WHERE `fatherno` = '000100040001'  [ RunTime:0.0004s ]
SQL: SELECT * FROM `tb_class` WHERE `id` = 38 LIMIT 1   [ RunTime:0.0003s ]
NOTIC: [8] Undefined variable: data D:\resource\bishe\jiakao\Application\Home\Controller\ExamController.class.php 第 40 行.
INFO: [ view_parse ] --START--
INFO: [ template_filter ] --START--
INFO: Run Behavior\ContentReplaceBehavior [ RunTime:0.000232s ]
INFO: [ template_filter ] --END-- [ RunTime:0.000323s ]
NOTIC: [8] Use of undefined constant DEFAULT_CONTROLLER - assumed 'DEFAULT_CONTROLLER' D:\resource\bishe\jiakao\Application\Runtime\Cache\Home\3b55929aa3ece9bdb3aa5aa8c12f4fd5.php 第 204 行.
NOTIC: [8] Undefined variable: laiyuan D:\resource\bishe\jiakao\Application\Runtime\Cache\Home\3b55929aa3ece9bdb3aa5aa8c12f4fd5.php 第 209 行.
NOTIC: [8] Undefined variable: lang D:\resource\bishe\jiakao\Application\Runtime\Cache\Home\3b55929aa3ece9bdb3aa5aa8c12f4fd5.php 第 220 行.
NOTIC: [8] Undefined variable: act D:\resource\bishe\jiakao\Application\Runtime\Cache\Home\3b55929aa3ece9bdb3aa5aa8c12f4fd5.php 第 221 行.
NOTIC: [8] Undefined index: kemu D:\resource\bishe\jiakao\Application\Runtime\Cache\Home\3b55929aa3ece9bdb3aa5aa8c12f4fd5.php 第 266 行.
NOTIC: [8] Undefined index: kemu D:\resource\bishe\jiakao\Application\Runtime\Cache\Home\3b55929aa3ece9bdb3aa5aa8c12f4fd5.php 第 266 行.
NOTIC: [8] Undefined index: kemu D:\resource\bishe\jiakao\Application\Runtime\Cache\Home\3b55929aa3ece9bdb3aa5aa8c12f4fd5.php 第 266 行.
NOTIC: [8] Undefined index: kemu D:\resource\bishe\jiakao\Application\Runtime\Cache\Home\3b55929aa3ece9bdb3aa5aa8c12f4fd5.php 第 266 行.
NOTIC: [8] Undefined index: kemu D:\resource\bishe\jiakao\Application\Runtime\Cache\Home\3b55929aa3ece9bdb3aa5aa8c12f4fd5.php 第 266 行.
NOTIC: [8] Undefined index: kemu D:\resource\bishe\jiakao\Application\Runtime\Cache\Home\3b55929aa3ece9bdb3aa5aa8c12f4fd5.php 第 266 行.
INFO: Run Behavior\ParseTemplateBehavior [ RunTime:0.046343s ]
INFO: [ view_parse ] --END-- [ RunTime:0.046424s ]
INFO: [ view_filter ] --START--
INFO: Run Behavior\WriteHtmlCacheBehavior [ RunTime:0.000396s ]
INFO: [ view_filter ] --END-- [ RunTime:0.000426s ]
INFO: [ app_end ] --START--
INFO: Run Behavior\ShowPageTraceBehavior [ RunTime:0.000694s ]
INFO: [ app_end ] --END-- [ RunTime:0.000836s ]

[ 2019-05-21T11:11:08+08:00 ] ::1 /index.php/Home/Exam/lists/act/moni/classid/40/kemu/1
INFO: [ app_init ] --START--
INFO: Run Behavior\BuildLiteBehavior [ RunTime:0.000016s ]
INFO: [ app_init ] --END-- [ RunTime:0.000434s ]
INFO: [ app_begin ] --START--
INFO: Run Behavior\ReadHtmlCacheBehavior [ RunTime:0.000864s ]
INFO: [ app_begin ] --END-- [ RunTime:0.000941s ]
SQL: SHOW COLUMNS FROM `tb_user` [ RunTime:0.0378s ]
SQL: SELECT * FROM `tb_user` WHERE `id` = '1' LIMIT 1   [ RunTime:0.0007s ]
SQL: SHOW COLUMNS FROM `tb_class` [ RunTime:0.0195s ]
SQL: SELECT * FROM `tb_class` WHERE `id` = 40 LIMIT 1   [ RunTime:0.0005s ]
SQL: SELECT * FROM `tb_class` WHERE `classno` = '000100040001' LIMIT 1   [ RunTime:0.0005s ]
SQL: SHOW COLUMNS FROM `tb_exam` [ RunTime:0.0196s ]
SQL: SELECT * FROM `tb_exam` WHERE `classid` = '40' AND `kemu` = 1 AND `type` = 0 ORDER BY RAND() LIMIT 0,40   [ RunTime:0.0057s ]
SQL: SELECT * FROM `tb_exam` WHERE `classid` = '40' AND `kemu` = 1 AND `type` = 1 ORDER BY RAND() LIMIT 0,40   [ RunTime:0.0027s ]
NOTIC: [2] Invalid argument supplied for foreach() D:\resource\bishe\jiakao\Application\Home\Controller\ExamController.class.php 第 112 行.
SQL: SELECT * FROM `tb_exam` WHERE `classid` = '40' AND `kemu` = 1 AND `type` = 2 ORDER BY RAND() LIMIT 0,20   [ RunTime:0.0023s ]
NOTIC: [2] Invalid argument supplied for foreach() D:\resource\bishe\jiakao\Application\Home\Controller\ExamController.class.php 第 119 行.
NOTIC: [8] Undefined index: ajax D:\resource\bishe\jiakao\Application\Home\Controller\ExamController.class.php 第 134 行.
NOTIC: [8] Undefined variable: conf D:\resource\bishe\jiakao\Application\Home\Controller\ExamController.class.php 第 149 行.
NOTIC: [8] Undefined index: tpl D:\resource\bishe\jiakao\Application\Home\Controller\ExamController.class.php 第 154 行.
INFO: [ view_parse ] --START--
INFO: [ template_filter ] --START--
INFO: Run Behavior\ContentReplaceBehavior [ RunTime:0.000143s ]
INFO: [ template_filter ] --END-- [ RunTime:0.000205s ]
NOTIC: [8] Use of undefined constant DEFAULT_CONTROLLER - assumed 'DEFAULT_CONTROLLER' D:\resource\bishe\jiakao\Application\Runtime\Cache\Home\bfb98a2b56c27ea7e4a591fb49e9a818.php 第 204 行.
NOTIC: [8] Undefined variable: laiyuan D:\resource\bishe\jiakao\Application\Runtime\Cache\Home\bfb98a2b56c27ea7e4a591fb49e9a818.php 第 209 行.
INFO: Run Behavior\ParseTemplateBehavior [ RunTime:0.052752s ]
INFO: [ view_parse ] --END-- [ RunTime:0.052804s ]
INFO: [ view_filter ] --START--
INFO: Run Behavior\WriteHtmlCacheBehavior [ RunTime:0.000390s ]
INFO: [ view_filter ] --END-- [ RunTime:0.000421s ]
INFO: [ app_end ] --START--
INFO: Run Behavior\ShowPageTraceBehavior [ RunTime:0.000916s ]
INFO: [ app_end ] --END-- [ RunTime:0.000988s ]

[ 2019-05-21T11:11:14+08:00 ] ::1 /index.php/Home/Exam/lists/act/shunxi/classid/39/kemu/4/tpl/lists_a
INFO: [ app_init ] --START--
INFO: Run Behavior\BuildLiteBehavior [ RunTime:0.000016s ]
INFO: [ app_init ] --END-- [ RunTime:0.000547s ]
INFO: [ app_begin ] --START--
INFO: Run Behavior\ReadHtmlCacheBehavior [ RunTime:0.000722s ]
INFO: [ app_begin ] --END-- [ RunTime:0.000772s ]
SQL: SHOW COLUMNS FROM `tb_user` [ RunTime:0.0285s ]
SQL: SELECT * FROM `tb_user` WHERE `id` = '1' LIMIT 1   [ RunTime:0.0006s ]
SQL: SHOW COLUMNS FROM `tb_class` [ RunTime:0.0184s ]
SQL: SELECT * FROM `tb_class` WHERE `id` = 39 LIMIT 1   [ RunTime:0.0004s ]
SQL: SELECT * FROM `tb_class` WHERE `classno` = '000100040001' LIMIT 1   [ RunTime:0.0004s ]
SQL: SHOW COLUMNS FROM `tb_exam` [ RunTime:0.0182s ]
SQL: SELECT COUNT(*) AS tp_count FROM `tb_exam` WHERE `classid` = '39' AND `kemu` = 4 LIMIT 1   [ RunTime:0.0024s ]
NOTIC: [8] Undefined index: p D:\resource\bishe\jiakao\Application\Home\Controller\ExamController.class.php 第 90 行.
SQL: SELECT * FROM `tb_exam` WHERE `classid` = '39' AND `kemu` = 4 ORDER BY id desc LIMIT 0,100   [ RunTime:0.0032s ]
NOTIC: [8] Undefined index: ajax D:\resource\bishe\jiakao\Application\Home\Controller\ExamController.class.php 第 134 行.
NOTIC: [8] Undefined variable: conf D:\resource\bishe\jiakao\Application\Home\Controller\ExamController.class.php 第 149 行.
INFO: [ view_parse ] --START--
INFO: [ template_filter ] --START--
INFO: Run Behavior\ContentReplaceBehavior [ RunTime:0.000145s ]
INFO: [ template_filter ] --END-- [ RunTime:0.000207s ]
NOTIC: [8] Use of undefined constant DEFAULT_CONTROLLER - assumed 'DEFAULT_CONTROLLER' D:\resource\bishe\jiakao\Application\Runtime\Cache\Home\1629bacd96a7208075e468b7c0a698f3.php 第 204 行.
NOTIC: [8] Undefined variable: laiyuan D:\resource\bishe\jiakao\Application\Runtime\Cache\Home\1629bacd96a7208075e468b7c0a698f3.php 第 209 行.
NOTIC: [8] Use of undefined constant photo - assumed 'photo' D:\resource\bishe\jiakao\Application\Runtime\Cache\Home\1629bacd96a7208075e468b7c0a698f3.php 第 280 行.
INFO: Run Behavior\ParseTemplateBehavior [ RunTime:0.048774s ]
INFO: [ view_parse ] --END-- [ RunTime:0.048831s ]
INFO: [ view_filter ] --START--
INFO: Run Behavior\WriteHtmlCacheBehavior [ RunTime:0.000562s ]
INFO: [ view_filter ] --END-- [ RunTime:0.000605s ]
INFO: [ app_end ] --START--
INFO: Run Behavior\ShowPageTraceBehavior [ RunTime:0.001454s ]
INFO: [ app_end ] --END-- [ RunTime:0.001539s ]

[ 2019-05-21T11:11:20+08:00 ] ::1 /index.php/Home/Exam/lists/act/suiji/classid/41/kemu/4/tpl/lists_a
INFO: [ app_init ] --START--
INFO: Run Behavior\BuildLiteBehavior [ RunTime:0.000014s ]
INFO: [ app_init ] --END-- [ RunTime:0.000418s ]
INFO: [ app_begin ] --START--
INFO: Run Behavior\ReadHtmlCacheBehavior [ RunTime:0.000719s ]
INFO: [ app_begin ] --END-- [ RunTime:0.000768s ]
SQL: SHOW COLUMNS FROM `tb_user` [ RunTime:0.0403s ]
SQL: SELECT * FROM `tb_user` WHERE `id` = '1' LIMIT 1   [ RunTime:0.0008s ]
SQL: SHOW COLUMNS FROM `tb_class` [ RunTime:0.0116s ]
SQL: SELECT * FROM `tb_class` WHERE `id` = 41 LIMIT 1   [ RunTime:0.0003s ]
SQL: SELECT * FROM `tb_class` WHERE `classno` = '000100040001' LIMIT 1   [ RunTime:0.0004s ]
SQL: SHOW COLUMNS FROM `tb_exam` [ RunTime:0.0102s ]
SQL: SELECT * FROM `tb_exam` WHERE `classid` = '41' AND `kemu` = 4 ORDER BY RAND() LIMIT 0,100   [ RunTime:0.0027s ]
NOTIC: [8] Undefined index: ajax D:\resource\bishe\jiakao\Application\Home\Controller\ExamController.class.php 第 134 行.
NOTIC: [8] Undefined variable: conf D:\resource\bishe\jiakao\Application\Home\Controller\ExamController.class.php 第 149 行.
INFO: [ view_parse ] --START--
INFO: [ template_filter ] --START--
INFO: Run Behavior\ContentReplaceBehavior [ RunTime:0.000105s ]
INFO: [ template_filter ] --END-- [ RunTime:0.000154s ]
NOTIC: [8] Use of undefined constant DEFAULT_CONTROLLER - assumed 'DEFAULT_CONTROLLER' D:\resource\bishe\jiakao\Application\Runtime\Cache\Home\1629bacd96a7208075e468b7c0a698f3.php 第 204 行.
NOTIC: [8] Undefined variable: laiyuan D:\resource\bishe\jiakao\Application\Runtime\Cache\Home\1629bacd96a7208075e468b7c0a698f3.php 第 209 行.
NOTIC: [8] Use of undefined constant photo - assumed 'photo' D:\resource\bishe\jiakao\Application\Runtime\Cache\Home\1629bacd96a7208075e468b7c0a698f3.php 第 280 行.
INFO: Run Behavior\ParseTemplateBehavior [ RunTime:0.034961s ]
INFO: [ view_parse ] --END-- [ RunTime:0.035007s ]
INFO: [ view_filter ] --START--
INFO: Run Behavior\WriteHtmlCacheBehavior [ RunTime:0.000408s ]
INFO: [ view_filter ] --END-- [ RunTime:0.000439s ]
INFO: [ app_end ] --START--
INFO: Run Behavior\ShowPageTraceBehavior [ RunTime:0.000795s ]
INFO: [ app_end ] --END-- [ RunTime:0.000854s ]

[ 2019-05-21T16:04:17+08:00 ] ::1 /
INFO: [ app_init ] --START--
INFO: Run Behavior\BuildLiteBehavior [ RunTime:0.000018s ]
INFO: [ app_init ] --END-- [ RunTime:0.000440s ]
INFO: [ app_begin ] --START--
INFO: Run Behavior\ReadHtmlCacheBehavior [ RunTime:0.001377s ]
INFO: [ app_begin ] --END-- [ RunTime:0.001474s ]
SQL: SHOW COLUMNS FROM `tb_user` [ RunTime:0.0499s ]
SQL: SELECT * FROM `tb_user` WHERE `id` = '1' LIMIT 1   [ RunTime:0.0015s ]
SQL: SHOW COLUMNS FROM `tb_setting` [ RunTime:0.0289s ]
SQL: SELECT * FROM `tb_setting` WHERE `setting_key` = 'kaoti' LIMIT 1   [ RunTime:0.0004s ]
SQL: SHOW COLUMNS FROM `tb_configex` [ RunTime:0.0158s ]
SQL: SELECT * FROM `tb_configex` WHERE ( 1=1 ) ORDER BY sort asc  [ RunTime:0.0004s ]
SQL: SHOW COLUMNS FROM `tb_class` [ RunTime:0.0130s ]
SQL: SELECT * FROM `tb_class` WHERE `fatherno` = '00010004'  [ RunTime:0.0002s ]
INFO: [ view_parse ] --START--
INFO: [ template_filter ] --START--
INFO: Run Behavior\ContentReplaceBehavior [ RunTime:0.000114s ]
INFO: [ template_filter ] --END-- [ RunTime:0.000189s ]
NOTIC: [8] Use of undefined constant DEFAULT_CONTROLLER - assumed 'DEFAULT_CONTROLLER' D:\resource\bishe\jiakao\Application\Runtime\Cache\Home\769e70f2e46f34ceb60619bbda5e4691.php 第 204 行.
NOTIC: [8] Undefined variable: data D:\resource\bishe\jiakao\Application\Runtime\Cache\Home\769e70f2e46f34ceb60619bbda5e4691.php 第 205 行.
NOTIC: [8] Undefined variable: data D:\resource\bishe\jiakao\Application\Runtime\Cache\Home\769e70f2e46f34ceb60619bbda5e4691.php 第 206 行.
NOTIC: [8] Undefined variable: table D:\resource\bishe\jiakao\Application\Runtime\Cache\Home\769e70f2e46f34ceb60619bbda5e4691.php 第 207 行.
NOTIC: [8] Undefined variable: laiyuan D:\resource\bishe\jiakao\Application\Runtime\Cache\Home\769e70f2e46f34ceb60619bbda5e4691.php 第 209 行.
NOTIC: [8] Undefined variable: lang D:\resource\bishe\jiakao\Application\Runtime\Cache\Home\769e70f2e46f34ceb60619bbda5e4691.php 第 220 行.
NOTIC: [8] Undefined variable: act D:\resource\bishe\jiakao\Application\Runtime\Cache\Home\769e70f2e46f34ceb60619bbda5e4691.php 第 221 行.
INFO: Run Behavior\ParseTemplateBehavior [ RunTime:0.040253s ]
INFO: [ view_parse ] --END-- [ RunTime:0.040311s ]
INFO: [ view_filter ] --START--
INFO: Run Behavior\WriteHtmlCacheBehavior [ RunTime:0.000457s ]
INFO: [ view_filter ] --END-- [ RunTime:0.000494s ]
INFO: [ app_end ] --START--
INFO: Run Behavior\ShowPageTraceBehavior [ RunTime:0.000871s ]
INFO: [ app_end ] --END-- [ RunTime:0.000932s ]

[ 2019-05-21T16:04:24+08:00 ] ::1 /index.php/Home/Exam/index/fatherid/38.html
INFO: [ app_init ] --START--
INFO: Run Behavior\BuildLiteBehavior [ RunTime:0.000015s ]
INFO: [ app_init ] --END-- [ RunTime:0.000406s ]
INFO: [ app_begin ] --START--
INFO: Run Behavior\ReadHtmlCacheBehavior [ RunTime:0.000813s ]
INFO: [ app_begin ] --END-- [ RunTime:0.000864s ]
SQL: SHOW COLUMNS FROM `tb_user` [ RunTime:0.0303s ]
SQL: SELECT * FROM `tb_user` WHERE `id` = '1' LIMIT 1   [ RunTime:0.0007s ]
SQL: SHOW COLUMNS FROM `tb_exam` [ RunTime:0.0300s ]
SQL: SHOW COLUMNS FROM `tb_class` [ RunTime:0.0172s ]
SQL: SELECT * FROM `tb_class` WHERE `id` = 38 LIMIT 1   [ RunTime:0.0003s ]
SQL: SELECT * FROM `tb_class` WHERE `fatherno` = '000100040001'  [ RunTime:0.0003s ]
SQL: SELECT * FROM `tb_class` WHERE `id` = 38 LIMIT 1   [ RunTime:0.0003s ]
NOTIC: [8] Undefined variable: data D:\resource\bishe\jiakao\Application\Home\Controller\ExamController.class.php 第 40 行.
INFO: [ view_parse ] --START--
INFO: [ template_filter ] --START--
INFO: Run Behavior\ContentReplaceBehavior [ RunTime:0.000163s ]
INFO: [ template_filter ] --END-- [ RunTime:0.000230s ]
NOTIC: [8] Use of undefined constant DEFAULT_CONTROLLER - assumed 'DEFAULT_CONTROLLER' D:\resource\bishe\jiakao\Application\Runtime\Cache\Home\3b55929aa3ece9bdb3aa5aa8c12f4fd5.php 第 204 行.
NOTIC: [8] Undefined variable: laiyuan D:\resource\bishe\jiakao\Application\Runtime\Cache\Home\3b55929aa3ece9bdb3aa5aa8c12f4fd5.php 第 209 行.
NOTIC: [8] Undefined variable: lang D:\resource\bishe\jiakao\Application\Runtime\Cache\Home\3b55929aa3ece9bdb3aa5aa8c12f4fd5.php 第 220 行.
NOTIC: [8] Undefined variable: act D:\resource\bishe\jiakao\Application\Runtime\Cache\Home\3b55929aa3ece9bdb3aa5aa8c12f4fd5.php 第 221 行.
NOTIC: [8] Undefined index: kemu D:\resource\bishe\jiakao\Application\Runtime\Cache\Home\3b55929aa3ece9bdb3aa5aa8c12f4fd5.php 第 266 行.
NOTIC: [8] Undefined index: kemu D:\resource\bishe\jiakao\Application\Runtime\Cache\Home\3b55929aa3ece9bdb3aa5aa8c12f4fd5.php 第 266 行.
NOTIC: [8] Undefined index: kemu D:\resource\bishe\jiakao\Application\Runtime\Cache\Home\3b55929aa3ece9bdb3aa5aa8c12f4fd5.php 第 266 行.
NOTIC: [8] Undefined index: kemu D:\resource\bishe\jiakao\Application\Runtime\Cache\Home\3b55929aa3ece9bdb3aa5aa8c12f4fd5.php 第 266 行.
NOTIC: [8] Undefined index: kemu D:\resource\bishe\jiakao\Application\Runtime\Cache\Home\3b55929aa3ece9bdb3aa5aa8c12f4fd5.php 第 266 行.
NOTIC: [8] Undefined index: kemu D:\resource\bishe\jiakao\Application\Runtime\Cache\Home\3b55929aa3ece9bdb3aa5aa8c12f4fd5.php 第 266 行.
INFO: Run Behavior\ParseTemplateBehavior [ RunTime:0.044766s ]
INFO: [ view_parse ] --END-- [ RunTime:0.044816s ]
INFO: [ view_filter ] --START--
INFO: Run Behavior\WriteHtmlCacheBehavior [ RunTime:0.000443s ]
INFO: [ view_filter ] --END-- [ RunTime:0.000473s ]
INFO: [ app_end ] --START--
INFO: Run Behavior\ShowPageTraceBehavior [ RunTime:0.001547s ]
INFO: [ app_end ] --END-- [ RunTime:0.001650s ]

[ 2019-05-21T16:04:27+08:00 ] ::1 /index.php
INFO: [ app_init ] --START--
INFO: Run Behavior\BuildLiteBehavior [ RunTime:0.000015s ]
INFO: [ app_init ] --END-- [ RunTime:0.000432s ]
INFO: [ app_begin ] --START--
INFO: Run Behavior\ReadHtmlCacheBehavior [ RunTime:0.000728s ]
INFO: [ app_begin ] --END-- [ RunTime:0.000779s ]
SQL: SHOW COLUMNS FROM `tb_user` [ RunTime:0.0435s ]
SQL: SELECT * FROM `tb_user` WHERE `id` = '1' LIMIT 1   [ RunTime:0.0007s ]
SQL: SHOW COLUMNS FROM `tb_setting` [ RunTime:0.0201s ]
SQL: SELECT * FROM `tb_setting` WHERE `setting_key` = 'kaoti' LIMIT 1   [ RunTime:0.0005s ]
SQL: SHOW COLUMNS FROM `tb_configex` [ RunTime:0.0198s ]
SQL: SELECT * FROM `tb_configex` WHERE ( 1=1 ) ORDER BY sort asc  [ RunTime:0.0006s ]
SQL: SHOW COLUMNS FROM `tb_class` [ RunTime:0.0206s ]
SQL: SELECT * FROM `tb_class` WHERE `fatherno` = '00010004'  [ RunTime:0.0006s ]
INFO: [ view_parse ] --START--
INFO: [ template_filter ] --START--
INFO: Run Behavior\ContentReplaceBehavior [ RunTime:0.000127s ]
INFO: [ template_filter ] --END-- [ RunTime:0.000185s ]
NOTIC: [8] Use of undefined constant DEFAULT_CONTROLLER - assumed 'DEFAULT_CONTROLLER' D:\resource\bishe\jiakao\Application\Runtime\Cache\Home\769e70f2e46f34ceb60619bbda5e4691.php 第 204 行.
NOTIC: [8] Undefined variable: data D:\resource\bishe\jiakao\Application\Runtime\Cache\Home\769e70f2e46f34ceb60619bbda5e4691.php 第 205 行.
NOTIC: [8] Undefined variable: data D:\resource\bishe\jiakao\Application\Runtime\Cache\Home\769e70f2e46f34ceb60619bbda5e4691.php 第 206 行.
NOTIC: [8] Undefined variable: table D:\resource\bishe\jiakao\Application\Runtime\Cache\Home\769e70f2e46f34ceb60619bbda5e4691.php 第 207 行.
NOTIC: [8] Undefined variable: laiyuan D:\resource\bishe\jiakao\Application\Runtime\Cache\Home\769e70f2e46f34ceb60619bbda5e4691.php 第 209 行.
NOTIC: [8] Undefined variable: lang D:\resource\bishe\jiakao\Application\Runtime\Cache\Home\769e70f2e46f34ceb60619bbda5e4691.php 第 220 行.
NOTIC: [8] Undefined variable: act D:\resource\bishe\jiakao\Application\Runtime\Cache\Home\769e70f2e46f34ceb60619bbda5e4691.php 第 221 行.
INFO: Run Behavior\ParseTemplateBehavior [ RunTime:0.043514s ]
INFO: [ view_parse ] --END-- [ RunTime:0.043584s ]
INFO: [ view_filter ] --START--
INFO: Run Behavior\WriteHtmlCacheBehavior [ RunTime:0.000445s ]
INFO: [ view_filter ] --END-- [ RunTime:0.000476s ]
INFO: [ app_end ] --START--
INFO: Run Behavior\ShowPageTraceBehavior [ RunTime:0.001021s ]
INFO: [ app_end ] --END-- [ RunTime:0.001170s ]

[ 2019-05-21T16:27:27+08:00 ] ::1 /index.php/Home/Exam/index/fatherid/38.html
INFO: [ app_init ] --START--
INFO: Run Behavior\BuildLiteBehavior [ RunTime:0.000090s ]
INFO: [ app_init ] --END-- [ RunTime:0.006530s ]
INFO: [ app_begin ] --START--
INFO: Run Behavior\ReadHtmlCacheBehavior [ RunTime:0.000673s ]
INFO: [ app_begin ] --END-- [ RunTime:0.000720s ]
SQL: SHOW COLUMNS FROM `tb_user` [ RunTime:0.0525s ]
SQL: SELECT * FROM `tb_user` WHERE `id` = '1' LIMIT 1   [ RunTime:0.0006s ]
SQL: SHOW COLUMNS FROM `tb_exam` [ RunTime:0.0161s ]
SQL: SHOW COLUMNS FROM `tb_class` [ RunTime:0.0161s ]
SQL: SELECT * FROM `tb_class` WHERE `id` = 38 LIMIT 1   [ RunTime:0.0004s ]
SQL: SELECT * FROM `tb_class` WHERE `fatherno` = '000100040001'  [ RunTime:0.0004s ]
SQL: SELECT * FROM `tb_class` WHERE `id` = 38 LIMIT 1   [ RunTime:0.0003s ]
NOTIC: [8] Undefined variable: data D:\resource\bishe\jiakao\Application\Home\Controller\ExamController.class.php 第 40 行.
INFO: [ view_parse ] --START--
INFO: [ template_filter ] --START--
INFO: Run Behavior\ContentReplaceBehavior [ RunTime:0.000209s ]
INFO: [ template_filter ] --END-- [ RunTime:0.000292s ]
NOTIC: [8] Use of undefined constant DEFAULT_CONTROLLER - assumed 'DEFAULT_CONTROLLER' D:\resource\bishe\jiakao\Application\Runtime\Cache\Home\3b55929aa3ece9bdb3aa5aa8c12f4fd5.php 第 204 行.
NOTIC: [8] Undefined variable: laiyuan D:\resource\bishe\jiakao\Application\Runtime\Cache\Home\3b55929aa3ece9bdb3aa5aa8c12f4fd5.php 第 209 行.
NOTIC: [8] Undefined variable: lang D:\resource\bishe\jiakao\Application\Runtime\Cache\Home\3b55929aa3ece9bdb3aa5aa8c12f4fd5.php 第 220 行.
NOTIC: [8] Undefined variable: act D:\resource\bishe\jiakao\Application\Runtime\Cache\Home\3b55929aa3ece9bdb3aa5aa8c12f4fd5.php 第 221 行.
NOTIC: [8] Undefined index: kemu D:\resource\bishe\jiakao\Application\Runtime\Cache\Home\3b55929aa3ece9bdb3aa5aa8c12f4fd5.php 第 266 行.
NOTIC: [8] Undefined index: kemu D:\resource\bishe\jiakao\Application\Runtime\Cache\Home\3b55929aa3ece9bdb3aa5aa8c12f4fd5.php 第 266 行.
NOTIC: [8] Undefined index: kemu D:\resource\bishe\jiakao\Application\Runtime\Cache\Home\3b55929aa3ece9bdb3aa5aa8c12f4fd5.php 第 266 行.
NOTIC: [8] Undefined index: kemu D:\resource\bishe\jiakao\Application\Runtime\Cache\Home\3b55929aa3ece9bdb3aa5aa8c12f4fd5.php 第 266 行.
NOTIC: [8] Undefined index: kemu D:\resource\bishe\jiakao\Application\Runtime\Cache\Home\3b55929aa3ece9bdb3aa5aa8c12f4fd5.php 第 266 行.
NOTIC: [8] Undefined index: kemu D:\resource\bishe\jiakao\Application\Runtime\Cache\Home\3b55929aa3ece9bdb3aa5aa8c12f4fd5.php 第 266 行.
INFO: Run Behavior\ParseTemplateBehavior [ RunTime:0.054485s ]
INFO: [ view_parse ] --END-- [ RunTime:0.054541s ]
INFO: [ view_filter ] --START--
INFO: Run Behavior\WriteHtmlCacheBehavior [ RunTime:0.000421s ]
INFO: [ view_filter ] --END-- [ RunTime:0.000467s ]
INFO: [ app_end ] --START--
INFO: Run Behavior\ShowPageTraceBehavior [ RunTime:0.001093s ]
INFO: [ app_end ] --END-- [ RunTime:0.001192s ]

[ 2019-05-21T16:27:30+08:00 ] ::1 /index.php/Home/Exam/lists/act/moni/classid/39/kemu/1
INFO: [ app_init ] --START--
INFO: Run Behavior\BuildLiteBehavior [ RunTime:0.000015s ]
INFO: [ app_init ] --END-- [ RunTime:0.000397s ]
INFO: [ app_begin ] --START--
INFO: Run Behavior\ReadHtmlCacheBehavior [ RunTime:0.000639s ]
INFO: [ app_begin ] --END-- [ RunTime:0.000690s ]
SQL: SHOW COLUMNS FROM `tb_user` [ RunTime:0.0392s ]
SQL: SELECT * FROM `tb_user` WHERE `id` = '1' LIMIT 1   [ RunTime:0.0007s ]
SQL: SHOW COLUMNS FROM `tb_class` [ RunTime:0.0230s ]
SQL: SELECT * FROM `tb_class` WHERE `id` = 39 LIMIT 1   [ RunTime:0.0003s ]
SQL: SELECT * FROM `tb_class` WHERE `classno` = '000100040001' LIMIT 1   [ RunTime:0.0002s ]
SQL: SHOW COLUMNS FROM `tb_exam` [ RunTime:0.0101s ]
SQL: SELECT * FROM `tb_exam` WHERE `classid` = '39' AND `kemu` = 1 AND `type` = 0 ORDER BY RAND() LIMIT 0,40   [ RunTime:0.0087s ]
SQL: SELECT * FROM `tb_exam` WHERE `classid` = '39' AND `kemu` = 1 AND `type` = 1 ORDER BY RAND() LIMIT 0,40   [ RunTime:0.0100s ]
SQL: SELECT * FROM `tb_exam` WHERE `classid` = '39' AND `kemu` = 1 AND `type` = 2 ORDER BY RAND() LIMIT 0,20   [ RunTime:0.0019s ]
NOTIC: [2] Invalid argument supplied for foreach() D:\resource\bishe\jiakao\Application\Home\Controller\ExamController.class.php 第 119 行.
NOTIC: [8] Undefined index: ajax D:\resource\bishe\jiakao\Application\Home\Controller\ExamController.class.php 第 134 行.
NOTIC: [8] Undefined variable: conf D:\resource\bishe\jiakao\Application\Home\Controller\ExamController.class.php 第 149 行.
NOTIC: [8] Undefined index: tpl D:\resource\bishe\jiakao\Application\Home\Controller\ExamController.class.php 第 154 行.
INFO: [ view_parse ] --START--
INFO: [ template_filter ] --START--
INFO: Run Behavior\ContentReplaceBehavior [ RunTime:0.000117s ]
INFO: [ template_filter ] --END-- [ RunTime:0.000170s ]
NOTIC: [8] Use of undefined constant DEFAULT_CONTROLLER - assumed 'DEFAULT_CONTROLLER' D:\resource\bishe\jiakao\Application\Runtime\Cache\Home\bfb98a2b56c27ea7e4a591fb49e9a818.php 第 204 行.
NOTIC: [8] Undefined variable: laiyuan D:\resource\bishe\jiakao\Application\Runtime\Cache\Home\bfb98a2b56c27ea7e4a591fb49e9a818.php 第 209 行.
INFO: Run Behavior\ParseTemplateBehavior [ RunTime:0.050450s ]
INFO: [ view_parse ] --END-- [ RunTime:0.050500s ]
INFO: [ view_filter ] --START--
INFO: Run Behavior\WriteHtmlCacheBehavior [ RunTime:0.000336s ]
INFO: [ view_filter ] --END-- [ RunTime:0.000371s ]
INFO: [ app_end ] --START--
INFO: Run Behavior\ShowPageTraceBehavior [ RunTime:0.000740s ]
INFO: [ app_end ] --END-- [ RunTime:0.000802s ]

[ 2019-05-21T16:45:41+08:00 ] ::1 /index.php/Home/Exam/lists/act/moni/classid/39/kemu/1
INFO: [ app_init ] --START--
INFO: Run Behavior\BuildLiteBehavior [ RunTime:0.000017s ]
INFO: [ app_init ] --END-- [ RunTime:0.000420s ]
INFO: [ app_begin ] --START--
INFO: Run Behavior\ReadHtmlCacheBehavior [ RunTime:0.000653s ]
INFO: [ app_begin ] --END-- [ RunTime:0.000704s ]
SQL: SHOW COLUMNS FROM `tb_user` [ RunTime:0.0442s ]
SQL: SELECT * FROM `tb_user` WHERE `id` = '1' LIMIT 1   [ RunTime:0.0004s ]
SQL: SHOW COLUMNS FROM `tb_class` [ RunTime:0.0112s ]
SQL: SELECT * FROM `tb_class` WHERE `id` = 39 LIMIT 1   [ RunTime:0.0002s ]
SQL: SELECT * FROM `tb_class` WHERE `classno` = '000100040001' LIMIT 1   [ RunTime:0.0003s ]
SQL: SHOW COLUMNS FROM `tb_exam` [ RunTime:0.0101s ]
SQL: SELECT * FROM `tb_exam` WHERE `classid` = '39' AND `kemu` = 1 AND `type` = 0 ORDER BY RAND() LIMIT 0,40   [ RunTime:0.0069s ]
SQL: SELECT * FROM `tb_exam` WHERE `classid` = '39' AND `kemu` = 1 AND `type` = 1 ORDER BY RAND() LIMIT 0,40   [ RunTime:0.0093s ]
SQL: SELECT * FROM `tb_exam` WHERE `classid` = '39' AND `kemu` = 1 AND `type` = 2 ORDER BY RAND() LIMIT 0,20   [ RunTime:0.0017s ]
NOTIC: [2] Invalid argument supplied for foreach() D:\resource\bishe\jiakao\Application\Home\Controller\ExamController.class.php 第 119 行.
NOTIC: [8] Undefined index: ajax D:\resource\bishe\jiakao\Application\Home\Controller\ExamController.class.php 第 134 行.
NOTIC: [8] Undefined variable: conf D:\resource\bishe\jiakao\Application\Home\Controller\ExamController.class.php 第 149 行.
NOTIC: [8] Undefined index: tpl D:\resource\bishe\jiakao\Application\Home\Controller\ExamController.class.php 第 154 行.
INFO: [ view_parse ] --START--
INFO: [ template_filter ] --START--
INFO: Run Behavior\ContentReplaceBehavior [ RunTime:0.000096s ]
INFO: [ template_filter ] --END-- [ RunTime:0.000139s ]
NOTIC: [8] Use of undefined constant DEFAULT_CONTROLLER - assumed 'DEFAULT_CONTROLLER' D:\resource\bishe\jiakao\Application\Runtime\Cache\Home\bfb98a2b56c27ea7e4a591fb49e9a818.php 第 204 行.
NOTIC: [8] Undefined variable: laiyuan D:\resource\bishe\jiakao\Application\Runtime\Cache\Home\bfb98a2b56c27ea7e4a591fb49e9a818.php 第 209 行.
INFO: Run Behavior\ParseTemplateBehavior [ RunTime:0.058055s ]
INFO: [ view_parse ] --END-- [ RunTime:0.058098s ]
INFO: [ view_filter ] --START--
INFO: Run Behavior\WriteHtmlCacheBehavior [ RunTime:0.000337s ]
INFO: [ view_filter ] --END-- [ RunTime:0.000371s ]
INFO: [ app_end ] --START--
INFO: Run Behavior\ShowPageTraceBehavior [ RunTime:0.000787s ]
INFO: [ app_end ] --END-- [ RunTime:0.000850s ]

[ 2019-05-21T16:45:48+08:00 ] ::1 /index.php/Home/Exam/lists/act/suiji/classid/39/kemu/1/tpl/lists_a
INFO: [ app_init ] --START--
INFO: Run Behavior\BuildLiteBehavior [ RunTime:0.000015s ]
INFO: [ app_init ] --END-- [ RunTime:0.000383s ]
INFO: [ app_begin ] --START--
INFO: Run Behavior\ReadHtmlCacheBehavior [ RunTime:0.000665s ]
INFO: [ app_begin ] --END-- [ RunTime:0.000715s ]
SQL: SHOW COLUMNS FROM `tb_user` [ RunTime:0.0447s ]
SQL: SELECT * FROM `tb_user` WHERE `id` = '1' LIMIT 1   [ RunTime:0.0006s ]
SQL: SHOW COLUMNS FROM `tb_class` [ RunTime:0.0233s ]
SQL: SELECT * FROM `tb_class` WHERE `id` = 39 LIMIT 1   [ RunTime:0.0004s ]
SQL: SELECT * FROM `tb_class` WHERE `classno` = '000100040001' LIMIT 1   [ RunTime:0.0003s ]
SQL: SHOW COLUMNS FROM `tb_exam` [ RunTime:0.0156s ]
SQL: SELECT * FROM `tb_exam` WHERE `classid` = '39' AND `kemu` = 1 ORDER BY RAND() LIMIT 0,100   [ RunTime:0.0234s ]
NOTIC: [8] Undefined index: ajax D:\resource\bishe\jiakao\Application\Home\Controller\ExamController.class.php 第 134 行.
NOTIC: [8] Undefined variable: conf D:\resource\bishe\jiakao\Application\Home\Controller\ExamController.class.php 第 149 行.
INFO: [ view_parse ] --START--
INFO: [ template_filter ] --START--
INFO: Run Behavior\ContentReplaceBehavior [ RunTime:0.000139s ]
INFO: [ template_filter ] --END-- [ RunTime:0.000195s ]
NOTIC: [8] Use of undefined constant DEFAULT_CONTROLLER - assumed 'DEFAULT_CONTROLLER' D:\resource\bishe\jiakao\Application\Runtime\Cache\Home\1629bacd96a7208075e468b7c0a698f3.php 第 204 行.
NOTIC: [8] Undefined variable: laiyuan D:\resource\bishe\jiakao\Application\Runtime\Cache\Home\1629bacd96a7208075e468b7c0a698f3.php 第 209 行.
NOTIC: [8] Use of undefined constant photo - assumed 'photo' D:\resource\bishe\jiakao\Application\Runtime\Cache\Home\1629bacd96a7208075e468b7c0a698f3.php 第 280 行.
NOTIC: [8] Use of undefined constant photo - assumed 'photo' D:\resource\bishe\jiakao\Application\Runtime\Cache\Home\1629bacd96a7208075e468b7c0a698f3.php 第 280 行.
NOTIC: [8] Use of undefined constant photo - assumed 'photo' D:\resource\bishe\jiakao\Application\Runtime\Cache\Home\1629bacd96a7208075e468b7c0a698f3.php 第 280 行.
NOTIC: [8] Use of undefined constant photo - assumed 'photo' D:\resource\bishe\jiakao\Application\Runtime\Cache\Home\1629bacd96a7208075e468b7c0a698f3.php 第 280 行.
NOTIC: [8] Use of undefined constant photo - assumed 'photo' D:\resource\bishe\jiakao\Application\Runtime\Cache\Home\1629bacd96a7208075e468b7c0a698f3.php 第 280 行.
NOTIC: [8] Use of undefined constant photo - assumed 'photo' D:\resource\bishe\jiakao\Application\Runtime\Cache\Home\1629bacd96a7208075e468b7c0a698f3.php 第 280 行.
NOTIC: [8] Use of undefined constant photo - assumed 'photo' D:\resource\bishe\jiakao\Application\Runtime\Cache\Home\1629bacd96a7208075e468b7c0a698f3.php 第 280 行.
NOTIC: [8] Use of undefined constant photo - assumed 'photo' D:\resource\bishe\jiakao\Application\Runtime\Cache\Home\1629bacd96a7208075e468b7c0a698f3.php 第 280 行.
NOTIC: [8] Use of undefined constant photo - assumed 'photo' D:\resource\bishe\jiakao\Application\Runtime\Cache\Home\1629bacd96a7208075e468b7c0a698f3.php 第 280 行.
NOTIC: [8] Use of undefined constant photo - assumed 'photo' D:\resource\bishe\jiakao\Application\Runtime\Cache\Home\1629bacd96a7208075e468b7c0a698f3.php 第 280 行.
NOTIC: [8] Use of undefined constant photo - assumed 'photo' D:\resource\bishe\jiakao\Application\Runtime\Cache\Home\1629bacd96a7208075e468b7c0a698f3.php 第 280 行.
NOTIC: [8] Use of undefined constant photo - assumed 'photo' D:\resource\bishe\jiakao\Application\Runtime\Cache\Home\1629bacd96a7208075e468b7c0a698f3.php 第 280 行.
NOTIC: [8] Use of undefined constant photo - assumed 'photo' D:\resource\bishe\jiakao\Application\Runtime\Cache\Home\1629bacd96a7208075e468b7c0a698f3.php 第 280 行.
NOTIC: [8] Use of undefined constant photo - assumed 'photo' D:\resource\bishe\jiakao\Application\Runtime\Cache\Home\1629bacd96a7208075e468b7c0a698f3.php 第 280 行.
NOTIC: [8] Use of undefined constant photo - assumed 'photo' D:\resource\bishe\jiakao\Application\Runtime\Cache\Home\1629bacd96a7208075e468b7c0a698f3.php 第 280 行.
NOTIC: [8] Use of undefined constant photo - assumed 'photo' D:\resource\bishe\jiakao\Application\Runtime\Cache\Home\1629bacd96a7208075e468b7c0a698f3.php 第 280 行.
NOTIC: [8] Use of undefined constant photo - assumed 'photo' D:\resource\bishe\jiakao\Application\Runtime\Cache\Home\1629bacd96a7208075e468b7c0a698f3.php 第 280 行.
NOTIC: [8] Use of undefined constant photo - assumed 'photo' D:\resource\bishe\jiakao\Application\Runtime\Cache\Home\1629bacd96a7208075e468b7c0a698f3.php 第 280 行.
NOTIC: [8] Use of undefined constant photo - assumed 'photo' D:\resource\bishe\jiakao\Application\Runtime\Cache\Home\1629bacd96a7208075e468b7c0a698f3.php 第 280 行.
NOTIC: [8] Use of undefined constant photo - assumed 'photo' D:\resource\bishe\jiakao\Application\Runtime\Cache\Home\1629bacd96a7208075e468b7c0a698f3.php 第 280 行.
NOTIC: [8] Use of undefined constant photo - assumed 'photo' D:\resource\bishe\jiakao\Application\Runtime\Cache\Home\1629bacd96a7208075e468b7c0a698f3.php 第 280 行.
NOTIC: [8] Use of undefined constant photo - assumed 'photo' D:\resource\bishe\jiakao\Application\Runtime\Cache\Home\1629bacd96a7208075e468b7c0a698f3.php 第 280 行.
NOTIC: [8] Use of undefined constant photo - assumed 'photo' D:\resource\bishe\jiakao\Application\Runtime\Cache\Home\1629bacd96a7208075e468b7c0a698f3.php 第 280 行.
NOTIC: [8] Use of undefined constant photo - assumed 'photo' D:\resource\bishe\jiakao\Application\Runtime\Cache\Home\1629bacd96a7208075e468b7c0a698f3.php 第 280 行.
NOTIC: [8] Use of undefined constant photo - assumed 'photo' D:\resource\bishe\jiakao\Application\Runtime\Cache\Home\1629bacd96a7208075e468b7c0a698f3.php 第 280 行.
NOTIC: [8] Use of undefined constant photo - assumed 'photo' D:\resource\bishe\jiakao\Application\Runtime\Cache\Home\1629bacd96a7208075e468b7c0a698f3.php 第 280 行.
NOTIC: [8] Use of undefined constant photo - assumed 'photo' D:\resource\bishe\jiakao\Application\Runtime\Cache\Home\1629bacd96a7208075e468b7c0a698f3.php 第 280 行.
NOTIC: [8] Use of undefined constant photo - assumed 'photo' D:\resource\bishe\jiakao\Application\Runtime\Cache\Home\1629bacd96a7208075e468b7c0a698f3.php 第 280 行.
NOTIC: [8] Use of undefined constant photo - assumed 'photo' D:\resource\bishe\jiakao\Application\Runtime\Cache\Home\1629bacd96a7208075e468b7c0a698f3.php 第 280 行.
NOTIC: [8] Use of undefined constant photo - assumed 'photo' D:\resource\bishe\jiakao\Application\Runtime\Cache\Home\1629bacd96a7208075e468b7c0a698f3.php 第 280 行.
NOTIC: [8] Use of undefined constant photo - assumed 'photo' D:\resource\bishe\jiakao\Application\Runtime\Cache\Home\1629bacd96a7208075e468b7c0a698f3.php 第 280 行.
NOTIC: [8] Use of undefined constant photo - assumed 'photo' D:\resource\bishe\jiakao\Application\Runtime\Cache\Home\1629bacd96a7208075e468b7c0a698f3.php 第 280 行.
NOTIC: [8] Use of undefined constant photo - assumed 'photo' D:\resource\bishe\jiakao\Application\Runtime\Cache\Home\1629bacd96a7208075e468b7c0a698f3.php 第 280 行.
NOTIC: [8] Use of undefined constant photo - assumed 'photo' D:\resource\bishe\jiakao\Application\Runtime\Cache\Home\1629bacd96a7208075e468b7c0a698f3.php 第 280 行.
NOTIC: [8] Use of undefined constant photo - assumed 'photo' D:\resource\bishe\jiakao\Application\Runtime\Cache\Home\1629bacd96a7208075e468b7c0a698f3.php 第 280 行.
NOTIC: [8] Use of undefined constant photo - assumed 'photo' D:\resource\bishe\jiakao\Application\Runtime\Cache\Home\1629bacd96a7208075e468b7c0a698f3.php 第 280 行.
NOTIC: [8] Use of undefined constant photo - assumed 'photo' D:\resource\bishe\jiakao\Application\Runtime\Cache\Home\1629bacd96a7208075e468b7c0a698f3.php 第 280 行.
NOTIC: [8] Use of undefined constant photo - assumed 'photo' D:\resource\bishe\jiakao\Application\Runtime\Cache\Home\1629bacd96a7208075e468b7c0a698f3.php 第 280 行.
NOTIC: [8] Use of undefined constant photo - assumed 'photo' D:\resource\bishe\jiakao\Application\Runtime\Cache\Home\1629bacd96a7208075e468b7c0a698f3.php 第 280 行.
NOTIC: [8] Use of undefined constant photo - assumed 'photo' D:\resource\bishe\jiakao\Application\Runtime\Cache\Home\1629bacd96a7208075e468b7c0a698f3.php 第 280 行.
NOTIC: [8] Use of undefined constant photo - assumed 'photo' D:\resource\bishe\jiakao\Application\Runtime\Cache\Home\1629bacd96a7208075e468b7c0a698f3.php 第 280 行.
NOTIC: [8] Use of undefined constant photo - assumed 'photo' D:\resource\bishe\jiakao\Application\Runtime\Cache\Home\1629bacd96a7208075e468b7c0a698f3.php 第 280 行.
NOTIC: [8] Use of undefined constant photo - assumed 'photo' D:\resource\bishe\jiakao\Application\Runtime\Cache\Home\1629bacd96a7208075e468b7c0a698f3.php 第 280 行.
NOTIC: [8] Use of undefined constant photo - assumed 'photo' D:\resource\bishe\jiakao\Application\Runtime\Cache\Home\1629bacd96a7208075e468b7c0a698f3.php 第 280 行.
NOTIC: [8] Use of undefined constant photo - assumed 'photo' D:\resource\bishe\jiakao\Application\Runtime\Cache\Home\1629bacd96a7208075e468b7c0a698f3.php 第 280 行.
NOTIC: [8] Use of undefined constant photo - assumed 'photo' D:\resource\bishe\jiakao\Application\Runtime\Cache\Home\1629bacd96a7208075e468b7c0a698f3.php 第 280 行.
NOTIC: [8] Use of undefined constant photo - assumed 'photo' D:\resource\bishe\jiakao\Application\Runtime\Cache\Home\1629bacd96a7208075e468b7c0a698f3.php 第 280 行.
NOTIC: [8] Use of undefined constant photo - assumed 'photo' D:\resource\bishe\jiakao\Application\Runtime\Cache\Home\1629bacd96a7208075e468b7c0a698f3.php 第 280 行.
NOTIC: [8] Use of undefined constant photo - assumed 'photo' D:\resource\bishe\jiakao\Application\Runtime\Cache\Home\1629bacd96a7208075e468b7c0a698f3.php 第 280 行.
NOTIC: [8] Use of undefined constant photo - assumed 'photo' D:\resource\bishe\jiakao\Application\Runtime\Cache\Home\1629bacd96a7208075e468b7c0a698f3.php 第 280 行.
NOTIC: [8] Use of undefined constant photo - assumed 'photo' D:\resource\bishe\jiakao\Application\Runtime\Cache\Home\1629bacd96a7208075e468b7c0a698f3.php 第 280 行.
NOTIC: [8] Use of undefined constant photo - assumed 'photo' D:\resource\bishe\jiakao\Application\Runtime\Cache\Home\1629bacd96a7208075e468b7c0a698f3.php 第 280 行.
NOTIC: [8] Use of undefined constant photo - assumed 'photo' D:\resource\bishe\jiakao\Application\Runtime\Cache\Home\1629bacd96a7208075e468b7c0a698f3.php 第 280 行.
NOTIC: [8] Use of undefined constant photo - assumed 'photo' D:\resource\bishe\jiakao\Application\Runtime\Cache\Home\1629bacd96a7208075e468b7c0a698f3.php 第 280 行.
NOTIC: [8] Use of undefined constant photo - assumed 'photo' D:\resource\bishe\jiakao\Application\Runtime\Cache\Home\1629bacd96a7208075e468b7c0a698f3.php 第 280 行.
NOTIC: [8] Use of undefined constant photo - assumed 'photo' D:\resource\bishe\jiakao\Application\Runtime\Cache\Home\1629bacd96a7208075e468b7c0a698f3.php 第 280 行.
NOTIC: [8] Use of undefined constant photo - assumed 'photo' D:\resource\bishe\jiakao\Application\Runtime\Cache\Home\1629bacd96a7208075e468b7c0a698f3.php 第 280 行.
NOTIC: [8] Use of undefined constant photo - assumed 'photo' D:\resource\bishe\jiakao\Application\Runtime\Cache\Home\1629bacd96a7208075e468b7c0a698f3.php 第 280 行.
NOTIC: [8] Use of undefined constant photo - assumed 'photo' D:\resource\bishe\jiakao\Application\Runtime\Cache\Home\1629bacd96a7208075e468b7c0a698f3.php 第 280 行.
NOTIC: [8] Use of undefined constant photo - assumed 'photo' D:\resource\bishe\jiakao\Application\Runtime\Cache\Home\1629bacd96a7208075e468b7c0a698f3.php 第 280 行.
NOTIC: [8] Use of undefined constant photo - assumed 'photo' D:\resource\bishe\jiakao\Application\Runtime\Cache\Home\1629bacd96a7208075e468b7c0a698f3.php 第 280 行.
NOTIC: [8] Use of undefined constant photo - assumed 'photo' D:\resource\bishe\jiakao\Application\Runtime\Cache\Home\1629bacd96a7208075e468b7c0a698f3.php 第 280 行.
NOTIC: [8] Use of undefined constant photo - assumed 'photo' D:\resource\bishe\jiakao\Application\Runtime\Cache\Home\1629bacd96a7208075e468b7c0a698f3.php 第 280 行.
NOTIC: [8] Use of undefined constant photo - assumed 'photo' D:\resource\bishe\jiakao\Application\Runtime\Cache\Home\1629bacd96a7208075e468b7c0a698f3.php 第 280 行.
NOTIC: [8] Use of undefined constant photo - assumed 'photo' D:\resource\bishe\jiakao\Application\Runtime\Cache\Home\1629bacd96a7208075e468b7c0a698f3.php 第 280 行.
NOTIC: [8] Use of undefined constant photo - assumed 'photo' D:\resource\bishe\jiakao\Application\Runtime\Cache\Home\1629bacd96a7208075e468b7c0a698f3.php 第 280 行.
NOTIC: [8] Use of undefined constant photo - assumed 'photo' D:\resource\bishe\jiakao\Application\Runtime\Cache\Home\1629bacd96a7208075e468b7c0a698f3.php 第 280 行.
NOTIC: [8] Use of undefined constant photo - assumed 'photo' D:\resource\bishe\jiakao\Application\Runtime\Cache\Home\1629bacd96a7208075e468b7c0a698f3.php 第 280 行.
NOTIC: [8] Use of undefined constant photo - assumed 'photo' D:\resource\bishe\jiakao\Application\Runtime\Cache\Home\1629bacd96a7208075e468b7c0a698f3.php 第 280 行.
NOTIC: [8] Use of undefined constant photo - assumed 'photo' D:\resource\bishe\jiakao\Application\Runtime\Cache\Home\1629bacd96a7208075e468b7c0a698f3.php 第 280 行.
NOTIC: [8] Use of undefined constant photo - assumed 'photo' D:\resource\bishe\jiakao\Application\Runtime\Cache\Home\1629bacd96a7208075e468b7c0a698f3.php 第 280 行.
NOTIC: [8] Use of undefined constant photo - assumed 'photo' D:\resource\bishe\jiakao\Application\Runtime\Cache\Home\1629bacd96a7208075e468b7c0a698f3.php 第 280 行.
NOTIC: [8] Use of undefined constant photo - assumed 'photo' D:\resource\bishe\jiakao\Application\Runtime\Cache\Home\1629bacd96a7208075e468b7c0a698f3.php 第 280 行.
NOTIC: [8] Use of undefined constant photo - assumed 'photo' D:\resource\bishe\jiakao\Application\Runtime\Cache\Home\1629bacd96a7208075e468b7c0a698f3.php 第 280 行.
NOTIC: [8] Use of undefined constant photo - assumed 'photo' D:\resource\bishe\jiakao\Application\Runtime\Cache\Home\1629bacd96a7208075e468b7c0a698f3.php 第 280 行.
NOTIC: [8] Use of undefined constant photo - assumed 'photo' D:\resource\bishe\jiakao\Application\Runtime\Cache\Home\1629bacd96a7208075e468b7c0a698f3.php 第 280 行.
NOTIC: [8] Use of undefined constant photo - assumed 'photo' D:\resource\bishe\jiakao\Application\Runtime\Cache\Home\1629bacd96a7208075e468b7c0a698f3.php 第 280 行.
NOTIC: [8] Use of undefined constant photo - assumed 'photo' D:\resource\bishe\jiakao\Application\Runtime\Cache\Home\1629bacd96a7208075e468b7c0a698f3.php 第 280 行.
NOTIC: [8] Use of undefined constant photo - assumed 'photo' D:\resource\bishe\jiakao\Application\Runtime\Cache\Home\1629bacd96a7208075e468b7c0a698f3.php 第 280 行.
NOTIC: [8] Use of undefined constant photo - assumed 'photo' D:\resource\bishe\jiakao\Application\Runtime\Cache\Home\1629bacd96a7208075e468b7c0a698f3.php 第 280 行.
NOTIC: [8] Use of undefined constant photo - assumed 'photo' D:\resource\bishe\jiakao\Application\Runtime\Cache\Home\1629bacd96a7208075e468b7c0a698f3.php 第 280 行.
NOTIC: [8] Use of undefined constant photo - assumed 'photo' D:\resource\bishe\jiakao\Application\Runtime\Cache\Home\1629bacd96a7208075e468b7c0a698f3.php 第 280 行.
NOTIC: [8] Use of undefined constant photo - assumed 'photo' D:\resource\bishe\jiakao\Application\Runtime\Cache\Home\1629bacd96a7208075e468b7c0a698f3.php 第 280 行.
NOTIC: [8] Use of undefined constant photo - assumed 'photo' D:\resource\bishe\jiakao\Application\Runtime\Cache\Home\1629bacd96a7208075e468b7c0a698f3.php 第 280 行.
NOTIC: [8] Use of undefined constant photo - assumed 'photo' D:\resource\bishe\jiakao\Application\Runtime\Cache\Home\1629bacd96a7208075e468b7c0a698f3.php 第 280 行.
NOTIC: [8] Use of undefined constant photo - assumed 'photo' D:\resource\bishe\jiakao\Application\Runtime\Cache\Home\1629bacd96a7208075e468b7c0a698f3.php 第 280 行.
NOTIC: [8] Use of undefined constant photo - assumed 'photo' D:\resource\bishe\jiakao\Application\Runtime\Cache\Home\1629bacd96a7208075e468b7c0a698f3.php 第 280 行.
NOTIC: [8] Use of undefined constant photo - assumed 'photo' D:\resource\bishe\jiakao\Application\Runtime\Cache\Home\1629bacd96a7208075e468b7c0a698f3.php 第 280 行.
NOTIC: [8] Use of undefined constant photo - assumed 'photo' D:\resource\bishe\jiakao\Application\Runtime\Cache\Home\1629bacd96a7208075e468b7c0a698f3.php 第 280 行.
NOTIC: [8] Use of undefined constant photo - assumed 'photo' D:\resource\bishe\jiakao\Application\Runtime\Cache\Home\1629bacd96a7208075e468b7c0a698f3.php 第 280 行.
NOTIC: [8] Use of undefined constant photo - assumed 'photo' D:\resource\bishe\jiakao\Application\Runtime\Cache\Home\1629bacd96a7208075e468b7c0a698f3.php 第 280 行.
NOTIC: [8] Use of undefined constant photo - assumed 'photo' D:\resource\bishe\jiakao\Application\Runtime\Cache\Home\1629bacd96a7208075e468b7c0a698f3.php 第 280 行.
NOTIC: [8] Use of undefined constant photo - assumed 'photo' D:\resource\bishe\jiakao\Application\Runtime\Cache\Home\1629bacd96a7208075e468b7c0a698f3.php 第 280 行.
NOTIC: [8] Use of undefined constant photo - assumed 'photo' D:\resource\bishe\jiakao\Application\Runtime\Cache\Home\1629bacd96a7208075e468b7c0a698f3.php 第 280 行.
NOTIC: [8] Use of undefined constant photo - assumed 'photo' D:\resource\bishe\jiakao\Application\Runtime\Cache\Home\1629bacd96a7208075e468b7c0a698f3.php 第 280 行.
NOTIC: [8] Use of undefined constant photo - assumed 'photo' D:\resource\bishe\jiakao\Application\Runtime\Cache\Home\1629bacd96a7208075e468b7c0a698f3.php 第 280 行.
NOTIC: [8] Use of undefined constant photo - assumed 'photo' D:\resource\bishe\jiakao\Application\Runtime\Cache\Home\1629bacd96a7208075e468b7c0a698f3.php 第 280 行.
NOTIC: [8] Use of undefined constant photo - assumed 'photo' D:\resource\bishe\jiakao\Application\Runtime\Cache\Home\1629bacd96a7208075e468b7c0a698f3.php 第 280 行.
NOTIC: [8] Use of undefined constant photo - assumed 'photo' D:\resource\bishe\jiakao\Application\Runtime\Cache\Home\1629bacd96a7208075e468b7c0a698f3.php 第 280 行.
NOTIC: [8] Use of undefined constant photo - assumed 'photo' D:\resource\bishe\jiakao\Application\Runtime\Cache\Home\1629bacd96a7208075e468b7c0a698f3.php 第 280 行.
INFO: Run Behavior\ParseTemplateBehavior [ RunTime:0.050604s ]
INFO: [ view_parse ] --END-- [ RunTime:0.050661s ]
INFO: [ view_filter ] --START--
INFO: Run Behavior\WriteHtmlCacheBehavior [ RunTime:0.000406s ]
INFO: [ view_filter ] --END-- [ RunTime:0.000439s ]
INFO: [ app_end ] --START--
INFO: Run Behavior\ShowPageTraceBehavior [ RunTime:0.000660s ]
INFO: [ app_end ] --END-- [ RunTime:0.000710s ]

[ 2019-05-21T16:45:51+08:00 ] ::1 /index.php/Home/Exam/lists/act/moni/classid/39/kemu/1
INFO: [ app_init ] --START--
INFO: Run Behavior\BuildLiteBehavior [ RunTime:0.000025s ]
INFO: [ app_init ] --END-- [ RunTime:0.000545s ]
INFO: [ app_begin ] --START--
INFO: Run Behavior\ReadHtmlCacheBehavior [ RunTime:0.000784s ]
INFO: [ app_begin ] --END-- [ RunTime:0.000840s ]
SQL: SHOW COLUMNS FROM `tb_user` [ RunTime:0.0495s ]
SQL: SELECT * FROM `tb_user` WHERE `id` = '1' LIMIT 1   [ RunTime:0.0005s ]
SQL: SHOW COLUMNS FROM `tb_class` [ RunTime:0.0125s ]
SQL: SELECT * FROM `tb_class` WHERE `id` = 39 LIMIT 1   [ RunTime:0.0005s ]
SQL: SELECT * FROM `tb_class` WHERE `classno` = '000100040001' LIMIT 1   [ RunTime:0.0006s ]
SQL: SHOW COLUMNS FROM `tb_exam` [ RunTime:0.0130s ]
SQL: SELECT * FROM `tb_exam` WHERE `classid` = '39' AND `kemu` = 1 AND `type` = 0 ORDER BY RAND() LIMIT 0,40   [ RunTime:0.0103s ]
SQL: SELECT * FROM `tb_exam` WHERE `classid` = '39' AND `kemu` = 1 AND `type` = 1 ORDER BY RAND() LIMIT 0,40   [ RunTime:0.0120s ]
SQL: SELECT * FROM `tb_exam` WHERE `classid` = '39' AND `kemu` = 1 AND `type` = 2 ORDER BY RAND() LIMIT 0,20   [ RunTime:0.0017s ]
NOTIC: [2] Invalid argument supplied for foreach() D:\resource\bishe\jiakao\Application\Home\Controller\ExamController.class.php 第 119 行.
NOTIC: [8] Undefined index: ajax D:\resource\bishe\jiakao\Application\Home\Controller\ExamController.class.php 第 134 行.
NOTIC: [8] Undefined variable: conf D:\resource\bishe\jiakao\Application\Home\Controller\ExamController.class.php 第 149 行.
NOTIC: [8] Undefined index: tpl D:\resource\bishe\jiakao\Application\Home\Controller\ExamController.class.php 第 154 行.
INFO: [ view_parse ] --START--
INFO: [ template_filter ] --START--
INFO: Run Behavior\ContentReplaceBehavior [ RunTime:0.000095s ]
INFO: [ template_filter ] --END-- [ RunTime:0.000140s ]
NOTIC: [8] Use of undefined constant DEFAULT_CONTROLLER - assumed 'DEFAULT_CONTROLLER' D:\resource\bishe\jiakao\Application\Runtime\Cache\Home\bfb98a2b56c27ea7e4a591fb49e9a818.php 第 204 行.
NOTIC: [8] Undefined variable: laiyuan D:\resource\bishe\jiakao\Application\Runtime\Cache\Home\bfb98a2b56c27ea7e4a591fb49e9a818.php 第 209 行.
INFO: Run Behavior\ParseTemplateBehavior [ RunTime:0.048582s ]
INFO: [ view_parse ] --END-- [ RunTime:0.048631s ]
INFO: [ view_filter ] --START--
INFO: Run Behavior\WriteHtmlCacheBehavior [ RunTime:0.000503s ]
INFO: [ view_filter ] --END-- [ RunTime:0.000546s ]
INFO: [ app_end ] --START--
INFO: Run Behavior\ShowPageTraceBehavior [ RunTime:0.000940s ]
INFO: [ app_end ] --END-- [ RunTime:0.001396s ]

[ 2019-05-21T16:45:56+08:00 ] ::1 /index.php/Home/answer/add.html
INFO: [ app_init ] --START--
INFO: Run Behavior\BuildLiteBehavior [ RunTime:0.000016s ]
INFO: [ app_init ] --END-- [ RunTime:0.000463s ]
INFO: [ app_begin ] --START--
INFO: Run Behavior\ReadHtmlCacheBehavior [ RunTime:0.001130s ]
INFO: [ app_begin ] --END-- [ RunTime:0.001202s ]
SQL: SHOW COLUMNS FROM `tb_user` [ RunTime:0.0214s ]
SQL: SELECT * FROM `tb_user` WHERE `id` = '1' LIMIT 1   [ RunTime:0.0003s ]
SQL: SHOW COLUMNS FROM `tb_answer` [ RunTime:0.0158s ]
SQL: SHOW COLUMNS FROM `tb_class` [ RunTime:0.0096s ]
SQL: SELECT * FROM `tb_user` WHERE `id` = '1' LIMIT 1   [ RunTime:0.0003s ]
SQL: UPDATE `tb_user` SET `exam_error_count`='60',`jifen`='0' WHERE (  id=1 ) [ RunTime:0.0023s ]
SQL: SELECT * FROM `tb_answer` WHERE `objidno` = '42dc914e8d6b69a9cba967042927cf9e' AND `userid` = 1 AND `isok` = 1 LIMIT 1   [ RunTime:0.0003s ]
SQL: INSERT INTO `tb_answer` (`type`,`objid`,`objidno`,`isok`,`objtable`,`value`,`title`,`userid`,`time`) VALUES ('1','279','42dc914e8d6b69a9cba967042927cf9e','1','exam','N','这个标志的含义是警告车辆驾驶人前方是人行横道。','1','1558428356') [ RunTime:0.0014s ]

[ 2019-05-21T16:45:58+08:00 ] ::1 /index.php/Home/answer/add.html
INFO: [ app_init ] --START--
INFO: Run Behavior\BuildLiteBehavior [ RunTime:0.000013s ]
INFO: [ app_init ] --END-- [ RunTime:0.000346s ]
INFO: [ app_begin ] --START--
INFO: Run Behavior\ReadHtmlCacheBehavior [ RunTime:0.000550s ]
INFO: [ app_begin ] --END-- [ RunTime:0.000598s ]
SQL: SHOW COLUMNS FROM `tb_user` [ RunTime:0.0210s ]
SQL: SELECT * FROM `tb_user` WHERE `id` = '1' LIMIT 1   [ RunTime:0.0005s ]
SQL: SHOW COLUMNS FROM `tb_answer` [ RunTime:0.0111s ]
SQL: SHOW COLUMNS FROM `tb_class` [ RunTime:0.0113s ]
SQL: SELECT * FROM `tb_user` WHERE `id` = '1' LIMIT 1   [ RunTime:0.0004s ]
SQL: UPDATE `tb_user` SET `exam_error_count`='61',`jifen`='0' WHERE (  id=1 ) [ RunTime:0.0020s ]
SQL: SELECT * FROM `tb_answer` WHERE `objidno` = '72a084bd0f893a6b0f0cd1ed0fd34750' AND `userid` = 1 AND `isok` = 1 LIMIT 1   [ RunTime:0.0004s ]
SQL: INSERT INTO `tb_answer` (`type`,`objid`,`objidno`,`isok`,`objtable`,`value`,`title`,`userid`,`time`) VALUES ('1','393','72a084bd0f893a6b0f0cd1ed0fd34750','1','exam','Y','驾驶机动车要选择绿色箭头灯亮的车道行驶。','1','1558428358') [ RunTime:0.0010s ]

[ 2019-05-21T16:46:02+08:00 ] ::1 /index.php/Home/answer/add.html
INFO: [ app_init ] --START--
INFO: Run Behavior\BuildLiteBehavior [ RunTime:0.000015s ]
INFO: [ app_init ] --END-- [ RunTime:0.000392s ]
INFO: [ app_begin ] --START--
INFO: Run Behavior\ReadHtmlCacheBehavior [ RunTime:0.000660s ]
INFO: [ app_begin ] --END-- [ RunTime:0.000708s ]
SQL: SHOW COLUMNS FROM `tb_user` [ RunTime:0.0231s ]
SQL: SELECT * FROM `tb_user` WHERE `id` = '1' LIMIT 1   [ RunTime:0.0008s ]
SQL: SHOW COLUMNS FROM `tb_answer` [ RunTime:0.0150s ]
SQL: SHOW COLUMNS FROM `tb_class` [ RunTime:0.0110s ]
SQL: SELECT * FROM `tb_user` WHERE `id` = '1' LIMIT 1   [ RunTime:0.0003s ]
SQL: UPDATE `tb_user` SET `exam_error_count`='62',`jifen`='0' WHERE (  id=1 ) [ RunTime:0.0013s ]
SQL: SELECT * FROM `tb_answer` WHERE `objidno` = 'b59520375b1b19d381025954420e4fa9' AND `userid` = 1 AND `isok` = 1 LIMIT 1   [ RunTime:0.0002s ]
SQL: INSERT INTO `tb_answer` (`type`,`objid`,`objidno`,`isok`,`objtable`,`value`,`title`,`userid`,`time`) VALUES ('1','168','b59520375b1b19d381025954420e4fa9','1','exam','Y','驾驶机动车遇到漫水桥时要停车察明水情确认安全后再低速通过。','1','1558428362') [ RunTime:0.0025s ]

