[ 2017-06-19T03:26:33+08:00 ] 127.0.0.1 /phpsite/hc/kaoti/kaoti20170406/index.php/Wap/user/
INFO: [ app_init ] --START--
INFO: Run Behavior\BuildLiteBehavior [ RunTime:0.000059s ]
INFO: [ app_init ] --END-- [ RunTime:0.080565s ]
INFO: [ app_begin ] --START--
INFO: Run Behavior\ReadHtmlCacheBehavior [ RunTime:0.124357s ]
INFO: [ app_begin ] --END-- [ RunTime:0.124587s ]
INFO: [ view_parse ] --START--
INFO: [ template_filter ] --START--
INFO: Run Behavior\ContentReplaceBehavior [ RunTime:0.000297s ]
INFO: [ template_filter ] --END-- [ RunTime:0.000549s ]
NOTIC: [8] Undefined variable: web F:\phpsite\hc\kaoti\kaoti20170406\Application\Runtime\Cache\Wap\ea99974c61af5f5910bb23ffcb432bbf.php 第 5 行.
NOTIC: [8] Use of undefined constant DEFAULT_CONTROLLER - assumed 'DEFAULT_CONTROLLER' F:\phpsite\hc\kaoti\kaoti20170406\Application\Runtime\Cache\Wap\ea99974c61af5f5910bb23ffcb432bbf.php 第 63 行.
NOTIC: [8] Undefined variable: data F:\phpsite\hc\kaoti\kaoti20170406\Application\Runtime\Cache\Wap\ea99974c61af5f5910bb23ffcb432bbf.php 第 64 行.
NOTIC: [8] Undefined variable: data F:\phpsite\hc\kaoti\kaoti20170406\Application\Runtime\Cache\Wap\ea99974c61af5f5910bb23ffcb432bbf.php 第 65 行.
NOTIC: [8] Undefined variable: table F:\phpsite\hc\kaoti\kaoti20170406\Application\Runtime\Cache\Wap\ea99974c61af5f5910bb23ffcb432bbf.php 第 66 行.
NOTIC: [8] Undefined variable: laiyuan F:\phpsite\hc\kaoti\kaoti20170406\Application\Runtime\Cache\Wap\ea99974c61af5f5910bb23ffcb432bbf.php 第 68 行.
NOTIC: [8] Undefined variable: lang F:\phpsite\hc\kaoti\kaoti20170406\Application\Runtime\Cache\Wap\ea99974c61af5f5910bb23ffcb432bbf.php 第 80 行.
NOTIC: [8] Undefined variable: act F:\phpsite\hc\kaoti\kaoti20170406\Application\Runtime\Cache\Wap\ea99974c61af5f5910bb23ffcb432bbf.php 第 81 行.
NOTIC: [8] Undefined index: userq F:\phpsite\hc\kaoti\kaoti20170406\Application\Runtime\Cache\Wap\ea99974c61af5f5910bb23ffcb432bbf.php 第 82 行.
NOTIC: [8] Undefined index: userq F:\phpsite\hc\kaoti\kaoti20170406\Application\Runtime\Cache\Wap\ea99974c61af5f5910bb23ffcb432bbf.php 第 87 行.
NOTIC: [8] Undefined index: userq F:\phpsite\hc\kaoti\kaoti20170406\Application\Runtime\Cache\Wap\ea99974c61af5f5910bb23ffcb432bbf.php 第 88 行.
NOTIC: [8] Undefined variable: web F:\phpsite\hc\kaoti\kaoti20170406\Application\Runtime\Cache\Wap\ea99974c61af5f5910bb23ffcb432bbf.php 第 137 行.
INFO: Run Behavior\ParseTemplateBehavior [ RunTime:1.269003s ]
INFO: [ view_parse ] --END-- [ RunTime:1.269234s ]
INFO: [ view_filter ] --START--
INFO: Run Behavior\WriteHtmlCacheBehavior [ RunTime:0.054582s ]
INFO: [ view_filter ] --END-- [ RunTime:0.054755s ]
INFO: [ app_end ] --START--
INFO: Run Behavior\ShowPageTraceBehavior [ RunTime:0.100459s ]
INFO: [ app_end ] --END-- [ RunTime:0.100689s ]

[ 2017-06-19T03:26:38+08:00 ] 127.0.0.1 /phpsite/hc/kaoti/kaoti20170406/index.php/Wap/user/zuji.html
INFO: [ app_init ] --START--
INFO: Run Behavior\BuildLiteBehavior [ RunTime:0.000049s ]
INFO: [ app_init ] --END-- [ RunTime:0.000873s ]
INFO: [ app_begin ] --START--
INFO: Run Behavior\ReadHtmlCacheBehavior [ RunTime:0.000957s ]
INFO: [ app_begin ] --END-- [ RunTime:0.001216s ]
ERR: 非法操作:zuji

[ 2017-06-19T03:27:36+08:00 ] 127.0.0.1 /phpsite/hc/kaoti/kaoti20170406/index.php/Wap/user/
INFO: [ app_init ] --START--
INFO: Run Behavior\BuildLiteBehavior [ RunTime:0.000040s ]
INFO: [ app_init ] --END-- [ RunTime:0.000708s ]
INFO: [ app_begin ] --START--
INFO: Run Behavior\ReadHtmlCacheBehavior [ RunTime:0.000938s ]
INFO: [ app_begin ] --END-- [ RunTime:0.001130s ]
INFO: [ view_parse ] --START--
INFO: [ template_filter ] --START--
INFO: Run Behavior\ContentReplaceBehavior [ RunTime:0.000318s ]
INFO: [ template_filter ] --END-- [ RunTime:0.001302s ]
NOTIC: [8] Undefined variable: web F:\phpsite\hc\kaoti\kaoti20170406\Application\Runtime\Cache\Wap\ea99974c61af5f5910bb23ffcb432bbf.php 第 5 行.
NOTIC: [8] Use of undefined constant DEFAULT_CONTROLLER - assumed 'DEFAULT_CONTROLLER' F:\phpsite\hc\kaoti\kaoti20170406\Application\Runtime\Cache\Wap\ea99974c61af5f5910bb23ffcb432bbf.php 第 63 行.
NOTIC: [8] Undefined variable: data F:\phpsite\hc\kaoti\kaoti20170406\Application\Runtime\Cache\Wap\ea99974c61af5f5910bb23ffcb432bbf.php 第 64 行.
NOTIC: [8] Undefined variable: data F:\phpsite\hc\kaoti\kaoti20170406\Application\Runtime\Cache\Wap\ea99974c61af5f5910bb23ffcb432bbf.php 第 65 行.
NOTIC: [8] Undefined variable: table F:\phpsite\hc\kaoti\kaoti20170406\Application\Runtime\Cache\Wap\ea99974c61af5f5910bb23ffcb432bbf.php 第 66 行.
NOTIC: [8] Undefined variable: laiyuan F:\phpsite\hc\kaoti\kaoti20170406\Application\Runtime\Cache\Wap\ea99974c61af5f5910bb23ffcb432bbf.php 第 68 行.
NOTIC: [8] Undefined variable: lang F:\phpsite\hc\kaoti\kaoti20170406\Application\Runtime\Cache\Wap\ea99974c61af5f5910bb23ffcb432bbf.php 第 80 行.
NOTIC: [8] Undefined variable: act F:\phpsite\hc\kaoti\kaoti20170406\Application\Runtime\Cache\Wap\ea99974c61af5f5910bb23ffcb432bbf.php 第 81 行.
NOTIC: [8] Undefined index: userq F:\phpsite\hc\kaoti\kaoti20170406\Application\Runtime\Cache\Wap\ea99974c61af5f5910bb23ffcb432bbf.php 第 82 行.
NOTIC: [8] Undefined index: userq F:\phpsite\hc\kaoti\kaoti20170406\Application\Runtime\Cache\Wap\ea99974c61af5f5910bb23ffcb432bbf.php 第 87 行.
NOTIC: [8] Undefined index: userq F:\phpsite\hc\kaoti\kaoti20170406\Application\Runtime\Cache\Wap\ea99974c61af5f5910bb23ffcb432bbf.php 第 88 行.
NOTIC: [8] Undefined variable: web F:\phpsite\hc\kaoti\kaoti20170406\Application\Runtime\Cache\Wap\ea99974c61af5f5910bb23ffcb432bbf.php 第 137 行.
INFO: Run Behavior\ParseTemplateBehavior [ RunTime:0.026332s ]
INFO: [ view_parse ] --END-- [ RunTime:0.026547s ]
INFO: [ view_filter ] --START--
INFO: Run Behavior\WriteHtmlCacheBehavior [ RunTime:0.000844s ]
INFO: [ view_filter ] --END-- [ RunTime:0.001011s ]
INFO: [ app_end ] --START--
INFO: Run Behavior\ShowPageTraceBehavior [ RunTime:0.001191s ]
INFO: [ app_end ] --END-- [ RunTime:0.001364s ]

