[ 2017-06-17T01:11:13+08:00 ] 127.0.0.1 /phpsite/hc/kaoti/kaoti20170406/index.php/Wap/shop/pdetail/id/1.html
INFO: [ app_init ] --START--
INFO: Run Behavior\BuildLiteBehavior [ RunTime:0.000043s ]
INFO: [ app_init ] --END-- [ RunTime:0.000719s ]
INFO: [ app_begin ] --START--
INFO: Run Behavior\ReadHtmlCacheBehavior [ RunTime:0.000941s ]
INFO: [ app_begin ] --END-- [ RunTime:0.001152s ]
SQL: SHOW COLUMNS FROM `tb_user` [ RunTime:0.0075s ]
SQL: SELECT * FROM `tb_user` WHERE `id` = '1' LIMIT 1   [ RunTime:0.0012s ]
SQL: SHOW COLUMNS FROM `tb_product` [ RunTime:0.0055s ]
SQL: SELECT * FROM `tb_product` WHERE (  id='1' ) LIMIT 1   [ RunTime:0.0007s ]
SQL: SHOW COLUMNS FROM `tb_user` [ RunTime:0.0056s ]
SQL: SELECT * FROM `tb_user` WHERE (  id='1' ) LIMIT 1   [ RunTime:0.0009s ]
SQL: SELECT * FROM `tb_product` WHERE `lable` = 'rec' ORDER BY id desc LIMIT 0,20   [ RunTime:0.0009s ]
INFO: [ view_parse ] --START--
NOTIC: [2] file_get_contents(./Application/Wap/View/default/Public/head_exam.html) [<a href='function.file-get-contents'>function.file-get-contents</a>]: failed to open stream: No such file or directory F:\phpsite\hc\kaoti\kaoti20170406\ThinkPHP\Library\Think\Template.class.php 第 696 行.
INFO: [ template_filter ] --START--
INFO: Run Behavior\ContentReplaceBehavior [ RunTime:0.000214s ]
INFO: [ template_filter ] --END-- [ RunTime:0.000392s ]
INFO: Run Behavior\ParseTemplateBehavior [ RunTime:0.079332s ]
INFO: [ view_parse ] --END-- [ RunTime:0.079670s ]
INFO: [ view_filter ] --START--
INFO: Run Behavior\WriteHtmlCacheBehavior [ RunTime:0.000674s ]
INFO: [ view_filter ] --END-- [ RunTime:0.000837s ]
INFO: [ app_end ] --START--
INFO: Run Behavior\ShowPageTraceBehavior [ RunTime:0.001253s ]
INFO: [ app_end ] --END-- [ RunTime:0.001466s ]

[ 2017-06-17T01:15:25+08:00 ] 127.0.0.1 /phpsite/hc/kaoti/kaoti20170406/index.php/Wap/shop/pdetail/id/1.html
INFO: [ app_init ] --START--
INFO: Run Behavior\BuildLiteBehavior [ RunTime:0.000043s ]
INFO: [ app_init ] --END-- [ RunTime:0.001378s ]
INFO: [ app_begin ] --START--
INFO: Run Behavior\ReadHtmlCacheBehavior [ RunTime:0.001632s ]
INFO: [ app_begin ] --END-- [ RunTime:0.001884s ]
SQL: SHOW COLUMNS FROM `tb_user` [ RunTime:0.0058s ]
SQL: SELECT * FROM `tb_user` WHERE `id` = '1' LIMIT 1   [ RunTime:0.0007s ]
SQL: SHOW COLUMNS FROM `tb_product` [ RunTime:0.0050s ]
SQL: SELECT * FROM `tb_product` WHERE (  id='1' ) LIMIT 1   [ RunTime:0.0006s ]
SQL: SHOW COLUMNS FROM `tb_user` [ RunTime:0.0056s ]
SQL: SELECT * FROM `tb_user` WHERE (  id='1' ) LIMIT 1   [ RunTime:0.0008s ]
SQL: SELECT * FROM `tb_product` WHERE `lable` = 'rec' ORDER BY id desc LIMIT 0,20   [ RunTime:0.0010s ]
INFO: [ view_parse ] --START--
INFO: [ template_filter ] --START--
INFO: Run Behavior\ContentReplaceBehavior [ RunTime:0.000290s ]
INFO: [ template_filter ] --END-- [ RunTime:0.000463s ]
NOTIC: [8] Use of undefined constant DEFAULT_CONTROLLER - assumed 'DEFAULT_CONTROLLER' F:\phpsite\hc\kaoti\kaoti20170406\Application\Runtime\Cache\Wap\bcd277433bdbf6578156b233a950bce8.php 第 63 行.
NOTIC: [8] Undefined variable: data F:\phpsite\hc\kaoti\kaoti20170406\Application\Runtime\Cache\Wap\bcd277433bdbf6578156b233a950bce8.php 第 64 行.
NOTIC: [8] Undefined variable: data F:\phpsite\hc\kaoti\kaoti20170406\Application\Runtime\Cache\Wap\bcd277433bdbf6578156b233a950bce8.php 第 65 行.
NOTIC: [8] Undefined variable: table F:\phpsite\hc\kaoti\kaoti20170406\Application\Runtime\Cache\Wap\bcd277433bdbf6578156b233a950bce8.php 第 66 行.
NOTIC: [8] Undefined variable: laiyuan F:\phpsite\hc\kaoti\kaoti20170406\Application\Runtime\Cache\Wap\bcd277433bdbf6578156b233a950bce8.php 第 68 行.
NOTIC: [8] Undefined variable: lang F:\phpsite\hc\kaoti\kaoti20170406\Application\Runtime\Cache\Wap\bcd277433bdbf6578156b233a950bce8.php 第 80 行.
NOTIC: [8] Undefined variable: act F:\phpsite\hc\kaoti\kaoti20170406\Application\Runtime\Cache\Wap\bcd277433bdbf6578156b233a950bce8.php 第 81 行.
INFO: Run Behavior\ParseTemplateBehavior [ RunTime:0.226162s ]
INFO: [ view_parse ] --END-- [ RunTime:0.226369s ]
INFO: [ view_filter ] --START--
INFO: Run Behavior\WriteHtmlCacheBehavior [ RunTime:0.028070s ]
INFO: [ view_filter ] --END-- [ RunTime:0.028279s ]
INFO: [ app_end ] --START--
INFO: Run Behavior\ShowPageTraceBehavior [ RunTime:0.022419s ]
INFO: [ app_end ] --END-- [ RunTime:0.022825s ]

[ 2017-06-17T01:42:56+08:00 ] 127.0.0.1 /phpsite/hc/kaoti/kaoti20170406/index.php/Wap/shop/home/djid/32.html
INFO: [ app_init ] --START--
INFO: Run Behavior\BuildLiteBehavior [ RunTime:0.000078s ]
INFO: [ app_init ] --END-- [ RunTime:0.003492s ]
INFO: [ app_begin ] --START--
INFO: Run Behavior\ReadHtmlCacheBehavior [ RunTime:0.001145s ]
INFO: [ app_begin ] --END-- [ RunTime:0.001376s ]
SQL: SHOW COLUMNS FROM `tb_user` [ RunTime:0.0062s ]
SQL: SELECT * FROM `tb_user` WHERE `id` = '1' LIMIT 1   [ RunTime:0.0010s ]
SQL: SHOW COLUMNS FROM `tb_product` [ RunTime:0.0492s ]
SQL: SELECT COUNT(*) AS tp_count FROM `tb_product` WHERE `id` > 0 AND `dianjiaid` = '32' AND `lable` = 'rec' LIMIT 1   [ RunTime:0.0709s ]
SQL: SELECT * FROM `tb_product` WHERE `id` > 0 AND `dianjiaid` = '32' AND `lable` = 'rec' ORDER BY id desc LIMIT 0,9   [ RunTime:0.0008s ]
NOTIC: [2] Invalid argument supplied for foreach() F:\phpsite\hc\kaoti\kaoti20170406\Application\Wap\Controller\ShopController.class.php 第 84 行.
SQL: SHOW COLUMNS FROM `tb_user` [ RunTime:0.0054s ]
SQL: SELECT * FROM `tb_user` WHERE ( id='32' ) LIMIT 1   [ RunTime:0.0006s ]
SQL: SHOW COLUMNS FROM `tb_product_class` [ RunTime:0.0294s ]
SQL: SELECT * FROM `tb_product_class` WHERE `dianjiaid` = '32' ORDER BY id desc LIMIT 0,20   [ RunTime:0.0279s ]
NOTIC: [8] Use of undefined constant __PUBLIC__ - assumed '__PUBLIC__' F:\phpsite\hc\kaoti\kaoti20170406\Application\Wap\Controller\ShopController.class.php 第 104 行.
INFO: [ view_parse ] --START--
INFO: [ template_filter ] --START--
INFO: Run Behavior\ContentReplaceBehavior [ RunTime:0.000283s ]
INFO: [ template_filter ] --END-- [ RunTime:0.000459s ]
NOTIC: [8] Use of undefined constant DEFAULT_CONTROLLER - assumed 'DEFAULT_CONTROLLER' F:\phpsite\hc\kaoti\kaoti20170406\Application\Runtime\Cache\Wap\f1e1a0a72531a30dbdd8260339407e57.php 第 63 行.
NOTIC: [8] Undefined variable: data F:\phpsite\hc\kaoti\kaoti20170406\Application\Runtime\Cache\Wap\f1e1a0a72531a30dbdd8260339407e57.php 第 64 行.
NOTIC: [8] Undefined variable: data F:\phpsite\hc\kaoti\kaoti20170406\Application\Runtime\Cache\Wap\f1e1a0a72531a30dbdd8260339407e57.php 第 65 行.
NOTIC: [8] Undefined variable: table F:\phpsite\hc\kaoti\kaoti20170406\Application\Runtime\Cache\Wap\f1e1a0a72531a30dbdd8260339407e57.php 第 66 行.
NOTIC: [8] Undefined variable: laiyuan F:\phpsite\hc\kaoti\kaoti20170406\Application\Runtime\Cache\Wap\f1e1a0a72531a30dbdd8260339407e57.php 第 68 行.
NOTIC: [8] Undefined variable: lang F:\phpsite\hc\kaoti\kaoti20170406\Application\Runtime\Cache\Wap\f1e1a0a72531a30dbdd8260339407e57.php 第 80 行.
NOTIC: [8] Undefined variable: act F:\phpsite\hc\kaoti\kaoti20170406\Application\Runtime\Cache\Wap\f1e1a0a72531a30dbdd8260339407e57.php 第 81 行.
NOTIC: [8] Undefined index: id F:\phpsite\hc\kaoti\kaoti20170406\Application\Runtime\Cache\Wap\f1e1a0a72531a30dbdd8260339407e57.php 第 121 行.
NOTIC: [8] Undefined index: photo F:\phpsite\hc\kaoti\kaoti20170406\Application\Runtime\Cache\Wap\f1e1a0a72531a30dbdd8260339407e57.php 第 126 行.
NOTIC: [8] Undefined index: shopname F:\phpsite\hc\kaoti\kaoti20170406\Application\Runtime\Cache\Wap\f1e1a0a72531a30dbdd8260339407e57.php 第 128 行.
NOTIC: [8] Undefined variable: row F:\phpsite\hc\kaoti\kaoti20170406\Application\Runtime\Cache\Wap\f1e1a0a72531a30dbdd8260339407e57.php 第 139 行.
NOTIC: [8] Undefined index: id F:\phpsite\hc\kaoti\kaoti20170406\Application\Runtime\Cache\Wap\f1e1a0a72531a30dbdd8260339407e57.php 第 139 行.
NOTIC: [8] Undefined index: id F:\phpsite\hc\kaoti\kaoti20170406\Application\Runtime\Cache\Wap\f1e1a0a72531a30dbdd8260339407e57.php 第 187 行.
NOTIC: [8] Undefined index: id F:\phpsite\hc\kaoti\kaoti20170406\Application\Runtime\Cache\Wap\f1e1a0a72531a30dbdd8260339407e57.php 第 209 行.
NOTIC: [8] Undefined index: id F:\phpsite\hc\kaoti\kaoti20170406\Application\Runtime\Cache\Wap\f1e1a0a72531a30dbdd8260339407e57.php 第 301 行.
INFO: Run Behavior\ParseTemplateBehavior [ RunTime:0.089161s ]
INFO: [ view_parse ] --END-- [ RunTime:0.089341s ]
INFO: [ view_filter ] --START--
INFO: Run Behavior\WriteHtmlCacheBehavior [ RunTime:0.000663s ]
INFO: [ view_filter ] --END-- [ RunTime:0.000828s ]
INFO: [ app_end ] --START--
INFO: Run Behavior\ShowPageTraceBehavior [ RunTime:0.001003s ]
INFO: [ app_end ] --END-- [ RunTime:0.001173s ]

[ 2017-06-17T02:29:55+08:00 ] 127.0.0.1 /phpsite/hc/kaoti/kaoti20170406/index.php/Wap/shop/pdetail/id/1.html
INFO: [ app_init ] --START--
INFO: Run Behavior\BuildLiteBehavior [ RunTime:0.000045s ]
INFO: [ app_init ] --END-- [ RunTime:0.001140s ]
INFO: [ app_begin ] --START--
INFO: Run Behavior\ReadHtmlCacheBehavior [ RunTime:0.001432s ]
INFO: [ app_begin ] --END-- [ RunTime:0.001645s ]
SQL: SHOW COLUMNS FROM `tb_user` [ RunTime:0.0069s ]
SQL: SELECT * FROM `tb_user` WHERE `id` = '1' LIMIT 1   [ RunTime:0.0020s ]
SQL: SHOW COLUMNS FROM `tb_product` [ RunTime:0.0507s ]
SQL: SELECT * FROM `tb_product` WHERE (  id='1' ) LIMIT 1   [ RunTime:0.0110s ]
SQL: SHOW COLUMNS FROM `tb_user` [ RunTime:0.0071s ]
SQL: SELECT * FROM `tb_user` WHERE (  id='1' ) LIMIT 1   [ RunTime:0.0008s ]
SQL: SELECT * FROM `tb_product` WHERE `lable` = 'rec' ORDER BY id desc LIMIT 0,20   [ RunTime:0.0011s ]
INFO: [ view_parse ] --START--
INFO: [ template_filter ] --START--
INFO: Run Behavior\ContentReplaceBehavior [ RunTime:0.000301s ]
INFO: [ template_filter ] --END-- [ RunTime:0.000648s ]
NOTIC: [8] Use of undefined constant DEFAULT_CONTROLLER - assumed 'DEFAULT_CONTROLLER' F:\phpsite\hc\kaoti\kaoti20170406\Application\Runtime\Cache\Wap\bcd277433bdbf6578156b233a950bce8.php 第 63 行.
NOTIC: [8] Undefined variable: data F:\phpsite\hc\kaoti\kaoti20170406\Application\Runtime\Cache\Wap\bcd277433bdbf6578156b233a950bce8.php 第 64 行.
NOTIC: [8] Undefined variable: data F:\phpsite\hc\kaoti\kaoti20170406\Application\Runtime\Cache\Wap\bcd277433bdbf6578156b233a950bce8.php 第 65 行.
NOTIC: [8] Undefined variable: table F:\phpsite\hc\kaoti\kaoti20170406\Application\Runtime\Cache\Wap\bcd277433bdbf6578156b233a950bce8.php 第 66 行.
NOTIC: [8] Undefined variable: laiyuan F:\phpsite\hc\kaoti\kaoti20170406\Application\Runtime\Cache\Wap\bcd277433bdbf6578156b233a950bce8.php 第 68 行.
NOTIC: [8] Undefined variable: lang F:\phpsite\hc\kaoti\kaoti20170406\Application\Runtime\Cache\Wap\bcd277433bdbf6578156b233a950bce8.php 第 80 行.
NOTIC: [8] Undefined variable: act F:\phpsite\hc\kaoti\kaoti20170406\Application\Runtime\Cache\Wap\bcd277433bdbf6578156b233a950bce8.php 第 81 行.
INFO: Run Behavior\ParseTemplateBehavior [ RunTime:0.135914s ]
INFO: [ view_parse ] --END-- [ RunTime:0.136164s ]
INFO: [ view_filter ] --START--
INFO: Run Behavior\WriteHtmlCacheBehavior [ RunTime:0.000699s ]
INFO: [ view_filter ] --END-- [ RunTime:0.000864s ]
INFO: [ app_end ] --START--
INFO: Run Behavior\ShowPageTraceBehavior [ RunTime:0.000996s ]
INFO: [ app_end ] --END-- [ RunTime:0.001167s ]

[ 2017-06-17T02:30:02+08:00 ] 127.0.0.1 /phpsite/hc/kaoti/kaoti20170406/index.php/Wap/shop/pdetail/id/1.html
INFO: [ app_init ] --START--
INFO: Run Behavior\BuildLiteBehavior [ RunTime:0.000041s ]
INFO: [ app_init ] --END-- [ RunTime:0.000668s ]
INFO: [ app_begin ] --START--
INFO: Run Behavior\ReadHtmlCacheBehavior [ RunTime:0.000901s ]
INFO: [ app_begin ] --END-- [ RunTime:0.001111s ]
SQL: SHOW COLUMNS FROM `tb_user` [ RunTime:0.0055s ]
SQL: SELECT * FROM `tb_user` WHERE `id` = '1' LIMIT 1   [ RunTime:0.0008s ]
SQL: SHOW COLUMNS FROM `tb_product` [ RunTime:0.0061s ]
SQL: SELECT * FROM `tb_product` WHERE (  id='1' ) LIMIT 1   [ RunTime:0.0008s ]
SQL: SHOW COLUMNS FROM `tb_user` [ RunTime:0.0056s ]
SQL: SELECT * FROM `tb_user` WHERE (  id='1' ) LIMIT 1   [ RunTime:0.0006s ]
SQL: SELECT * FROM `tb_product` WHERE `lable` = 'rec' ORDER BY id desc LIMIT 0,20   [ RunTime:0.0010s ]
INFO: [ view_parse ] --START--
INFO: [ template_filter ] --START--
INFO: Run Behavior\ContentReplaceBehavior [ RunTime:0.000293s ]
INFO: [ template_filter ] --END-- [ RunTime:0.000462s ]
NOTIC: [8] Use of undefined constant DEFAULT_CONTROLLER - assumed 'DEFAULT_CONTROLLER' F:\phpsite\hc\kaoti\kaoti20170406\Application\Runtime\Cache\Wap\bcd277433bdbf6578156b233a950bce8.php 第 63 行.
NOTIC: [8] Undefined variable: data F:\phpsite\hc\kaoti\kaoti20170406\Application\Runtime\Cache\Wap\bcd277433bdbf6578156b233a950bce8.php 第 64 行.
NOTIC: [8] Undefined variable: data F:\phpsite\hc\kaoti\kaoti20170406\Application\Runtime\Cache\Wap\bcd277433bdbf6578156b233a950bce8.php 第 65 行.
NOTIC: [8] Undefined variable: table F:\phpsite\hc\kaoti\kaoti20170406\Application\Runtime\Cache\Wap\bcd277433bdbf6578156b233a950bce8.php 第 66 行.
NOTIC: [8] Undefined variable: laiyuan F:\phpsite\hc\kaoti\kaoti20170406\Application\Runtime\Cache\Wap\bcd277433bdbf6578156b233a950bce8.php 第 68 行.
NOTIC: [8] Undefined variable: lang F:\phpsite\hc\kaoti\kaoti20170406\Application\Runtime\Cache\Wap\bcd277433bdbf6578156b233a950bce8.php 第 80 行.
NOTIC: [8] Undefined variable: act F:\phpsite\hc\kaoti\kaoti20170406\Application\Runtime\Cache\Wap\bcd277433bdbf6578156b233a950bce8.php 第 81 行.
INFO: Run Behavior\ParseTemplateBehavior [ RunTime:0.027745s ]
INFO: [ view_parse ] --END-- [ RunTime:0.027957s ]
INFO: [ view_filter ] --START--
INFO: Run Behavior\WriteHtmlCacheBehavior [ RunTime:0.000647s ]
INFO: [ view_filter ] --END-- [ RunTime:0.000810s ]
INFO: [ app_end ] --START--
INFO: Run Behavior\ShowPageTraceBehavior [ RunTime:0.003179s ]
INFO: [ app_end ] --END-- [ RunTime:0.003411s ]

[ 2017-06-17T02:54:00+08:00 ] 127.0.0.1 /phpsite/hc/kaoti/kaoti20170406/index.php/Wap/shop/pdetail/id/1.html
INFO: [ app_init ] --START--
INFO: Run Behavior\BuildLiteBehavior [ RunTime:0.000043s ]
INFO: [ app_init ] --END-- [ RunTime:0.000770s ]
INFO: [ app_begin ] --START--
INFO: Run Behavior\ReadHtmlCacheBehavior [ RunTime:0.001235s ]
INFO: [ app_begin ] --END-- [ RunTime:0.001722s ]
SQL: SHOW COLUMNS FROM `tb_user` [ RunTime:0.0061s ]
SQL: SELECT * FROM `tb_user` WHERE `id` = '1' LIMIT 1   [ RunTime:0.0010s ]
SQL: SHOW COLUMNS FROM `tb_product` [ RunTime:0.0050s ]
SQL: SELECT * FROM `tb_product` WHERE (  id='1' ) LIMIT 1   [ RunTime:0.0007s ]
SQL: SHOW COLUMNS FROM `tb_user` [ RunTime:0.0074s ]
SQL: SELECT * FROM `tb_user` WHERE (  id='1' ) LIMIT 1   [ RunTime:0.0007s ]
SQL: SELECT * FROM `tb_product` WHERE `lable` = 'rec' ORDER BY id desc LIMIT 0,20   [ RunTime:0.0039s ]
INFO: [ view_parse ] --START--
INFO: [ template_filter ] --START--
INFO: Run Behavior\ContentReplaceBehavior [ RunTime:0.000301s ]
INFO: [ template_filter ] --END-- [ RunTime:0.000487s ]
NOTIC: [8] Use of undefined constant DEFAULT_CONTROLLER - assumed 'DEFAULT_CONTROLLER' F:\phpsite\hc\kaoti\kaoti20170406\Application\Runtime\Cache\Wap\bcd277433bdbf6578156b233a950bce8.php 第 63 行.
NOTIC: [8] Undefined variable: data F:\phpsite\hc\kaoti\kaoti20170406\Application\Runtime\Cache\Wap\bcd277433bdbf6578156b233a950bce8.php 第 64 行.
NOTIC: [8] Undefined variable: data F:\phpsite\hc\kaoti\kaoti20170406\Application\Runtime\Cache\Wap\bcd277433bdbf6578156b233a950bce8.php 第 65 行.
NOTIC: [8] Undefined variable: table F:\phpsite\hc\kaoti\kaoti20170406\Application\Runtime\Cache\Wap\bcd277433bdbf6578156b233a950bce8.php 第 66 行.
NOTIC: [8] Undefined variable: laiyuan F:\phpsite\hc\kaoti\kaoti20170406\Application\Runtime\Cache\Wap\bcd277433bdbf6578156b233a950bce8.php 第 68 行.
NOTIC: [8] Undefined variable: lang F:\phpsite\hc\kaoti\kaoti20170406\Application\Runtime\Cache\Wap\bcd277433bdbf6578156b233a950bce8.php 第 80 行.
NOTIC: [8] Undefined variable: act F:\phpsite\hc\kaoti\kaoti20170406\Application\Runtime\Cache\Wap\bcd277433bdbf6578156b233a950bce8.php 第 81 行.
INFO: Run Behavior\ParseTemplateBehavior [ RunTime:0.027708s ]
INFO: [ view_parse ] --END-- [ RunTime:0.027938s ]
INFO: [ view_filter ] --START--
INFO: Run Behavior\WriteHtmlCacheBehavior [ RunTime:0.000691s ]
INFO: [ view_filter ] --END-- [ RunTime:0.000856s ]
INFO: [ app_end ] --START--
INFO: Run Behavior\ShowPageTraceBehavior [ RunTime:0.001055s ]
INFO: [ app_end ] --END-- [ RunTime:0.001230s ]

[ 2017-06-17T02:54:03+08:00 ] 127.0.0.1 /phpsite/hc/kaoti/kaoti20170406/index.php/Wap/shop/pdetail/id/1.html
INFO: [ app_init ] --START--
INFO: Run Behavior\BuildLiteBehavior [ RunTime:0.000049s ]
INFO: [ app_init ] --END-- [ RunTime:0.000805s ]
INFO: [ app_begin ] --START--
INFO: Run Behavior\ReadHtmlCacheBehavior [ RunTime:0.000827s ]
INFO: [ app_begin ] --END-- [ RunTime:0.001067s ]
SQL: SHOW COLUMNS FROM `tb_user` [ RunTime:0.0058s ]
SQL: SELECT * FROM `tb_user` WHERE `id` = '1' LIMIT 1   [ RunTime:0.0009s ]
SQL: SHOW COLUMNS FROM `tb_product` [ RunTime:0.0055s ]
SQL: SELECT * FROM `tb_product` WHERE (  id='1' ) LIMIT 1   [ RunTime:0.0014s ]
SQL: SHOW COLUMNS FROM `tb_user` [ RunTime:0.0054s ]
SQL: SELECT * FROM `tb_user` WHERE (  id='1' ) LIMIT 1   [ RunTime:0.0018s ]
SQL: SELECT * FROM `tb_product` WHERE `lable` = 'rec' ORDER BY id desc LIMIT 0,20   [ RunTime:0.0018s ]
INFO: [ view_parse ] --START--
INFO: [ template_filter ] --START--
INFO: Run Behavior\ContentReplaceBehavior [ RunTime:0.000365s ]
INFO: [ template_filter ] --END-- [ RunTime:0.000541s ]
NOTIC: [8] Use of undefined constant DEFAULT_CONTROLLER - assumed 'DEFAULT_CONTROLLER' F:\phpsite\hc\kaoti\kaoti20170406\Application\Runtime\Cache\Wap\bcd277433bdbf6578156b233a950bce8.php 第 63 行.
NOTIC: [8] Undefined variable: data F:\phpsite\hc\kaoti\kaoti20170406\Application\Runtime\Cache\Wap\bcd277433bdbf6578156b233a950bce8.php 第 64 行.
NOTIC: [8] Undefined variable: data F:\phpsite\hc\kaoti\kaoti20170406\Application\Runtime\Cache\Wap\bcd277433bdbf6578156b233a950bce8.php 第 65 行.
NOTIC: [8] Undefined variable: table F:\phpsite\hc\kaoti\kaoti20170406\Application\Runtime\Cache\Wap\bcd277433bdbf6578156b233a950bce8.php 第 66 行.
NOTIC: [8] Undefined variable: laiyuan F:\phpsite\hc\kaoti\kaoti20170406\Application\Runtime\Cache\Wap\bcd277433bdbf6578156b233a950bce8.php 第 68 行.
NOTIC: [8] Undefined variable: lang F:\phpsite\hc\kaoti\kaoti20170406\Application\Runtime\Cache\Wap\bcd277433bdbf6578156b233a950bce8.php 第 80 行.
NOTIC: [8] Undefined variable: act F:\phpsite\hc\kaoti\kaoti20170406\Application\Runtime\Cache\Wap\bcd277433bdbf6578156b233a950bce8.php 第 81 行.
INFO: Run Behavior\ParseTemplateBehavior [ RunTime:0.032101s ]
INFO: [ view_parse ] --END-- [ RunTime:0.032310s ]
INFO: [ view_filter ] --START--
INFO: Run Behavior\WriteHtmlCacheBehavior [ RunTime:0.001014s ]
INFO: [ view_filter ] --END-- [ RunTime:0.001178s ]
INFO: [ app_end ] --START--
INFO: Run Behavior\ShowPageTraceBehavior [ RunTime:0.001173s ]
INFO: [ app_end ] --END-- [ RunTime:0.001598s ]

[ 2017-06-17T03:16:19+08:00 ] 127.0.0.1 /phpsite/hc/kaoti/kaoti20170406/index.php/Wap/shop/home/djid/1.html
INFO: [ app_init ] --START--
INFO: Run Behavior\BuildLiteBehavior [ RunTime:0.000043s ]
INFO: [ app_init ] --END-- [ RunTime:0.001573s ]
INFO: [ app_begin ] --START--
INFO: Run Behavior\ReadHtmlCacheBehavior [ RunTime:0.000840s ]
INFO: [ app_begin ] --END-- [ RunTime:0.001043s ]
SQL: SHOW COLUMNS FROM `tb_user` [ RunTime:0.0062s ]
SQL: SELECT * FROM `tb_user` WHERE `id` = '1' LIMIT 1   [ RunTime:0.0009s ]
SQL: SHOW COLUMNS FROM `tb_product` [ RunTime:0.0058s ]
SQL: SELECT COUNT(*) AS tp_count FROM `tb_product` WHERE `id` > 0 AND `dianjiaid` = '1' AND `lable` = 'rec' LIMIT 1   [ RunTime:0.0312s ]
SQL: SELECT * FROM `tb_product` WHERE `id` > 0 AND `dianjiaid` = '1' AND `lable` = 'rec' ORDER BY id desc LIMIT 0,9   [ RunTime:0.0075s ]
SQL: SHOW COLUMNS FROM `tb_user` [ RunTime:0.0076s ]
SQL: SELECT * FROM `tb_user` WHERE `id` = '0' LIMIT 1   [ RunTime:0.0007s ]
NOTIC: [8] Undefined index: rec F:\phpsite\hc\kaoti\kaoti20170406\Application\Wap\Controller\ShopController.class.php 第 90 行.
SQL: SELECT * FROM `tb_user` WHERE `id` = '0' LIMIT 1   [ RunTime:0.0008s ]
NOTIC: [8] Undefined index: rec F:\phpsite\hc\kaoti\kaoti20170406\Application\Wap\Controller\ShopController.class.php 第 90 行.
SQL: SELECT * FROM `tb_user` WHERE `id` = '0' LIMIT 1   [ RunTime:0.0012s ]
NOTIC: [8] Undefined index: rec F:\phpsite\hc\kaoti\kaoti20170406\Application\Wap\Controller\ShopController.class.php 第 90 行.
SQL: SELECT * FROM `tb_user` WHERE `id` = '0' LIMIT 1   [ RunTime:0.0007s ]
NOTIC: [8] Undefined index: rec F:\phpsite\hc\kaoti\kaoti20170406\Application\Wap\Controller\ShopController.class.php 第 90 行.
SQL: SELECT * FROM `tb_user` WHERE `id` = '0' LIMIT 1   [ RunTime:0.0007s ]
NOTIC: [8] Undefined index: rec F:\phpsite\hc\kaoti\kaoti20170406\Application\Wap\Controller\ShopController.class.php 第 90 行.
SQL: SELECT * FROM `tb_user` WHERE `id` = '0' LIMIT 1   [ RunTime:0.0020s ]
NOTIC: [8] Undefined index: rec F:\phpsite\hc\kaoti\kaoti20170406\Application\Wap\Controller\ShopController.class.php 第 90 行.
SQL: SELECT * FROM `tb_user` WHERE `id` = '0' LIMIT 1   [ RunTime:0.0012s ]
NOTIC: [8] Undefined index: rec F:\phpsite\hc\kaoti\kaoti20170406\Application\Wap\Controller\ShopController.class.php 第 90 行.
SQL: SELECT * FROM `tb_user` WHERE `id` = '0' LIMIT 1   [ RunTime:0.0008s ]
NOTIC: [8] Undefined index: rec F:\phpsite\hc\kaoti\kaoti20170406\Application\Wap\Controller\ShopController.class.php 第 90 行.
SQL: SELECT * FROM `tb_user` WHERE `id` = '0' LIMIT 1   [ RunTime:0.0006s ]
NOTIC: [8] Undefined index: rec F:\phpsite\hc\kaoti\kaoti20170406\Application\Wap\Controller\ShopController.class.php 第 90 行.
SQL: SELECT * FROM `tb_user` WHERE ( id='1' ) LIMIT 1   [ RunTime:0.0006s ]
SQL: SHOW COLUMNS FROM `tb_product_class` [ RunTime:0.0328s ]
SQL: SELECT * FROM `tb_product_class` WHERE `dianjiaid` = '1' ORDER BY id desc LIMIT 0,20   [ RunTime:0.0006s ]
NOTIC: [8] Use of undefined constant __PUBLIC__ - assumed '__PUBLIC__' F:\phpsite\hc\kaoti\kaoti20170406\Application\Wap\Controller\ShopController.class.php 第 104 行.
INFO: [ view_parse ] --START--
INFO: [ template_filter ] --START--
INFO: Run Behavior\ContentReplaceBehavior [ RunTime:0.000276s ]
INFO: [ template_filter ] --END-- [ RunTime:0.000442s ]
NOTIC: [8] Use of undefined constant DEFAULT_CONTROLLER - assumed 'DEFAULT_CONTROLLER' F:\phpsite\hc\kaoti\kaoti20170406\Application\Runtime\Cache\Wap\f1e1a0a72531a30dbdd8260339407e57.php 第 63 行.
NOTIC: [8] Undefined variable: data F:\phpsite\hc\kaoti\kaoti20170406\Application\Runtime\Cache\Wap\f1e1a0a72531a30dbdd8260339407e57.php 第 64 行.
NOTIC: [8] Undefined variable: data F:\phpsite\hc\kaoti\kaoti20170406\Application\Runtime\Cache\Wap\f1e1a0a72531a30dbdd8260339407e57.php 第 65 行.
NOTIC: [8] Undefined variable: table F:\phpsite\hc\kaoti\kaoti20170406\Application\Runtime\Cache\Wap\f1e1a0a72531a30dbdd8260339407e57.php 第 66 行.
NOTIC: [8] Undefined variable: laiyuan F:\phpsite\hc\kaoti\kaoti20170406\Application\Runtime\Cache\Wap\f1e1a0a72531a30dbdd8260339407e57.php 第 68 行.
NOTIC: [8] Undefined variable: lang F:\phpsite\hc\kaoti\kaoti20170406\Application\Runtime\Cache\Wap\f1e1a0a72531a30dbdd8260339407e57.php 第 80 行.
NOTIC: [8] Undefined variable: act F:\phpsite\hc\kaoti\kaoti20170406\Application\Runtime\Cache\Wap\f1e1a0a72531a30dbdd8260339407e57.php 第 81 行.
NOTIC: [8] Undefined variable: row F:\phpsite\hc\kaoti\kaoti20170406\Application\Runtime\Cache\Wap\f1e1a0a72531a30dbdd8260339407e57.php 第 139 行.
NOTIC: [8] Use of undefined constant id - assumed 'id' F:\phpsite\hc\kaoti\kaoti20170406\Application\Runtime\Cache\Wap\f1e1a0a72531a30dbdd8260339407e57.php 第 140 行.
NOTIC: [8] Use of undefined constant id - assumed 'id' F:\phpsite\hc\kaoti\kaoti20170406\Application\Runtime\Cache\Wap\f1e1a0a72531a30dbdd8260339407e57.php 第 140 行.
NOTIC: [8] Use of undefined constant id - assumed 'id' F:\phpsite\hc\kaoti\kaoti20170406\Application\Runtime\Cache\Wap\f1e1a0a72531a30dbdd8260339407e57.php 第 140 行.
NOTIC: [8] Use of undefined constant id - assumed 'id' F:\phpsite\hc\kaoti\kaoti20170406\Application\Runtime\Cache\Wap\f1e1a0a72531a30dbdd8260339407e57.php 第 140 行.
NOTIC: [8] Use of undefined constant id - assumed 'id' F:\phpsite\hc\kaoti\kaoti20170406\Application\Runtime\Cache\Wap\f1e1a0a72531a30dbdd8260339407e57.php 第 140 行.
NOTIC: [8] Use of undefined constant id - assumed 'id' F:\phpsite\hc\kaoti\kaoti20170406\Application\Runtime\Cache\Wap\f1e1a0a72531a30dbdd8260339407e57.php 第 140 行.
NOTIC: [8] Use of undefined constant id - assumed 'id' F:\phpsite\hc\kaoti\kaoti20170406\Application\Runtime\Cache\Wap\f1e1a0a72531a30dbdd8260339407e57.php 第 140 行.
INFO: Run Behavior\ParseTemplateBehavior [ RunTime:0.124252s ]
INFO: [ view_parse ] --END-- [ RunTime:0.124428s ]
INFO: [ view_filter ] --START--
INFO: Run Behavior\WriteHtmlCacheBehavior [ RunTime:0.000641s ]
INFO: [ view_filter ] --END-- [ RunTime:0.000803s ]
INFO: [ app_end ] --START--
INFO: Run Behavior\ShowPageTraceBehavior [ RunTime:0.000968s ]
INFO: [ app_end ] --END-- [ RunTime:0.001157s ]

[ 2017-06-17T03:16:29+08:00 ] 127.0.0.1 /phpsite/hc/kaoti/kaoti20170406/index.php/Wap/shop/home/djid/1.html
INFO: [ app_init ] --START--
INFO: Run Behavior\BuildLiteBehavior [ RunTime:0.000053s ]
INFO: [ app_init ] --END-- [ RunTime:0.001350s ]
INFO: [ app_begin ] --START--
INFO: Run Behavior\ReadHtmlCacheBehavior [ RunTime:0.001191s ]
INFO: [ app_begin ] --END-- [ RunTime:0.001388s ]
SQL: SHOW COLUMNS FROM `tb_user` [ RunTime:0.0083s ]
SQL: SELECT * FROM `tb_user` WHERE `id` = '1' LIMIT 1   [ RunTime:0.0008s ]
SQL: SHOW COLUMNS FROM `tb_product` [ RunTime:0.0151s ]
SQL: SELECT COUNT(*) AS tp_count FROM `tb_product` WHERE `id` > 0 AND `dianjiaid` = '1' AND `lable` = 'rec' LIMIT 1   [ RunTime:0.0006s ]
SQL: SELECT * FROM `tb_product` WHERE `id` > 0 AND `dianjiaid` = '1' AND `lable` = 'rec' ORDER BY id desc LIMIT 0,9   [ RunTime:0.0009s ]
SQL: SHOW COLUMNS FROM `tb_user` [ RunTime:0.0056s ]
SQL: SELECT * FROM `tb_user` WHERE `id` = '0' LIMIT 1   [ RunTime:0.0007s ]
NOTIC: [8] Undefined index: rec F:\phpsite\hc\kaoti\kaoti20170406\Application\Wap\Controller\ShopController.class.php 第 90 行.
SQL: SELECT * FROM `tb_user` WHERE `id` = '0' LIMIT 1   [ RunTime:0.0017s ]
NOTIC: [8] Undefined index: rec F:\phpsite\hc\kaoti\kaoti20170406\Application\Wap\Controller\ShopController.class.php 第 90 行.
SQL: SELECT * FROM `tb_user` WHERE `id` = '0' LIMIT 1   [ RunTime:0.0007s ]
NOTIC: [8] Undefined index: rec F:\phpsite\hc\kaoti\kaoti20170406\Application\Wap\Controller\ShopController.class.php 第 90 行.
SQL: SELECT * FROM `tb_user` WHERE `id` = '0' LIMIT 1   [ RunTime:0.0019s ]
NOTIC: [8] Undefined index: rec F:\phpsite\hc\kaoti\kaoti20170406\Application\Wap\Controller\ShopController.class.php 第 90 行.
SQL: SELECT * FROM `tb_user` WHERE `id` = '0' LIMIT 1   [ RunTime:0.0007s ]
NOTIC: [8] Undefined index: rec F:\phpsite\hc\kaoti\kaoti20170406\Application\Wap\Controller\ShopController.class.php 第 90 行.
SQL: SELECT * FROM `tb_user` WHERE `id` = '0' LIMIT 1   [ RunTime:0.0008s ]
NOTIC: [8] Undefined index: rec F:\phpsite\hc\kaoti\kaoti20170406\Application\Wap\Controller\ShopController.class.php 第 90 行.
SQL: SELECT * FROM `tb_user` WHERE `id` = '0' LIMIT 1   [ RunTime:0.0011s ]
NOTIC: [8] Undefined index: rec F:\phpsite\hc\kaoti\kaoti20170406\Application\Wap\Controller\ShopController.class.php 第 90 行.
SQL: SELECT * FROM `tb_user` WHERE `id` = '0' LIMIT 1   [ RunTime:0.0006s ]
NOTIC: [8] Undefined index: rec F:\phpsite\hc\kaoti\kaoti20170406\Application\Wap\Controller\ShopController.class.php 第 90 行.
SQL: SELECT * FROM `tb_user` WHERE `id` = '0' LIMIT 1   [ RunTime:0.0007s ]
NOTIC: [8] Undefined index: rec F:\phpsite\hc\kaoti\kaoti20170406\Application\Wap\Controller\ShopController.class.php 第 90 行.
SQL: SELECT * FROM `tb_user` WHERE ( id='1' ) LIMIT 1   [ RunTime:0.0007s ]
SQL: SHOW COLUMNS FROM `tb_product_class` [ RunTime:0.0053s ]
SQL: SELECT * FROM `tb_product_class` WHERE `dianjiaid` = '1' ORDER BY id desc LIMIT 0,20   [ RunTime:0.0006s ]
NOTIC: [8] Use of undefined constant __PUBLIC__ - assumed '__PUBLIC__' F:\phpsite\hc\kaoti\kaoti20170406\Application\Wap\Controller\ShopController.class.php 第 104 行.
INFO: [ view_parse ] --START--
INFO: [ template_filter ] --START--
INFO: Run Behavior\ContentReplaceBehavior [ RunTime:0.000396s ]
INFO: [ template_filter ] --END-- [ RunTime:0.000584s ]
NOTIC: [8] Use of undefined constant DEFAULT_CONTROLLER - assumed 'DEFAULT_CONTROLLER' F:\phpsite\hc\kaoti\kaoti20170406\Application\Runtime\Cache\Wap\f1e1a0a72531a30dbdd8260339407e57.php 第 63 行.
NOTIC: [8] Undefined variable: data F:\phpsite\hc\kaoti\kaoti20170406\Application\Runtime\Cache\Wap\f1e1a0a72531a30dbdd8260339407e57.php 第 64 行.
NOTIC: [8] Undefined variable: data F:\phpsite\hc\kaoti\kaoti20170406\Application\Runtime\Cache\Wap\f1e1a0a72531a30dbdd8260339407e57.php 第 65 行.
NOTIC: [8] Undefined variable: table F:\phpsite\hc\kaoti\kaoti20170406\Application\Runtime\Cache\Wap\f1e1a0a72531a30dbdd8260339407e57.php 第 66 行.
NOTIC: [8] Undefined variable: laiyuan F:\phpsite\hc\kaoti\kaoti20170406\Application\Runtime\Cache\Wap\f1e1a0a72531a30dbdd8260339407e57.php 第 68 行.
NOTIC: [8] Undefined variable: lang F:\phpsite\hc\kaoti\kaoti20170406\Application\Runtime\Cache\Wap\f1e1a0a72531a30dbdd8260339407e57.php 第 80 行.
NOTIC: [8] Undefined variable: act F:\phpsite\hc\kaoti\kaoti20170406\Application\Runtime\Cache\Wap\f1e1a0a72531a30dbdd8260339407e57.php 第 81 行.
NOTIC: [8] Undefined variable: row F:\phpsite\hc\kaoti\kaoti20170406\Application\Runtime\Cache\Wap\f1e1a0a72531a30dbdd8260339407e57.php 第 139 行.
NOTIC: [8] Use of undefined constant id - assumed 'id' F:\phpsite\hc\kaoti\kaoti20170406\Application\Runtime\Cache\Wap\f1e1a0a72531a30dbdd8260339407e57.php 第 140 行.
NOTIC: [8] Use of undefined constant id - assumed 'id' F:\phpsite\hc\kaoti\kaoti20170406\Application\Runtime\Cache\Wap\f1e1a0a72531a30dbdd8260339407e57.php 第 140 行.
NOTIC: [8] Use of undefined constant id - assumed 'id' F:\phpsite\hc\kaoti\kaoti20170406\Application\Runtime\Cache\Wap\f1e1a0a72531a30dbdd8260339407e57.php 第 140 行.
NOTIC: [8] Use of undefined constant id - assumed 'id' F:\phpsite\hc\kaoti\kaoti20170406\Application\Runtime\Cache\Wap\f1e1a0a72531a30dbdd8260339407e57.php 第 140 行.
NOTIC: [8] Use of undefined constant id - assumed 'id' F:\phpsite\hc\kaoti\kaoti20170406\Application\Runtime\Cache\Wap\f1e1a0a72531a30dbdd8260339407e57.php 第 140 行.
NOTIC: [8] Use of undefined constant id - assumed 'id' F:\phpsite\hc\kaoti\kaoti20170406\Application\Runtime\Cache\Wap\f1e1a0a72531a30dbdd8260339407e57.php 第 140 行.
NOTIC: [8] Use of undefined constant id - assumed 'id' F:\phpsite\hc\kaoti\kaoti20170406\Application\Runtime\Cache\Wap\f1e1a0a72531a30dbdd8260339407e57.php 第 140 行.
INFO: Run Behavior\ParseTemplateBehavior [ RunTime:0.040230s ]
INFO: [ view_parse ] --END-- [ RunTime:0.040410s ]
INFO: [ view_filter ] --START--
INFO: Run Behavior\WriteHtmlCacheBehavior [ RunTime:0.000683s ]
INFO: [ view_filter ] --END-- [ RunTime:0.000849s ]
INFO: [ app_end ] --START--
INFO: Run Behavior\ShowPageTraceBehavior [ RunTime:0.001278s ]
INFO: [ app_end ] --END-- [ RunTime:0.001456s ]

[ 2017-06-17T03:16:33+08:00 ] 127.0.0.1 /phpsite/hc/kaoti/kaoti20170406/index.php/Wap/Shop/pdetail/djid/1/id/7
INFO: [ app_init ] --START--
INFO: Run Behavior\BuildLiteBehavior [ RunTime:0.000059s ]
INFO: [ app_init ] --END-- [ RunTime:0.001320s ]
INFO: [ app_begin ] --START--
INFO: Run Behavior\ReadHtmlCacheBehavior [ RunTime:0.001121s ]
INFO: [ app_begin ] --END-- [ RunTime:0.001348s ]
SQL: SHOW COLUMNS FROM `tb_user` [ RunTime:0.0075s ]
SQL: SELECT * FROM `tb_user` WHERE `id` = '1' LIMIT 1   [ RunTime:0.0009s ]
SQL: SHOW COLUMNS FROM `tb_product` [ RunTime:0.0087s ]
SQL: SELECT * FROM `tb_product` WHERE (  id='7' ) LIMIT 1   [ RunTime:0.0008s ]
SQL: SHOW COLUMNS FROM `tb_user` [ RunTime:0.0073s ]
SQL: SELECT * FROM `tb_user` WHERE (  id='1' ) LIMIT 1   [ RunTime:0.0020s ]
SQL: SELECT * FROM `tb_product` WHERE `lable` = 'rec' ORDER BY id desc LIMIT 0,20   [ RunTime:0.0015s ]
INFO: [ view_parse ] --START--
INFO: [ template_filter ] --START--
INFO: Run Behavior\ContentReplaceBehavior [ RunTime:0.000382s ]
INFO: [ template_filter ] --END-- [ RunTime:0.003708s ]
NOTIC: [8] Use of undefined constant DEFAULT_CONTROLLER - assumed 'DEFAULT_CONTROLLER' F:\phpsite\hc\kaoti\kaoti20170406\Application\Runtime\Cache\Wap\bcd277433bdbf6578156b233a950bce8.php 第 63 行.
NOTIC: [8] Undefined variable: data F:\phpsite\hc\kaoti\kaoti20170406\Application\Runtime\Cache\Wap\bcd277433bdbf6578156b233a950bce8.php 第 64 行.
NOTIC: [8] Undefined variable: data F:\phpsite\hc\kaoti\kaoti20170406\Application\Runtime\Cache\Wap\bcd277433bdbf6578156b233a950bce8.php 第 65 行.
NOTIC: [8] Undefined variable: table F:\phpsite\hc\kaoti\kaoti20170406\Application\Runtime\Cache\Wap\bcd277433bdbf6578156b233a950bce8.php 第 66 行.
NOTIC: [8] Undefined variable: laiyuan F:\phpsite\hc\kaoti\kaoti20170406\Application\Runtime\Cache\Wap\bcd277433bdbf6578156b233a950bce8.php 第 68 行.
NOTIC: [8] Undefined variable: lang F:\phpsite\hc\kaoti\kaoti20170406\Application\Runtime\Cache\Wap\bcd277433bdbf6578156b233a950bce8.php 第 80 行.
NOTIC: [8] Undefined variable: act F:\phpsite\hc\kaoti\kaoti20170406\Application\Runtime\Cache\Wap\bcd277433bdbf6578156b233a950bce8.php 第 81 行.
INFO: Run Behavior\ParseTemplateBehavior [ RunTime:0.094687s ]
INFO: [ view_parse ] --END-- [ RunTime:0.094905s ]
INFO: [ view_filter ] --START--
INFO: Run Behavior\WriteHtmlCacheBehavior [ RunTime:0.000699s ]
INFO: [ view_filter ] --END-- [ RunTime:0.000879s ]
INFO: [ app_end ] --START--
INFO: Run Behavior\ShowPageTraceBehavior [ RunTime:0.001059s ]
INFO: [ app_end ] --END-- [ RunTime:0.001236s ]

