[ 2017-06-25T03:43:07+08:00 ] 127.0.0.1 /phpsite/hc/kaoti/kaoti20170406/Public/uploadhtml5e/cropper/jquery.min.map
INFO: [ app_init ] --START--
INFO: Run Behavior\BuildLiteBehavior [ RunTime:0.000043s ]
INFO: [ app_init ] --END-- [ RunTime:0.000843s ]
ERR: 无法加载模块:Public

[ 2017-06-25T03:43:12+08:00 ] 127.0.0.1 /phpsite/hc/kaoti/kaoti20170406/Public/uploadhtml5e/cropper/jquery.min.map
INFO: [ app_init ] --START--
INFO: Run Behavior\BuildLiteBehavior [ RunTime:0.000062s ]
INFO: [ app_init ] --END-- [ RunTime:0.001338s ]
ERR: 无法加载模块:Public

[ 2017-06-25T03:44:00+08:00 ] 127.0.0.1 /phpsite/hc/kaoti/kaoti20170406/Public/uploadhtml5e/cropper/jquery.min.map
INFO: [ app_init ] --START--
INFO: Run Behavior\BuildLiteBehavior [ RunTime:0.000041s ]
INFO: [ app_init ] --END-- [ RunTime:0.000712s ]
ERR: 无法加载模块:Public

[ 2017-06-25T03:44:01+08:00 ] 127.0.0.1 /phpsite/hc/kaoti/kaoti20170406/Public/uploadhtml5e/cropper/jquery.min.map
INFO: [ app_init ] --START--
INFO: Run Behavior\BuildLiteBehavior [ RunTime:0.000038s ]
INFO: [ app_init ] --END-- [ RunTime:0.000624s ]
ERR: 无法加载模块:Public

[ 2017-06-25T03:44:10+08:00 ] 127.0.0.1 /phpsite/hc/kaoti/kaoti20170406/Public/uploadhtml5e/cropper/jquery.min.map
INFO: [ app_init ] --START--
INFO: Run Behavior\BuildLiteBehavior [ RunTime:0.000041s ]
INFO: [ app_init ] --END-- [ RunTime:0.000727s ]
ERR: 无法加载模块:Public

[ 2017-06-25T03:44:35+08:00 ] 127.0.0.1 /phpsite/hc/kaoti/kaoti20170406/Public/uploadhtml5e/cropper/jquery.min.map
INFO: [ app_init ] --START--
INFO: Run Behavior\BuildLiteBehavior [ RunTime:0.000050s ]
INFO: [ app_init ] --END-- [ RunTime:0.000796s ]
ERR: 无法加载模块:Public

[ 2017-06-25T03:45:07+08:00 ] 127.0.0.1 /phpsite/hc/kaoti/kaoti20170406/Public/uploadhtml5e/cropper/jquery.min.map
INFO: [ app_init ] --START--
INFO: Run Behavior\BuildLiteBehavior [ RunTime:0.000040s ]
INFO: [ app_init ] --END-- [ RunTime:0.000667s ]
ERR: 无法加载模块:Public

[ 2017-06-25T03:47:06+08:00 ] 127.0.0.1 /phpsite/hc/kaoti/kaoti20170406/Public/uploadhtml5e/cropper/jquery.min.map
INFO: [ app_init ] --START--
INFO: Run Behavior\BuildLiteBehavior [ RunTime:0.000040s ]
INFO: [ app_init ] --END-- [ RunTime:0.000798s ]
ERR: 无法加载模块:Public

[ 2017-06-25T03:47:24+08:00 ] 127.0.0.1 /phpsite/hc/kaoti/kaoti20170406/Public/uploadhtml5e/cropper/jquery.min.map
INFO: [ app_init ] --START--
INFO: Run Behavior\BuildLiteBehavior [ RunTime:0.000039s ]
INFO: [ app_init ] --END-- [ RunTime:0.000721s ]
ERR: 无法加载模块:Public

[ 2017-06-25T03:47:58+08:00 ] 127.0.0.1 /phpsite/hc/kaoti/kaoti20170406/Public/uploadhtml5e/cropper/jquery.min.map
INFO: [ app_init ] --START--
INFO: Run Behavior\BuildLiteBehavior [ RunTime:0.000037s ]
INFO: [ app_init ] --END-- [ RunTime:0.000629s ]
ERR: 无法加载模块:Public

[ 2017-06-25T03:48:11+08:00 ] 127.0.0.1 /phpsite/hc/kaoti/kaoti20170406/Public/uploadhtml5e/cropper/jquery.min.map
INFO: [ app_init ] --START--
INFO: Run Behavior\BuildLiteBehavior [ RunTime:0.000045s ]
INFO: [ app_init ] --END-- [ RunTime:0.000810s ]
ERR: 无法加载模块:Public

[ 2017-06-25T03:48:22+08:00 ] 127.0.0.1 /phpsite/hc/kaoti/kaoti20170406/Public/uploadhtml5e/cropper/jquery.min.map
INFO: [ app_init ] --START--
INFO: Run Behavior\BuildLiteBehavior [ RunTime:0.000075s ]
INFO: [ app_init ] --END-- [ RunTime:0.001186s ]
ERR: 无法加载模块:Public

[ 2017-06-25T03:48:33+08:00 ] 127.0.0.1 /phpsite/hc/kaoti/kaoti20170406/Public/uploadhtml5e/cropper/jquery.min.map
INFO: [ app_init ] --START--
INFO: Run Behavior\BuildLiteBehavior [ RunTime:0.000041s ]
INFO: [ app_init ] --END-- [ RunTime:0.000960s ]
ERR: 无法加载模块:Public

[ 2017-06-25T03:48:35+08:00 ] 127.0.0.1 /phpsite/hc/kaoti/kaoti20170406/Public/uploadhtml5e/cropper/jquery.min.map
INFO: [ app_init ] --START--
INFO: Run Behavior\BuildLiteBehavior [ RunTime:0.000039s ]
INFO: [ app_init ] --END-- [ RunTime:0.000617s ]
ERR: 无法加载模块:Public

[ 2017-06-25T03:48:42+08:00 ] 127.0.0.1 /phpsite/hc/kaoti/kaoti20170406/Public/uploadhtml5e/cropper/jquery.min.map
INFO: [ app_init ] --START--
INFO: Run Behavior\BuildLiteBehavior [ RunTime:0.000050s ]
INFO: [ app_init ] --END-- [ RunTime:0.000910s ]
ERR: 无法加载模块:Public

[ 2017-06-25T03:48:43+08:00 ] 127.0.0.1 /phpsite/hc/kaoti/kaoti20170406/Public/uploadhtml5e/cropper/jquery.min.map
INFO: [ app_init ] --START--
INFO: Run Behavior\BuildLiteBehavior [ RunTime:0.000044s ]
INFO: [ app_init ] --END-- [ RunTime:0.000843s ]
ERR: 无法加载模块:Public

[ 2017-06-25T03:48:51+08:00 ] 127.0.0.1 /phpsite/hc/kaoti/kaoti20170406/Public/uploadhtml5e/cropper/jquery.min.map
INFO: [ app_init ] --START--
INFO: Run Behavior\BuildLiteBehavior [ RunTime:0.000048s ]
INFO: [ app_init ] --END-- [ RunTime:0.000824s ]
ERR: 无法加载模块:Public

[ 2017-06-25T03:48:52+08:00 ] 127.0.0.1 /phpsite/hc/kaoti/kaoti20170406/Public/uploadhtml5e/cropper/jquery.min.map
INFO: [ app_init ] --START--
INFO: Run Behavior\BuildLiteBehavior [ RunTime:0.000048s ]
INFO: [ app_init ] --END-- [ RunTime:0.000820s ]
ERR: 无法加载模块:Public

[ 2017-06-25T03:49:03+08:00 ] 127.0.0.1 /phpsite/hc/kaoti/kaoti20170406/Public/uploadhtml5e/cropper/jquery.min.map
INFO: [ app_init ] --START--
INFO: Run Behavior\BuildLiteBehavior [ RunTime:0.000037s ]
INFO: [ app_init ] --END-- [ RunTime:0.000617s ]
ERR: 无法加载模块:Public

