[ 2017-06-15T23:33:54+08:00 ] 127.0.0.1 /phpsite/hc/kaoti/kaoti20170406/index.php/public/font-awesome-4.7.0/css/font-awesome.min.css
INFO: [ app_init ] --START--
INFO: Run Behavior\BuildLiteBehavior [ RunTime:0.000041s ]
INFO: [ app_init ] --END-- [ RunTime:0.000758s ]
ERR: 无法加载模块:Public

[ 2017-06-15T23:36:48+08:00 ] 127.0.0.1 /phpsite/hc/kaoti/kaoti20170406/index.php/public/font-awesome-4.7.0/css/font-awesome.min.css
INFO: [ app_init ] --START--
INFO: Run Behavior\BuildLiteBehavior [ RunTime:0.000041s ]
INFO: [ app_init ] --END-- [ RunTime:0.000869s ]
ERR: 无法加载模块:Public

[ 2017-06-15T23:37:27+08:00 ] 127.0.0.1 /phpsite/hc/kaoti/kaoti20170406/index.php/public/font-awesome-4.7.0/css/font-awesome.min.css
INFO: [ app_init ] --START--
INFO: Run Behavior\BuildLiteBehavior [ RunTime:0.000042s ]
INFO: [ app_init ] --END-- [ RunTime:0.001007s ]
ERR: 无法加载模块:Public

[ 2017-06-15T23:37:37+08:00 ] 127.0.0.1 /phpsite/hc/kaoti/kaoti20170406/index.php/public/font-awesome-4.7.0/css/font-awesome.min.css
INFO: [ app_init ] --START--
INFO: Run Behavior\BuildLiteBehavior [ RunTime:0.000045s ]
INFO: [ app_init ] --END-- [ RunTime:0.000737s ]
ERR: 无法加载模块:Public

