[ 2017-06-19T03:43:41+08:00 ] 127.0.0.1 /phpsite/hc/kaoti/kaoti20170406/Public/uploadhtml5e/cropper/jquery.min.map
INFO: [ app_init ] --START--
INFO: Run Behavior\BuildLiteBehavior [ RunTime:0.000039s ]
INFO: [ app_init ] --END-- [ RunTime:0.000710s ]
ERR: 无法加载模块:Public

[ 2017-06-19T03:44:22+08:00 ] 127.0.0.1 /phpsite/hc/kaoti/kaoti20170406/Public/uploadhtml5e/cropper/jquery.min.map
INFO: [ app_init ] --START--
INFO: Run Behavior\BuildLiteBehavior [ RunTime:0.000042s ]
INFO: [ app_init ] --END-- [ RunTime:0.000763s ]
ERR: 无法加载模块:Public

[ 2017-06-19T03:46:03+08:00 ] 127.0.0.1 /phpsite/hc/kaoti/kaoti20170406/Public/uploadhtml5e/cropper/jquery.min.map
INFO: [ app_init ] --START--
INFO: Run Behavior\BuildLiteBehavior [ RunTime:0.000040s ]
INFO: [ app_init ] --END-- [ RunTime:0.001556s ]
ERR: 无法加载模块:Public

[ 2017-06-19T03:46:36+08:00 ] 127.0.0.1 /phpsite/hc/kaoti/kaoti20170406/Public/uploadhtml5e/cropper/jquery.min.map
INFO: [ app_init ] --START--
INFO: Run Behavior\BuildLiteBehavior [ RunTime:0.000041s ]
INFO: [ app_init ] --END-- [ RunTime:0.000894s ]
ERR: 无法加载模块:Public

[ 2017-06-19T03:48:37+08:00 ] 127.0.0.1 /phpsite/hc/kaoti/kaoti20170406/Public/uploadhtml5e/cropper/jquery.min.map
INFO: [ app_init ] --START--
INFO: Run Behavior\BuildLiteBehavior [ RunTime:0.000050s ]
INFO: [ app_init ] --END-- [ RunTime:0.000867s ]
ERR: 无法加载模块:Public

[ 2017-06-19T03:51:27+08:00 ] 127.0.0.1 /phpsite/hc/kaoti/kaoti20170406/Public/uploadhtml5e/cropper/jquery.min.map
INFO: [ app_init ] --START--
INFO: Run Behavior\BuildLiteBehavior [ RunTime:0.000039s ]
INFO: [ app_init ] --END-- [ RunTime:0.000726s ]
ERR: 无法加载模块:Public

[ 2017-06-19T03:51:49+08:00 ] 127.0.0.1 /phpsite/hc/kaoti/kaoti20170406/Public/uploadhtml5e/cropper/jquery.min.map
INFO: [ app_init ] --START--
INFO: Run Behavior\BuildLiteBehavior [ RunTime:0.000042s ]
INFO: [ app_init ] --END-- [ RunTime:0.000703s ]
ERR: 无法加载模块:Public

[ 2017-06-19T03:59:32+08:00 ] 127.0.0.1 /phpsite/hc/kaoti/kaoti20170406/Public/uploadhtml5e/cropper/jquery.min.map
INFO: [ app_init ] --START--
INFO: Run Behavior\BuildLiteBehavior [ RunTime:0.000042s ]
INFO: [ app_init ] --END-- [ RunTime:0.000700s ]
ERR: 无法加载模块:Public

[ 2017-06-19T03:59:53+08:00 ] 127.0.0.1 /phpsite/hc/kaoti/kaoti20170406/Public/uploadhtml5e/cropper/jquery.min.map
INFO: [ app_init ] --START--
INFO: Run Behavior\BuildLiteBehavior [ RunTime:0.000041s ]
INFO: [ app_init ] --END-- [ RunTime:0.000769s ]
ERR: 无法加载模块:Public

[ 2017-06-19T04:00:27+08:00 ] 127.0.0.1 /phpsite/hc/kaoti/kaoti20170406/Public/uploadhtml5e/cropper/jquery.min.map
INFO: [ app_init ] --START--
INFO: Run Behavior\BuildLiteBehavior [ RunTime:0.000041s ]
INFO: [ app_init ] --END-- [ RunTime:0.000668s ]
ERR: 无法加载模块:Public

[ 2017-06-19T04:00:44+08:00 ] 127.0.0.1 /phpsite/hc/kaoti/kaoti20170406/Public/uploadhtml5e/cropper/jquery.min.map
INFO: [ app_init ] --START--
INFO: Run Behavior\BuildLiteBehavior [ RunTime:0.000042s ]
INFO: [ app_init ] --END-- [ RunTime:0.000836s ]
ERR: 无法加载模块:Public

[ 2017-06-19T04:02:13+08:00 ] 127.0.0.1 /phpsite/hc/kaoti/kaoti20170406/Public/uploadhtml5e/cropper/jquery.min.map
INFO: [ app_init ] --START--
INFO: Run Behavior\BuildLiteBehavior [ RunTime:0.000040s ]
INFO: [ app_init ] --END-- [ RunTime:0.000727s ]
ERR: 无法加载模块:Public

[ 2017-06-19T04:02:42+08:00 ] 127.0.0.1 /phpsite/hc/kaoti/kaoti20170406/Public/uploadhtml5e/cropper/jquery.min.map
INFO: [ app_init ] --START--
INFO: Run Behavior\BuildLiteBehavior [ RunTime:0.000042s ]
INFO: [ app_init ] --END-- [ RunTime:0.000735s ]
ERR: 无法加载模块:Public

[ 2017-06-19T04:03:44+08:00 ] 127.0.0.1 /phpsite/hc/kaoti/kaoti20170406/Public/uploadhtml5e/cropper/jquery.min.map
INFO: [ app_init ] --START--
INFO: Run Behavior\BuildLiteBehavior [ RunTime:0.000043s ]
INFO: [ app_init ] --END-- [ RunTime:0.000743s ]
ERR: 无法加载模块:Public

[ 2017-06-19T04:04:19+08:00 ] 127.0.0.1 /phpsite/hc/kaoti/kaoti20170406/Public/uploadhtml5e/cropper/jquery.min.map
INFO: [ app_init ] --START--
INFO: Run Behavior\BuildLiteBehavior [ RunTime:0.000041s ]
INFO: [ app_init ] --END-- [ RunTime:0.000739s ]
ERR: 无法加载模块:Public

[ 2017-06-19T04:04:43+08:00 ] 127.0.0.1 /phpsite/hc/kaoti/kaoti20170406/Public/uploadhtml5e/cropper/jquery.min.map
INFO: [ app_init ] --START--
INFO: Run Behavior\BuildLiteBehavior [ RunTime:0.000038s ]
INFO: [ app_init ] --END-- [ RunTime:0.000712s ]
ERR: 无法加载模块:Public

[ 2017-06-19T04:05:30+08:00 ] 127.0.0.1 /phpsite/hc/kaoti/kaoti20170406/Public/uploadhtml5e/cropper/jquery.min.map
INFO: [ app_init ] --START--
INFO: Run Behavior\BuildLiteBehavior [ RunTime:0.000043s ]
INFO: [ app_init ] --END-- [ RunTime:0.000728s ]
ERR: 无法加载模块:Public

[ 2017-06-19T04:06:05+08:00 ] 127.0.0.1 /phpsite/hc/kaoti/kaoti20170406/Public/uploadhtml5e/cropper/jquery.min.map
INFO: [ app_init ] --START--
INFO: Run Behavior\BuildLiteBehavior [ RunTime:0.000038s ]
INFO: [ app_init ] --END-- [ RunTime:0.000783s ]
ERR: 无法加载模块:Public

[ 2017-06-19T04:06:21+08:00 ] 127.0.0.1 /phpsite/hc/kaoti/kaoti20170406/Public/uploadhtml5e/cropper/jquery.min.map
INFO: [ app_init ] --START--
INFO: Run Behavior\BuildLiteBehavior [ RunTime:0.000042s ]
INFO: [ app_init ] --END-- [ RunTime:0.000777s ]
ERR: 无法加载模块:Public

[ 2017-06-19T04:06:42+08:00 ] 127.0.0.1 /phpsite/hc/kaoti/kaoti20170406/Public/uploadhtml5e/cropper/jquery.min.map
INFO: [ app_init ] --START--
INFO: Run Behavior\BuildLiteBehavior [ RunTime:0.000039s ]
INFO: [ app_init ] --END-- [ RunTime:0.002303s ]
ERR: 无法加载模块:Public

[ 2017-06-19T04:08:15+08:00 ] 127.0.0.1 /phpsite/hc/kaoti/kaoti20170406/Public/uploadhtml5e/cropper/jquery.min.map
INFO: [ app_init ] --START--
INFO: Run Behavior\BuildLiteBehavior [ RunTime:0.000040s ]
INFO: [ app_init ] --END-- [ RunTime:0.000892s ]
ERR: 无法加载模块:Public

[ 2017-06-19T04:08:32+08:00 ] 127.0.0.1 /phpsite/hc/kaoti/kaoti20170406/Public/uploadhtml5e/cropper/jquery.min.map
INFO: [ app_init ] --START--
INFO: Run Behavior\BuildLiteBehavior [ RunTime:0.000992s ]
INFO: [ app_init ] --END-- [ RunTime:0.001697s ]
ERR: 无法加载模块:Public

[ 2017-06-19T04:09:13+08:00 ] 127.0.0.1 /phpsite/hc/kaoti/kaoti20170406/Public/uploadhtml5e/cropper/jquery.min.map
INFO: [ app_init ] --START--
INFO: Run Behavior\BuildLiteBehavior [ RunTime:0.000039s ]
INFO: [ app_init ] --END-- [ RunTime:0.000768s ]
ERR: 无法加载模块:Public

[ 2017-06-19T04:09:35+08:00 ] 127.0.0.1 /phpsite/hc/kaoti/kaoti20170406/Public/uploadhtml5e/cropper/jquery.min.map
INFO: [ app_init ] --START--
INFO: Run Behavior\BuildLiteBehavior [ RunTime:0.000042s ]
INFO: [ app_init ] --END-- [ RunTime:0.001333s ]
ERR: 无法加载模块:Public

[ 2017-06-19T04:09:52+08:00 ] 127.0.0.1 /phpsite/hc/kaoti/kaoti20170406/Public/uploadhtml5e/cropper/jquery.min.map
INFO: [ app_init ] --START--
INFO: Run Behavior\BuildLiteBehavior [ RunTime:0.000040s ]
INFO: [ app_init ] --END-- [ RunTime:0.000732s ]
ERR: 无法加载模块:Public

[ 2017-06-19T04:13:05+08:00 ] 127.0.0.1 /phpsite/hc/kaoti/kaoti20170406/Public/uploadhtml5e/cropper/jquery.min.map
INFO: [ app_init ] --START--
INFO: Run Behavior\BuildLiteBehavior [ RunTime:0.000041s ]
INFO: [ app_init ] --END-- [ RunTime:0.000836s ]
ERR: 无法加载模块:Public

[ 2017-06-19T04:13:13+08:00 ] 127.0.0.1 /phpsite/hc/kaoti/kaoti20170406/Public/uploadhtml5e/cropper/jquery.min.map
INFO: [ app_init ] --START--
INFO: Run Behavior\BuildLiteBehavior [ RunTime:0.000040s ]
INFO: [ app_init ] --END-- [ RunTime:0.000803s ]
ERR: 无法加载模块:Public

[ 2017-06-19T04:14:43+08:00 ] 127.0.0.1 /phpsite/hc/kaoti/kaoti20170406/Public/uploadhtml5e/cropper/jquery.min.map
INFO: [ app_init ] --START--
INFO: Run Behavior\BuildLiteBehavior [ RunTime:0.000038s ]
INFO: [ app_init ] --END-- [ RunTime:0.000642s ]
ERR: 无法加载模块:Public

