[ 2017-04-14T21:57:17+08:00 ] 127.0.0.1 /phpsite/hc/kaoti/kaoti20170406/index.php/file/s100/2017041421452779675_1_1.4242.png
INFO: [ app_init ] --START--
INFO: Run Behavior\BuildLiteBehavior [ RunTime:0.000039s ]
INFO: [ app_init ] --END-- [ RunTime:0.000795s ]
ERR: 无法加载模块:File

[ 2017-04-14T21:57:17+08:00 ] 127.0.0.1 /phpsite/hc/kaoti/kaoti20170406/index.php/file/s100/2016123104310357423_1_1.jpg
INFO: [ app_init ] --START--
INFO: Run Behavior\BuildLiteBehavior [ RunTime:0.000040s ]
INFO: [ app_init ] --END-- [ RunTime:0.000760s ]
ERR: 无法加载模块:File

[ 2017-04-14T21:57:17+08:00 ] 127.0.0.1 /phpsite/hc/kaoti/kaoti20170406/index.php/file/photo/10431.jpg
INFO: [ app_init ] --START--
INFO: Run Behavior\BuildLiteBehavior [ RunTime:0.000071s ]
INFO: [ app_init ] --END-- [ RunTime:0.000838s ]
ERR: 无法加载模块:File

[ 2017-04-14T21:57:17+08:00 ] 127.0.0.1 /phpsite/hc/kaoti/kaoti20170406/index.php/file/photo/10461.jpg
INFO: [ app_init ] --START--
INFO: Run Behavior\BuildLiteBehavior [ RunTime:0.000041s ]
INFO: [ app_init ] --END-- [ RunTime:0.000777s ]
ERR: 无法加载模块:File

[ 2017-04-14T21:57:18+08:00 ] 127.0.0.1 /phpsite/hc/kaoti/kaoti20170406/index.php/file/photo/10869.jpg
INFO: [ app_init ] --START--
INFO: Run Behavior\BuildLiteBehavior [ RunTime:0.000040s ]
INFO: [ app_init ] --END-- [ RunTime:0.000821s ]
ERR: 无法加载模块:File

[ 2017-04-14T21:57:18+08:00 ] 127.0.0.1 /phpsite/hc/kaoti/kaoti20170406/index.php/file/photo/11148.jpg
INFO: [ app_init ] --START--
INFO: Run Behavior\BuildLiteBehavior [ RunTime:0.000041s ]
INFO: [ app_init ] --END-- [ RunTime:0.000826s ]
ERR: 无法加载模块:File

[ 2017-04-14T21:57:18+08:00 ] 127.0.0.1 /phpsite/hc/kaoti/kaoti20170406/index.php/file/photo/12431.jpg
INFO: [ app_init ] --START--
INFO: Run Behavior\BuildLiteBehavior [ RunTime:0.000042s ]
INFO: [ app_init ] --END-- [ RunTime:0.000859s ]
ERR: 无法加载模块:File

[ 2017-04-14T21:57:18+08:00 ] 127.0.0.1 /phpsite/hc/kaoti/kaoti20170406/index.php/file/photo/10868.jpg
INFO: [ app_init ] --START--
INFO: Run Behavior\BuildLiteBehavior [ RunTime:0.000041s ]
INFO: [ app_init ] --END-- [ RunTime:0.000837s ]
ERR: 无法加载模块:File

[ 2017-04-14T21:57:18+08:00 ] 127.0.0.1 /phpsite/hc/kaoti/kaoti20170406/index.php/file/photo/10566.jpg
INFO: [ app_init ] --START--
INFO: Run Behavior\BuildLiteBehavior [ RunTime:0.000041s ]
INFO: [ app_init ] --END-- [ RunTime:0.000900s ]
ERR: 无法加载模块:File

[ 2017-04-14T21:57:18+08:00 ] 127.0.0.1 /phpsite/hc/kaoti/kaoti20170406/index.php/file/photo/10465.jpg
INFO: [ app_init ] --START--
INFO: Run Behavior\BuildLiteBehavior [ RunTime:0.000039s ]
INFO: [ app_init ] --END-- [ RunTime:0.000720s ]
ERR: 无法加载模块:File

[ 2017-04-14T21:57:18+08:00 ] 127.0.0.1 /phpsite/hc/kaoti/kaoti20170406/index.php/file/photo/10528.jpg
INFO: [ app_init ] --START--
INFO: Run Behavior\BuildLiteBehavior [ RunTime:0.001130s ]
INFO: [ app_init ] --END-- [ RunTime:0.002304s ]
ERR: 无法加载模块:File

[ 2017-04-14T21:57:18+08:00 ] 127.0.0.1 /phpsite/hc/kaoti/kaoti20170406/index.php/file/photo/10867.jpg
INFO: [ app_init ] --START--
INFO: Run Behavior\BuildLiteBehavior [ RunTime:0.000041s ]
INFO: [ app_init ] --END-- [ RunTime:0.001008s ]
ERR: 无法加载模块:File

[ 2017-04-14T21:57:18+08:00 ] 127.0.0.1 /phpsite/hc/kaoti/kaoti20170406/index.php/file/photo/10525.jpg
INFO: [ app_init ] --START--
INFO: Run Behavior\BuildLiteBehavior [ RunTime:0.000044s ]
INFO: [ app_init ] --END-- [ RunTime:0.000821s ]
ERR: 无法加载模块:File

[ 2017-04-14T21:57:18+08:00 ] 127.0.0.1 /phpsite/hc/kaoti/kaoti20170406/index.php/file/photo/10524.jpg
INFO: [ app_init ] --START--
INFO: Run Behavior\BuildLiteBehavior [ RunTime:0.000039s ]
INFO: [ app_init ] --END-- [ RunTime:0.000738s ]
ERR: 无法加载模块:File

[ 2017-04-14T21:57:18+08:00 ] 127.0.0.1 /phpsite/hc/kaoti/kaoti20170406/index.php/file/photo/10522.jpg
INFO: [ app_init ] --START--
INFO: Run Behavior\BuildLiteBehavior [ RunTime:0.000043s ]
INFO: [ app_init ] --END-- [ RunTime:0.000807s ]
ERR: 无法加载模块:File

[ 2017-04-14T21:57:18+08:00 ] 127.0.0.1 /phpsite/hc/kaoti/kaoti20170406/index.php/file/photo/10527.jpg
INFO: [ app_init ] --START--
INFO: Run Behavior\BuildLiteBehavior [ RunTime:0.000039s ]
INFO: [ app_init ] --END-- [ RunTime:0.000782s ]
ERR: 无法加载模块:File

[ 2017-04-14T21:57:18+08:00 ] 127.0.0.1 /phpsite/hc/kaoti/kaoti20170406/index.php/file/photo/10521.jpg
INFO: [ app_init ] --START--
INFO: Run Behavior\BuildLiteBehavior [ RunTime:0.000040s ]
INFO: [ app_init ] --END-- [ RunTime:0.000718s ]
ERR: 无法加载模块:File

[ 2017-04-14T21:57:18+08:00 ] 127.0.0.1 /phpsite/hc/kaoti/kaoti20170406/index.php/file/photo/10819.jpg
INFO: [ app_init ] --START--
INFO: Run Behavior\BuildLiteBehavior [ RunTime:0.000043s ]
INFO: [ app_init ] --END-- [ RunTime:0.000802s ]
ERR: 无法加载模块:File

[ 2017-04-14T21:57:18+08:00 ] 127.0.0.1 /phpsite/hc/kaoti/kaoti20170406/index.php/file/photo/10604.jpg
INFO: [ app_init ] --START--
INFO: Run Behavior\BuildLiteBehavior [ RunTime:0.000042s ]
INFO: [ app_init ] --END-- [ RunTime:0.000806s ]
ERR: 无法加载模块:File

[ 2017-04-14T21:57:18+08:00 ] 127.0.0.1 /phpsite/hc/kaoti/kaoti20170406/index.php/file/photo/10377.jpg
INFO: [ app_init ] --START--
INFO: Run Behavior\BuildLiteBehavior [ RunTime:0.000040s ]
INFO: [ app_init ] --END-- [ RunTime:0.000840s ]
ERR: 无法加载模块:File

[ 2017-04-14T21:57:18+08:00 ] 127.0.0.1 /phpsite/hc/kaoti/kaoti20170406/index.php/file/photo/10529.jpg
INFO: [ app_init ] --START--
INFO: Run Behavior\BuildLiteBehavior [ RunTime:0.000039s ]
INFO: [ app_init ] --END-- [ RunTime:0.000829s ]
ERR: 无法加载模块:File

[ 2017-04-14T21:57:18+08:00 ] 127.0.0.1 /phpsite/hc/kaoti/kaoti20170406/index.php/file/photo/10543.jpg
INFO: [ app_init ] --START--
INFO: Run Behavior\BuildLiteBehavior [ RunTime:0.000040s ]
INFO: [ app_init ] --END-- [ RunTime:0.000850s ]
ERR: 无法加载模块:File

[ 2017-04-14T21:57:18+08:00 ] 127.0.0.1 /phpsite/hc/kaoti/kaoti20170406/index.php/file/photo/10443.jpg
INFO: [ app_init ] --START--
INFO: Run Behavior\BuildLiteBehavior [ RunTime:0.000039s ]
INFO: [ app_init ] --END-- [ RunTime:0.000776s ]
ERR: 无法加载模块:File

[ 2017-04-14T21:57:18+08:00 ] 127.0.0.1 /phpsite/hc/kaoti/kaoti20170406/index.php/file/photo/10539.jpg
INFO: [ app_init ] --START--
INFO: Run Behavior\BuildLiteBehavior [ RunTime:0.000044s ]
INFO: [ app_init ] --END-- [ RunTime:0.000837s ]
ERR: 无法加载模块:File

[ 2017-04-14T21:57:18+08:00 ] 127.0.0.1 /phpsite/hc/kaoti/kaoti20170406/index.php/file/photo/10537.jpg
INFO: [ app_init ] --START--
INFO: Run Behavior\BuildLiteBehavior [ RunTime:0.000043s ]
INFO: [ app_init ] --END-- [ RunTime:0.002447s ]
ERR: 无法加载模块:File

[ 2017-04-14T21:57:18+08:00 ] 127.0.0.1 /phpsite/hc/kaoti/kaoti20170406/index.php/file/photo/10459.jpg
INFO: [ app_init ] --START--
INFO: Run Behavior\BuildLiteBehavior [ RunTime:0.000050s ]
INFO: [ app_init ] --END-- [ RunTime:0.000923s ]
ERR: 无法加载模块:File

[ 2017-04-14T21:57:18+08:00 ] 127.0.0.1 /phpsite/hc/kaoti/kaoti20170406/index.php/file/photo/10338.jpg
INFO: [ app_init ] --START--
INFO: Run Behavior\BuildLiteBehavior [ RunTime:0.000040s ]
INFO: [ app_init ] --END-- [ RunTime:0.000697s ]
ERR: 无法加载模块:File

[ 2017-04-14T21:57:18+08:00 ] 127.0.0.1 /phpsite/hc/kaoti/kaoti20170406/index.php/file/photo/10376.jpg
INFO: [ app_init ] --START--
INFO: Run Behavior\BuildLiteBehavior [ RunTime:0.000039s ]
INFO: [ app_init ] --END-- [ RunTime:0.000821s ]
ERR: 无法加载模块:File

[ 2017-04-14T21:57:18+08:00 ] 127.0.0.1 /phpsite/hc/kaoti/kaoti20170406/index.php/file/photo/10542.jpg
INFO: [ app_init ] --START--
INFO: Run Behavior\BuildLiteBehavior [ RunTime:0.000040s ]
INFO: [ app_init ] --END-- [ RunTime:0.000777s ]
ERR: 无法加载模块:File

[ 2017-04-14T21:57:18+08:00 ] 127.0.0.1 /phpsite/hc/kaoti/kaoti20170406/index.php/file/photo/10477.jpg
INFO: [ app_init ] --START--
INFO: Run Behavior\BuildLiteBehavior [ RunTime:0.000041s ]
INFO: [ app_init ] --END-- [ RunTime:0.000770s ]
ERR: 无法加载模块:File

[ 2017-04-14T21:57:18+08:00 ] 127.0.0.1 /phpsite/hc/kaoti/kaoti20170406/index.php/file/photo/10373.jpg
INFO: [ app_init ] --START--
INFO: Run Behavior\BuildLiteBehavior [ RunTime:0.000070s ]
INFO: [ app_init ] --END-- [ RunTime:0.001517s ]
ERR: 无法加载模块:File

[ 2017-04-14T21:57:18+08:00 ] 127.0.0.1 /phpsite/hc/kaoti/kaoti20170406/index.php/file/photo/12432.jpg
INFO: [ app_init ] --START--
INFO: Run Behavior\BuildLiteBehavior [ RunTime:0.000040s ]
INFO: [ app_init ] --END-- [ RunTime:0.000866s ]
ERR: 无法加载模块:File

[ 2017-04-14T21:57:18+08:00 ] 127.0.0.1 /phpsite/hc/kaoti/kaoti20170406/index.php/file/photo/10536.jpg
INFO: [ app_init ] --START--
INFO: Run Behavior\BuildLiteBehavior [ RunTime:0.000041s ]
INFO: [ app_init ] --END-- [ RunTime:0.000749s ]
ERR: 无法加载模块:File

[ 2017-04-14T21:57:18+08:00 ] 127.0.0.1 /phpsite/hc/kaoti/kaoti20170406/index.php/file/photo/10221.jpg
INFO: [ app_init ] --START--
INFO: Run Behavior\BuildLiteBehavior [ RunTime:0.000043s ]
INFO: [ app_init ] --END-- [ RunTime:0.001105s ]
ERR: 无法加载模块:File

[ 2017-04-14T21:57:18+08:00 ] 127.0.0.1 /phpsite/hc/kaoti/kaoti20170406/index.php/file/photo/10555.jpg
INFO: [ app_init ] --START--
INFO: Run Behavior\BuildLiteBehavior [ RunTime:0.000043s ]
INFO: [ app_init ] --END-- [ RunTime:0.000821s ]
ERR: 无法加载模块:File

[ 2017-04-14T21:57:18+08:00 ] 127.0.0.1 /phpsite/hc/kaoti/kaoti20170406/index.php/file/photo/10355.jpg
INFO: [ app_init ] --START--
INFO: Run Behavior\BuildLiteBehavior [ RunTime:0.000040s ]
INFO: [ app_init ] --END-- [ RunTime:0.000858s ]
ERR: 无法加载模块:File

[ 2017-04-14T21:57:18+08:00 ] 127.0.0.1 /phpsite/hc/kaoti/kaoti20170406/index.php/file/photo/10412.jpg
INFO: [ app_init ] --START--
INFO: Run Behavior\BuildLiteBehavior [ RunTime:0.000039s ]
INFO: [ app_init ] --END-- [ RunTime:0.000704s ]
ERR: 无法加载模块:File

[ 2017-04-14T21:57:18+08:00 ] 127.0.0.1 /phpsite/hc/kaoti/kaoti20170406/index.php/file/photo/10350.jpg
INFO: [ app_init ] --START--
INFO: Run Behavior\BuildLiteBehavior [ RunTime:0.000044s ]
INFO: [ app_init ] --END-- [ RunTime:0.000855s ]
ERR: 无法加载模块:File

[ 2017-04-14T21:57:18+08:00 ] 127.0.0.1 /phpsite/hc/kaoti/kaoti20170406/index.php/file/photo/10514.jpg
INFO: [ app_init ] --START--
INFO: Run Behavior\BuildLiteBehavior [ RunTime:0.000042s ]
INFO: [ app_init ] --END-- [ RunTime:0.000748s ]
ERR: 无法加载模块:File

[ 2017-04-14T21:57:19+08:00 ] 127.0.0.1 /phpsite/hc/kaoti/kaoti20170406/index.php/file/photo/10509.jpg
INFO: [ app_init ] --START--
INFO: Run Behavior\BuildLiteBehavior [ RunTime:0.000041s ]
INFO: [ app_init ] --END-- [ RunTime:0.000785s ]
ERR: 无法加载模块:File

[ 2017-04-14T21:57:19+08:00 ] 127.0.0.1 /phpsite/hc/kaoti/kaoti20170406/index.php/file/photo/10518.jpg
INFO: [ app_init ] --START--
INFO: Run Behavior\BuildLiteBehavior [ RunTime:0.000042s ]
INFO: [ app_init ] --END-- [ RunTime:0.006750s ]
ERR: 无法加载模块:File

[ 2017-04-14T21:57:19+08:00 ] 127.0.0.1 /phpsite/hc/kaoti/kaoti20170406/index.php/file/photo/10878.jpg
INFO: [ app_init ] --START--
INFO: Run Behavior\BuildLiteBehavior [ RunTime:0.000041s ]
INFO: [ app_init ] --END-- [ RunTime:0.000776s ]
ERR: 无法加载模块:File

[ 2017-04-14T21:57:19+08:00 ] 127.0.0.1 /phpsite/hc/kaoti/kaoti20170406/index.php/file/photo/10802.jpg
INFO: [ app_init ] --START--
INFO: Run Behavior\BuildLiteBehavior [ RunTime:0.000043s ]
INFO: [ app_init ] --END-- [ RunTime:0.000802s ]
ERR: 无法加载模块:File

[ 2017-04-14T21:57:19+08:00 ] 127.0.0.1 /phpsite/hc/kaoti/kaoti20170406/index.php/file/photo/10356.jpg
INFO: [ app_init ] --START--
INFO: Run Behavior\BuildLiteBehavior [ RunTime:0.000039s ]
INFO: [ app_init ] --END-- [ RunTime:0.000777s ]
ERR: 无法加载模块:File

[ 2017-04-14T21:57:19+08:00 ] 127.0.0.1 /phpsite/hc/kaoti/kaoti20170406/index.php/file/photo/10562.jpg
INFO: [ app_init ] --START--
INFO: Run Behavior\BuildLiteBehavior [ RunTime:0.000042s ]
INFO: [ app_init ] --END-- [ RunTime:0.000755s ]
ERR: 无法加载模块:File

[ 2017-04-14T21:57:19+08:00 ] 127.0.0.1 /phpsite/hc/kaoti/kaoti20170406/index.php/file/photo/10207.jpg
INFO: [ app_init ] --START--
INFO: Run Behavior\BuildLiteBehavior [ RunTime:0.000040s ]
INFO: [ app_init ] --END-- [ RunTime:0.000799s ]
ERR: 无法加载模块:File

[ 2017-04-14T21:57:19+08:00 ] 127.0.0.1 /phpsite/hc/kaoti/kaoti20170406/index.php/file/photo/10172.jpg
INFO: [ app_init ] --START--
INFO: Run Behavior\BuildLiteBehavior [ RunTime:0.000050s ]
INFO: [ app_init ] --END-- [ RunTime:0.001215s ]
ERR: 无法加载模块:File

[ 2017-04-14T21:57:19+08:00 ] 127.0.0.1 /phpsite/hc/kaoti/kaoti20170406/index.php/file/photo/10215.jpg
INFO: [ app_init ] --START--
INFO: Run Behavior\BuildLiteBehavior [ RunTime:0.000047s ]
INFO: [ app_init ] --END-- [ RunTime:0.000822s ]
ERR: 无法加载模块:File

[ 2017-04-14T21:57:19+08:00 ] 127.0.0.1 /phpsite/hc/kaoti/kaoti20170406/index.php/file/photo/10457.jpg
INFO: [ app_init ] --START--
INFO: Run Behavior\BuildLiteBehavior [ RunTime:0.000039s ]
INFO: [ app_init ] --END-- [ RunTime:0.000788s ]
ERR: 无法加载模块:File

[ 2017-04-14T21:57:19+08:00 ] 127.0.0.1 /phpsite/hc/kaoti/kaoti20170406/index.php/file/photo/10854.jpg
INFO: [ app_init ] --START--
INFO: Run Behavior\BuildLiteBehavior [ RunTime:0.000042s ]
INFO: [ app_init ] --END-- [ RunTime:0.000774s ]
ERR: 无法加载模块:File

[ 2017-04-14T21:57:19+08:00 ] 127.0.0.1 /phpsite/hc/kaoti/kaoti20170406/index.php/file/photo/10372.jpg
INFO: [ app_init ] --START--
INFO: Run Behavior\BuildLiteBehavior [ RunTime:0.000040s ]
INFO: [ app_init ] --END-- [ RunTime:0.000669s ]
ERR: 无法加载模块:File

[ 2017-04-14T21:57:19+08:00 ] 127.0.0.1 /phpsite/hc/kaoti/kaoti20170406/index.php/file/photo/10354.jpg
INFO: [ app_init ] --START--
INFO: Run Behavior\BuildLiteBehavior [ RunTime:0.000041s ]
INFO: [ app_init ] --END-- [ RunTime:0.000751s ]
ERR: 无法加载模块:File

[ 2017-04-14T21:57:19+08:00 ] 127.0.0.1 /phpsite/hc/kaoti/kaoti20170406/index.php/file/photo/10598.jpg
INFO: [ app_init ] --START--
INFO: Run Behavior\BuildLiteBehavior [ RunTime:0.000069s ]
INFO: [ app_init ] --END-- [ RunTime:0.002854s ]
ERR: 无法加载模块:File

[ 2017-04-14T21:57:19+08:00 ] 127.0.0.1 /phpsite/hc/kaoti/kaoti20170406/index.php/file/photo/10474.jpg
INFO: [ app_init ] --START--
INFO: Run Behavior\BuildLiteBehavior [ RunTime:0.000041s ]
INFO: [ app_init ] --END-- [ RunTime:0.000792s ]
ERR: 无法加载模块:File

