[ 2017-06-17T00:24:00+08:00 ] 127.0.0.1 /phpsite/hc/kaoti/kaoti20170406/file/s100/2015091803411841613_1_1.344.png
INFO: [ app_init ] --START--
INFO: Run Behavior\BuildLiteBehavior [ RunTime:0.000041s ]
INFO: [ app_init ] --END-- [ RunTime:0.005584s ]
ERR: 无法加载模块:File

[ 2017-06-17T00:24:00+08:00 ] 127.0.0.1 /phpsite/hc/kaoti/kaoti20170406/file/s100/2015091803460971696_1_1.6753.jpg
INFO: [ app_init ] --START--
INFO: Run Behavior\BuildLiteBehavior [ RunTime:0.000043s ]
INFO: [ app_init ] --END-- [ RunTime:0.001283s ]
ERR: 无法加载模块:File

[ 2017-06-17T00:24:00+08:00 ] 127.0.0.1 /phpsite/hc/kaoti/kaoti20170406/file/s50/2016022417343437281_1_1.9767.jpg
INFO: [ app_init ] --START--
INFO: Run Behavior\BuildLiteBehavior [ RunTime:0.000041s ]
INFO: [ app_init ] --END-- [ RunTime:0.000730s ]
ERR: 无法加载模块:File


[ 2017-06-17T00:24:15+08:00 ] 127.0.0.1 /phpsite/hc/kaoti/kaoti20170406/123.jpg
INFO: [ app_init ] --START--
INFO: Run Behavior\BuildLiteBehavior [ RunTime:0.000040s ]
INFO: [ app_init ] --END-- [ RunTime:0.000802s ]
ERR: 无法加载模块:123

[ 2017-06-17T00:24:15+08:00 ] 127.0.0.1 /phpsite/hc/kaoti/kaoti20170406/456.jpg
INFO: [ app_init ] --START--
INFO: Run Behavior\BuildLiteBehavior [ RunTime:0.000041s ]
INFO: [ app_init ] --END-- [ RunTime:0.000750s ]
ERR: 无法加载模块:456

[ 2017-06-17T00:24:15+08:00 ] 127.0.0.1 /phpsite/hc/kaoti/kaoti20170406/file/s50/2016022417343437281_1_1.9767.jpg
INFO: [ app_init ] --START--
INFO: Run Behavior\BuildLiteBehavior [ RunTime:0.000041s ]
INFO: [ app_init ] --END-- [ RunTime:0.000702s ]
ERR: 无法加载模块:File

[ 2017-06-17T00:24:15+08:00 ] 127.0.0.1 /phpsite/hc/kaoti/kaoti20170406/%7Bphoto%7D
INFO: [ app_init ] --START--
INFO: Run Behavior\BuildLiteBehavior [ RunTime:0.000042s ]
INFO: [ app_init ] --END-- [ RunTime:0.000975s ]
ERR: 无法加载模块:{photo}

[ 2017-06-17T00:24:15+08:00 ] 127.0.0.1 /phpsite/hc/kaoti/kaoti20170406/file/s100/2015091804285992371_24_1.3333.jpg
INFO: [ app_init ] --START--
INFO: Run Behavior\BuildLiteBehavior [ RunTime:0.000045s ]
INFO: [ app_init ] --END-- [ RunTime:0.004369s ]
ERR: 无法加载模块:File

[ 2017-06-17T00:24:15+08:00 ] 127.0.0.1 /phpsite/hc/kaoti/kaoti20170406/file/s100/2015091804393623863_29_1.6753.jpg
INFO: [ app_init ] --START--
INFO: Run Behavior\BuildLiteBehavior [ RunTime:0.000043s ]
INFO: [ app_init ] --END-- [ RunTime:0.000732s ]
ERR: 无法加载模块:File

[ 2017-06-17T00:24:15+08:00 ] 127.0.0.1 /phpsite/hc/kaoti/kaoti20170406/file/s100/2015091803411841613_1_1.344.png
INFO: [ app_init ] --START--
INFO: Run Behavior\BuildLiteBehavior [ RunTime:0.000041s ]
INFO: [ app_init ] --END-- [ RunTime:0.001023s ]
ERR: 无法加载模块:File

[ 2017-06-17T00:24:15+08:00 ] 127.0.0.1 /phpsite/hc/kaoti/kaoti20170406/file/s100/2015091803460971696_1_1.6753.jpg
INFO: [ app_init ] --START--
INFO: Run Behavior\BuildLiteBehavior [ RunTime:0.000041s ]
INFO: [ app_init ] --END-- [ RunTime:0.000799s ]
ERR: 无法加载模块:File

[ 2017-06-17T01:09:27+08:00 ] 127.0.0.1 /phpsite/hc/kaoti/kaoti20170406/row1.photo
INFO: [ app_init ] --START--
INFO: Run Behavior\BuildLiteBehavior [ RunTime:0.000050s ]
INFO: [ app_init ] --END-- [ RunTime:0.000788s ]
ERR: 无法加载模块:Row1

[ 2017-06-17T01:42:57+08:00 ] 127.0.0.1 /phpsite/hc/kaoti/kaoti20170406/%7Bphoto%7D
INFO: [ app_init ] --START--
INFO: Run Behavior\BuildLiteBehavior [ RunTime:0.000043s ]
INFO: [ app_init ] --END-- [ RunTime:0.056016s ]
ERR: 无法加载模块:{photo}

[ 2017-06-17T01:42:57+08:00 ] 127.0.0.1 /phpsite/hc/kaoti/kaoti20170406/123.jpg
INFO: [ app_init ] --START--
INFO: Run Behavior\BuildLiteBehavior [ RunTime:0.000054s ]
INFO: [ app_init ] --END-- [ RunTime:0.000717s ]
ERR: 无法加载模块:123

[ 2017-06-17T03:05:02+08:00 ] 127.0.0.1 /phpsite/hc/kaoti/kaoti20170406/index.php/phpsite/hc/kaoti/kaoti20170406/index.php/User/Orders/index.html
INFO: [ app_init ] --START--
INFO: Run Behavior\BuildLiteBehavior [ RunTime:0.000067s ]
INFO: [ app_init ] --END-- [ RunTime:0.000924s ]
ERR: 无法加载模块:Phpsite

[ 2017-06-17T03:06:21+08:00 ] 127.0.0.1 /phpsite/hc/kaoti/kaoti20170406/index.php/phpsite/hc/kaoti/kaoti20170406/index.php/User/Orders/index.html
INFO: [ app_init ] --START--
INFO: Run Behavior\BuildLiteBehavior [ RunTime:0.000042s ]
INFO: [ app_init ] --END-- [ RunTime:0.000745s ]
ERR: 无法加载模块:Phpsite

[ 2017-06-17T03:06:22+08:00 ] 127.0.0.1 /phpsite/hc/kaoti/kaoti20170406/index.php/phpsite/hc/kaoti/kaoti20170406/index.php/User/Orders/index.html
INFO: [ app_init ] --START--
INFO: Run Behavior\BuildLiteBehavior [ RunTime:0.000039s ]
INFO: [ app_init ] --END-- [ RunTime:0.001532s ]
ERR: 无法加载模块:Phpsite

[ 2017-06-17T03:16:19+08:00 ] 127.0.0.1 /phpsite/hc/kaoti/kaoti20170406/456.jpg
INFO: [ app_init ] --START--
INFO: Run Behavior\BuildLiteBehavior [ RunTime:0.000040s ]
INFO: [ app_init ] --END-- [ RunTime:0.000976s ]
ERR: 无法加载模块:456

[ 2017-06-17T03:16:19+08:00 ] 127.0.0.1 /phpsite/hc/kaoti/kaoti20170406/123.jpg
INFO: [ app_init ] --START--
INFO: Run Behavior\BuildLiteBehavior [ RunTime:0.000041s ]
INFO: [ app_init ] --END-- [ RunTime:0.000733s ]
ERR: 无法加载模块:123

oto}

[ 2017-06-17T03:16:29+08:00 ] 127.0.0.1 /phpsite/hc/kaoti/kaoti20170406/123.jpg
INFO: [ app_init ] --START--
INFO: Run Behavior\BuildLiteBehavior [ RunTime:0.000040s ]
INFO: [ app_init ] --END-- [ RunTime:0.000742s ]
ERR: 无法加载模块:123

[ 2017-06-17T03:16:29+08:00 ] 127.0.0.1 /phpsite/hc/kaoti/kaoti20170406/456.jpg
INFO: [ app_init ] --START--
INFO: Run Behavior\BuildLiteBehavior [ RunTime:0.000043s ]
INFO: [ app_init ] --END-- [ RunTime:0.000764s ]
ERR: 无法加载模块:456

[ 2017-06-17T03:16:29+08:00 ] 127.0.0.1 /phpsite/hc/kaoti/kaoti20170406/%7Bphoto%7D
INFO: [ app_init ] --START--
INFO: Run Behavior\BuildLiteBehavior [ RunTime:0.000040s ]
INFO: [ app_init ] --END-- [ RunTime:0.000729s ]
ERR: 无法加载模块:{photo}

