[ 2017-10-31T17:20:20+08:00 ] 127.0.0.1 /file/img/touxiang/20170619/8a36d0a13de13de7f6c19b77a4e70282.jpg
INFO: [ app_init ] --START--
INFO: Run Behavior\BuildLiteBehavior [ RunTime:0.000000s ]
INFO: [ app_init ] --END-- [ RunTime:0.001001s ]
ERR: 无法加载模块:File

[ 2017-10-31T17:20:42+08:00 ] 127.0.0.1 /file/img/touxiang/20170619/8a36d0a13de13de7f6c19b77a4e70282.jpg
INFO: [ app_init ] --START--
INFO: Run Behavior\BuildLiteBehavior [ RunTime:0.000000s ]
INFO: [ app_init ] --END-- [ RunTime:0.000000s ]
ERR: 无法加载模块:File

[ 2017-10-31T17:20:50+08:00 ] 127.0.0.1 /file/img/touxiang/20170619/8a36d0a13de13de7f6c19b77a4e70282.jpg
INFO: [ app_init ] --START--
INFO: Run Behavior\BuildLiteBehavior [ RunTime:0.000000s ]
INFO: [ app_init ] --END-- [ RunTime:0.001000s ]
ERR: 无法加载模块:File

[ 2017-10-31T17:20:52+08:00 ] 127.0.0.1 /file/img/touxiang/20170619/8a36d0a13de13de7f6c19b77a4e70282.jpg
INFO: [ app_init ] --START--
INFO: Run Behavior\BuildLiteBehavior [ RunTime:0.000000s ]
INFO: [ app_init ] --END-- [ RunTime:0.000000s ]
ERR: 无法加载模块:File

[ 2017-10-31T17:20:58+08:00 ] 127.0.0.1 /file/img/touxiang/20170619/8a36d0a13de13de7f6c19b77a4e70282.jpg
INFO: [ app_init ] --START--
INFO: Run Behavior\BuildLiteBehavior [ RunTime:0.000000s ]
INFO: [ app_init ] --END-- [ RunTime:0.000000s ]
ERR: 无法加载模块:File

[ 2017-10-31T17:21:03+08:00 ] 127.0.0.1 /file/img/touxiang/20170619/8a36d0a13de13de7f6c19b77a4e70282.jpg
INFO: [ app_init ] --START--
INFO: Run Behavior\BuildLiteBehavior [ RunTime:0.000000s ]
INFO: [ app_init ] --END-- [ RunTime:0.001000s ]
ERR: 无法加载模块:File

