[ 2019-05-19T10:22:04+08:00 ] ::1 /favicon.ico
INFO: [ app_init ] --START--
INFO: Run Behavior\BuildLiteBehavior [ RunTime:0.000020s ]
INFO: [ app_init ] --END-- [ RunTime:0.000463s ]
ERR: 无法加载模块:Favicon

[ 2019-05-19T10:22:46+08:00 ] ::1 /Public/duihuakuang/duihuakuang.js?
INFO: [ app_init ] --START--
INFO: Run Behavior\BuildLiteBehavior [ RunTime:0.000025s ]
INFO: [ app_init ] --END-- [ RunTime:0.000623s ]
ERR: 无法加载模块:Public

[ 2019-05-19T10:22:46+08:00 ] ::1 /Public/duihuakuang/duihuakuang.css?
INFO: [ app_init ] --START--
INFO: Run Behavior\BuildLiteBehavior [ RunTime:0.000020s ]
INFO: [ app_init ] --END-- [ RunTime:0.000444s ]
ERR: 无法加载模块:Public

[ 2019-05-19T10:22:46+08:00 ] ::1 /Public/duihuakuang/duihuakuang.js?
INFO: [ app_init ] --START--
INFO: Run Behavior\BuildLiteBehavior [ RunTime:0.000020s ]
INFO: [ app_init ] --END-- [ RunTime:0.000453s ]
ERR: 无法加载模块:Public

[ 2019-05-19T10:22:46+08:00 ] ::1 /Public/duihuakuang/duihuakuang.css?
INFO: [ app_init ] --START--
INFO: Run Behavior\BuildLiteBehavior [ RunTime:0.000021s ]
INFO: [ app_init ] --END-- [ RunTime:0.000468s ]
ERR: 无法加载模块:Public

[ 2019-05-19T10:22:50+08:00 ] ::1 /Public/duihuakuang/duihuakuang.js?
INFO: [ app_init ] --START--
INFO: Run Behavior\BuildLiteBehavior [ RunTime:0.000021s ]
INFO: [ app_init ] --END-- [ RunTime:0.000447s ]
ERR: 无法加载模块:Public

[ 2019-05-19T10:22:50+08:00 ] ::1 /Public/duihuakuang/duihuakuang.css?
INFO: [ app_init ] --START--
INFO: Run Behavior\BuildLiteBehavior [ RunTime:0.000023s ]
INFO: [ app_init ] --END-- [ RunTime:0.000605s ]
ERR: 无法加载模块:Public

[ 2019-05-19T10:22:50+08:00 ] ::1 /Public/duihuakuang/duihuakuang.js?
INFO: [ app_init ] --START--
INFO: Run Behavior\BuildLiteBehavior [ RunTime:0.000025s ]
INFO: [ app_init ] --END-- [ RunTime:0.000388s ]
ERR: 无法加载模块:Public

[ 2019-05-19T10:22:50+08:00 ] ::1 /Public/duihuakuang/duihuakuang.css?
INFO: [ app_init ] --START--
INFO: Run Behavior\BuildLiteBehavior [ RunTime:0.000014s ]
INFO: [ app_init ] --END-- [ RunTime:0.000301s ]
ERR: 无法加载模块:Public

[ 2019-05-19T11:49:21+08:00 ] ::1 /Public/duihuakuang/duihuakuang.js?
INFO: [ app_init ] --START--
INFO: Run Behavior\BuildLiteBehavior [ RunTime:0.000013s ]
INFO: [ app_init ] --END-- [ RunTime:0.000326s ]
ERR: 无法加载模块:Public

[ 2019-05-19T11:49:21+08:00 ] ::1 /Public/duihuakuang/duihuakuang.css?
INFO: [ app_init ] --START--
INFO: Run Behavior\BuildLiteBehavior [ RunTime:0.000014s ]
INFO: [ app_init ] --END-- [ RunTime:0.000343s ]
ERR: 无法加载模块:Public

[ 2019-05-19T11:49:21+08:00 ] ::1 /Public/duihuakuang/duihuakuang.js?
INFO: [ app_init ] --START--
INFO: Run Behavior\BuildLiteBehavior [ RunTime:0.000014s ]
INFO: [ app_init ] --END-- [ RunTime:0.000299s ]
ERR: 无法加载模块:Public

[ 2019-05-19T11:49:21+08:00 ] ::1 /Public/duihuakuang/duihuakuang.css?
INFO: [ app_init ] --START--
INFO: Run Behavior\BuildLiteBehavior [ RunTime:0.000012s ]
INFO: [ app_init ] --END-- [ RunTime:0.000278s ]
ERR: 无法加载模块:Public

[ 2019-05-19T11:49:31+08:00 ] ::1 /Public/duihuakuang/duihuakuang.js?
INFO: [ app_init ] --START--
INFO: Run Behavior\BuildLiteBehavior [ RunTime:0.000018s ]
INFO: [ app_init ] --END-- [ RunTime:0.000403s ]
ERR: 无法加载模块:Public

[ 2019-05-19T11:49:31+08:00 ] ::1 /Public/duihuakuang/duihuakuang.css?
INFO: [ app_init ] --START--
INFO: Run Behavior\BuildLiteBehavior [ RunTime:0.000017s ]
INFO: [ app_init ] --END-- [ RunTime:0.000436s ]
ERR: 无法加载模块:Public

[ 2019-05-19T11:49:32+08:00 ] ::1 /Public/duihuakuang/duihuakuang.js?
INFO: [ app_init ] --START--
INFO: Run Behavior\BuildLiteBehavior [ RunTime:0.000014s ]
INFO: [ app_init ] --END-- [ RunTime:0.000304s ]
ERR: 无法加载模块:Public

[ 2019-05-19T11:49:32+08:00 ] ::1 /Public/duihuakuang/duihuakuang.css?
INFO: [ app_init ] --START--
INFO: Run Behavior\BuildLiteBehavior [ RunTime:0.000013s ]
INFO: [ app_init ] --END-- [ RunTime:0.000280s ]
ERR: 无法加载模块:Public

[ 2019-05-19T11:53:30+08:00 ] ::1 /Public/duihuakuang/duihuakuang.js?
INFO: [ app_init ] --START--
INFO: Run Behavior\BuildLiteBehavior [ RunTime:0.000019s ]
INFO: [ app_init ] --END-- [ RunTime:0.000412s ]
ERR: 无法加载模块:Public

[ 2019-05-19T11:53:30+08:00 ] ::1 /Public/duihuakuang/duihuakuang.css?
INFO: [ app_init ] --START--
INFO: Run Behavior\BuildLiteBehavior [ RunTime:0.000019s ]
INFO: [ app_init ] --END-- [ RunTime:0.000477s ]
ERR: 无法加载模块:Public

[ 2019-05-19T11:53:30+08:00 ] ::1 /Public/duihuakuang/duihuakuang.js?
INFO: [ app_init ] --START--
INFO: Run Behavior\BuildLiteBehavior [ RunTime:0.000012s ]
INFO: [ app_init ] --END-- [ RunTime:0.000271s ]
ERR: 无法加载模块:Public

[ 2019-05-19T11:53:30+08:00 ] ::1 /Public/duihuakuang/duihuakuang.css?
INFO: [ app_init ] --START--
INFO: Run Behavior\BuildLiteBehavior [ RunTime:0.000011s ]
INFO: [ app_init ] --END-- [ RunTime:0.000271s ]
ERR: 无法加载模块:Public

[ 2019-05-19T11:53:34+08:00 ] ::1 /Public/duihuakuang/duihuakuang.css?
INFO: [ app_init ] --START--
INFO: Run Behavior\BuildLiteBehavior [ RunTime:0.000018s ]
INFO: [ app_init ] --END-- [ RunTime:0.000344s ]
ERR: 无法加载模块:Public

[ 2019-05-19T11:53:34+08:00 ] ::1 /Public/duihuakuang/duihuakuang.js?
INFO: [ app_init ] --START--
INFO: Run Behavior\BuildLiteBehavior [ RunTime:0.000022s ]
INFO: [ app_init ] --END-- [ RunTime:0.000521s ]
ERR: 无法加载模块:Public

[ 2019-05-19T11:53:35+08:00 ] ::1 /Public/duihuakuang/duihuakuang.js?
INFO: [ app_init ] --START--
INFO: Run Behavior\BuildLiteBehavior [ RunTime:0.000012s ]
INFO: [ app_init ] --END-- [ RunTime:0.000275s ]
ERR: 无法加载模块:Public

[ 2019-05-19T11:53:35+08:00 ] ::1 /Public/duihuakuang/duihuakuang.css?
INFO: [ app_init ] --START--
INFO: Run Behavior\BuildLiteBehavior [ RunTime:0.000012s ]
INFO: [ app_init ] --END-- [ RunTime:0.000274s ]
ERR: 无法加载模块:Public

[ 2019-05-19T11:53:40+08:00 ] ::1 /Public/duihuakuang/duihuakuang.css?
INFO: [ app_init ] --START--
INFO: Run Behavior\BuildLiteBehavior [ RunTime:0.000016s ]
INFO: [ app_init ] --END-- [ RunTime:0.000385s ]
ERR: 无法加载模块:Public

[ 2019-05-19T11:53:40+08:00 ] ::1 /Public/duihuakuang/duihuakuang.js?
INFO: [ app_init ] --START--
INFO: Run Behavior\BuildLiteBehavior [ RunTime:0.000012s ]
INFO: [ app_init ] --END-- [ RunTime:0.000281s ]
ERR: 无法加载模块:Public

[ 2019-05-19T11:53:40+08:00 ] ::1 /Public/duihuakuang/duihuakuang.js?
INFO: [ app_init ] --START--
INFO: Run Behavior\BuildLiteBehavior [ RunTime:0.000013s ]
INFO: [ app_init ] --END-- [ RunTime:0.000294s ]
ERR: 无法加载模块:Public

[ 2019-05-19T11:53:40+08:00 ] ::1 /Public/duihuakuang/duihuakuang.css?
INFO: [ app_init ] --START--
INFO: Run Behavior\BuildLiteBehavior [ RunTime:0.000012s ]
INFO: [ app_init ] --END-- [ RunTime:0.000272s ]
ERR: 无法加载模块:Public

[ 2019-05-19T11:53:51+08:00 ] ::1 /Public/duihuakuang/duihuakuang.js?
INFO: [ app_init ] --START--
INFO: Run Behavior\BuildLiteBehavior [ RunTime:0.000014s ]
INFO: [ app_init ] --END-- [ RunTime:0.000288s ]
ERR: 无法加载模块:Public

[ 2019-05-19T11:53:51+08:00 ] ::1 /Public/duihuakuang/duihuakuang.css?
INFO: [ app_init ] --START--
INFO: Run Behavior\BuildLiteBehavior [ RunTime:0.000020s ]
INFO: [ app_init ] --END-- [ RunTime:0.000494s ]
ERR: 无法加载模块:Public

[ 2019-05-19T11:53:51+08:00 ] ::1 /Public/duihuakuang/duihuakuang.js?
INFO: [ app_init ] --START--
INFO: Run Behavior\BuildLiteBehavior [ RunTime:0.000013s ]
INFO: [ app_init ] --END-- [ RunTime:0.000284s ]
ERR: 无法加载模块:Public

[ 2019-05-19T11:53:51+08:00 ] ::1 /Public/duihuakuang/duihuakuang.css?
INFO: [ app_init ] --START--
INFO: Run Behavior\BuildLiteBehavior [ RunTime:0.000013s ]
INFO: [ app_init ] --END-- [ RunTime:0.000282s ]
ERR: 无法加载模块:Public

[ 2019-05-19T11:54:02+08:00 ] ::1 /Public/duihuakuang/duihuakuang.js?
INFO: [ app_init ] --START--
INFO: Run Behavior\BuildLiteBehavior [ RunTime:0.000013s ]
INFO: [ app_init ] --END-- [ RunTime:0.000296s ]
ERR: 无法加载模块:Public

[ 2019-05-19T11:54:02+08:00 ] ::1 /Public/duihuakuang/duihuakuang.css?
INFO: [ app_init ] --START--
INFO: Run Behavior\BuildLiteBehavior [ RunTime:0.000023s ]
INFO: [ app_init ] --END-- [ RunTime:0.000471s ]
ERR: 无法加载模块:Public

[ 2019-05-19T11:54:02+08:00 ] ::1 /Public/duihuakuang/duihuakuang.js?
INFO: [ app_init ] --START--
INFO: Run Behavior\BuildLiteBehavior [ RunTime:0.000012s ]
INFO: [ app_init ] --END-- [ RunTime:0.000277s ]
ERR: 无法加载模块:Public

[ 2019-05-19T11:54:02+08:00 ] ::1 /Public/duihuakuang/duihuakuang.css?
INFO: [ app_init ] --START--
INFO: Run Behavior\BuildLiteBehavior [ RunTime:0.000013s ]
INFO: [ app_init ] --END-- [ RunTime:0.000275s ]
ERR: 无法加载模块:Public

[ 2019-05-19T11:54:06+08:00 ] ::1 /Public/duihuakuang/duihuakuang.js?
INFO: [ app_init ] --START--
INFO: Run Behavior\BuildLiteBehavior [ RunTime:0.000014s ]
INFO: [ app_init ] --END-- [ RunTime:0.000280s ]
ERR: 无法加载模块:Public

[ 2019-05-19T11:54:06+08:00 ] ::1 /Public/duihuakuang/duihuakuang.css?
INFO: [ app_init ] --START--
INFO: Run Behavior\BuildLiteBehavior [ RunTime:0.000017s ]
INFO: [ app_init ] --END-- [ RunTime:0.000419s ]
ERR: 无法加载模块:Public

[ 2019-05-19T11:54:06+08:00 ] ::1 /Public/duihuakuang/duihuakuang.js?
INFO: [ app_init ] --START--
INFO: Run Behavior\BuildLiteBehavior [ RunTime:0.000012s ]
INFO: [ app_init ] --END-- [ RunTime:0.000273s ]
ERR: 无法加载模块:Public

[ 2019-05-19T11:54:06+08:00 ] ::1 /Public/duihuakuang/duihuakuang.css?
INFO: [ app_init ] --START--
INFO: Run Behavior\BuildLiteBehavior [ RunTime:0.000012s ]
INFO: [ app_init ] --END-- [ RunTime:0.000275s ]
ERR: 无法加载模块:Public

[ 2019-05-19T11:54:10+08:00 ] ::1 /Public/duihuakuang/duihuakuang.css?
INFO: [ app_init ] --START--
INFO: Run Behavior\BuildLiteBehavior [ RunTime:0.000013s ]
INFO: [ app_init ] --END-- [ RunTime:0.000287s ]
ERR: 无法加载模块:Public

[ 2019-05-19T11:54:10+08:00 ] ::1 /Public/duihuakuang/duihuakuang.js?
INFO: [ app_init ] --START--
INFO: Run Behavior\BuildLiteBehavior [ RunTime:0.000020s ]
INFO: [ app_init ] --END-- [ RunTime:0.000497s ]
ERR: 无法加载模块:Public

[ 2019-05-19T11:54:10+08:00 ] ::1 /Public/duihuakuang/duihuakuang.js?
INFO: [ app_init ] --START--
INFO: Run Behavior\BuildLiteBehavior [ RunTime:0.000012s ]
INFO: [ app_init ] --END-- [ RunTime:0.000276s ]
ERR: 无法加载模块:Public

[ 2019-05-19T11:54:10+08:00 ] ::1 /Public/duihuakuang/duihuakuang.css?
INFO: [ app_init ] --START--
INFO: Run Behavior\BuildLiteBehavior [ RunTime:0.000012s ]
INFO: [ app_init ] --END-- [ RunTime:0.000271s ]
ERR: 无法加载模块:Public

[ 2019-05-19T11:54:17+08:00 ] ::1 /Public/duihuakuang/duihuakuang.css?
INFO: [ app_init ] --START--
INFO: Run Behavior\BuildLiteBehavior [ RunTime:0.000013s ]
INFO: [ app_init ] --END-- [ RunTime:0.000285s ]
ERR: 无法加载模块:Public

[ 2019-05-19T11:54:17+08:00 ] ::1 /Public/duihuakuang/duihuakuang.js?
INFO: [ app_init ] --START--
INFO: Run Behavior\BuildLiteBehavior [ RunTime:0.000023s ]
INFO: [ app_init ] --END-- [ RunTime:0.000500s ]
ERR: 无法加载模块:Public

[ 2019-05-19T11:54:17+08:00 ] ::1 /Public/duihuakuang/duihuakuang.js?
INFO: [ app_init ] --START--
INFO: Run Behavior\BuildLiteBehavior [ RunTime:0.000012s ]
INFO: [ app_init ] --END-- [ RunTime:0.000279s ]
ERR: 无法加载模块:Public

[ 2019-05-19T11:54:17+08:00 ] ::1 /Public/duihuakuang/duihuakuang.css?
INFO: [ app_init ] --START--
INFO: Run Behavior\BuildLiteBehavior [ RunTime:0.000011s ]
INFO: [ app_init ] --END-- [ RunTime:0.000271s ]
ERR: 无法加载模块:Public

[ 2019-05-19T11:54:21+08:00 ] ::1 /Public/duihuakuang/duihuakuang.js?
INFO: [ app_init ] --START--
INFO: Run Behavior\BuildLiteBehavior [ RunTime:0.000013s ]
INFO: [ app_init ] --END-- [ RunTime:0.000331s ]
ERR: 无法加载模块:Public

[ 2019-05-19T11:54:21+08:00 ] ::1 /Public/duihuakuang/duihuakuang.css?
INFO: [ app_init ] --START--
INFO: Run Behavior\BuildLiteBehavior [ RunTime:0.000030s ]
INFO: [ app_init ] --END-- [ RunTime:0.000632s ]
ERR: 无法加载模块:Public

[ 2019-05-19T11:54:21+08:00 ] ::1 /Public/duihuakuang/duihuakuang.js?
INFO: [ app_init ] --START--
INFO: Run Behavior\BuildLiteBehavior [ RunTime:0.000013s ]
INFO: [ app_init ] --END-- [ RunTime:0.000278s ]
ERR: 无法加载模块:Public

[ 2019-05-19T11:54:21+08:00 ] ::1 /Public/duihuakuang/duihuakuang.css?
INFO: [ app_init ] --START--
INFO: Run Behavior\BuildLiteBehavior [ RunTime:0.000012s ]
INFO: [ app_init ] --END-- [ RunTime:0.000273s ]
ERR: 无法加载模块:Public

[ 2019-05-19T11:54:25+08:00 ] ::1 /Public/duihuakuang/duihuakuang.js?
INFO: [ app_init ] --START--
INFO: Run Behavior\BuildLiteBehavior [ RunTime:0.000020s ]
INFO: [ app_init ] --END-- [ RunTime:0.000441s ]
ERR: 无法加载模块:Public

[ 2019-05-19T11:54:25+08:00 ] ::1 /Public/duihuakuang/duihuakuang.css?
INFO: [ app_init ] --START--
INFO: Run Behavior\BuildLiteBehavior [ RunTime:0.000023s ]
INFO: [ app_init ] --END-- [ RunTime:0.000442s ]
ERR: 无法加载模块:Public

[ 2019-05-19T11:54:25+08:00 ] ::1 /Public/duihuakuang/duihuakuang.js?
INFO: [ app_init ] --START--
INFO: Run Behavior\BuildLiteBehavior [ RunTime:0.000017s ]
INFO: [ app_init ] --END-- [ RunTime:0.000383s ]
ERR: 无法加载模块:Public

[ 2019-05-19T11:54:25+08:00 ] ::1 /Public/duihuakuang/duihuakuang.css?
INFO: [ app_init ] --START--
INFO: Run Behavior\BuildLiteBehavior [ RunTime:0.000025s ]
INFO: [ app_init ] --END-- [ RunTime:0.000437s ]
ERR: 无法加载模块:Public

[ 2019-05-19T11:54:29+08:00 ] ::1 /Public/duihuakuang/duihuakuang.js?
INFO: [ app_init ] --START--
INFO: Run Behavior\BuildLiteBehavior [ RunTime:0.000014s ]
INFO: [ app_init ] --END-- [ RunTime:0.000304s ]
ERR: 无法加载模块:Public

[ 2019-05-19T11:54:29+08:00 ] ::1 /Public/duihuakuang/duihuakuang.css?
INFO: [ app_init ] --START--
INFO: Run Behavior\BuildLiteBehavior [ RunTime:0.000020s ]
INFO: [ app_init ] --END-- [ RunTime:0.000500s ]
ERR: 无法加载模块:Public

[ 2019-05-19T11:54:29+08:00 ] ::1 /Public/duihuakuang/duihuakuang.js?
INFO: [ app_init ] --START--
INFO: Run Behavior\BuildLiteBehavior [ RunTime:0.000012s ]
INFO: [ app_init ] --END-- [ RunTime:0.000271s ]
ERR: 无法加载模块:Public

[ 2019-05-19T11:54:29+08:00 ] ::1 /Public/duihuakuang/duihuakuang.css?
INFO: [ app_init ] --START--
INFO: Run Behavior\BuildLiteBehavior [ RunTime:0.000012s ]
INFO: [ app_init ] --END-- [ RunTime:0.000278s ]
ERR: 无法加载模块:Public

[ 2019-05-19T11:54:33+08:00 ] ::1 /Public/duihuakuang/duihuakuang.js?
INFO: [ app_init ] --START--
INFO: Run Behavior\BuildLiteBehavior [ RunTime:0.000018s ]
INFO: [ app_init ] --END-- [ RunTime:0.000405s ]
ERR: 无法加载模块:Public

[ 2019-05-19T11:54:33+08:00 ] ::1 /Public/duihuakuang/duihuakuang.css?
INFO: [ app_init ] --START--
INFO: Run Behavior\BuildLiteBehavior [ RunTime:0.000013s ]
INFO: [ app_init ] --END-- [ RunTime:0.000280s ]
ERR: 无法加载模块:Public

[ 2019-05-19T11:54:34+08:00 ] ::1 /Public/duihuakuang/duihuakuang.js?
INFO: [ app_init ] --START--
INFO: Run Behavior\BuildLiteBehavior [ RunTime:0.000018s ]
INFO: [ app_init ] --END-- [ RunTime:0.000477s ]
ERR: 无法加载模块:Public

[ 2019-05-19T11:54:34+08:00 ] ::1 /Public/duihuakuang/duihuakuang.css?
INFO: [ app_init ] --START--
INFO: Run Behavior\BuildLiteBehavior [ RunTime:0.000013s ]
INFO: [ app_init ] --END-- [ RunTime:0.000281s ]
ERR: 无法加载模块:Public

[ 2019-05-19T11:57:36+08:00 ] ::1 /Public/duihuakuang/duihuakuang.css?
INFO: [ app_init ] --START--
INFO: Run Behavior\BuildLiteBehavior [ RunTime:0.000015s ]
INFO: [ app_init ] --END-- [ RunTime:0.000339s ]
ERR: 无法加载模块:Public

[ 2019-05-19T11:57:36+08:00 ] ::1 /Public/duihuakuang/duihuakuang.js?
INFO: [ app_init ] --START--
INFO: Run Behavior\BuildLiteBehavior [ RunTime:0.000023s ]
INFO: [ app_init ] --END-- [ RunTime:0.000489s ]
ERR: 无法加载模块:Public

[ 2019-05-19T11:57:37+08:00 ] ::1 /Public/duihuakuang/duihuakuang.js?
INFO: [ app_init ] --START--
INFO: Run Behavior\BuildLiteBehavior [ RunTime:0.000012s ]
INFO: [ app_init ] --END-- [ RunTime:0.000279s ]
ERR: 无法加载模块:Public

[ 2019-05-19T11:57:37+08:00 ] ::1 /Public/duihuakuang/duihuakuang.css?
INFO: [ app_init ] --START--
INFO: Run Behavior\BuildLiteBehavior [ RunTime:0.000012s ]
INFO: [ app_init ] --END-- [ RunTime:0.000274s ]
ERR: 无法加载模块:Public

[ 2019-05-19T11:57:39+08:00 ] ::1 /Public/duihuakuang/duihuakuang.css?
INFO: [ app_init ] --START--
INFO: Run Behavior\BuildLiteBehavior [ RunTime:0.000014s ]
INFO: [ app_init ] --END-- [ RunTime:0.000347s ]
ERR: 无法加载模块:Public

[ 2019-05-19T11:57:39+08:00 ] ::1 /Public/duihuakuang/duihuakuang.js?
INFO: [ app_init ] --START--
INFO: Run Behavior\BuildLiteBehavior [ RunTime:0.000019s ]
INFO: [ app_init ] --END-- [ RunTime:0.000454s ]
ERR: 无法加载模块:Public

[ 2019-05-19T11:57:39+08:00 ] ::1 /Public/duihuakuang/duihuakuang.js?
INFO: [ app_init ] --START--
INFO: Run Behavior\BuildLiteBehavior [ RunTime:0.000022s ]
INFO: [ app_init ] --END-- [ RunTime:0.000587s ]
ERR: 无法加载模块:Public

[ 2019-05-19T11:57:39+08:00 ] ::1 /Public/duihuakuang/duihuakuang.css?
INFO: [ app_init ] --START--
INFO: Run Behavior\BuildLiteBehavior [ RunTime:0.000013s ]
INFO: [ app_init ] --END-- [ RunTime:0.000295s ]
ERR: 无法加载模块:Public

[ 2019-05-19T11:59:37+08:00 ] ::1 /Public/duihuakuang/duihuakuang.css?
INFO: [ app_init ] --START--
INFO: Run Behavior\BuildLiteBehavior [ RunTime:0.000022s ]
INFO: [ app_init ] --END-- [ RunTime:0.000473s ]
ERR: 无法加载模块:Public

[ 2019-05-19T11:59:37+08:00 ] ::1 /Public/duihuakuang/duihuakuang.js?
INFO: [ app_init ] --START--
INFO: Run Behavior\BuildLiteBehavior [ RunTime:0.000021s ]
INFO: [ app_init ] --END-- [ RunTime:0.000525s ]
ERR: 无法加载模块:Public

[ 2019-05-19T11:59:37+08:00 ] ::1 /Public/duihuakuang/duihuakuang.js?
INFO: [ app_init ] --START--
INFO: Run Behavior\BuildLiteBehavior [ RunTime:0.000011s ]
INFO: [ app_init ] --END-- [ RunTime:0.000274s ]
ERR: 无法加载模块:Public

[ 2019-05-19T11:59:37+08:00 ] ::1 /Public/duihuakuang/duihuakuang.css?
INFO: [ app_init ] --START--
INFO: Run Behavior\BuildLiteBehavior [ RunTime:0.000011s ]
INFO: [ app_init ] --END-- [ RunTime:0.000271s ]
ERR: 无法加载模块:Public

[ 2019-05-19T11:59:44+08:00 ] ::1 /Public/duihuakuang/duihuakuang.js?
INFO: [ app_init ] --START--
INFO: Run Behavior\BuildLiteBehavior [ RunTime:0.000016s ]
INFO: [ app_init ] --END-- [ RunTime:0.000337s ]
ERR: 无法加载模块:Public

[ 2019-05-19T11:59:44+08:00 ] ::1 /Public/duihuakuang/duihuakuang.css?
INFO: [ app_init ] --START--
INFO: Run Behavior\BuildLiteBehavior [ RunTime:0.000019s ]
INFO: [ app_init ] --END-- [ RunTime:0.000453s ]
ERR: 无法加载模块:Public

[ 2019-05-19T11:59:44+08:00 ] ::1 /Public/duihuakuang/duihuakuang.js?
INFO: [ app_init ] --START--
INFO: Run Behavior\BuildLiteBehavior [ RunTime:0.000012s ]
INFO: [ app_init ] --END-- [ RunTime:0.000276s ]
ERR: 无法加载模块:Public

[ 2019-05-19T11:59:44+08:00 ] ::1 /Public/duihuakuang/duihuakuang.css?
INFO: [ app_init ] --START--
INFO: Run Behavior\BuildLiteBehavior [ RunTime:0.000013s ]
INFO: [ app_init ] --END-- [ RunTime:0.000278s ]
ERR: 无法加载模块:Public

[ 2019-05-19T13:23:32+08:00 ] ::1 /Public/duihuakuang/duihuakuang.js?
INFO: [ app_init ] --START--
INFO: Run Behavior\BuildLiteBehavior [ RunTime:0.000021s ]
INFO: [ app_init ] --END-- [ RunTime:0.000488s ]
ERR: 无法加载模块:Public

[ 2019-05-19T13:23:32+08:00 ] ::1 /Public/duihuakuang/duihuakuang.css?
INFO: [ app_init ] --START--
INFO: Run Behavior\BuildLiteBehavior [ RunTime:0.000020s ]
INFO: [ app_init ] --END-- [ RunTime:0.000495s ]
ERR: 无法加载模块:Public

[ 2019-05-19T13:23:32+08:00 ] ::1 /Public/duihuakuang/duihuakuang.js?
INFO: [ app_init ] --START--
INFO: Run Behavior\BuildLiteBehavior [ RunTime:0.000012s ]
INFO: [ app_init ] --END-- [ RunTime:0.000281s ]
ERR: 无法加载模块:Public

[ 2019-05-19T13:23:33+08:00 ] ::1 /Public/duihuakuang/duihuakuang.css?
INFO: [ app_init ] --START--
INFO: Run Behavior\BuildLiteBehavior [ RunTime:0.000011s ]
INFO: [ app_init ] --END-- [ RunTime:0.000271s ]
ERR: 无法加载模块:Public

[ 2019-05-19T13:25:57+08:00 ] ::1 /Public/duihuakuang/duihuakuang.css?
INFO: [ app_init ] --START--
INFO: Run Behavior\BuildLiteBehavior [ RunTime:0.000028s ]
INFO: [ app_init ] --END-- [ RunTime:0.000818s ]
ERR: 无法加载模块:Public

[ 2019-05-19T13:25:57+08:00 ] ::1 /Public/duihuakuang/duihuakuang.js?
INFO: [ app_init ] --START--
INFO: Run Behavior\BuildLiteBehavior [ RunTime:0.000014s ]
INFO: [ app_init ] --END-- [ RunTime:0.000407s ]
ERR: 无法加载模块:Public

[ 2019-05-19T13:25:57+08:00 ] ::1 /Public/duihuakuang/duihuakuang.js?
INFO: [ app_init ] --START--
INFO: Run Behavior\BuildLiteBehavior [ RunTime:0.000012s ]
INFO: [ app_init ] --END-- [ RunTime:0.000291s ]
ERR: 无法加载模块:Public

[ 2019-05-19T13:25:57+08:00 ] ::1 /Public/duihuakuang/duihuakuang.css?
INFO: [ app_init ] --START--
INFO: Run Behavior\BuildLiteBehavior [ RunTime:0.000012s ]
INFO: [ app_init ] --END-- [ RunTime:0.000278s ]
ERR: 无法加载模块:Public

[ 2019-05-19T13:33:46+08:00 ] ::1 /Public/duihuakuang/duihuakuang.js?
INFO: [ app_init ] --START--
INFO: Run Behavior\BuildLiteBehavior [ RunTime:0.000023s ]
INFO: [ app_init ] --END-- [ RunTime:0.000608s ]
ERR: 无法加载模块:Public

[ 2019-05-19T13:33:46+08:00 ] ::1 /Public/duihuakuang/duihuakuang.css?
INFO: [ app_init ] --START--
INFO: Run Behavior\BuildLiteBehavior [ RunTime:0.000020s ]
INFO: [ app_init ] --END-- [ RunTime:0.000482s ]
ERR: 无法加载模块:Public

[ 2019-05-19T13:33:46+08:00 ] ::1 /Public/duihuakuang/duihuakuang.js?
INFO: [ app_init ] --START--
INFO: Run Behavior\BuildLiteBehavior [ RunTime:0.000013s ]
INFO: [ app_init ] --END-- [ RunTime:0.000280s ]
ERR: 无法加载模块:Public

[ 2019-05-19T13:33:46+08:00 ] ::1 /Public/duihuakuang/duihuakuang.css?
INFO: [ app_init ] --START--
INFO: Run Behavior\BuildLiteBehavior [ RunTime:0.000013s ]
INFO: [ app_init ] --END-- [ RunTime:0.000309s ]
ERR: 无法加载模块:Public

[ 2019-05-19T13:39:32+08:00 ] ::1 /Public/duihuakuang/duihuakuang.js?
INFO: [ app_init ] --START--
INFO: Run Behavior\BuildLiteBehavior [ RunTime:0.000019s ]
INFO: [ app_init ] --END-- [ RunTime:0.000414s ]
ERR: 无法加载模块:Public

[ 2019-05-19T13:39:32+08:00 ] ::1 /Public/duihuakuang/duihuakuang.css?
INFO: [ app_init ] --START--
INFO: Run Behavior\BuildLiteBehavior [ RunTime:0.000014s ]
INFO: [ app_init ] --END-- [ RunTime:0.000421s ]
ERR: 无法加载模块:Public

[ 2019-05-19T13:39:32+08:00 ] ::1 /Public/duihuakuang/duihuakuang.js?
INFO: [ app_init ] --START--
INFO: Run Behavior\BuildLiteBehavior [ RunTime:0.000023s ]
INFO: [ app_init ] --END-- [ RunTime:0.000507s ]
ERR: 无法加载模块:Public

[ 2019-05-19T13:39:33+08:00 ] ::1 /Public/duihuakuang/duihuakuang.css?
INFO: [ app_init ] --START--
INFO: Run Behavior\BuildLiteBehavior [ RunTime:0.000021s ]
INFO: [ app_init ] --END-- [ RunTime:0.000406s ]
ERR: 无法加载模块:Public

[ 2019-05-19T13:46:05+08:00 ] ::1 /Public/duihuakuang/duihuakuang.css?
INFO: [ app_init ] --START--
INFO: Run Behavior\BuildLiteBehavior [ RunTime:0.000025s ]
INFO: [ app_init ] --END-- [ RunTime:0.000592s ]
ERR: 无法加载模块:Public

[ 2019-05-19T14:52:11+08:00 ] ::1 /Public/duihuakuang/duihuakuang.css?
INFO: [ app_init ] --START--
INFO: Run Behavior\BuildLiteBehavior [ RunTime:0.000029s ]
INFO: [ app_init ] --END-- [ RunTime:0.000604s ]
ERR: 无法加载模块:Public

[ 2019-05-19T14:52:11+08:00 ] ::1 /Public/duihuakuang/duihuakuang.js?
INFO: [ app_init ] --START--
INFO: Run Behavior\BuildLiteBehavior [ RunTime:0.000018s ]
INFO: [ app_init ] --END-- [ RunTime:0.000429s ]
ERR: 无法加载模块:Public

[ 2019-05-19T14:52:11+08:00 ] ::1 /Public/duihuakuang/duihuakuang.js?
INFO: [ app_init ] --START--
INFO: Run Behavior\BuildLiteBehavior [ RunTime:0.000017s ]
INFO: [ app_init ] --END-- [ RunTime:0.000543s ]
ERR: 无法加载模块:Public

[ 2019-05-19T14:52:11+08:00 ] ::1 /Public/duihuakuang/duihuakuang.css?
INFO: [ app_init ] --START--
INFO: Run Behavior\BuildLiteBehavior [ RunTime:0.000012s ]
INFO: [ app_init ] --END-- [ RunTime:0.000272s ]
ERR: 无法加载模块:Public

[ 2019-05-19T15:04:07+08:00 ] ::1 /Public/duihuakuang/duihuakuang.js?
INFO: [ app_init ] --START--
INFO: Run Behavior\BuildLiteBehavior [ RunTime:0.000021s ]
INFO: [ app_init ] --END-- [ RunTime:0.000421s ]
ERR: 无法加载模块:Public

[ 2019-05-19T15:04:07+08:00 ] ::1 /Public/duihuakuang/duihuakuang.css?
INFO: [ app_init ] --START--
INFO: Run Behavior\BuildLiteBehavior [ RunTime:0.000032s ]
INFO: [ app_init ] --END-- [ RunTime:0.000808s ]
ERR: 无法加载模块:Public

[ 2019-05-19T15:04:07+08:00 ] ::1 /Public/duihuakuang/duihuakuang.js?
INFO: [ app_init ] --START--
INFO: Run Behavior\BuildLiteBehavior [ RunTime:0.000013s ]
INFO: [ app_init ] --END-- [ RunTime:0.000276s ]
ERR: 无法加载模块:Public

[ 2019-05-19T15:04:07+08:00 ] ::1 /Public/duihuakuang/duihuakuang.css?
INFO: [ app_init ] --START--
INFO: Run Behavior\BuildLiteBehavior [ RunTime:0.000012s ]
INFO: [ app_init ] --END-- [ RunTime:0.000269s ]
ERR: 无法加载模块:Public

[ 2019-05-19T15:04:59+08:00 ] ::1 /Public/duihuakuang/duihuakuang.js?
INFO: [ app_init ] --START--
INFO: Run Behavior\BuildLiteBehavior [ RunTime:0.000013s ]
INFO: [ app_init ] --END-- [ RunTime:0.000286s ]
ERR: 无法加载模块:Public

[ 2019-05-19T15:04:59+08:00 ] ::1 /Public/duihuakuang/duihuakuang.css?
INFO: [ app_init ] --START--
INFO: Run Behavior\BuildLiteBehavior [ RunTime:0.000022s ]
INFO: [ app_init ] --END-- [ RunTime:0.000512s ]
ERR: 无法加载模块:Public

[ 2019-05-19T15:04:59+08:00 ] ::1 /Public/duihuakuang/duihuakuang.js?
INFO: [ app_init ] --START--
INFO: Run Behavior\BuildLiteBehavior [ RunTime:0.000012s ]
INFO: [ app_init ] --END-- [ RunTime:0.000286s ]
ERR: 无法加载模块:Public

[ 2019-05-19T15:04:59+08:00 ] ::1 /Public/duihuakuang/duihuakuang.css?
INFO: [ app_init ] --START--
INFO: Run Behavior\BuildLiteBehavior [ RunTime:0.000013s ]
INFO: [ app_init ] --END-- [ RunTime:0.000277s ]
ERR: 无法加载模块:Public

[ 2019-05-19T15:07:20+08:00 ] ::1 /Public/duihuakuang/duihuakuang.js?
INFO: [ app_init ] --START--
INFO: Run Behavior\BuildLiteBehavior [ RunTime:0.000020s ]
INFO: [ app_init ] --END-- [ RunTime:0.000417s ]
ERR: 无法加载模块:Public

[ 2019-05-19T15:07:20+08:00 ] ::1 /Public/duihuakuang/duihuakuang.css?
INFO: [ app_init ] --START--
INFO: Run Behavior\BuildLiteBehavior [ RunTime:0.000017s ]
INFO: [ app_init ] --END-- [ RunTime:0.000342s ]
ERR: 无法加载模块:Public

[ 2019-05-19T15:07:20+08:00 ] ::1 /Public/duihuakuang/duihuakuang.js?
INFO: [ app_init ] --START--
INFO: Run Behavior\BuildLiteBehavior [ RunTime:0.000012s ]
INFO: [ app_init ] --END-- [ RunTime:0.000299s ]
ERR: 无法加载模块:Public

[ 2019-05-19T15:07:20+08:00 ] ::1 /Public/duihuakuang/duihuakuang.css?
INFO: [ app_init ] --START--
INFO: Run Behavior\BuildLiteBehavior [ RunTime:0.000020s ]
INFO: [ app_init ] --END-- [ RunTime:0.000353s ]
ERR: 无法加载模块:Public

[ 2019-05-19T15:09:38+08:00 ] ::1 /Public/duihuakuang/duihuakuang.js?
INFO: [ app_init ] --START--
INFO: Run Behavior\BuildLiteBehavior [ RunTime:0.000014s ]
INFO: [ app_init ] --END-- [ RunTime:0.000288s ]
ERR: 无法加载模块:Public

[ 2019-05-19T15:09:38+08:00 ] ::1 /Public/duihuakuang/duihuakuang.css?
INFO: [ app_init ] --START--
INFO: Run Behavior\BuildLiteBehavior [ RunTime:0.000055s ]
INFO: [ app_init ] --END-- [ RunTime:0.000703s ]
ERR: 无法加载模块:Public

[ 2019-05-19T15:09:38+08:00 ] ::1 /Public/duihuakuang/duihuakuang.js?
INFO: [ app_init ] --START--
INFO: Run Behavior\BuildLiteBehavior [ RunTime:0.000011s ]
INFO: [ app_init ] --END-- [ RunTime:0.000277s ]
ERR: 无法加载模块:Public

[ 2019-05-19T15:09:38+08:00 ] ::1 /Public/duihuakuang/duihuakuang.css?
INFO: [ app_init ] --START--
INFO: Run Behavior\BuildLiteBehavior [ RunTime:0.000017s ]
INFO: [ app_init ] --END-- [ RunTime:0.000296s ]
ERR: 无法加载模块:Public

[ 2019-05-19T15:09:43+08:00 ] ::1 /Public/duihuakuang/duihuakuang.css?
INFO: [ app_init ] --START--
INFO: Run Behavior\BuildLiteBehavior [ RunTime:0.000018s ]
INFO: [ app_init ] --END-- [ RunTime:0.000397s ]
ERR: 无法加载模块:Public

[ 2019-05-19T15:09:43+08:00 ] ::1 /Public/duihuakuang/duihuakuang.js?
INFO: [ app_init ] --START--
INFO: Run Behavior\BuildLiteBehavior [ RunTime:0.000021s ]
INFO: [ app_init ] --END-- [ RunTime:0.000534s ]
ERR: 无法加载模块:Public

[ 2019-05-19T15:09:43+08:00 ] ::1 /Public/duihuakuang/duihuakuang.js?
INFO: [ app_init ] --START--
INFO: Run Behavior\BuildLiteBehavior [ RunTime:0.000012s ]
INFO: [ app_init ] --END-- [ RunTime:0.000281s ]
ERR: 无法加载模块:Public

[ 2019-05-19T15:09:43+08:00 ] ::1 /Public/duihuakuang/duihuakuang.css?
INFO: [ app_init ] --START--
INFO: Run Behavior\BuildLiteBehavior [ RunTime:0.000012s ]
INFO: [ app_init ] --END-- [ RunTime:0.000286s ]
ERR: 无法加载模块:Public

[ 2019-05-19T15:09:48+08:00 ] ::1 /Public/duihuakuang/duihuakuang.css?
INFO: [ app_init ] --START--
INFO: Run Behavior\BuildLiteBehavior [ RunTime:0.000038s ]
INFO: [ app_init ] --END-- [ RunTime:0.000608s ]
ERR: 无法加载模块:Public

[ 2019-05-19T15:09:48+08:00 ] ::1 /Public/duihuakuang/duihuakuang.js?
INFO: [ app_init ] --START--
INFO: Run Behavior\BuildLiteBehavior [ RunTime:0.000013s ]
INFO: [ app_init ] --END-- [ RunTime:0.000299s ]
ERR: 无法加载模块:Public

[ 2019-05-19T15:09:48+08:00 ] ::1 /Public/duihuakuang/duihuakuang.js?
INFO: [ app_init ] --START--
INFO: Run Behavior\BuildLiteBehavior [ RunTime:0.000012s ]
INFO: [ app_init ] --END-- [ RunTime:0.000275s ]
ERR: 无法加载模块:Public

[ 2019-05-19T15:09:48+08:00 ] ::1 /Public/duihuakuang/duihuakuang.css?
INFO: [ app_init ] --START--
INFO: Run Behavior\BuildLiteBehavior [ RunTime:0.000017s ]
INFO: [ app_init ] --END-- [ RunTime:0.000484s ]
ERR: 无法加载模块:Public

