[ 2017-05-23T03:54:47+08:00 ] 127.0.0.1 /phpsite/hc/kaoti/kaoti20170406/index.php/admin
INFO: [ app_init ] --START--
INFO: Run Behavior\BuildLiteBehavior [ RunTime:0.013840s ]
INFO: [ app_init ] --END-- [ RunTime:0.029434s ]
INFO: [ app_begin ] --START--
INFO: Run Behavior\ReadHtmlCacheBehavior [ RunTime:0.005843s ]
INFO: [ app_begin ] --END-- [ RunTime:0.006193s ]

[ 2017-05-23T03:54:48+08:00 ] 127.0.0.1 /phpsite/hc/kaoti/kaoti20170406/index.php?m=Admin&c=content&a=lists
INFO: [ app_init ] --START--
INFO: Run Behavior\BuildLiteBehavior [ RunTime:0.000040s ]
INFO: [ app_init ] --END-- [ RunTime:0.000752s ]
INFO: [ app_begin ] --START--
INFO: Run Behavior\ReadHtmlCacheBehavior [ RunTime:0.001377s ]
INFO: [ app_begin ] --END-- [ RunTime:0.001606s ]

[ 2017-05-23T03:54:51+08:00 ] 127.0.0.1 /phpsite/hc/kaoti/kaoti20170406/index.php/admin/user/login
INFO: [ app_init ] --START--
INFO: Run Behavior\BuildLiteBehavior [ RunTime:0.000040s ]
INFO: [ app_init ] --END-- [ RunTime:0.000886s ]
INFO: [ app_begin ] --START--
INFO: Run Behavior\ReadHtmlCacheBehavior [ RunTime:0.001276s ]
INFO: [ app_begin ] --END-- [ RunTime:0.001474s ]
SQL: SHOW COLUMNS FROM `tb_user` [ RunTime:2.0454s ]
NOTIC: [8] Undefined index: username F:\phpsite\hc\kaoti\kaoti20170406\Application\Admin\Controller\UserController.class.php 第 267 行.
NOTIC: [8] Undefined index: userpwd F:\phpsite\hc\kaoti\kaoti20170406\Application\Admin\Controller\UserController.class.php 第 268 行.
INFO: [ view_parse ] --START--
INFO: [ template_filter ] --START--
INFO: Run Behavior\ContentReplaceBehavior [ RunTime:0.000115s ]
INFO: [ template_filter ] --END-- [ RunTime:0.000334s ]
INFO: Run Behavior\ParseTemplateBehavior [ RunTime:0.212141s ]
INFO: [ view_parse ] --END-- [ RunTime:0.212385s ]
INFO: [ view_filter ] --START--
INFO: Run Behavior\WriteHtmlCacheBehavior [ RunTime:0.073700s ]
INFO: [ view_filter ] --END-- [ RunTime:0.074127s ]
INFO: [ app_end ] --START--
INFO: Run Behavior\ShowPageTraceBehavior [ RunTime:0.008722s ]
INFO: [ app_end ] --END-- [ RunTime:0.008928s ]

