[ 2017-04-30T21:13:47+08:00 ] 127.0.0.1 /phpsite/hc/kaoti/kaoti20170406/index.php/admin
INFO: [ app_init ] --START--
INFO: Run Behavior\BuildLiteBehavior [ RunTime:0.000041s ]
INFO: [ app_init ] --END-- [ RunTime:0.001024s ]
INFO: [ app_begin ] --START--
INFO: Run Behavior\ReadHtmlCacheBehavior [ RunTime:0.001376s ]
INFO: [ app_begin ] --END-- [ RunTime:0.001645s ]

[ 2017-04-30T21:13:49+08:00 ] 127.0.0.1 /phpsite/hc/kaoti/kaoti20170406/index.php?m=Admin&c=content&a=lists
INFO: [ app_init ] --START--
INFO: Run Behavior\BuildLiteBehavior [ RunTime:0.000049s ]
INFO: [ app_init ] --END-- [ RunTime:0.000983s ]
INFO: [ app_begin ] --START--
INFO: Run Behavior\ReadHtmlCacheBehavior [ RunTime:0.001051s ]
INFO: [ app_begin ] --END-- [ RunTime:0.001258s ]

[ 2017-04-30T21:13:50+08:00 ] 127.0.0.1 /phpsite/hc/kaoti/kaoti20170406/index.php/admin/user/login
INFO: [ app_init ] --START--
INFO: Run Behavior\BuildLiteBehavior [ RunTime:0.000040s ]
INFO: [ app_init ] --END-- [ RunTime:0.000672s ]
INFO: [ app_begin ] --START--
INFO: Run Behavior\ReadHtmlCacheBehavior [ RunTime:0.000794s ]
INFO: [ app_begin ] --END-- [ RunTime:0.000984s ]
SQL: SHOW COLUMNS FROM `tb_user` [ RunTime:0.0291s ]
NOTIC: [8] Undefined index: username F:\phpsite\hc\kaoti\kaoti20170406\Application\Admin\Controller\UserController.class.php 第 236 行.
NOTIC: [8] Undefined index: userpwd F:\phpsite\hc\kaoti\kaoti20170406\Application\Admin\Controller\UserController.class.php 第 237 行.
INFO: [ view_parse ] --START--
INFO: [ template_filter ] --START--
INFO: Run Behavior\ContentReplaceBehavior [ RunTime:0.000094s ]
INFO: [ template_filter ] --END-- [ RunTime:0.000274s ]
INFO: Run Behavior\ParseTemplateBehavior [ RunTime:0.101376s ]
INFO: [ view_parse ] --END-- [ RunTime:0.101690s ]
INFO: [ view_filter ] --START--
INFO: Run Behavior\WriteHtmlCacheBehavior [ RunTime:0.051533s ]
INFO: [ view_filter ] --END-- [ RunTime:0.051710s ]
INFO: [ app_end ] --START--
INFO: Run Behavior\ShowPageTraceBehavior [ RunTime:0.063882s ]
INFO: [ app_end ] --END-- [ RunTime:0.064111s ]

[ 2017-04-30T21:14:10+08:00 ] 127.0.0.1 /phpsite/hc/kaoti/kaoti20170406/index.php/admin
INFO: [ app_init ] --START--
INFO: Run Behavior\BuildLiteBehavior [ RunTime:0.000044s ]
INFO: [ app_init ] --END-- [ RunTime:0.000736s ]
INFO: [ app_begin ] --START--
INFO: Run Behavior\ReadHtmlCacheBehavior [ RunTime:0.001035s ]
INFO: [ app_begin ] --END-- [ RunTime:0.001237s ]

[ 2017-04-30T21:14:10+08:00 ] 127.0.0.1 /phpsite/hc/kaoti/kaoti20170406/index.php?m=Admin&c=content&a=lists
INFO: [ app_init ] --START--
INFO: Run Behavior\BuildLiteBehavior [ RunTime:0.000041s ]
INFO: [ app_init ] --END-- [ RunTime:0.000831s ]
INFO: [ app_begin ] --START--
INFO: Run Behavior\ReadHtmlCacheBehavior [ RunTime:0.000993s ]
INFO: [ app_begin ] --END-- [ RunTime:0.001229s ]

[ 2017-04-30T21:14:11+08:00 ] 127.0.0.1 /phpsite/hc/kaoti/kaoti20170406/index.php/admin/user/login
INFO: [ app_init ] --START--
INFO: Run Behavior\BuildLiteBehavior [ RunTime:0.000049s ]
INFO: [ app_init ] --END-- [ RunTime:0.000834s ]
INFO: [ app_begin ] --START--
INFO: Run Behavior\ReadHtmlCacheBehavior [ RunTime:0.001512s ]
INFO: [ app_begin ] --END-- [ RunTime:0.001921s ]
SQL: SHOW COLUMNS FROM `tb_user` [ RunTime:0.0065s ]
NOTIC: [8] Undefined index: username F:\phpsite\hc\kaoti\kaoti20170406\Application\Admin\Controller\UserController.class.php 第 236 行.
NOTIC: [8] Undefined index: userpwd F:\phpsite\hc\kaoti\kaoti20170406\Application\Admin\Controller\UserController.class.php 第 237 行.
INFO: [ view_parse ] --START--
INFO: [ template_filter ] --START--
INFO: Run Behavior\ContentReplaceBehavior [ RunTime:0.000096s ]
INFO: [ template_filter ] --END-- [ RunTime:0.000285s ]
INFO: Run Behavior\ParseTemplateBehavior [ RunTime:0.012702s ]
INFO: [ view_parse ] --END-- [ RunTime:0.012926s ]
INFO: [ view_filter ] --START--
INFO: Run Behavior\WriteHtmlCacheBehavior [ RunTime:0.000534s ]
INFO: [ view_filter ] --END-- [ RunTime:0.000765s ]
INFO: [ app_end ] --START--
INFO: Run Behavior\ShowPageTraceBehavior [ RunTime:0.001302s ]
INFO: [ app_end ] --END-- [ RunTime:0.001494s ]

