[ 2019-04-01T16:27:27+08:00 ] ::1 /admin
INFO: [ app_init ] --START--
INFO: Run Behavior\BuildLiteBehavior [ RunTime:0.000031s ]
INFO: [ app_init ] --END-- [ RunTime:0.000568s ]
INFO: [ app_begin ] --START--
INFO: Run Behavior\ReadHtmlCacheBehavior [ RunTime:0.000872s ]
INFO: [ app_begin ] --END-- [ RunTime:0.000973s ]

[ 2019-04-01T16:27:28+08:00 ] ::1 /admin
INFO: [ app_init ] --START--
INFO: Run Behavior\BuildLiteBehavior [ RunTime:0.000022s ]
INFO: [ app_init ] --END-- [ RunTime:0.000566s ]
INFO: [ app_begin ] --START--
INFO: Run Behavior\ReadHtmlCacheBehavior [ RunTime:0.001288s ]
INFO: [ app_begin ] --END-- [ RunTime:0.001400s ]

[ 2019-04-01T16:27:28+08:00 ] ::1 /index.php/Admin/content/lists.html
INFO: [ app_init ] --START--
INFO: Run Behavior\BuildLiteBehavior [ RunTime:0.000036s ]
INFO: [ app_init ] --END-- [ RunTime:0.000680s ]
INFO: [ app_begin ] --START--
INFO: Run Behavior\ReadHtmlCacheBehavior [ RunTime:0.001341s ]
INFO: [ app_begin ] --END-- [ RunTime:0.001463s ]

[ 2019-04-01T16:27:29+08:00 ] ::1 /index.php/admin/user/login
INFO: [ app_init ] --START--
INFO: Run Behavior\BuildLiteBehavior [ RunTime:0.000035s ]
INFO: [ app_init ] --END-- [ RunTime:0.000676s ]
INFO: [ app_begin ] --START--
INFO: Run Behavior\ReadHtmlCacheBehavior [ RunTime:0.000692s ]
INFO: [ app_begin ] --END-- [ RunTime:0.000766s ]
SQL: SHOW COLUMNS FROM `tb_user` [ RunTime:0.0145s ]
NOTIC: [8] Undefined index: username D:\resource\bishe\jiakao\Application\Admin\Controller\UserController.class.php 第 267 行.
NOTIC: [8] Undefined index: userpwd D:\resource\bishe\jiakao\Application\Admin\Controller\UserController.class.php 第 268 行.
INFO: [ view_parse ] --START--
INFO: [ template_filter ] --START--
INFO: Run Behavior\ContentReplaceBehavior [ RunTime:0.000073s ]
INFO: [ template_filter ] --END-- [ RunTime:0.000191s ]
INFO: Run Behavior\ParseTemplateBehavior [ RunTime:0.042468s ]
INFO: [ view_parse ] --END-- [ RunTime:0.042584s ]
INFO: [ view_filter ] --START--
INFO: Run Behavior\WriteHtmlCacheBehavior [ RunTime:0.000515s ]
INFO: [ view_filter ] --END-- [ RunTime:0.000642s ]
INFO: [ app_end ] --START--
INFO: Run Behavior\ShowPageTraceBehavior [ RunTime:0.001248s ]
INFO: [ app_end ] --END-- [ RunTime:0.001351s ]

[ 2019-04-01T16:27:35+08:00 ] ::1 /index.php/admin/user/login
INFO: [ app_init ] --START--
INFO: Run Behavior\BuildLiteBehavior [ RunTime:0.000036s ]
INFO: [ app_init ] --END-- [ RunTime:0.000715s ]
INFO: [ app_begin ] --START--
INFO: Run Behavior\ReadHtmlCacheBehavior [ RunTime:0.001242s ]
INFO: [ app_begin ] --END-- [ RunTime:0.001360s ]
SQL: SHOW COLUMNS FROM `tb_user` [ RunTime:0.0399s ]
SQL: SELECT * FROM `tb_user` WHERE `username` = 'admin' AND `userpwd` = '21232f297a57a5a743894a0e4a801fc3' AND `root` = 0 AND `state` = 1 LIMIT 1   [ RunTime:0.0003s ]

[ 2019-04-01T16:27:36+08:00 ] ::1 /index.php/Admin/Index/index.html
INFO: [ app_init ] --START--
INFO: Run Behavior\BuildLiteBehavior [ RunTime:0.000021s ]
INFO: [ app_init ] --END-- [ RunTime:0.000498s ]
INFO: [ app_begin ] --START--
INFO: Run Behavior\ReadHtmlCacheBehavior [ RunTime:0.000811s ]
INFO: [ app_begin ] --END-- [ RunTime:0.000936s ]

[ 2019-04-01T16:27:37+08:00 ] ::1 /index.php/Admin/content/lists.html
INFO: [ app_init ] --START--
INFO: Run Behavior\BuildLiteBehavior [ RunTime:0.000037s ]
INFO: [ app_init ] --END-- [ RunTime:0.000692s ]
INFO: [ app_begin ] --START--
INFO: Run Behavior\ReadHtmlCacheBehavior [ RunTime:0.001373s ]
INFO: [ app_begin ] --END-- [ RunTime:0.001499s ]
SQL: SHOW COLUMNS FROM `tb_configex` [ RunTime:0.0307s ]
SQL: SELECT * FROM `tb_configex` WHERE ( 1=1 ) ORDER BY sort asc  [ RunTime:0.0004s ]
SQL: SHOW COLUMNS FROM `tb_setting` [ RunTime:0.0136s ]
SQL: SELECT * FROM `tb_setting` WHERE `setting_key` = 'kaoti' LIMIT 1   [ RunTime:0.0003s ]
SQL: SHOW COLUMNS FROM `tb_content` [ RunTime:0.0336s ]
SQL: SHOW COLUMNS FROM `tb_class` [ RunTime:0.0142s ]
SQL: SELECT * FROM `tb_class` WHERE (  fatherno='00010002'  )  [ RunTime:0.0005s ]
SQL: SELECT COUNT(*) AS tp_count FROM `tb_content` WHERE `id` > 0 LIMIT 1   [ RunTime:0.0070s ]
SQL: SELECT * FROM `tb_content` WHERE `id` > 0 ORDER BY id desc LIMIT 0,20   [ RunTime:0.0005s ]
SQL: SELECT * FROM `tb_class` WHERE `id` = 12 LIMIT 1   [ RunTime:0.0003s ]
INFO: [ view_parse ] --START--
INFO: [ template_filter ] --START--
INFO: Run Behavior\ContentReplaceBehavior [ RunTime:0.000122s ]
INFO: [ template_filter ] --END-- [ RunTime:0.000200s ]
NOTIC: [8] Undefined variable: g_shuiji D:\resource\bishe\jiakao\Application\Runtime\Cache\Admin\ab45c68eddd7a5d1e654574606ff6703.php 第 15 行.
NOTIC: [8] Undefined variable: g_shuiji D:\resource\bishe\jiakao\Application\Runtime\Cache\Admin\ab45c68eddd7a5d1e654574606ff6703.php 第 19 行.
NOTIC: [8] Undefined variable: g_shuiji D:\resource\bishe\jiakao\Application\Runtime\Cache\Admin\ab45c68eddd7a5d1e654574606ff6703.php 第 20 行.
NOTIC: [8] Undefined variable: g_shuiji D:\resource\bishe\jiakao\Application\Runtime\Cache\Admin\ab45c68eddd7a5d1e654574606ff6703.php 第 24 行.
NOTIC: [8] Undefined variable: g_shuiji D:\resource\bishe\jiakao\Application\Runtime\Cache\Admin\ab45c68eddd7a5d1e654574606ff6703.php 第 25 行.
NOTIC: [8] Undefined index: msg D:\resource\bishe\jiakao\Application\Runtime\Cache\Admin\ab45c68eddd7a5d1e654574606ff6703.php 第 44 行.
INFO: Run Behavior\ParseTemplateBehavior [ RunTime:0.396484s ]
INFO: [ view_parse ] --END-- [ RunTime:0.396557s ]
INFO: [ view_filter ] --START--
INFO: Run Behavior\WriteHtmlCacheBehavior [ RunTime:0.000213s ]
INFO: [ view_filter ] --END-- [ RunTime:0.000242s ]
INFO: [ app_end ] --START--
INFO: Run Behavior\ShowPageTraceBehavior [ RunTime:0.000487s ]
INFO: [ app_end ] --END-- [ RunTime:0.000526s ]

