[ 2019-03-28T10:05:22+08:00 ] ::1 /index.php/Admin/setting/kaoti.html
INFO: [ app_init ] --START--
INFO: Run Behavior\BuildLiteBehavior [ RunTime:0.000035s ]
INFO: [ app_init ] --END-- [ RunTime:0.001139s ]
INFO: [ app_begin ] --START--
INFO: Run Behavior\ReadHtmlCacheBehavior [ RunTime:0.001383s ]
INFO: [ app_begin ] --END-- [ RunTime:0.001490s ]
SQL: SHOW COLUMNS FROM `tb_configex` [ RunTime:0.0440s ]
SQL: SELECT * FROM `tb_configex` WHERE ( 1=1 ) ORDER BY sort asc  [ RunTime:0.0004s ]
SQL: SHOW COLUMNS FROM `tb_setting` [ RunTime:0.0319s ]
SQL: SELECT * FROM `tb_setting` WHERE `setting_key` = 'kaoti' LIMIT 1   [ RunTime:0.0004s ]
SQL: SHOW COLUMNS FROM `tb_setting` [ RunTime:0.0272s ]
SQL: SELECT * FROM `tb_setting` WHERE `setting_key` = 'kaoti'  [ RunTime:0.0003s ]
INFO: [ view_parse ] --START--
INFO: [ template_filter ] --START--
INFO: Run Behavior\ContentReplaceBehavior [ RunTime:0.000344s ]
INFO: [ template_filter ] --END-- [ RunTime:0.000461s ]
NOTIC: [8] Undefined variable: info D:\resource\bishe\jiakao\Application\Runtime\Cache\Admin\ba682ad77eae5b475cdc9f78187445a6.php 第 6 行.
NOTIC: [8] Undefined variable: g_shuiji D:\resource\bishe\jiakao\Application\Runtime\Cache\Admin\ba682ad77eae5b475cdc9f78187445a6.php 第 15 行.
NOTIC: [8] Undefined variable: g_shuiji D:\resource\bishe\jiakao\Application\Runtime\Cache\Admin\ba682ad77eae5b475cdc9f78187445a6.php 第 19 行.
NOTIC: [8] Undefined variable: g_shuiji D:\resource\bishe\jiakao\Application\Runtime\Cache\Admin\ba682ad77eae5b475cdc9f78187445a6.php 第 20 行.
NOTIC: [8] Undefined variable: g_shuiji D:\resource\bishe\jiakao\Application\Runtime\Cache\Admin\ba682ad77eae5b475cdc9f78187445a6.php 第 24 行.
NOTIC: [8] Undefined variable: g_shuiji D:\resource\bishe\jiakao\Application\Runtime\Cache\Admin\ba682ad77eae5b475cdc9f78187445a6.php 第 25 行.
NOTIC: [8] Undefined variable: info D:\resource\bishe\jiakao\Application\Runtime\Cache\Admin\ba682ad77eae5b475cdc9f78187445a6.php 第 128 行.
NOTIC: [8] Undefined variable: show D:\resource\bishe\jiakao\Application\Runtime\Cache\Admin\ba682ad77eae5b475cdc9f78187445a6.php 第 138 行.
NOTIC: [8] Use of undefined constant kaoti - assumed 'kaoti' D:\resource\bishe\jiakao\Application\Runtime\Cache\Admin\ba682ad77eae5b475cdc9f78187445a6.php 第 146 行.
NOTIC: [8] Use of undefined constant biaomoshi - assumed 'biaomoshi' D:\resource\bishe\jiakao\Application\Runtime\Cache\Admin\ba682ad77eae5b475cdc9f78187445a6.php 第 146 行.
INFO: Run Behavior\ParseTemplateBehavior [ RunTime:0.649685s ]
INFO: [ view_parse ] --END-- [ RunTime:0.650716s ]
INFO: [ view_filter ] --START--
INFO: Run Behavior\WriteHtmlCacheBehavior [ RunTime:0.001798s ]
INFO: [ view_filter ] --END-- [ RunTime:0.001896s ]
INFO: [ app_end ] --START--
INFO: Run Behavior\ShowPageTraceBehavior [ RunTime:0.003219s ]
INFO: [ app_end ] --END-- [ RunTime:0.003349s ]

[ 2019-03-28T10:05:28+08:00 ] ::1 /index.php/Admin/Exam/lists.html
INFO: [ app_init ] --START--
INFO: Run Behavior\BuildLiteBehavior [ RunTime:0.000046s ]
INFO: [ app_init ] --END-- [ RunTime:0.010659s ]
INFO: [ app_begin ] --START--
INFO: Run Behavior\ReadHtmlCacheBehavior [ RunTime:0.002494s ]
INFO: [ app_begin ] --END-- [ RunTime:0.002612s ]
SQL: SHOW COLUMNS FROM `tb_configex` [ RunTime:0.0380s ]
SQL: SELECT * FROM `tb_configex` WHERE ( 1=1 ) ORDER BY sort asc  [ RunTime:0.0006s ]
SQL: SHOW COLUMNS FROM `tb_setting` [ RunTime:0.0422s ]
SQL: SELECT * FROM `tb_setting` WHERE `setting_key` = 'kaoti' LIMIT 1   [ RunTime:0.0003s ]
SQL: SHOW COLUMNS FROM `tb_exam` [ RunTime:0.0349s ]
SQL: SHOW COLUMNS FROM `tb_class` [ RunTime:0.0227s ]
SQL: SELECT * FROM `tb_class` WHERE `fatherno` = '00010004'  [ RunTime:0.0006s ]
SQL: SELECT COUNT(*) AS tp_count FROM `tb_exam` WHERE `id` > 0 LIMIT 1   [ RunTime:0.0037s ]
SQL: SELECT * FROM `tb_exam` WHERE `id` > 0 ORDER BY id desc LIMIT 0,20   [ RunTime:0.0010s ]
SQL: SELECT * FROM `tb_class` WHERE `id` = 43 LIMIT 1   [ RunTime:0.0005s ]
SQL: SELECT * FROM `tb_class` WHERE `id` = 45 LIMIT 1   [ RunTime:0.0004s ]
SQL: SELECT * FROM `tb_class` WHERE `id` = 39 LIMIT 1   [ RunTime:0.0003s ]
SQL: SELECT * FROM `tb_class` WHERE `id` = 39 LIMIT 1   [ RunTime:0.0003s ]
SQL: SELECT * FROM `tb_class` WHERE `id` = 43 LIMIT 1   [ RunTime:0.0003s ]
SQL: SELECT * FROM `tb_class` WHERE `id` = 43 LIMIT 1   [ RunTime:0.0003s ]
SQL: SELECT * FROM `tb_class` WHERE `id` = 43 LIMIT 1   [ RunTime:0.0002s ]
SQL: SELECT * FROM `tb_class` WHERE `id` = 43 LIMIT 1   [ RunTime:0.0003s ]
SQL: SELECT * FROM `tb_class` WHERE `id` = 43 LIMIT 1   [ RunTime:0.0002s ]
SQL: SELECT * FROM `tb_class` WHERE `id` = 43 LIMIT 1   [ RunTime:0.0002s ]
SQL: SELECT * FROM `tb_class` WHERE `id` = 43 LIMIT 1   [ RunTime:0.0004s ]
SQL: SELECT * FROM `tb_class` WHERE `id` = 43 LIMIT 1   [ RunTime:0.0003s ]
SQL: SELECT * FROM `tb_class` WHERE `id` = 43 LIMIT 1   [ RunTime:0.0003s ]
SQL: SELECT * FROM `tb_class` WHERE `id` = 43 LIMIT 1   [ RunTime:0.0003s ]
SQL: SELECT * FROM `tb_class` WHERE `id` = 43 LIMIT 1   [ RunTime:0.0003s ]
SQL: SELECT * FROM `tb_class` WHERE `id` = 43 LIMIT 1   [ RunTime:0.0002s ]
SQL: SELECT * FROM `tb_class` WHERE `id` = 43 LIMIT 1   [ RunTime:0.0002s ]
SQL: SELECT * FROM `tb_class` WHERE `id` = 43 LIMIT 1   [ RunTime:0.0002s ]
SQL: SELECT * FROM `tb_class` WHERE `id` = 43 LIMIT 1   [ RunTime:0.0002s ]
SQL: SELECT * FROM `tb_class` WHERE `id` = 43 LIMIT 1   [ RunTime:0.0003s ]
NOTIC: [2] Missing argument 1 for I(), called in D:\resource\bishe\jiakao\Application\Admin\Controller\ExamController.class.php on line 104 and defined D:\resource\bishe\jiakao\ThinkPHP\Common\functions.php 第 271 行.
NOTIC: [8] Undefined variable: name D:\resource\bishe\jiakao\ThinkPHP\Common\functions.php 第 273 行.
NOTIC: [8] Undefined variable: name D:\resource\bishe\jiakao\ThinkPHP\Common\functions.php 第 278 行.
NOTIC: [8] Undefined variable: name D:\resource\bishe\jiakao\ThinkPHP\Common\functions.php 第 339 行.
INFO: [ view_parse ] --START--
INFO: [ template_filter ] --START--
INFO: Run Behavior\ContentReplaceBehavior [ RunTime:0.000480s ]
INFO: [ template_filter ] --END-- [ RunTime:0.000619s ]
NOTIC: [8] Undefined variable: g_shuiji D:\resource\bishe\jiakao\Application\Runtime\Cache\Admin\3342b4d79a9fc38ce3012d260a807f1f.php 第 15 行.
NOTIC: [8] Undefined variable: g_shuiji D:\resource\bishe\jiakao\Application\Runtime\Cache\Admin\3342b4d79a9fc38ce3012d260a807f1f.php 第 19 行.
NOTIC: [8] Undefined variable: g_shuiji D:\resource\bishe\jiakao\Application\Runtime\Cache\Admin\3342b4d79a9fc38ce3012d260a807f1f.php 第 20 行.
NOTIC: [8] Undefined variable: g_shuiji D:\resource\bishe\jiakao\Application\Runtime\Cache\Admin\3342b4d79a9fc38ce3012d260a807f1f.php 第 24 行.
NOTIC: [8] Undefined variable: g_shuiji D:\resource\bishe\jiakao\Application\Runtime\Cache\Admin\3342b4d79a9fc38ce3012d260a807f1f.php 第 25 行.
NOTIC: [8] Undefined variable: mytitle D:\resource\bishe\jiakao\Application\Runtime\Cache\Admin\3342b4d79a9fc38ce3012d260a807f1f.php 第 96 行.
NOTIC: [8] Use of undefined constant classno - assumed 'classno' D:\resource\bishe\jiakao\Application\Runtime\Cache\Admin\3342b4d79a9fc38ce3012d260a807f1f.php 第 104 行.
NOTIC: [8] Array to string conversion D:\resource\bishe\jiakao\Application\Runtime\Cache\Admin\3342b4d79a9fc38ce3012d260a807f1f.php 第 104 行.
NOTIC: [8] Use of undefined constant classno - assumed 'classno' D:\resource\bishe\jiakao\Application\Runtime\Cache\Admin\3342b4d79a9fc38ce3012d260a807f1f.php 第 104 行.
NOTIC: [8] Array to string conversion D:\resource\bishe\jiakao\Application\Runtime\Cache\Admin\3342b4d79a9fc38ce3012d260a807f1f.php 第 104 行.
NOTIC: [8] Use of undefined constant classno - assumed 'classno' D:\resource\bishe\jiakao\Application\Runtime\Cache\Admin\3342b4d79a9fc38ce3012d260a807f1f.php 第 104 行.
NOTIC: [8] Array to string conversion D:\resource\bishe\jiakao\Application\Runtime\Cache\Admin\3342b4d79a9fc38ce3012d260a807f1f.php 第 104 行.
NOTIC: [8] Use of undefined constant classno - assumed 'classno' D:\resource\bishe\jiakao\Application\Runtime\Cache\Admin\3342b4d79a9fc38ce3012d260a807f1f.php 第 104 行.
NOTIC: [8] Array to string conversion D:\resource\bishe\jiakao\Application\Runtime\Cache\Admin\3342b4d79a9fc38ce3012d260a807f1f.php 第 104 行.
NOTIC: [8] Use of undefined constant classno - assumed 'classno' D:\resource\bishe\jiakao\Application\Runtime\Cache\Admin\3342b4d79a9fc38ce3012d260a807f1f.php 第 104 行.
NOTIC: [8] Array to string conversion D:\resource\bishe\jiakao\Application\Runtime\Cache\Admin\3342b4d79a9fc38ce3012d260a807f1f.php 第 104 行.
NOTIC: [8] Use of undefined constant classno - assumed 'classno' D:\resource\bishe\jiakao\Application\Runtime\Cache\Admin\3342b4d79a9fc38ce3012d260a807f1f.php 第 104 行.
NOTIC: [8] Array to string conversion D:\resource\bishe\jiakao\Application\Runtime\Cache\Admin\3342b4d79a9fc38ce3012d260a807f1f.php 第 104 行.
NOTIC: [8] Undefined variable: title D:\resource\bishe\jiakao\Application\Runtime\Cache\Admin\3342b4d79a9fc38ce3012d260a807f1f.php 第 109 行.
NOTIC: [8] Undefined variable: id D:\resource\bishe\jiakao\Application\Runtime\Cache\Admin\3342b4d79a9fc38ce3012d260a807f1f.php 第 112 行.
INFO: Run Behavior\ParseTemplateBehavior [ RunTime:0.364782s ]
INFO: [ view_parse ] --END-- [ RunTime:0.364997s ]
INFO: [ view_filter ] --START--
INFO: Run Behavior\WriteHtmlCacheBehavior [ RunTime:0.002402s ]
INFO: [ view_filter ] --END-- [ RunTime:0.002501s ]
INFO: [ app_end ] --START--
INFO: Run Behavior\ShowPageTraceBehavior [ RunTime:0.004642s ]
INFO: [ app_end ] --END-- [ RunTime:0.013043s ]

[ 2019-03-28T14:29:46+08:00 ] ::1 /index.php/Admin/Exam/lists.html
INFO: [ app_init ] --START--
INFO: Run Behavior\BuildLiteBehavior [ RunTime:0.000021s ]
INFO: [ app_init ] --END-- [ RunTime:0.000793s ]
INFO: [ app_begin ] --START--
INFO: Run Behavior\ReadHtmlCacheBehavior [ RunTime:0.000882s ]
INFO: [ app_begin ] --END-- [ RunTime:0.000943s ]
SQL: SHOW COLUMNS FROM `tb_configex` [ RunTime:0.0410s ]
SQL: SELECT * FROM `tb_configex` WHERE ( 1=1 ) ORDER BY sort asc  [ RunTime:0.0004s ]
SQL: SHOW COLUMNS FROM `tb_setting` [ RunTime:0.0147s ]
SQL: SELECT * FROM `tb_setting` WHERE `setting_key` = 'kaoti' LIMIT 1   [ RunTime:0.0003s ]
SQL: SHOW COLUMNS FROM `tb_exam` [ RunTime:0.0096s ]
SQL: SHOW COLUMNS FROM `tb_class` [ RunTime:0.0074s ]
SQL: SELECT * FROM `tb_class` WHERE `fatherno` = '00010004'  [ RunTime:0.0003s ]
SQL: SELECT COUNT(*) AS tp_count FROM `tb_exam` WHERE `id` > 0 LIMIT 1   [ RunTime:0.0020s ]
SQL: SELECT * FROM `tb_exam` WHERE `id` > 0 ORDER BY id desc LIMIT 0,20   [ RunTime:0.0004s ]
SQL: SELECT * FROM `tb_class` WHERE `id` = 43 LIMIT 1   [ RunTime:0.0002s ]
SQL: SELECT * FROM `tb_class` WHERE `id` = 45 LIMIT 1   [ RunTime:0.0002s ]
SQL: SELECT * FROM `tb_class` WHERE `id` = 39 LIMIT 1   [ RunTime:0.0002s ]
SQL: SELECT * FROM `tb_class` WHERE `id` = 39 LIMIT 1   [ RunTime:0.0002s ]
SQL: SELECT * FROM `tb_class` WHERE `id` = 43 LIMIT 1   [ RunTime:0.0002s ]
SQL: SELECT * FROM `tb_class` WHERE `id` = 43 LIMIT 1   [ RunTime:0.0002s ]
SQL: SELECT * FROM `tb_class` WHERE `id` = 43 LIMIT 1   [ RunTime:0.0002s ]
SQL: SELECT * FROM `tb_class` WHERE `id` = 43 LIMIT 1   [ RunTime:0.0002s ]
SQL: SELECT * FROM `tb_class` WHERE `id` = 43 LIMIT 1   [ RunTime:0.0002s ]
SQL: SELECT * FROM `tb_class` WHERE `id` = 43 LIMIT 1   [ RunTime:0.0002s ]
SQL: SELECT * FROM `tb_class` WHERE `id` = 43 LIMIT 1   [ RunTime:0.0002s ]
SQL: SELECT * FROM `tb_class` WHERE `id` = 43 LIMIT 1   [ RunTime:0.0002s ]
SQL: SELECT * FROM `tb_class` WHERE `id` = 43 LIMIT 1   [ RunTime:0.0002s ]
SQL: SELECT * FROM `tb_class` WHERE `id` = 43 LIMIT 1   [ RunTime:0.0002s ]
SQL: SELECT * FROM `tb_class` WHERE `id` = 43 LIMIT 1   [ RunTime:0.0002s ]
SQL: SELECT * FROM `tb_class` WHERE `id` = 43 LIMIT 1   [ RunTime:0.0002s ]
SQL: SELECT * FROM `tb_class` WHERE `id` = 43 LIMIT 1   [ RunTime:0.0002s ]
SQL: SELECT * FROM `tb_class` WHERE `id` = 43 LIMIT 1   [ RunTime:0.0002s ]
SQL: SELECT * FROM `tb_class` WHERE `id` = 43 LIMIT 1   [ RunTime:0.0002s ]
SQL: SELECT * FROM `tb_class` WHERE `id` = 43 LIMIT 1   [ RunTime:0.0002s ]
NOTIC: [2] Missing argument 1 for I(), called in D:\resource\bishe\jiakao\Application\Admin\Controller\ExamController.class.php on line 104 and defined D:\resource\bishe\jiakao\ThinkPHP\Common\functions.php 第 271 行.
NOTIC: [8] Undefined variable: name D:\resource\bishe\jiakao\ThinkPHP\Common\functions.php 第 273 行.
NOTIC: [8] Undefined variable: name D:\resource\bishe\jiakao\ThinkPHP\Common\functions.php 第 278 行.
NOTIC: [8] Undefined variable: name D:\resource\bishe\jiakao\ThinkPHP\Common\functions.php 第 339 行.
INFO: [ view_parse ] --START--
INFO: [ template_filter ] --START--
INFO: Run Behavior\ContentReplaceBehavior [ RunTime:0.000098s ]
INFO: [ template_filter ] --END-- [ RunTime:0.000140s ]
NOTIC: [8] Undefined variable: g_shuiji D:\resource\bishe\jiakao\Application\Runtime\Cache\Admin\3342b4d79a9fc38ce3012d260a807f1f.php 第 15 行.
NOTIC: [8] Undefined variable: g_shuiji D:\resource\bishe\jiakao\Application\Runtime\Cache\Admin\3342b4d79a9fc38ce3012d260a807f1f.php 第 19 行.
NOTIC: [8] Undefined variable: g_shuiji D:\resource\bishe\jiakao\Application\Runtime\Cache\Admin\3342b4d79a9fc38ce3012d260a807f1f.php 第 20 行.
NOTIC: [8] Undefined variable: g_shuiji D:\resource\bishe\jiakao\Application\Runtime\Cache\Admin\3342b4d79a9fc38ce3012d260a807f1f.php 第 24 行.
NOTIC: [8] Undefined variable: g_shuiji D:\resource\bishe\jiakao\Application\Runtime\Cache\Admin\3342b4d79a9fc38ce3012d260a807f1f.php 第 25 行.
NOTIC: [8] Undefined variable: mytitle D:\resource\bishe\jiakao\Application\Runtime\Cache\Admin\3342b4d79a9fc38ce3012d260a807f1f.php 第 96 行.
NOTIC: [8] Use of undefined constant classno - assumed 'classno' D:\resource\bishe\jiakao\Application\Runtime\Cache\Admin\3342b4d79a9fc38ce3012d260a807f1f.php 第 104 行.
NOTIC: [8] Array to string conversion D:\resource\bishe\jiakao\Application\Runtime\Cache\Admin\3342b4d79a9fc38ce3012d260a807f1f.php 第 104 行.
NOTIC: [8] Use of undefined constant classno - assumed 'classno' D:\resource\bishe\jiakao\Application\Runtime\Cache\Admin\3342b4d79a9fc38ce3012d260a807f1f.php 第 104 行.
NOTIC: [8] Array to string conversion D:\resource\bishe\jiakao\Application\Runtime\Cache\Admin\3342b4d79a9fc38ce3012d260a807f1f.php 第 104 行.
NOTIC: [8] Use of undefined constant classno - assumed 'classno' D:\resource\bishe\jiakao\Application\Runtime\Cache\Admin\3342b4d79a9fc38ce3012d260a807f1f.php 第 104 行.
NOTIC: [8] Array to string conversion D:\resource\bishe\jiakao\Application\Runtime\Cache\Admin\3342b4d79a9fc38ce3012d260a807f1f.php 第 104 行.
NOTIC: [8] Use of undefined constant classno - assumed 'classno' D:\resource\bishe\jiakao\Application\Runtime\Cache\Admin\3342b4d79a9fc38ce3012d260a807f1f.php 第 104 行.
NOTIC: [8] Array to string conversion D:\resource\bishe\jiakao\Application\Runtime\Cache\Admin\3342b4d79a9fc38ce3012d260a807f1f.php 第 104 行.
NOTIC: [8] Use of undefined constant classno - assumed 'classno' D:\resource\bishe\jiakao\Application\Runtime\Cache\Admin\3342b4d79a9fc38ce3012d260a807f1f.php 第 104 行.
NOTIC: [8] Array to string conversion D:\resource\bishe\jiakao\Application\Runtime\Cache\Admin\3342b4d79a9fc38ce3012d260a807f1f.php 第 104 行.
NOTIC: [8] Use of undefined constant classno - assumed 'classno' D:\resource\bishe\jiakao\Application\Runtime\Cache\Admin\3342b4d79a9fc38ce3012d260a807f1f.php 第 104 行.
NOTIC: [8] Array to string conversion D:\resource\bishe\jiakao\Application\Runtime\Cache\Admin\3342b4d79a9fc38ce3012d260a807f1f.php 第 104 行.
NOTIC: [8] Undefined variable: title D:\resource\bishe\jiakao\Application\Runtime\Cache\Admin\3342b4d79a9fc38ce3012d260a807f1f.php 第 109 行.
NOTIC: [8] Undefined variable: id D:\resource\bishe\jiakao\Application\Runtime\Cache\Admin\3342b4d79a9fc38ce3012d260a807f1f.php 第 112 行.
INFO: Run Behavior\ParseTemplateBehavior [ RunTime:0.135800s ]
INFO: [ view_parse ] --END-- [ RunTime:0.135847s ]
INFO: [ view_filter ] --START--
INFO: Run Behavior\WriteHtmlCacheBehavior [ RunTime:0.000498s ]
INFO: [ view_filter ] --END-- [ RunTime:0.000534s ]
INFO: [ app_end ] --START--
INFO: Run Behavior\ShowPageTraceBehavior [ RunTime:0.001384s ]
INFO: [ app_end ] --END-- [ RunTime:0.001559s ]

[ 2019-03-28T14:33:21+08:00 ] ::1 /index.php/Admin/Exam/lists.html
INFO: [ app_init ] --START--
INFO: Run Behavior\BuildLiteBehavior [ RunTime:0.000012s ]
INFO: [ app_init ] --END-- [ RunTime:0.000317s ]
INFO: [ app_begin ] --START--
INFO: Run Behavior\ReadHtmlCacheBehavior [ RunTime:0.000655s ]
INFO: [ app_begin ] --END-- [ RunTime:0.000696s ]
SQL: SHOW COLUMNS FROM `tb_configex` [ RunTime:0.0359s ]
SQL: SELECT * FROM `tb_configex` WHERE ( 1=1 ) ORDER BY sort asc  [ RunTime:0.0011s ]
SQL: SHOW COLUMNS FROM `tb_setting` [ RunTime:0.0177s ]
SQL: SELECT * FROM `tb_setting` WHERE `setting_key` = 'kaoti' LIMIT 1   [ RunTime:0.0005s ]
SQL: SHOW COLUMNS FROM `tb_exam` [ RunTime:0.0152s ]
SQL: SHOW COLUMNS FROM `tb_class` [ RunTime:0.0158s ]
SQL: SELECT * FROM `tb_class` WHERE `fatherno` = '00010004'  [ RunTime:0.0006s ]
SQL: SELECT COUNT(*) AS tp_count FROM `tb_exam` WHERE `id` > 0 LIMIT 1   [ RunTime:0.0017s ]
SQL: SELECT * FROM `tb_exam` WHERE `id` > 0 ORDER BY id desc LIMIT 0,20   [ RunTime:0.0008s ]
SQL: SELECT * FROM `tb_class` WHERE `id` = 43 LIMIT 1   [ RunTime:0.0004s ]
SQL: SELECT * FROM `tb_class` WHERE `id` = 45 LIMIT 1   [ RunTime:0.0004s ]
SQL: SELECT * FROM `tb_class` WHERE `id` = 39 LIMIT 1   [ RunTime:0.0003s ]
SQL: SELECT * FROM `tb_class` WHERE `id` = 39 LIMIT 1   [ RunTime:0.0003s ]
SQL: SELECT * FROM `tb_class` WHERE `id` = 43 LIMIT 1   [ RunTime:0.0003s ]
SQL: SELECT * FROM `tb_class` WHERE `id` = 43 LIMIT 1   [ RunTime:0.0003s ]
SQL: SELECT * FROM `tb_class` WHERE `id` = 43 LIMIT 1   [ RunTime:0.0003s ]
SQL: SELECT * FROM `tb_class` WHERE `id` = 43 LIMIT 1   [ RunTime:0.0003s ]
SQL: SELECT * FROM `tb_class` WHERE `id` = 43 LIMIT 1   [ RunTime:0.0003s ]
SQL: SELECT * FROM `tb_class` WHERE `id` = 43 LIMIT 1   [ RunTime:0.0003s ]
SQL: SELECT * FROM `tb_class` WHERE `id` = 43 LIMIT 1   [ RunTime:0.0002s ]
SQL: SELECT * FROM `tb_class` WHERE `id` = 43 LIMIT 1   [ RunTime:0.0002s ]
SQL: SELECT * FROM `tb_class` WHERE `id` = 43 LIMIT 1   [ RunTime:0.0002s ]
SQL: SELECT * FROM `tb_class` WHERE `id` = 43 LIMIT 1   [ RunTime:0.0002s ]
SQL: SELECT * FROM `tb_class` WHERE `id` = 43 LIMIT 1   [ RunTime:0.0002s ]
SQL: SELECT * FROM `tb_class` WHERE `id` = 43 LIMIT 1   [ RunTime:0.0002s ]
SQL: SELECT * FROM `tb_class` WHERE `id` = 43 LIMIT 1   [ RunTime:0.0002s ]
SQL: SELECT * FROM `tb_class` WHERE `id` = 43 LIMIT 1   [ RunTime:0.0002s ]
SQL: SELECT * FROM `tb_class` WHERE `id` = 43 LIMIT 1   [ RunTime:0.0002s ]
SQL: SELECT * FROM `tb_class` WHERE `id` = 43 LIMIT 1   [ RunTime:0.0002s ]
NOTIC: [2] Missing argument 1 for I(), called in D:\resource\bishe\jiakao\Application\Admin\Controller\ExamController.class.php on line 104 and defined D:\resource\bishe\jiakao\ThinkPHP\Common\functions.php 第 271 行.
NOTIC: [8] Undefined variable: name D:\resource\bishe\jiakao\ThinkPHP\Common\functions.php 第 273 行.
NOTIC: [8] Undefined variable: name D:\resource\bishe\jiakao\ThinkPHP\Common\functions.php 第 278 行.
NOTIC: [8] Undefined variable: name D:\resource\bishe\jiakao\ThinkPHP\Common\functions.php 第 339 行.
INFO: [ view_parse ] --START--
INFO: [ template_filter ] --START--
INFO: Run Behavior\ContentReplaceBehavior [ RunTime:0.000140s ]
INFO: [ template_filter ] --END-- [ RunTime:0.000197s ]
NOTIC: [8] Undefined variable: g_shuiji D:\resource\bishe\jiakao\Application\Runtime\Cache\Admin\3342b4d79a9fc38ce3012d260a807f1f.php 第 15 行.
NOTIC: [8] Undefined variable: g_shuiji D:\resource\bishe\jiakao\Application\Runtime\Cache\Admin\3342b4d79a9fc38ce3012d260a807f1f.php 第 19 行.
NOTIC: [8] Undefined variable: g_shuiji D:\resource\bishe\jiakao\Application\Runtime\Cache\Admin\3342b4d79a9fc38ce3012d260a807f1f.php 第 20 行.
NOTIC: [8] Undefined variable: g_shuiji D:\resource\bishe\jiakao\Application\Runtime\Cache\Admin\3342b4d79a9fc38ce3012d260a807f1f.php 第 24 行.
NOTIC: [8] Undefined variable: g_shuiji D:\resource\bishe\jiakao\Application\Runtime\Cache\Admin\3342b4d79a9fc38ce3012d260a807f1f.php 第 25 行.
NOTIC: [8] Undefined variable: mytitle D:\resource\bishe\jiakao\Application\Runtime\Cache\Admin\3342b4d79a9fc38ce3012d260a807f1f.php 第 96 行.
NOTIC: [8] Use of undefined constant classno - assumed 'classno' D:\resource\bishe\jiakao\Application\Runtime\Cache\Admin\3342b4d79a9fc38ce3012d260a807f1f.php 第 104 行.
NOTIC: [8] Array to string conversion D:\resource\bishe\jiakao\Application\Runtime\Cache\Admin\3342b4d79a9fc38ce3012d260a807f1f.php 第 104 行.
NOTIC: [8] Use of undefined constant classno - assumed 'classno' D:\resource\bishe\jiakao\Application\Runtime\Cache\Admin\3342b4d79a9fc38ce3012d260a807f1f.php 第 104 行.
NOTIC: [8] Array to string conversion D:\resource\bishe\jiakao\Application\Runtime\Cache\Admin\3342b4d79a9fc38ce3012d260a807f1f.php 第 104 行.
NOTIC: [8] Use of undefined constant classno - assumed 'classno' D:\resource\bishe\jiakao\Application\Runtime\Cache\Admin\3342b4d79a9fc38ce3012d260a807f1f.php 第 104 行.
NOTIC: [8] Array to string conversion D:\resource\bishe\jiakao\Application\Runtime\Cache\Admin\3342b4d79a9fc38ce3012d260a807f1f.php 第 104 行.
NOTIC: [8] Use of undefined constant classno - assumed 'classno' D:\resource\bishe\jiakao\Application\Runtime\Cache\Admin\3342b4d79a9fc38ce3012d260a807f1f.php 第 104 行.
NOTIC: [8] Array to string conversion D:\resource\bishe\jiakao\Application\Runtime\Cache\Admin\3342b4d79a9fc38ce3012d260a807f1f.php 第 104 行.
NOTIC: [8] Use of undefined constant classno - assumed 'classno' D:\resource\bishe\jiakao\Application\Runtime\Cache\Admin\3342b4d79a9fc38ce3012d260a807f1f.php 第 104 行.
NOTIC: [8] Array to string conversion D:\resource\bishe\jiakao\Application\Runtime\Cache\Admin\3342b4d79a9fc38ce3012d260a807f1f.php 第 104 行.
NOTIC: [8] Use of undefined constant classno - assumed 'classno' D:\resource\bishe\jiakao\Application\Runtime\Cache\Admin\3342b4d79a9fc38ce3012d260a807f1f.php 第 104 行.
NOTIC: [8] Array to string conversion D:\resource\bishe\jiakao\Application\Runtime\Cache\Admin\3342b4d79a9fc38ce3012d260a807f1f.php 第 104 行.
NOTIC: [8] Undefined variable: title D:\resource\bishe\jiakao\Application\Runtime\Cache\Admin\3342b4d79a9fc38ce3012d260a807f1f.php 第 109 行.
NOTIC: [8] Undefined variable: id D:\resource\bishe\jiakao\Application\Runtime\Cache\Admin\3342b4d79a9fc38ce3012d260a807f1f.php 第 112 行.
INFO: Run Behavior\ParseTemplateBehavior [ RunTime:0.070474s ]
INFO: [ view_parse ] --END-- [ RunTime:0.070526s ]
INFO: [ view_filter ] --START--
INFO: Run Behavior\WriteHtmlCacheBehavior [ RunTime:0.000569s ]
INFO: [ view_filter ] --END-- [ RunTime:0.000602s ]
INFO: [ app_end ] --START--
INFO: Run Behavior\ShowPageTraceBehavior [ RunTime:0.000748s ]
INFO: [ app_end ] --END-- [ RunTime:0.000790s ]

[ 2019-03-28T14:33:30+08:00 ] ::1 /index.php/Admin/Exam/info.html
INFO: [ app_init ] --START--
INFO: Run Behavior\BuildLiteBehavior [ RunTime:0.000023s ]
INFO: [ app_init ] --END-- [ RunTime:0.000593s ]
INFO: [ app_begin ] --START--
INFO: Run Behavior\ReadHtmlCacheBehavior [ RunTime:0.000666s ]
INFO: [ app_begin ] --END-- [ RunTime:0.000727s ]
SQL: SHOW COLUMNS FROM `tb_configex` [ RunTime:0.0210s ]
SQL: SELECT * FROM `tb_configex` WHERE ( 1=1 ) ORDER BY sort asc  [ RunTime:0.0003s ]
SQL: SHOW COLUMNS FROM `tb_setting` [ RunTime:0.0080s ]
SQL: SELECT * FROM `tb_setting` WHERE `setting_key` = 'kaoti' LIMIT 1   [ RunTime:0.0003s ]
SQL: SHOW COLUMNS FROM `tb_exam` [ RunTime:0.0087s ]
SQL: SHOW COLUMNS FROM `tb_class` [ RunTime:0.0095s ]
SQL: SELECT * FROM `tb_class` WHERE `fatherno` = '00010004'  [ RunTime:0.0003s ]
NOTIC: [8] Use of undefined constant yes_caption - assumed 'yes_caption' D:\resource\bishe\jiakao\Application\Admin\Controller\ExamController.class.php 第 148 行.
NOTIC: [8] Use of undefined constant no_caption - assumed 'no_caption' D:\resource\bishe\jiakao\Application\Admin\Controller\ExamController.class.php 第 149 行.
INFO: [ view_parse ] --START--
INFO: [ template_filter ] --START--
INFO: Run Behavior\ContentReplaceBehavior [ RunTime:0.000130s ]
INFO: [ template_filter ] --END-- [ RunTime:0.000184s ]
NOTIC: [8] Undefined variable: webtitle D:\resource\bishe\jiakao\Application\Runtime\Cache\Admin\07b3918d49ae8fa60dcbb33e1ea71f9a.php 第 6 行.
NOTIC: [8] Undefined variable: g_shuiji D:\resource\bishe\jiakao\Application\Runtime\Cache\Admin\07b3918d49ae8fa60dcbb33e1ea71f9a.php 第 15 行.
NOTIC: [8] Undefined variable: g_shuiji D:\resource\bishe\jiakao\Application\Runtime\Cache\Admin\07b3918d49ae8fa60dcbb33e1ea71f9a.php 第 19 行.
NOTIC: [8] Undefined variable: g_shuiji D:\resource\bishe\jiakao\Application\Runtime\Cache\Admin\07b3918d49ae8fa60dcbb33e1ea71f9a.php 第 20 行.
NOTIC: [8] Undefined variable: g_shuiji D:\resource\bishe\jiakao\Application\Runtime\Cache\Admin\07b3918d49ae8fa60dcbb33e1ea71f9a.php 第 24 行.
NOTIC: [8] Undefined variable: g_shuiji D:\resource\bishe\jiakao\Application\Runtime\Cache\Admin\07b3918d49ae8fa60dcbb33e1ea71f9a.php 第 25 行.
NOTIC: [8] Undefined variable: table D:\resource\bishe\jiakao\Application\Runtime\Cache\Admin\07b3918d49ae8fa60dcbb33e1ea71f9a.php 第 102 行.
NOTIC: [8] Undefined index: classno D:\resource\bishe\jiakao\Application\Runtime\Cache\Admin\07b3918d49ae8fa60dcbb33e1ea71f9a.php 第 106 行.
NOTIC: [8] Undefined index: name D:\resource\bishe\jiakao\Application\Runtime\Cache\Admin\07b3918d49ae8fa60dcbb33e1ea71f9a.php 第 107 行.
NOTIC: [8] Undefined index: value D:\resource\bishe\jiakao\Application\Runtime\Cache\Admin\07b3918d49ae8fa60dcbb33e1ea71f9a.php 第 112 行.
NOTIC: [8] Undefined index: photo D:\resource\bishe\jiakao\Application\Runtime\Cache\Admin\07b3918d49ae8fa60dcbb33e1ea71f9a.php 第 118 行.
NOTIC: [8] Undefined index: fenshu D:\resource\bishe\jiakao\Application\Runtime\Cache\Admin\07b3918d49ae8fa60dcbb33e1ea71f9a.php 第 122 行.
NOTIC: [8] Undefined index: sort D:\resource\bishe\jiakao\Application\Runtime\Cache\Admin\07b3918d49ae8fa60dcbb33e1ea71f9a.php 第 137 行.
NOTIC: [8] Undefined index: key D:\resource\bishe\jiakao\Application\Runtime\Cache\Admin\07b3918d49ae8fa60dcbb33e1ea71f9a.php 第 138 行.
NOTIC: [8] Undefined index: des D:\resource\bishe\jiakao\Application\Runtime\Cache\Admin\07b3918d49ae8fa60dcbb33e1ea71f9a.php 第 139 行.
NOTIC: [8] Undefined index: see_num D:\resource\bishe\jiakao\Application\Runtime\Cache\Admin\07b3918d49ae8fa60dcbb33e1ea71f9a.php 第 140 行.
NOTIC: [8] Use of undefined constant id - assumed 'id' D:\resource\bishe\jiakao\Application\Runtime\Cache\Admin\07b3918d49ae8fa60dcbb33e1ea71f9a.php 第 147 行.
NOTIC: [8] Undefined index: id D:\resource\bishe\jiakao\Application\Runtime\Cache\Admin\07b3918d49ae8fa60dcbb33e1ea71f9a.php 第 147 行.
NOTIC: [8] Undefined variable: show D:\resource\bishe\jiakao\Application\Runtime\Cache\Admin\07b3918d49ae8fa60dcbb33e1ea71f9a.php 第 161 行.
NOTIC: [8] Undefined index: classno D:\resource\bishe\jiakao\Application\Runtime\Cache\Admin\07b3918d49ae8fa60dcbb33e1ea71f9a.php 第 164 行.
NOTIC: [8] Undefined index: items D:\resource\bishe\jiakao\Application\Runtime\Cache\Admin\07b3918d49ae8fa60dcbb33e1ea71f9a.php 第 409 行.
NOTIC: [8] Undefined index: type D:\resource\bishe\jiakao\Application\Runtime\Cache\Admin\07b3918d49ae8fa60dcbb33e1ea71f9a.php 第 410 行.
NOTIC: [8] Undefined index: classno D:\resource\bishe\jiakao\Application\Runtime\Cache\Admin\07b3918d49ae8fa60dcbb33e1ea71f9a.php 第 411 行.
NOTIC: [8] Undefined index: type D:\resource\bishe\jiakao\Application\Runtime\Cache\Admin\07b3918d49ae8fa60dcbb33e1ea71f9a.php 第 412 行.
NOTIC: [8] Undefined index: kemu D:\resource\bishe\jiakao\Application\Runtime\Cache\Admin\07b3918d49ae8fa60dcbb33e1ea71f9a.php 第 413 行.
INFO: Run Behavior\ParseTemplateBehavior [ RunTime:0.158815s ]
INFO: [ view_parse ] --END-- [ RunTime:0.158871s ]
INFO: [ view_filter ] --START--
INFO: Run Behavior\WriteHtmlCacheBehavior [ RunTime:0.000378s ]
INFO: [ view_filter ] --END-- [ RunTime:0.000412s ]
INFO: [ app_end ] --START--
INFO: Run Behavior\ShowPageTraceBehavior [ RunTime:0.000658s ]
INFO: [ app_end ] --END-- [ RunTime:0.000701s ]

[ 2019-03-28T14:33:31+08:00 ] ::1 /index.php/Admin/class/classoption.html
INFO: [ app_init ] --START--
INFO: Run Behavior\BuildLiteBehavior [ RunTime:0.000025s ]
INFO: [ app_init ] --END-- [ RunTime:0.000613s ]
INFO: [ app_begin ] --START--
INFO: Run Behavior\ReadHtmlCacheBehavior [ RunTime:0.001222s ]
INFO: [ app_begin ] --END-- [ RunTime:0.001316s ]
SQL: SHOW COLUMNS FROM `tb_configex` [ RunTime:0.0356s ]
SQL: SELECT * FROM `tb_configex` WHERE ( 1=1 ) ORDER BY sort asc  [ RunTime:0.0009s ]
SQL: SHOW COLUMNS FROM `tb_setting` [ RunTime:0.0155s ]
SQL: SELECT * FROM `tb_setting` WHERE `setting_key` = 'kaoti' LIMIT 1   [ RunTime:0.0004s ]
NOTIC: [8] Undefined index: tablename D:\resource\bishe\jiakao\Application\Admin\Controller\ClassController.class.php 第 101 行.
SQL: SHOW COLUMNS FROM `tb_class` [ RunTime:0.0155s ]
SQL: SELECT * FROM `tb_class` WHERE `fatherno` = '00010004' ORDER BY sort asc  [ RunTime:0.0006s ]
SQL: SELECT * FROM `tb_class` WHERE `fatherno` = '000100040001' ORDER BY sort asc  [ RunTime:0.0005s ]
SQL: SELECT * FROM `tb_class` WHERE `fatherno` = '000100040002' ORDER BY sort asc  [ RunTime:0.0005s ]
SQL: SELECT * FROM `tb_class` WHERE `fatherno` = '000100040003' ORDER BY sort asc  [ RunTime:0.0004s ]
INFO: [ app_end ] --START--
INFO: Run Behavior\ShowPageTraceBehavior [ RunTime:0.001736s ]
INFO: [ app_end ] --END-- [ RunTime:0.001817s ]

[ 2019-03-28T14:33:33+08:00 ] ::1 /index.php/Admin/Exam/daoru.html
INFO: [ app_init ] --START--
INFO: Run Behavior\BuildLiteBehavior [ RunTime:0.000012s ]
INFO: [ app_init ] --END-- [ RunTime:0.000319s ]
INFO: [ app_begin ] --START--
INFO: Run Behavior\ReadHtmlCacheBehavior [ RunTime:0.000661s ]
INFO: [ app_begin ] --END-- [ RunTime:0.000702s ]
SQL: SHOW COLUMNS FROM `tb_configex` [ RunTime:0.0340s ]
SQL: SELECT * FROM `tb_configex` WHERE ( 1=1 ) ORDER BY sort asc  [ RunTime:0.0013s ]
SQL: SHOW COLUMNS FROM `tb_setting` [ RunTime:0.0176s ]
SQL: SELECT * FROM `tb_setting` WHERE `setting_key` = 'kaoti' LIMIT 1   [ RunTime:0.0004s ]
INFO: [ view_parse ] --START--
INFO: [ template_filter ] --START--
INFO: Run Behavior\ContentReplaceBehavior [ RunTime:0.000085s ]
INFO: [ template_filter ] --END-- [ RunTime:0.000128s ]
NOTIC: [8] Undefined variable: webtitle D:\resource\bishe\jiakao\Application\Runtime\Cache\Admin\03c243eb0ed4b16862dcb323d49a9198.php 第 6 行.
NOTIC: [8] Undefined variable: g_shuiji D:\resource\bishe\jiakao\Application\Runtime\Cache\Admin\03c243eb0ed4b16862dcb323d49a9198.php 第 15 行.
NOTIC: [8] Undefined variable: g_shuiji D:\resource\bishe\jiakao\Application\Runtime\Cache\Admin\03c243eb0ed4b16862dcb323d49a9198.php 第 19 行.
NOTIC: [8] Undefined variable: g_shuiji D:\resource\bishe\jiakao\Application\Runtime\Cache\Admin\03c243eb0ed4b16862dcb323d49a9198.php 第 20 行.
NOTIC: [8] Undefined variable: g_shuiji D:\resource\bishe\jiakao\Application\Runtime\Cache\Admin\03c243eb0ed4b16862dcb323d49a9198.php 第 24 行.
NOTIC: [8] Undefined variable: g_shuiji D:\resource\bishe\jiakao\Application\Runtime\Cache\Admin\03c243eb0ed4b16862dcb323d49a9198.php 第 25 行.
NOTIC: [8] Undefined variable: table D:\resource\bishe\jiakao\Application\Runtime\Cache\Admin\03c243eb0ed4b16862dcb323d49a9198.php 第 102 行.
NOTIC: [8] Undefined variable: info D:\resource\bishe\jiakao\Application\Runtime\Cache\Admin\03c243eb0ed4b16862dcb323d49a9198.php 第 106 行.
NOTIC: [8] Undefined variable: show D:\resource\bishe\jiakao\Application\Runtime\Cache\Admin\03c243eb0ed4b16862dcb323d49a9198.php 第 131 行.
NOTIC: [8] Undefined variable: info D:\resource\bishe\jiakao\Application\Runtime\Cache\Admin\03c243eb0ed4b16862dcb323d49a9198.php 第 134 行.
INFO: Run Behavior\ParseTemplateBehavior [ RunTime:0.109307s ]
INFO: [ view_parse ] --END-- [ RunTime:0.109374s ]
INFO: [ view_filter ] --START--
INFO: Run Behavior\WriteHtmlCacheBehavior [ RunTime:0.000559s ]
INFO: [ view_filter ] --END-- [ RunTime:0.000615s ]
INFO: [ app_end ] --START--
INFO: Run Behavior\ShowPageTraceBehavior [ RunTime:0.000778s ]
INFO: [ app_end ] --END-- [ RunTime:0.000826s ]

[ 2019-03-28T14:33:34+08:00 ] ::1 /index.php/Admin/Upload.html?folder=file/txt/&quan=&ObjId=filepath
INFO: [ app_init ] --START--
INFO: Run Behavior\BuildLiteBehavior [ RunTime:0.000021s ]
INFO: [ app_init ] --END-- [ RunTime:0.000519s ]
INFO: [ app_begin ] --START--
INFO: Run Behavior\ReadHtmlCacheBehavior [ RunTime:0.001096s ]
INFO: [ app_begin ] --END-- [ RunTime:0.001178s ]
SQL: SHOW COLUMNS FROM `tb_configex` [ RunTime:0.0299s ]
SQL: SELECT * FROM `tb_configex` WHERE ( 1=1 ) ORDER BY sort asc  [ RunTime:0.0005s ]
SQL: SHOW COLUMNS FROM `tb_setting` [ RunTime:0.0117s ]
SQL: SELECT * FROM `tb_setting` WHERE `setting_key` = 'kaoti' LIMIT 1   [ RunTime:0.0003s ]
SQL: SHOW COLUMNS FROM `tb_content` [ RunTime:0.0100s ]
INFO: [ view_parse ] --START--
INFO: [ template_filter ] --START--
INFO: Run Behavior\ContentReplaceBehavior [ RunTime:0.000049s ]
INFO: [ template_filter ] --END-- [ RunTime:0.000103s ]
NOTIC: [8] Undefined variable: g_shuiji D:\resource\bishe\jiakao\Application\Runtime\Cache\Admin\57338fdf56f4aa5254bb767d603b91ba.php 第 14 行.
NOTIC: [8] Undefined variable: g_shuiji D:\resource\bishe\jiakao\Application\Runtime\Cache\Admin\57338fdf56f4aa5254bb767d603b91ba.php 第 18 行.
NOTIC: [8] Undefined variable: g_shuiji D:\resource\bishe\jiakao\Application\Runtime\Cache\Admin\57338fdf56f4aa5254bb767d603b91ba.php 第 19 行.
NOTIC: [8] Undefined variable: g_shuiji D:\resource\bishe\jiakao\Application\Runtime\Cache\Admin\57338fdf56f4aa5254bb767d603b91ba.php 第 23 行.
NOTIC: [8] Undefined variable: g_shuiji D:\resource\bishe\jiakao\Application\Runtime\Cache\Admin\57338fdf56f4aa5254bb767d603b91ba.php 第 24 行.
NOTIC: [8] Undefined variable: pathfile D:\resource\bishe\jiakao\Application\Runtime\Cache\Admin\57338fdf56f4aa5254bb767d603b91ba.php 第 34 行.
INFO: Run Behavior\ParseTemplateBehavior [ RunTime:0.033542s ]
INFO: [ view_parse ] --END-- [ RunTime:0.033607s ]
INFO: [ view_filter ] --START--
INFO: Run Behavior\WriteHtmlCacheBehavior [ RunTime:0.000562s ]
INFO: [ view_filter ] --END-- [ RunTime:0.000609s ]
INFO: [ app_end ] --START--
INFO: Run Behavior\ShowPageTraceBehavior [ RunTime:0.001073s ]
INFO: [ app_end ] --END-- [ RunTime:0.001151s ]

[ 2019-03-28T14:33:35+08:00 ] ::1 /index.php/Admin/class/classoption.html
INFO: [ app_init ] --START--
INFO: Run Behavior\BuildLiteBehavior [ RunTime:0.000032s ]
INFO: [ app_init ] --END-- [ RunTime:0.000647s ]
INFO: [ app_begin ] --START--
INFO: Run Behavior\ReadHtmlCacheBehavior [ RunTime:0.001056s ]
INFO: [ app_begin ] --END-- [ RunTime:0.001146s ]
SQL: SHOW COLUMNS FROM `tb_configex` [ RunTime:0.0363s ]
SQL: SELECT * FROM `tb_configex` WHERE ( 1=1 ) ORDER BY sort asc  [ RunTime:0.0004s ]
SQL: SHOW COLUMNS FROM `tb_setting` [ RunTime:0.0172s ]
SQL: SELECT * FROM `tb_setting` WHERE `setting_key` = 'kaoti' LIMIT 1   [ RunTime:0.0003s ]
NOTIC: [8] Undefined index: tablename D:\resource\bishe\jiakao\Application\Admin\Controller\ClassController.class.php 第 101 行.
SQL: SHOW COLUMNS FROM `tb_class` [ RunTime:0.0115s ]
SQL: SELECT * FROM `tb_class` WHERE `fatherno` = '00010004' ORDER BY sort asc  [ RunTime:0.0004s ]
SQL: SELECT * FROM `tb_class` WHERE `fatherno` = '000100040001' ORDER BY sort asc  [ RunTime:0.0002s ]
SQL: SELECT * FROM `tb_class` WHERE `fatherno` = '000100040002' ORDER BY sort asc  [ RunTime:0.0002s ]
SQL: SELECT * FROM `tb_class` WHERE `fatherno` = '000100040003' ORDER BY sort asc  [ RunTime:0.0002s ]
INFO: [ app_end ] --START--
INFO: Run Behavior\ShowPageTraceBehavior [ RunTime:0.001229s ]
INFO: [ app_end ] --END-- [ RunTime:0.001285s ]

[ 2019-03-28T14:33:51+08:00 ] ::1 /index.php/Admin/shouquan/lists.html
INFO: [ app_init ] --START--
INFO: Run Behavior\BuildLiteBehavior [ RunTime:0.000014s ]
INFO: [ app_init ] --END-- [ RunTime:0.000340s ]
INFO: [ app_begin ] --START--
INFO: Run Behavior\ReadHtmlCacheBehavior [ RunTime:0.000676s ]
INFO: [ app_begin ] --END-- [ RunTime:0.000719s ]
SQL: SHOW COLUMNS FROM `tb_configex` [ RunTime:0.0385s ]
SQL: SELECT * FROM `tb_configex` WHERE ( 1=1 ) ORDER BY sort asc  [ RunTime:0.0005s ]
SQL: SHOW COLUMNS FROM `tb_setting` [ RunTime:0.0128s ]
SQL: SELECT * FROM `tb_setting` WHERE `setting_key` = 'kaoti' LIMIT 1   [ RunTime:0.0003s ]
SQL: SHOW COLUMNS FROM `tb_shouquan` [ RunTime:0.0170s ]
SQL: SELECT COUNT(*) AS tp_count FROM `tb_shouquan` WHERE `id` > 0 LIMIT 1   [ RunTime:0.0003s ]
SQL: SELECT * FROM `tb_shouquan` WHERE `id` > 0 ORDER BY id desc LIMIT 0,20   [ RunTime:0.0003s ]
INFO: [ view_parse ] --START--
INFO: [ template_filter ] --START--
INFO: Run Behavior\ContentReplaceBehavior [ RunTime:0.000092s ]
INFO: [ template_filter ] --END-- [ RunTime:0.000136s ]
NOTIC: [8] Undefined variable: g_shuiji D:\resource\bishe\jiakao\Application\Runtime\Cache\Admin\1db218ed85853f7f546d36d901061a26.php 第 15 行.
NOTIC: [8] Undefined variable: g_shuiji D:\resource\bishe\jiakao\Application\Runtime\Cache\Admin\1db218ed85853f7f546d36d901061a26.php 第 19 行.
NOTIC: [8] Undefined variable: g_shuiji D:\resource\bishe\jiakao\Application\Runtime\Cache\Admin\1db218ed85853f7f546d36d901061a26.php 第 20 行.
NOTIC: [8] Undefined variable: g_shuiji D:\resource\bishe\jiakao\Application\Runtime\Cache\Admin\1db218ed85853f7f546d36d901061a26.php 第 24 行.
NOTIC: [8] Undefined variable: g_shuiji D:\resource\bishe\jiakao\Application\Runtime\Cache\Admin\1db218ed85853f7f546d36d901061a26.php 第 25 行.
NOTIC: [8] Use of undefined constant key - assumed 'key' D:\resource\bishe\jiakao\Application\Runtime\Cache\Admin\1db218ed85853f7f546d36d901061a26.php 第 100 行.
NOTIC: [8] Undefined index: key D:\resource\bishe\jiakao\Application\Runtime\Cache\Admin\1db218ed85853f7f546d36d901061a26.php 第 100 行.
NOTIC: [8] Use of undefined constant id - assumed 'id' D:\resource\bishe\jiakao\Application\Runtime\Cache\Admin\1db218ed85853f7f546d36d901061a26.php 第 103 行.
NOTIC: [8] Undefined index: id D:\resource\bishe\jiakao\Application\Runtime\Cache\Admin\1db218ed85853f7f546d36d901061a26.php 第 103 行.
NOTIC: [8] Use of undefined constant table - assumed 'table' D:\resource\bishe\jiakao\Application\Runtime\Cache\Admin\1db218ed85853f7f546d36d901061a26.php 第 106 行.
NOTIC: [8] Undefined index: table D:\resource\bishe\jiakao\Application\Runtime\Cache\Admin\1db218ed85853f7f546d36d901061a26.php 第 106 行.
INFO: Run Behavior\ParseTemplateBehavior [ RunTime:0.070560s ]
INFO: [ view_parse ] --END-- [ RunTime:0.070629s ]
INFO: [ view_filter ] --START--
INFO: Run Behavior\WriteHtmlCacheBehavior [ RunTime:0.000475s ]
INFO: [ view_filter ] --END-- [ RunTime:0.000508s ]
INFO: [ app_end ] --START--
INFO: Run Behavior\ShowPageTraceBehavior [ RunTime:0.000799s ]
INFO: [ app_end ] --END-- [ RunTime:0.000842s ]

[ 2019-03-28T14:33:55+08:00 ] ::1 /index.php/Admin/shouquan/info.html
INFO: [ app_init ] --START--
INFO: Run Behavior\BuildLiteBehavior [ RunTime:0.000015s ]
INFO: [ app_init ] --END-- [ RunTime:0.000390s ]
INFO: [ app_begin ] --START--
INFO: Run Behavior\ReadHtmlCacheBehavior [ RunTime:0.000752s ]
INFO: [ app_begin ] --END-- [ RunTime:0.000803s ]
SQL: SHOW COLUMNS FROM `tb_configex` [ RunTime:0.0358s ]
SQL: SELECT * FROM `tb_configex` WHERE ( 1=1 ) ORDER BY sort asc  [ RunTime:0.0012s ]
SQL: SHOW COLUMNS FROM `tb_setting` [ RunTime:0.0146s ]
SQL: SELECT * FROM `tb_setting` WHERE `setting_key` = 'kaoti' LIMIT 1   [ RunTime:0.0003s ]
SQL: SHOW COLUMNS FROM `tb_shouquan` [ RunTime:0.0123s ]
SQL: SHOW COLUMNS FROM `tb_class` [ RunTime:0.0132s ]
SQL: SELECT * FROM `tb_class` WHERE (  fatherno='' or classno=''  )  [ RunTime:0.0008s ]
INFO: [ view_parse ] --START--
INFO: [ template_filter ] --START--
INFO: Run Behavior\ContentReplaceBehavior [ RunTime:0.000197s ]
INFO: [ template_filter ] --END-- [ RunTime:0.000273s ]
NOTIC: [8] Undefined variable: g_shuiji D:\resource\bishe\jiakao\Application\Runtime\Cache\Admin\bc6f4d58a2c1b21fce930dacb74c836d.php 第 15 行.
NOTIC: [8] Undefined variable: g_shuiji D:\resource\bishe\jiakao\Application\Runtime\Cache\Admin\bc6f4d58a2c1b21fce930dacb74c836d.php 第 19 行.
NOTIC: [8] Undefined variable: g_shuiji D:\resource\bishe\jiakao\Application\Runtime\Cache\Admin\bc6f4d58a2c1b21fce930dacb74c836d.php 第 20 行.
NOTIC: [8] Undefined variable: g_shuiji D:\resource\bishe\jiakao\Application\Runtime\Cache\Admin\bc6f4d58a2c1b21fce930dacb74c836d.php 第 24 行.
NOTIC: [8] Undefined variable: g_shuiji D:\resource\bishe\jiakao\Application\Runtime\Cache\Admin\bc6f4d58a2c1b21fce930dacb74c836d.php 第 25 行.
NOTIC: [8] Undefined index: contact D:\resource\bishe\jiakao\Application\Runtime\Cache\Admin\bc6f4d58a2c1b21fce930dacb74c836d.php 第 104 行.
NOTIC: [8] Undefined index: weixin D:\resource\bishe\jiakao\Application\Runtime\Cache\Admin\bc6f4d58a2c1b21fce930dacb74c836d.php 第 105 行.
NOTIC: [8] Undefined index: idno D:\resource\bishe\jiakao\Application\Runtime\Cache\Admin\bc6f4d58a2c1b21fce930dacb74c836d.php 第 108 行.
NOTIC: [8] Undefined index: dailidengji D:\resource\bishe\jiakao\Application\Runtime\Cache\Admin\bc6f4d58a2c1b21fce930dacb74c836d.php 第 109 行.
NOTIC: [8] Undefined index: phone D:\resource\bishe\jiakao\Application\Runtime\Cache\Admin\bc6f4d58a2c1b21fce930dacb74c836d.php 第 110 行.
NOTIC: [8] Undefined index: address D:\resource\bishe\jiakao\Application\Runtime\Cache\Admin\bc6f4d58a2c1b21fce930dacb74c836d.php 第 111 行.
NOTIC: [8] Undefined index: company D:\resource\bishe\jiakao\Application\Runtime\Cache\Admin\bc6f4d58a2c1b21fce930dacb74c836d.php 第 112 行.
NOTIC: [8] Undefined index: photo D:\resource\bishe\jiakao\Application\Runtime\Cache\Admin\bc6f4d58a2c1b21fce930dacb74c836d.php 第 114 行.
NOTIC: [8] Undefined index: id D:\resource\bishe\jiakao\Application\Runtime\Cache\Admin\bc6f4d58a2c1b21fce930dacb74c836d.php 第 120 行.
NOTIC: [8] Undefined index: id D:\resource\bishe\jiakao\Application\Runtime\Cache\Admin\bc6f4d58a2c1b21fce930dacb74c836d.php 第 120 行.
NOTIC: [8] Undefined index: id D:\resource\bishe\jiakao\Application\Runtime\Cache\Admin\bc6f4d58a2c1b21fce930dacb74c836d.php 第 122 行.
NOTIC: [8] Undefined index: id D:\resource\bishe\jiakao\Application\Runtime\Cache\Admin\bc6f4d58a2c1b21fce930dacb74c836d.php 第 122 行.
NOTIC: [8] Undefined index: id D:\resource\bishe\jiakao\Application\Runtime\Cache\Admin\bc6f4d58a2c1b21fce930dacb74c836d.php 第 125 行.
NOTIC: [8] Use of undefined constant id - assumed 'id' D:\resource\bishe\jiakao\Application\Runtime\Cache\Admin\bc6f4d58a2c1b21fce930dacb74c836d.php 第 132 行.
NOTIC: [8] Undefined index: id D:\resource\bishe\jiakao\Application\Runtime\Cache\Admin\bc6f4d58a2c1b21fce930dacb74c836d.php 第 132 行.
INFO: Run Behavior\ParseTemplateBehavior [ RunTime:0.092406s ]
INFO: [ view_parse ] --END-- [ RunTime:0.092467s ]
INFO: [ view_filter ] --START--
INFO: Run Behavior\WriteHtmlCacheBehavior [ RunTime:0.000483s ]
INFO: [ view_filter ] --END-- [ RunTime:0.000515s ]
INFO: [ app_end ] --START--
INFO: Run Behavior\ShowPageTraceBehavior [ RunTime:0.001598s ]
INFO: [ app_end ] --END-- [ RunTime:0.001651s ]

[ 2019-03-28T14:33:59+08:00 ] ::1 /index.php/Admin/user/only.html
INFO: [ app_init ] --START--
INFO: Run Behavior\BuildLiteBehavior [ RunTime:0.000015s ]
INFO: [ app_init ] --END-- [ RunTime:0.000358s ]
INFO: [ app_begin ] --START--
INFO: Run Behavior\ReadHtmlCacheBehavior [ RunTime:0.001986s ]
INFO: [ app_begin ] --END-- [ RunTime:0.002198s ]
SQL: SHOW COLUMNS FROM `tb_user` [ RunTime:0.0136s ]
SQL: SELECT * FROM `tb_user` WHERE `id` = '1' LIMIT 1   [ RunTime:0.0006s ]
NOTIC: [8] Undefined variable: id D:\resource\bishe\jiakao\Application\Admin\Controller\UserController.class.php 第 186 行.
INFO: [ view_parse ] --START--
INFO: [ template_filter ] --START--
INFO: Run Behavior\ContentReplaceBehavior [ RunTime:0.000272s ]
INFO: [ template_filter ] --END-- [ RunTime:0.000368s ]
NOTIC: [8] Undefined index: webtitle D:\resource\bishe\jiakao\Application\Runtime\Cache\Admin\8edf9030bc448186204d86dedec432e6.php 第 6 行.
NOTIC: [8] Undefined variable: g_shuiji D:\resource\bishe\jiakao\Application\Runtime\Cache\Admin\8edf9030bc448186204d86dedec432e6.php 第 15 行.
NOTIC: [8] Undefined variable: g_shuiji D:\resource\bishe\jiakao\Application\Runtime\Cache\Admin\8edf9030bc448186204d86dedec432e6.php 第 19 行.
NOTIC: [8] Undefined variable: g_shuiji D:\resource\bishe\jiakao\Application\Runtime\Cache\Admin\8edf9030bc448186204d86dedec432e6.php 第 20 行.
NOTIC: [8] Undefined variable: g_shuiji D:\resource\bishe\jiakao\Application\Runtime\Cache\Admin\8edf9030bc448186204d86dedec432e6.php 第 24 行.
NOTIC: [8] Undefined variable: g_shuiji D:\resource\bishe\jiakao\Application\Runtime\Cache\Admin\8edf9030bc448186204d86dedec432e6.php 第 25 行.
NOTIC: [8] Undefined variable: kaoti_setting D:\resource\bishe\jiakao\Application\Runtime\Cache\Admin\8edf9030bc448186204d86dedec432e6.php 第 38 行.
NOTIC: [8] Undefined variable: kaoti_setting D:\resource\bishe\jiakao\Application\Runtime\Cache\Admin\8edf9030bc448186204d86dedec432e6.php 第 46 行.
NOTIC: [8] Undefined variable: kaoti_setting D:\resource\bishe\jiakao\Application\Runtime\Cache\Admin\8edf9030bc448186204d86dedec432e6.php 第 82 行.
NOTIC: [8] Undefined variable: laiyuan D:\resource\bishe\jiakao\Application\Runtime\Cache\Admin\8edf9030bc448186204d86dedec432e6.php 第 95 行.
NOTIC: [8] Use of undefined constant id - assumed 'id' D:\resource\bishe\jiakao\Application\Runtime\Cache\Admin\8edf9030bc448186204d86dedec432e6.php 第 149 行.
NOTIC: [8] Undefined variable: laiyuan D:\resource\bishe\jiakao\Application\Runtime\Cache\Admin\8edf9030bc448186204d86dedec432e6.php 第 150 行.
NOTIC: [8] Undefined variable: show D:\resource\bishe\jiakao\Application\Runtime\Cache\Admin\8edf9030bc448186204d86dedec432e6.php 第 163 行.
INFO: Run Behavior\ParseTemplateBehavior [ RunTime:0.109105s ]
INFO: [ view_parse ] --END-- [ RunTime:0.109162s ]
INFO: [ view_filter ] --START--
INFO: Run Behavior\WriteHtmlCacheBehavior [ RunTime:0.000456s ]
INFO: [ view_filter ] --END-- [ RunTime:0.000490s ]
INFO: [ app_end ] --START--
INFO: Run Behavior\ShowPageTraceBehavior [ RunTime:0.001248s ]
INFO: [ app_end ] --END-- [ RunTime:0.001332s ]

