[ 2019-06-02T14:58:03+08:00 ] ::1 /index.php/admin/user/login.html
INFO: [ app_init ] --START--
INFO: Run Behavior\BuildLiteBehavior [ RunTime:0.000022s ]
INFO: [ app_init ] --END-- [ RunTime:0.000526s ]
INFO: [ app_begin ] --START--
INFO: Run Behavior\ReadHtmlCacheBehavior [ RunTime:0.001234s ]
INFO: [ app_begin ] --END-- [ RunTime:0.001348s ]
SQL: SHOW COLUMNS FROM `tb_user` [ RunTime:0.0448s ]
NOTIC: [8] Undefined index: username D:\resource\bishe\jiakao\Application\Admin\Controller\UserController.class.php 第 267 行.
NOTIC: [8] Undefined index: userpwd D:\resource\bishe\jiakao\Application\Admin\Controller\UserController.class.php 第 268 行.
INFO: [ view_parse ] --START--
INFO: [ template_filter ] --START--
INFO: Run Behavior\ContentReplaceBehavior [ RunTime:0.000112s ]
INFO: [ template_filter ] --END-- [ RunTime:0.000268s ]
INFO: Run Behavior\ParseTemplateBehavior [ RunTime:0.059454s ]
INFO: [ view_parse ] --END-- [ RunTime:0.059652s ]
INFO: [ view_filter ] --START--
INFO: Run Behavior\WriteHtmlCacheBehavior [ RunTime:0.001469s ]
INFO: [ view_filter ] --END-- [ RunTime:0.001588s ]
INFO: [ app_end ] --START--
INFO: Run Behavior\ShowPageTraceBehavior [ RunTime:0.002390s ]
INFO: [ app_end ] --END-- [ RunTime:0.002522s ]

[ 2019-06-02T14:58:24+08:00 ] ::1 /index.php/admin/user/login.html
INFO: [ app_init ] --START--
INFO: Run Behavior\BuildLiteBehavior [ RunTime:0.000022s ]
INFO: [ app_init ] --END-- [ RunTime:0.000522s ]
INFO: [ app_begin ] --START--
INFO: Run Behavior\ReadHtmlCacheBehavior [ RunTime:0.001132s ]
INFO: [ app_begin ] --END-- [ RunTime:0.001207s ]
SQL: SHOW COLUMNS FROM `tb_user` [ RunTime:0.0439s ]
SQL: SELECT * FROM `tb_user` WHERE `username` = '12222222222' AND `userpwd` = '25f9e794323b453885f5181f1b624d0b' AND `root` = 0 AND `state` = 1 LIMIT 1   [ RunTime:0.0011s ]
INFO: [ view_parse ] --START--
INFO: [ template_filter ] --START--
INFO: Run Behavior\ContentReplaceBehavior [ RunTime:0.000165s ]
INFO: [ template_filter ] --END-- [ RunTime:0.000672s ]
INFO: Run Behavior\ParseTemplateBehavior [ RunTime:0.024970s ]
INFO: [ view_parse ] --END-- [ RunTime:0.025138s ]
INFO: [ view_filter ] --START--
INFO: Run Behavior\WriteHtmlCacheBehavior [ RunTime:0.001491s ]
INFO: [ view_filter ] --END-- [ RunTime:0.001605s ]

[ 2019-06-02T14:58:28+08:00 ] ::1 /index.php/Admin/User/login.html
INFO: [ app_init ] --START--
INFO: Run Behavior\BuildLiteBehavior [ RunTime:0.000028s ]
INFO: [ app_init ] --END-- [ RunTime:0.000685s ]
INFO: [ app_begin ] --START--
INFO: Run Behavior\ReadHtmlCacheBehavior [ RunTime:0.001443s ]
INFO: [ app_begin ] --END-- [ RunTime:0.001539s ]
SQL: SHOW COLUMNS FROM `tb_user` [ RunTime:0.0590s ]
NOTIC: [8] Undefined index: username D:\resource\bishe\jiakao\Application\Admin\Controller\UserController.class.php 第 267 行.
NOTIC: [8] Undefined index: userpwd D:\resource\bishe\jiakao\Application\Admin\Controller\UserController.class.php 第 268 行.
INFO: [ view_parse ] --START--
INFO: [ template_filter ] --START--
INFO: Run Behavior\ContentReplaceBehavior [ RunTime:0.000072s ]
INFO: [ template_filter ] --END-- [ RunTime:0.000173s ]
INFO: Run Behavior\ParseTemplateBehavior [ RunTime:0.024684s ]
INFO: [ view_parse ] --END-- [ RunTime:0.024904s ]
INFO: [ view_filter ] --START--
INFO: Run Behavior\WriteHtmlCacheBehavior [ RunTime:0.001385s ]
INFO: [ view_filter ] --END-- [ RunTime:0.001489s ]
INFO: [ app_end ] --START--
INFO: Run Behavior\ShowPageTraceBehavior [ RunTime:0.002956s ]
INFO: [ app_end ] --END-- [ RunTime:0.003172s ]

[ 2019-06-02T15:04:36+08:00 ] ::1 /index.php/admin/user/login.html
INFO: [ app_init ] --START--
INFO: Run Behavior\BuildLiteBehavior [ RunTime:0.000033s ]
INFO: [ app_init ] --END-- [ RunTime:0.000905s ]
INFO: [ app_begin ] --START--
INFO: Run Behavior\ReadHtmlCacheBehavior [ RunTime:0.001237s ]
INFO: [ app_begin ] --END-- [ RunTime:0.001340s ]
SQL: SHOW COLUMNS FROM `tb_user` [ RunTime:0.0443s ]
NOTIC: [8] Undefined index: username D:\resource\bishe\jiakao\Application\Admin\Controller\UserController.class.php 第 267 行.
NOTIC: [8] Undefined index: userpwd D:\resource\bishe\jiakao\Application\Admin\Controller\UserController.class.php 第 268 行.
INFO: [ view_parse ] --START--
INFO: [ template_filter ] --START--
INFO: Run Behavior\ContentReplaceBehavior [ RunTime:0.000111s ]
INFO: [ template_filter ] --END-- [ RunTime:0.000259s ]
INFO: Run Behavior\ParseTemplateBehavior [ RunTime:0.026260s ]
INFO: [ view_parse ] --END-- [ RunTime:0.026449s ]
INFO: [ view_filter ] --START--
INFO: Run Behavior\WriteHtmlCacheBehavior [ RunTime:0.001536s ]
INFO: [ view_filter ] --END-- [ RunTime:0.001658s ]
INFO: [ app_end ] --START--
INFO: Run Behavior\ShowPageTraceBehavior [ RunTime:0.002372s ]
INFO: [ app_end ] --END-- [ RunTime:0.002501s ]

[ 2019-06-02T15:04:46+08:00 ] ::1 /index.php/admin/user/login.html
INFO: [ app_init ] --START--
INFO: Run Behavior\BuildLiteBehavior [ RunTime:0.000022s ]
INFO: [ app_init ] --END-- [ RunTime:0.000637s ]
INFO: [ app_begin ] --START--
INFO: Run Behavior\ReadHtmlCacheBehavior [ RunTime:0.001101s ]
INFO: [ app_begin ] --END-- [ RunTime:0.001176s ]
SQL: SHOW COLUMNS FROM `tb_user` [ RunTime:0.0467s ]
SQL: SELECT * FROM `tb_user` WHERE `username` = 'admin' AND `userpwd` = '21232f297a57a5a743894a0e4a801fc3' AND `root` = 0 AND `state` = 1 LIMIT 1   [ RunTime:0.0011s ]

[ 2019-06-02T15:04:46+08:00 ] ::1 /index.php/Admin/Index/index.html
INFO: [ app_init ] --START--
INFO: Run Behavior\BuildLiteBehavior [ RunTime:0.000032s ]
INFO: [ app_init ] --END-- [ RunTime:0.000728s ]
INFO: [ app_begin ] --START--
INFO: Run Behavior\ReadHtmlCacheBehavior [ RunTime:0.001113s ]
INFO: [ app_begin ] --END-- [ RunTime:0.001190s ]

[ 2019-06-02T15:04:47+08:00 ] ::1 /index.php/Admin/content/lists.html
INFO: [ app_init ] --START--
INFO: Run Behavior\BuildLiteBehavior [ RunTime:0.000038s ]
INFO: [ app_init ] --END-- [ RunTime:0.000817s ]
INFO: [ app_begin ] --START--
INFO: Run Behavior\ReadHtmlCacheBehavior [ RunTime:0.001166s ]
INFO: [ app_begin ] --END-- [ RunTime:0.001243s ]
SQL: SHOW COLUMNS FROM `tb_configex` [ RunTime:0.0482s ]
SQL: SELECT * FROM `tb_configex` WHERE ( 1=1 ) ORDER BY sort asc  [ RunTime:0.0009s ]
SQL: SHOW COLUMNS FROM `tb_setting` [ RunTime:0.0300s ]
SQL: SELECT * FROM `tb_setting` WHERE `setting_key` = 'kaoti' LIMIT 1   [ RunTime:0.0007s ]
SQL: SHOW COLUMNS FROM `tb_content` [ RunTime:0.0511s ]
SQL: SHOW COLUMNS FROM `tb_class` [ RunTime:0.0327s ]
SQL: SELECT * FROM `tb_class` WHERE (  fatherno='00010002'  )  [ RunTime:0.0009s ]
SQL: SELECT COUNT(*) AS tp_count FROM `tb_content` WHERE `id` > 0 LIMIT 1   [ RunTime:0.0005s ]
SQL: SELECT * FROM `tb_content` WHERE `id` > 0 ORDER BY id desc LIMIT 0,20   [ RunTime:0.0010s ]
NOTIC: [2] Invalid argument supplied for foreach() D:\resource\bishe\jiakao\Application\Admin\Controller\ContentController.class.php 第 40 行.
INFO: [ view_parse ] --START--
INFO: [ template_filter ] --START--
INFO: Run Behavior\ContentReplaceBehavior [ RunTime:0.000138s ]
INFO: [ template_filter ] --END-- [ RunTime:0.000212s ]
NOTIC: [8] Undefined variable: g_shuiji D:\resource\bishe\jiakao\Application\Runtime\Cache\Admin\ab45c68eddd7a5d1e654574606ff6703.php 第 15 行.
NOTIC: [8] Undefined variable: g_shuiji D:\resource\bishe\jiakao\Application\Runtime\Cache\Admin\ab45c68eddd7a5d1e654574606ff6703.php 第 19 行.
NOTIC: [8] Undefined variable: g_shuiji D:\resource\bishe\jiakao\Application\Runtime\Cache\Admin\ab45c68eddd7a5d1e654574606ff6703.php 第 20 行.
NOTIC: [8] Undefined variable: g_shuiji D:\resource\bishe\jiakao\Application\Runtime\Cache\Admin\ab45c68eddd7a5d1e654574606ff6703.php 第 24 行.
NOTIC: [8] Undefined variable: g_shuiji D:\resource\bishe\jiakao\Application\Runtime\Cache\Admin\ab45c68eddd7a5d1e654574606ff6703.php 第 25 行.
NOTIC: [8] Undefined index: msg D:\resource\bishe\jiakao\Application\Runtime\Cache\Admin\ab45c68eddd7a5d1e654574606ff6703.php 第 44 行.
INFO: Run Behavior\ParseTemplateBehavior [ RunTime:0.259182s ]
INFO: [ view_parse ] --END-- [ RunTime:0.259313s ]
INFO: [ view_filter ] --START--
INFO: Run Behavior\WriteHtmlCacheBehavior [ RunTime:0.000809s ]
INFO: [ view_filter ] --END-- [ RunTime:0.000870s ]
INFO: [ app_end ] --START--
INFO: Run Behavior\ShowPageTraceBehavior [ RunTime:0.002893s ]
INFO: [ app_end ] --END-- [ RunTime:0.002990s ]

[ 2019-06-02T15:04:56+08:00 ] ::1 /index.php/Admin/Exam/lists.html
INFO: [ app_init ] --START--
INFO: Run Behavior\BuildLiteBehavior [ RunTime:0.000039s ]
INFO: [ app_init ] --END-- [ RunTime:0.000960s ]
INFO: [ app_begin ] --START--
INFO: Run Behavior\ReadHtmlCacheBehavior [ RunTime:0.001124s ]
INFO: [ app_begin ] --END-- [ RunTime:0.001203s ]
SQL: SHOW COLUMNS FROM `tb_configex` [ RunTime:0.0448s ]
SQL: SELECT * FROM `tb_configex` WHERE ( 1=1 ) ORDER BY sort asc  [ RunTime:0.0009s ]
SQL: SHOW COLUMNS FROM `tb_setting` [ RunTime:0.0438s ]
SQL: SELECT * FROM `tb_setting` WHERE `setting_key` = 'kaoti' LIMIT 1   [ RunTime:0.0006s ]
SQL: SHOW COLUMNS FROM `tb_exam` [ RunTime:0.0326s ]
SQL: SHOW COLUMNS FROM `tb_class` [ RunTime:0.0328s ]
SQL: SELECT * FROM `tb_class` WHERE `fatherno` = '00010004'  [ RunTime:0.0008s ]
SQL: SELECT COUNT(*) AS tp_count FROM `tb_exam` WHERE `id` > 0 LIMIT 1   [ RunTime:0.0021s ]
SQL: SELECT * FROM `tb_exam` WHERE `id` > 0 ORDER BY id desc LIMIT 0,20   [ RunTime:0.0014s ]
SQL: SELECT * FROM `tb_class` WHERE `id` = 39 LIMIT 1   [ RunTime:0.0006s ]
SQL: SELECT * FROM `tb_class` WHERE `id` = 39 LIMIT 1   [ RunTime:0.0006s ]
SQL: SELECT * FROM `tb_class` WHERE `id` = 39 LIMIT 1   [ RunTime:0.0006s ]
SQL: SELECT * FROM `tb_class` WHERE `id` = 40 LIMIT 1   [ RunTime:0.0006s ]
SQL: SELECT * FROM `tb_class` WHERE `id` = 40 LIMIT 1   [ RunTime:0.0007s ]
SQL: SELECT * FROM `tb_class` WHERE `id` = 39 LIMIT 1   [ RunTime:0.0006s ]
SQL: SELECT * FROM `tb_class` WHERE `id` = 40 LIMIT 1   [ RunTime:0.0007s ]
SQL: SELECT * FROM `tb_class` WHERE `id` = 39 LIMIT 1   [ RunTime:0.0009s ]
SQL: SELECT * FROM `tb_class` WHERE `id` = 39 LIMIT 1   [ RunTime:0.0008s ]
SQL: SELECT * FROM `tb_class` WHERE `id` = 39 LIMIT 1   [ RunTime:0.0006s ]
SQL: SELECT * FROM `tb_class` WHERE `id` = 39 LIMIT 1   [ RunTime:0.0006s ]
SQL: SELECT * FROM `tb_class` WHERE `id` = 39 LIMIT 1   [ RunTime:0.0006s ]
SQL: SELECT * FROM `tb_class` WHERE `id` = 39 LIMIT 1   [ RunTime:0.0006s ]
SQL: SELECT * FROM `tb_class` WHERE `id` = 39 LIMIT 1   [ RunTime:0.0006s ]
SQL: SELECT * FROM `tb_class` WHERE `id` = 39 LIMIT 1   [ RunTime:0.0006s ]
SQL: SELECT * FROM `tb_class` WHERE `id` = 39 LIMIT 1   [ RunTime:0.0007s ]
SQL: SELECT * FROM `tb_class` WHERE `id` = 39 LIMIT 1   [ RunTime:0.0006s ]
SQL: SELECT * FROM `tb_class` WHERE `id` = 39 LIMIT 1   [ RunTime:0.0007s ]
SQL: SELECT * FROM `tb_class` WHERE `id` = 39 LIMIT 1   [ RunTime:0.0006s ]
SQL: SELECT * FROM `tb_class` WHERE `id` = 39 LIMIT 1   [ RunTime:0.0006s ]
NOTIC: [2] Missing argument 1 for I(), called in D:\resource\bishe\jiakao\Application\Admin\Controller\ExamController.class.php on line 102 and defined D:\resource\bishe\jiakao\ThinkPHP\Common\functions.php 第 271 行.
NOTIC: [8] Undefined variable: name D:\resource\bishe\jiakao\ThinkPHP\Common\functions.php 第 273 行.
NOTIC: [8] Undefined variable: name D:\resource\bishe\jiakao\ThinkPHP\Common\functions.php 第 278 行.
NOTIC: [8] Undefined variable: name D:\resource\bishe\jiakao\ThinkPHP\Common\functions.php 第 339 行.
INFO: [ view_parse ] --START--
INFO: [ template_filter ] --START--
INFO: Run Behavior\ContentReplaceBehavior [ RunTime:0.000358s ]
INFO: [ template_filter ] --END-- [ RunTime:0.000510s ]
NOTIC: [8] Undefined variable: g_shuiji D:\resource\bishe\jiakao\Application\Runtime\Cache\Admin\3342b4d79a9fc38ce3012d260a807f1f.php 第 15 行.
NOTIC: [8] Undefined variable: g_shuiji D:\resource\bishe\jiakao\Application\Runtime\Cache\Admin\3342b4d79a9fc38ce3012d260a807f1f.php 第 19 行.
NOTIC: [8] Undefined variable: g_shuiji D:\resource\bishe\jiakao\Application\Runtime\Cache\Admin\3342b4d79a9fc38ce3012d260a807f1f.php 第 20 行.
NOTIC: [8] Undefined variable: g_shuiji D:\resource\bishe\jiakao\Application\Runtime\Cache\Admin\3342b4d79a9fc38ce3012d260a807f1f.php 第 24 行.
NOTIC: [8] Undefined variable: g_shuiji D:\resource\bishe\jiakao\Application\Runtime\Cache\Admin\3342b4d79a9fc38ce3012d260a807f1f.php 第 25 行.
NOTIC: [8] Undefined variable: mytitle D:\resource\bishe\jiakao\Application\Runtime\Cache\Admin\3342b4d79a9fc38ce3012d260a807f1f.php 第 96 行.
NOTIC: [8] Use of undefined constant classno - assumed 'classno' D:\resource\bishe\jiakao\Application\Runtime\Cache\Admin\3342b4d79a9fc38ce3012d260a807f1f.php 第 106 行.
NOTIC: [8] Array to string conversion D:\resource\bishe\jiakao\Application\Runtime\Cache\Admin\3342b4d79a9fc38ce3012d260a807f1f.php 第 106 行.
NOTIC: [8] Use of undefined constant classno - assumed 'classno' D:\resource\bishe\jiakao\Application\Runtime\Cache\Admin\3342b4d79a9fc38ce3012d260a807f1f.php 第 106 行.
NOTIC: [8] Array to string conversion D:\resource\bishe\jiakao\Application\Runtime\Cache\Admin\3342b4d79a9fc38ce3012d260a807f1f.php 第 106 行.
NOTIC: [8] Undefined variable: title D:\resource\bishe\jiakao\Application\Runtime\Cache\Admin\3342b4d79a9fc38ce3012d260a807f1f.php 第 114 行.
INFO: Run Behavior\ParseTemplateBehavior [ RunTime:0.202483s ]
INFO: [ view_parse ] --END-- [ RunTime:0.202594s ]
INFO: [ view_filter ] --START--
INFO: Run Behavior\WriteHtmlCacheBehavior [ RunTime:0.000883s ]
INFO: [ view_filter ] --END-- [ RunTime:0.000948s ]
INFO: [ app_end ] --START--
INFO: Run Behavior\ShowPageTraceBehavior [ RunTime:0.001589s ]
INFO: [ app_end ] --END-- [ RunTime:0.001699s ]

[ 2019-06-02T15:05:05+08:00 ] ::1 /index.php/Admin/Exam/lists/?title=%E9%A9%BE%E9%A9%B6&table=exam&search=%E6%9F%A5%E6%89%BE
INFO: [ app_init ] --START--
INFO: Run Behavior\BuildLiteBehavior [ RunTime:0.000022s ]
INFO: [ app_init ] --END-- [ RunTime:0.000537s ]
INFO: [ app_begin ] --START--
INFO: Run Behavior\ReadHtmlCacheBehavior [ RunTime:0.001121s ]
INFO: [ app_begin ] --END-- [ RunTime:0.001211s ]
SQL: SHOW COLUMNS FROM `tb_configex` [ RunTime:0.1311s ]
SQL: SELECT * FROM `tb_configex` WHERE ( 1=1 ) ORDER BY sort asc  [ RunTime:0.0012s ]
SQL: SHOW COLUMNS FROM `tb_setting` [ RunTime:0.0457s ]
SQL: SELECT * FROM `tb_setting` WHERE `setting_key` = 'kaoti' LIMIT 1   [ RunTime:0.0008s ]
SQL: SHOW COLUMNS FROM `tb_exam` [ RunTime:0.0327s ]
SQL: SHOW COLUMNS FROM `tb_class` [ RunTime:0.0478s ]
SQL: SELECT * FROM `tb_class` WHERE `fatherno` = '00010004'  [ RunTime:0.0007s ]
SQL: SELECT COUNT(*) AS tp_count FROM `tb_exam` WHERE `id` > 0 AND `name` LIKE '%驾驶%' LIMIT 1   [ RunTime:0.0037s ]
SQL: SELECT * FROM `tb_exam` WHERE `id` > 0 AND `name` LIKE '%驾驶%' ORDER BY id desc LIMIT 0,20   [ RunTime:0.0011s ]
SQL: SELECT * FROM `tb_class` WHERE `id` = 39 LIMIT 1   [ RunTime:0.0003s ]
SQL: SELECT * FROM `tb_class` WHERE `id` = 39 LIMIT 1   [ RunTime:0.0003s ]
SQL: SELECT * FROM `tb_class` WHERE `id` = 39 LIMIT 1   [ RunTime:0.0003s ]
SQL: SELECT * FROM `tb_class` WHERE `id` = 39 LIMIT 1   [ RunTime:0.0003s ]
SQL: SELECT * FROM `tb_class` WHERE `id` = 39 LIMIT 1   [ RunTime:0.0003s ]
SQL: SELECT * FROM `tb_class` WHERE `id` = 39 LIMIT 1   [ RunTime:0.0003s ]
SQL: SELECT * FROM `tb_class` WHERE `id` = 39 LIMIT 1   [ RunTime:0.0004s ]
SQL: SELECT * FROM `tb_class` WHERE `id` = 39 LIMIT 1   [ RunTime:0.0004s ]
SQL: SELECT * FROM `tb_class` WHERE `id` = 39 LIMIT 1   [ RunTime:0.0003s ]
SQL: SELECT * FROM `tb_class` WHERE `id` = 39 LIMIT 1   [ RunTime:0.0003s ]
SQL: SELECT * FROM `tb_class` WHERE `id` = 39 LIMIT 1   [ RunTime:0.0003s ]
SQL: SELECT * FROM `tb_class` WHERE `id` = 39 LIMIT 1   [ RunTime:0.0003s ]
SQL: SELECT * FROM `tb_class` WHERE `id` = 39 LIMIT 1   [ RunTime:0.0003s ]
SQL: SELECT * FROM `tb_class` WHERE `id` = 39 LIMIT 1   [ RunTime:0.0003s ]
SQL: SELECT * FROM `tb_class` WHERE `id` = 39 LIMIT 1   [ RunTime:0.0003s ]
SQL: SELECT * FROM `tb_class` WHERE `id` = 39 LIMIT 1   [ RunTime:0.0003s ]
SQL: SELECT * FROM `tb_class` WHERE `id` = 39 LIMIT 1   [ RunTime:0.0003s ]
SQL: SELECT * FROM `tb_class` WHERE `id` = 39 LIMIT 1   [ RunTime:0.0003s ]
SQL: SELECT * FROM `tb_class` WHERE `id` = 39 LIMIT 1   [ RunTime:0.0003s ]
SQL: SELECT * FROM `tb_class` WHERE `id` = 39 LIMIT 1   [ RunTime:0.0003s ]
NOTIC: [2] Missing argument 1 for I(), called in D:\resource\bishe\jiakao\Application\Admin\Controller\ExamController.class.php on line 102 and defined D:\resource\bishe\jiakao\ThinkPHP\Common\functions.php 第 271 行.
NOTIC: [8] Undefined variable: name D:\resource\bishe\jiakao\ThinkPHP\Common\functions.php 第 273 行.
NOTIC: [8] Undefined variable: name D:\resource\bishe\jiakao\ThinkPHP\Common\functions.php 第 278 行.
NOTIC: [8] Undefined variable: name D:\resource\bishe\jiakao\ThinkPHP\Common\functions.php 第 339 行.
INFO: [ view_parse ] --START--
INFO: [ template_filter ] --START--
INFO: Run Behavior\ContentReplaceBehavior [ RunTime:0.000199s ]
INFO: [ template_filter ] --END-- [ RunTime:0.000287s ]
NOTIC: [8] Undefined variable: g_shuiji D:\resource\bishe\jiakao\Application\Runtime\Cache\Admin\3342b4d79a9fc38ce3012d260a807f1f.php 第 15 行.
NOTIC: [8] Undefined variable: g_shuiji D:\resource\bishe\jiakao\Application\Runtime\Cache\Admin\3342b4d79a9fc38ce3012d260a807f1f.php 第 19 行.
NOTIC: [8] Undefined variable: g_shuiji D:\resource\bishe\jiakao\Application\Runtime\Cache\Admin\3342b4d79a9fc38ce3012d260a807f1f.php 第 20 行.
NOTIC: [8] Undefined variable: g_shuiji D:\resource\bishe\jiakao\Application\Runtime\Cache\Admin\3342b4d79a9fc38ce3012d260a807f1f.php 第 24 行.
NOTIC: [8] Undefined variable: g_shuiji D:\resource\bishe\jiakao\Application\Runtime\Cache\Admin\3342b4d79a9fc38ce3012d260a807f1f.php 第 25 行.
NOTIC: [8] Undefined variable: mytitle D:\resource\bishe\jiakao\Application\Runtime\Cache\Admin\3342b4d79a9fc38ce3012d260a807f1f.php 第 96 行.
NOTIC: [8] Use of undefined constant classno - assumed 'classno' D:\resource\bishe\jiakao\Application\Runtime\Cache\Admin\3342b4d79a9fc38ce3012d260a807f1f.php 第 106 行.
NOTIC: [8] Array to string conversion D:\resource\bishe\jiakao\Application\Runtime\Cache\Admin\3342b4d79a9fc38ce3012d260a807f1f.php 第 106 行.
NOTIC: [8] Use of undefined constant classno - assumed 'classno' D:\resource\bishe\jiakao\Application\Runtime\Cache\Admin\3342b4d79a9fc38ce3012d260a807f1f.php 第 106 行.
NOTIC: [8] Array to string conversion D:\resource\bishe\jiakao\Application\Runtime\Cache\Admin\3342b4d79a9fc38ce3012d260a807f1f.php 第 106 行.
NOTIC: [8] Undefined variable: title D:\resource\bishe\jiakao\Application\Runtime\Cache\Admin\3342b4d79a9fc38ce3012d260a807f1f.php 第 114 行.
INFO: Run Behavior\ParseTemplateBehavior [ RunTime:0.128517s ]
INFO: [ view_parse ] --END-- [ RunTime:0.128593s ]
INFO: [ view_filter ] --START--
INFO: Run Behavior\WriteHtmlCacheBehavior [ RunTime:0.000729s ]
INFO: [ view_filter ] --END-- [ RunTime:0.000785s ]
INFO: [ app_end ] --START--
INFO: Run Behavior\ShowPageTraceBehavior [ RunTime:0.002391s ]
INFO: [ app_end ] --END-- [ RunTime:0.002514s ]

[ 2019-06-02T15:13:40+08:00 ] ::1 /index.php/admin/user/login.html
INFO: [ app_init ] --START--
INFO: Run Behavior\BuildLiteBehavior [ RunTime:0.000020s ]
INFO: [ app_init ] --END-- [ RunTime:0.000497s ]
INFO: [ app_begin ] --START--
INFO: Run Behavior\ReadHtmlCacheBehavior [ RunTime:0.000812s ]
INFO: [ app_begin ] --END-- [ RunTime:0.000887s ]
SQL: SHOW COLUMNS FROM `tb_user` [ RunTime:0.0245s ]
NOTIC: [8] Undefined index: username D:\resource\bishe\jiakao\Application\Admin\Controller\UserController.class.php 第 267 行.
NOTIC: [8] Undefined index: userpwd D:\resource\bishe\jiakao\Application\Admin\Controller\UserController.class.php 第 268 行.
INFO: [ view_parse ] --START--
INFO: [ template_filter ] --START--
INFO: Run Behavior\ContentReplaceBehavior [ RunTime:0.000058s ]
INFO: [ template_filter ] --END-- [ RunTime:0.000131s ]
INFO: Run Behavior\ParseTemplateBehavior [ RunTime:0.011310s ]
INFO: [ view_parse ] --END-- [ RunTime:0.011432s ]
INFO: [ view_filter ] --START--
INFO: Run Behavior\WriteHtmlCacheBehavior [ RunTime:0.000467s ]
INFO: [ view_filter ] --END-- [ RunTime:0.000550s ]
INFO: [ app_end ] --START--
INFO: Run Behavior\ShowPageTraceBehavior [ RunTime:0.001099s ]
INFO: [ app_end ] --END-- [ RunTime:0.001190s ]

[ 2019-06-02T15:13:49+08:00 ] ::1 /index.php/admin/user/login.html
INFO: [ app_init ] --START--
INFO: Run Behavior\BuildLiteBehavior [ RunTime:0.000021s ]
INFO: [ app_init ] --END-- [ RunTime:0.000498s ]
INFO: [ app_begin ] --START--
INFO: Run Behavior\ReadHtmlCacheBehavior [ RunTime:0.000777s ]
INFO: [ app_begin ] --END-- [ RunTime:0.000856s ]
SQL: SHOW COLUMNS FROM `tb_user` [ RunTime:0.0428s ]
SQL: SELECT * FROM `tb_user` WHERE `username` = 'admin' AND `userpwd` = '5dd53a59c34c9cbd48ef3fb50b0873a1' AND `root` = 0 AND `state` = 1 LIMIT 1   [ RunTime:0.0011s ]
INFO: [ view_parse ] --START--
INFO: [ template_filter ] --START--
INFO: Run Behavior\ContentReplaceBehavior [ RunTime:0.000165s ]
INFO: [ template_filter ] --END-- [ RunTime:0.000396s ]
INFO: Run Behavior\ParseTemplateBehavior [ RunTime:0.022500s ]
INFO: [ view_parse ] --END-- [ RunTime:0.022676s ]
INFO: [ view_filter ] --START--
INFO: Run Behavior\WriteHtmlCacheBehavior [ RunTime:0.000774s ]
INFO: [ view_filter ] --END-- [ RunTime:0.000887s ]

[ 2019-06-02T15:13:54+08:00 ] ::1 /index.php/Admin/User/login.html
INFO: [ app_init ] --START--
INFO: Run Behavior\BuildLiteBehavior [ RunTime:0.000021s ]
INFO: [ app_init ] --END-- [ RunTime:0.000520s ]
INFO: [ app_begin ] --START--
INFO: Run Behavior\ReadHtmlCacheBehavior [ RunTime:0.000779s ]
INFO: [ app_begin ] --END-- [ RunTime:0.000857s ]
SQL: SHOW COLUMNS FROM `tb_user` [ RunTime:0.0297s ]
NOTIC: [8] Undefined index: username D:\resource\bishe\jiakao\Application\Admin\Controller\UserController.class.php 第 267 行.
NOTIC: [8] Undefined index: userpwd D:\resource\bishe\jiakao\Application\Admin\Controller\UserController.class.php 第 268 行.
INFO: [ view_parse ] --START--
INFO: [ template_filter ] --START--
INFO: Run Behavior\ContentReplaceBehavior [ RunTime:0.000082s ]
INFO: [ template_filter ] --END-- [ RunTime:0.000224s ]
INFO: Run Behavior\ParseTemplateBehavior [ RunTime:0.016077s ]
INFO: [ view_parse ] --END-- [ RunTime:0.016187s ]
INFO: [ view_filter ] --START--
INFO: Run Behavior\WriteHtmlCacheBehavior [ RunTime:0.000362s ]
INFO: [ view_filter ] --END-- [ RunTime:0.000416s ]
INFO: [ app_end ] --START--
INFO: Run Behavior\ShowPageTraceBehavior [ RunTime:0.001073s ]
INFO: [ app_end ] --END-- [ RunTime:0.001141s ]

[ 2019-06-02T15:14:01+08:00 ] ::1 /index.php/Admin/User/login.html
INFO: [ app_init ] --START--
INFO: Run Behavior\BuildLiteBehavior [ RunTime:0.000020s ]
INFO: [ app_init ] --END-- [ RunTime:0.000506s ]
INFO: [ app_begin ] --START--
INFO: Run Behavior\ReadHtmlCacheBehavior [ RunTime:0.001086s ]
INFO: [ app_begin ] --END-- [ RunTime:0.001161s ]
SQL: SHOW COLUMNS FROM `tb_user` [ RunTime:0.0526s ]
SQL: SELECT * FROM `tb_user` WHERE `username` = 'admin' AND `userpwd` = '21232f297a57a5a743894a0e4a801fc3' AND `root` = 0 AND `state` = 1 LIMIT 1   [ RunTime:0.0011s ]

[ 2019-06-02T15:14:01+08:00 ] ::1 /index.php/Admin/Index/index.html
INFO: [ app_init ] --START--
INFO: Run Behavior\BuildLiteBehavior [ RunTime:0.000032s ]
INFO: [ app_init ] --END-- [ RunTime:0.000927s ]
INFO: [ app_begin ] --START--
INFO: Run Behavior\ReadHtmlCacheBehavior [ RunTime:0.002381s ]
INFO: [ app_begin ] --END-- [ RunTime:0.002549s ]

[ 2019-06-02T15:14:02+08:00 ] ::1 /index.php/Admin/content/lists.html
INFO: [ app_init ] --START--
INFO: Run Behavior\BuildLiteBehavior [ RunTime:0.000022s ]
INFO: [ app_init ] --END-- [ RunTime:0.000524s ]
INFO: [ app_begin ] --START--
INFO: Run Behavior\ReadHtmlCacheBehavior [ RunTime:0.001104s ]
INFO: [ app_begin ] --END-- [ RunTime:0.001177s ]
SQL: SHOW COLUMNS FROM `tb_configex` [ RunTime:0.0525s ]
SQL: SELECT * FROM `tb_configex` WHERE ( 1=1 ) ORDER BY sort asc  [ RunTime:0.0011s ]
SQL: SHOW COLUMNS FROM `tb_setting` [ RunTime:0.0351s ]
SQL: SELECT * FROM `tb_setting` WHERE `setting_key` = 'kaoti' LIMIT 1   [ RunTime:0.0007s ]
SQL: SHOW COLUMNS FROM `tb_content` [ RunTime:0.0572s ]
SQL: SHOW COLUMNS FROM `tb_class` [ RunTime:0.0379s ]
SQL: SELECT * FROM `tb_class` WHERE (  fatherno='00010002'  )  [ RunTime:0.0011s ]
SQL: SELECT COUNT(*) AS tp_count FROM `tb_content` WHERE `id` > 0 LIMIT 1   [ RunTime:0.0006s ]
SQL: SELECT * FROM `tb_content` WHERE `id` > 0 ORDER BY id desc LIMIT 0,20   [ RunTime:0.0007s ]
NOTIC: [2] Invalid argument supplied for foreach() D:\resource\bishe\jiakao\Application\Admin\Controller\ContentController.class.php 第 40 行.
INFO: [ view_parse ] --START--
INFO: [ template_filter ] --START--
INFO: Run Behavior\ContentReplaceBehavior [ RunTime:0.000177s ]
INFO: [ template_filter ] --END-- [ RunTime:0.000269s ]
NOTIC: [8] Undefined variable: g_shuiji D:\resource\bishe\jiakao\Application\Runtime\Cache\Admin\ab45c68eddd7a5d1e654574606ff6703.php 第 15 行.
NOTIC: [8] Undefined variable: g_shuiji D:\resource\bishe\jiakao\Application\Runtime\Cache\Admin\ab45c68eddd7a5d1e654574606ff6703.php 第 19 行.
NOTIC: [8] Undefined variable: g_shuiji D:\resource\bishe\jiakao\Application\Runtime\Cache\Admin\ab45c68eddd7a5d1e654574606ff6703.php 第 20 行.
NOTIC: [8] Undefined variable: g_shuiji D:\resource\bishe\jiakao\Application\Runtime\Cache\Admin\ab45c68eddd7a5d1e654574606ff6703.php 第 24 行.
NOTIC: [8] Undefined variable: g_shuiji D:\resource\bishe\jiakao\Application\Runtime\Cache\Admin\ab45c68eddd7a5d1e654574606ff6703.php 第 25 行.
INFO: Run Behavior\ParseTemplateBehavior [ RunTime:0.125921s ]
INFO: [ view_parse ] --END-- [ RunTime:0.126027s ]
INFO: [ view_filter ] --START--
INFO: Run Behavior\WriteHtmlCacheBehavior [ RunTime:0.000722s ]
INFO: [ view_filter ] --END-- [ RunTime:0.000777s ]
INFO: [ app_end ] --START--
INFO: Run Behavior\ShowPageTraceBehavior [ RunTime:0.002313s ]
INFO: [ app_end ] --END-- [ RunTime:0.002447s ]

[ 2019-06-02T15:14:06+08:00 ] ::1 /index.php/Admin/Exam/lists.html
INFO: [ app_init ] --START--
INFO: Run Behavior\BuildLiteBehavior [ RunTime:0.000021s ]
INFO: [ app_init ] --END-- [ RunTime:0.000507s ]
INFO: [ app_begin ] --START--
INFO: Run Behavior\ReadHtmlCacheBehavior [ RunTime:0.001705s ]
INFO: [ app_begin ] --END-- [ RunTime:0.001831s ]
SQL: SHOW COLUMNS FROM `tb_configex` [ RunTime:0.0270s ]
SQL: SELECT * FROM `tb_configex` WHERE ( 1=1 ) ORDER BY sort asc  [ RunTime:0.0005s ]
SQL: SHOW COLUMNS FROM `tb_setting` [ RunTime:0.0160s ]
SQL: SELECT * FROM `tb_setting` WHERE `setting_key` = 'kaoti' LIMIT 1   [ RunTime:0.0003s ]
SQL: SHOW COLUMNS FROM `tb_exam` [ RunTime:0.0158s ]
SQL: SHOW COLUMNS FROM `tb_class` [ RunTime:0.0163s ]
SQL: SELECT * FROM `tb_class` WHERE `fatherno` = '00010004'  [ RunTime:0.0006s ]
SQL: SELECT COUNT(*) AS tp_count FROM `tb_exam` WHERE `id` > 0 LIMIT 1   [ RunTime:0.0011s ]
SQL: SELECT * FROM `tb_exam` WHERE `id` > 0 ORDER BY id desc LIMIT 0,20   [ RunTime:0.0009s ]
SQL: SELECT * FROM `tb_class` WHERE `id` = 39 LIMIT 1   [ RunTime:0.0003s ]
SQL: SELECT * FROM `tb_class` WHERE `id` = 39 LIMIT 1   [ RunTime:0.0003s ]
SQL: SELECT * FROM `tb_class` WHERE `id` = 39 LIMIT 1   [ RunTime:0.0003s ]
SQL: SELECT * FROM `tb_class` WHERE `id` = 40 LIMIT 1   [ RunTime:0.0003s ]
SQL: SELECT * FROM `tb_class` WHERE `id` = 40 LIMIT 1   [ RunTime:0.0003s ]
SQL: SELECT * FROM `tb_class` WHERE `id` = 39 LIMIT 1   [ RunTime:0.0003s ]
SQL: SELECT * FROM `tb_class` WHERE `id` = 40 LIMIT 1   [ RunTime:0.0003s ]
SQL: SELECT * FROM `tb_class` WHERE `id` = 39 LIMIT 1   [ RunTime:0.0003s ]
SQL: SELECT * FROM `tb_class` WHERE `id` = 39 LIMIT 1   [ RunTime:0.0002s ]
SQL: SELECT * FROM `tb_class` WHERE `id` = 39 LIMIT 1   [ RunTime:0.0002s ]
SQL: SELECT * FROM `tb_class` WHERE `id` = 39 LIMIT 1   [ RunTime:0.0002s ]
SQL: SELECT * FROM `tb_class` WHERE `id` = 39 LIMIT 1   [ RunTime:0.0002s ]
SQL: SELECT * FROM `tb_class` WHERE `id` = 39 LIMIT 1   [ RunTime:0.0002s ]
SQL: SELECT * FROM `tb_class` WHERE `id` = 39 LIMIT 1   [ RunTime:0.0003s ]
SQL: SELECT * FROM `tb_class` WHERE `id` = 39 LIMIT 1   [ RunTime:0.0003s ]
SQL: SELECT * FROM `tb_class` WHERE `id` = 39 LIMIT 1   [ RunTime:0.0003s ]
SQL: SELECT * FROM `tb_class` WHERE `id` = 39 LIMIT 1   [ RunTime:0.0002s ]
SQL: SELECT * FROM `tb_class` WHERE `id` = 39 LIMIT 1   [ RunTime:0.0002s ]
SQL: SELECT * FROM `tb_class` WHERE `id` = 39 LIMIT 1   [ RunTime:0.0002s ]
SQL: SELECT * FROM `tb_class` WHERE `id` = 39 LIMIT 1   [ RunTime:0.0002s ]
NOTIC: [2] Missing argument 1 for I(), called in D:\resource\bishe\jiakao\Application\Admin\Controller\ExamController.class.php on line 102 and defined D:\resource\bishe\jiakao\ThinkPHP\Common\functions.php 第 271 行.
NOTIC: [8] Undefined variable: name D:\resource\bishe\jiakao\ThinkPHP\Common\functions.php 第 273 行.
NOTIC: [8] Undefined variable: name D:\resource\bishe\jiakao\ThinkPHP\Common\functions.php 第 278 行.
NOTIC: [8] Undefined variable: name D:\resource\bishe\jiakao\ThinkPHP\Common\functions.php 第 339 行.
INFO: [ view_parse ] --START--
INFO: [ template_filter ] --START--
INFO: Run Behavior\ContentReplaceBehavior [ RunTime:0.000173s ]
INFO: [ template_filter ] --END-- [ RunTime:0.000245s ]
NOTIC: [8] Undefined variable: g_shuiji D:\resource\bishe\jiakao\Application\Runtime\Cache\Admin\3342b4d79a9fc38ce3012d260a807f1f.php 第 15 行.
NOTIC: [8] Undefined variable: g_shuiji D:\resource\bishe\jiakao\Application\Runtime\Cache\Admin\3342b4d79a9fc38ce3012d260a807f1f.php 第 19 行.
NOTIC: [8] Undefined variable: g_shuiji D:\resource\bishe\jiakao\Application\Runtime\Cache\Admin\3342b4d79a9fc38ce3012d260a807f1f.php 第 20 行.
NOTIC: [8] Undefined variable: g_shuiji D:\resource\bishe\jiakao\Application\Runtime\Cache\Admin\3342b4d79a9fc38ce3012d260a807f1f.php 第 24 行.
NOTIC: [8] Undefined variable: g_shuiji D:\resource\bishe\jiakao\Application\Runtime\Cache\Admin\3342b4d79a9fc38ce3012d260a807f1f.php 第 25 行.
NOTIC: [8] Undefined variable: mytitle D:\resource\bishe\jiakao\Application\Runtime\Cache\Admin\3342b4d79a9fc38ce3012d260a807f1f.php 第 96 行.
NOTIC: [8] Use of undefined constant classno - assumed 'classno' D:\resource\bishe\jiakao\Application\Runtime\Cache\Admin\3342b4d79a9fc38ce3012d260a807f1f.php 第 106 行.
NOTIC: [8] Array to string conversion D:\resource\bishe\jiakao\Application\Runtime\Cache\Admin\3342b4d79a9fc38ce3012d260a807f1f.php 第 106 行.
NOTIC: [8] Use of undefined constant classno - assumed 'classno' D:\resource\bishe\jiakao\Application\Runtime\Cache\Admin\3342b4d79a9fc38ce3012d260a807f1f.php 第 106 行.
NOTIC: [8] Array to string conversion D:\resource\bishe\jiakao\Application\Runtime\Cache\Admin\3342b4d79a9fc38ce3012d260a807f1f.php 第 106 行.
NOTIC: [8] Undefined variable: title D:\resource\bishe\jiakao\Application\Runtime\Cache\Admin\3342b4d79a9fc38ce3012d260a807f1f.php 第 114 行.
INFO: Run Behavior\ParseTemplateBehavior [ RunTime:0.120799s ]
INFO: [ view_parse ] --END-- [ RunTime:0.120910s ]
INFO: [ view_filter ] --START--
INFO: Run Behavior\WriteHtmlCacheBehavior [ RunTime:0.001212s ]
INFO: [ view_filter ] --END-- [ RunTime:0.001292s ]
INFO: [ app_end ] --START--
INFO: Run Behavior\ShowPageTraceBehavior [ RunTime:0.002980s ]
INFO: [ app_end ] --END-- [ RunTime:0.003102s ]

[ 2019-06-02T15:14:13+08:00 ] ::1 /index.php/Admin/Exam/lists/?title=%E9%A9%BE%E8%BD%A6&table=exam&search=%E6%9F%A5%E6%89%BE
INFO: [ app_init ] --START--
INFO: Run Behavior\BuildLiteBehavior [ RunTime:0.000021s ]
INFO: [ app_init ] --END-- [ RunTime:0.000498s ]
INFO: [ app_begin ] --START--
INFO: Run Behavior\ReadHtmlCacheBehavior [ RunTime:0.000750s ]
INFO: [ app_begin ] --END-- [ RunTime:0.000823s ]
SQL: SHOW COLUMNS FROM `tb_configex` [ RunTime:0.0521s ]
SQL: SELECT * FROM `tb_configex` WHERE ( 1=1 ) ORDER BY sort asc  [ RunTime:0.0011s ]
SQL: SHOW COLUMNS FROM `tb_setting` [ RunTime:0.0346s ]
SQL: SELECT * FROM `tb_setting` WHERE `setting_key` = 'kaoti' LIMIT 1   [ RunTime:0.0006s ]
SQL: SHOW COLUMNS FROM `tb_exam` [ RunTime:0.0364s ]
SQL: SHOW COLUMNS FROM `tb_class` [ RunTime:0.0358s ]
SQL: SELECT * FROM `tb_class` WHERE `fatherno` = '00010004'  [ RunTime:0.0012s ]
SQL: SELECT COUNT(*) AS tp_count FROM `tb_exam` WHERE `id` > 0 AND `name` LIKE '%驾车%' LIMIT 1   [ RunTime:0.0046s ]
SQL: SELECT * FROM `tb_exam` WHERE `id` > 0 AND `name` LIKE '%驾车%' ORDER BY id desc LIMIT 0,20   [ RunTime:0.0090s ]
SQL: SELECT * FROM `tb_class` WHERE `id` = 40 LIMIT 1   [ RunTime:0.0007s ]
SQL: SELECT * FROM `tb_class` WHERE `id` = 40 LIMIT 1   [ RunTime:0.0006s ]
SQL: SELECT * FROM `tb_class` WHERE `id` = 39 LIMIT 1   [ RunTime:0.0006s ]
SQL: SELECT * FROM `tb_class` WHERE `id` = 39 LIMIT 1   [ RunTime:0.0006s ]
SQL: SELECT * FROM `tb_class` WHERE `id` = 39 LIMIT 1   [ RunTime:0.0006s ]
SQL: SELECT * FROM `tb_class` WHERE `id` = 39 LIMIT 1   [ RunTime:0.0006s ]
SQL: SELECT * FROM `tb_class` WHERE `id` = 39 LIMIT 1   [ RunTime:0.0007s ]
SQL: SELECT * FROM `tb_class` WHERE `id` = 39 LIMIT 1   [ RunTime:0.0008s ]
SQL: SELECT * FROM `tb_class` WHERE `id` = 39 LIMIT 1   [ RunTime:0.0008s ]
SQL: SELECT * FROM `tb_class` WHERE `id` = 39 LIMIT 1   [ RunTime:0.0006s ]
SQL: SELECT * FROM `tb_class` WHERE `id` = 39 LIMIT 1   [ RunTime:0.0006s ]
SQL: SELECT * FROM `tb_class` WHERE `id` = 39 LIMIT 1   [ RunTime:0.0009s ]
SQL: SELECT * FROM `tb_class` WHERE `id` = 39 LIMIT 1   [ RunTime:0.0007s ]
SQL: SELECT * FROM `tb_class` WHERE `id` = 39 LIMIT 1   [ RunTime:0.0007s ]
SQL: SELECT * FROM `tb_class` WHERE `id` = 39 LIMIT 1   [ RunTime:0.0007s ]
SQL: SELECT * FROM `tb_class` WHERE `id` = 39 LIMIT 1   [ RunTime:0.0007s ]
SQL: SELECT * FROM `tb_class` WHERE `id` = 39 LIMIT 1   [ RunTime:0.0007s ]
SQL: SELECT * FROM `tb_class` WHERE `id` = 39 LIMIT 1   [ RunTime:0.0006s ]
SQL: SELECT * FROM `tb_class` WHERE `id` = 39 LIMIT 1   [ RunTime:0.0006s ]
NOTIC: [2] Missing argument 1 for I(), called in D:\resource\bishe\jiakao\Application\Admin\Controller\ExamController.class.php on line 102 and defined D:\resource\bishe\jiakao\ThinkPHP\Common\functions.php 第 271 行.
NOTIC: [8] Undefined variable: name D:\resource\bishe\jiakao\ThinkPHP\Common\functions.php 第 273 行.
NOTIC: [8] Undefined variable: name D:\resource\bishe\jiakao\ThinkPHP\Common\functions.php 第 278 行.
NOTIC: [8] Undefined variable: name D:\resource\bishe\jiakao\ThinkPHP\Common\functions.php 第 339 行.
INFO: [ view_parse ] --START--
INFO: [ template_filter ] --START--
INFO: Run Behavior\ContentReplaceBehavior [ RunTime:0.000244s ]
INFO: [ template_filter ] --END-- [ RunTime:0.000345s ]
NOTIC: [8] Undefined variable: g_shuiji D:\resource\bishe\jiakao\Application\Runtime\Cache\Admin\3342b4d79a9fc38ce3012d260a807f1f.php 第 15 行.
NOTIC: [8] Undefined variable: g_shuiji D:\resource\bishe\jiakao\Application\Runtime\Cache\Admin\3342b4d79a9fc38ce3012d260a807f1f.php 第 19 行.
NOTIC: [8] Undefined variable: g_shuiji D:\resource\bishe\jiakao\Application\Runtime\Cache\Admin\3342b4d79a9fc38ce3012d260a807f1f.php 第 20 行.
NOTIC: [8] Undefined variable: g_shuiji D:\resource\bishe\jiakao\Application\Runtime\Cache\Admin\3342b4d79a9fc38ce3012d260a807f1f.php 第 24 行.
NOTIC: [8] Undefined variable: g_shuiji D:\resource\bishe\jiakao\Application\Runtime\Cache\Admin\3342b4d79a9fc38ce3012d260a807f1f.php 第 25 行.
NOTIC: [8] Undefined variable: mytitle D:\resource\bishe\jiakao\Application\Runtime\Cache\Admin\3342b4d79a9fc38ce3012d260a807f1f.php 第 96 行.
NOTIC: [8] Use of undefined constant classno - assumed 'classno' D:\resource\bishe\jiakao\Application\Runtime\Cache\Admin\3342b4d79a9fc38ce3012d260a807f1f.php 第 106 行.
NOTIC: [8] Array to string conversion D:\resource\bishe\jiakao\Application\Runtime\Cache\Admin\3342b4d79a9fc38ce3012d260a807f1f.php 第 106 行.
NOTIC: [8] Use of undefined constant classno - assumed 'classno' D:\resource\bishe\jiakao\Application\Runtime\Cache\Admin\3342b4d79a9fc38ce3012d260a807f1f.php 第 106 行.
NOTIC: [8] Array to string conversion D:\resource\bishe\jiakao\Application\Runtime\Cache\Admin\3342b4d79a9fc38ce3012d260a807f1f.php 第 106 行.
NOTIC: [8] Undefined variable: title D:\resource\bishe\jiakao\Application\Runtime\Cache\Admin\3342b4d79a9fc38ce3012d260a807f1f.php 第 114 行.
INFO: Run Behavior\ParseTemplateBehavior [ RunTime:0.185295s ]
INFO: [ view_parse ] --END-- [ RunTime:0.185426s ]
INFO: [ view_filter ] --START--
INFO: Run Behavior\WriteHtmlCacheBehavior [ RunTime:0.000552s ]
INFO: [ view_filter ] --END-- [ RunTime:0.000630s ]
INFO: [ app_end ] --START--
INFO: Run Behavior\ShowPageTraceBehavior [ RunTime:0.001561s ]
INFO: [ app_end ] --END-- [ RunTime:0.001690s ]

[ 2019-06-02T15:14:23+08:00 ] ::1 /index.php/Admin/Exam/info.html
INFO: [ app_init ] --START--
INFO: Run Behavior\BuildLiteBehavior [ RunTime:0.000021s ]
INFO: [ app_init ] --END-- [ RunTime:0.000510s ]
INFO: [ app_begin ] --START--
INFO: Run Behavior\ReadHtmlCacheBehavior [ RunTime:0.000749s ]
INFO: [ app_begin ] --END-- [ RunTime:0.000822s ]
SQL: SHOW COLUMNS FROM `tb_configex` [ RunTime:0.0458s ]
SQL: SELECT * FROM `tb_configex` WHERE ( 1=1 ) ORDER BY sort asc  [ RunTime:0.0010s ]
SQL: SHOW COLUMNS FROM `tb_setting` [ RunTime:0.0319s ]
SQL: SELECT * FROM `tb_setting` WHERE `setting_key` = 'kaoti' LIMIT 1   [ RunTime:0.0006s ]
SQL: SHOW COLUMNS FROM `tb_exam` [ RunTime:0.0298s ]
SQL: SHOW COLUMNS FROM `tb_class` [ RunTime:0.0320s ]
SQL: SELECT * FROM `tb_class` WHERE `fatherno` = '00010004'  [ RunTime:0.0009s ]
NOTIC: [8] Use of undefined constant yes_caption - assumed 'yes_caption' D:\resource\bishe\jiakao\Application\Admin\Controller\ExamController.class.php 第 146 行.
NOTIC: [8] Use of undefined constant no_caption - assumed 'no_caption' D:\resource\bishe\jiakao\Application\Admin\Controller\ExamController.class.php 第 147 行.
INFO: [ view_parse ] --START--
INFO: [ template_filter ] --START--
INFO: Run Behavior\ContentReplaceBehavior [ RunTime:0.000484s ]
INFO: [ template_filter ] --END-- [ RunTime:0.000634s ]
NOTIC: [8] Undefined variable: webtitle D:\resource\bishe\jiakao\Application\Runtime\Cache\Admin\07b3918d49ae8fa60dcbb33e1ea71f9a.php 第 6 行.
NOTIC: [8] Undefined variable: g_shuiji D:\resource\bishe\jiakao\Application\Runtime\Cache\Admin\07b3918d49ae8fa60dcbb33e1ea71f9a.php 第 15 行.
NOTIC: [8] Undefined variable: g_shuiji D:\resource\bishe\jiakao\Application\Runtime\Cache\Admin\07b3918d49ae8fa60dcbb33e1ea71f9a.php 第 19 行.
NOTIC: [8] Undefined variable: g_shuiji D:\resource\bishe\jiakao\Application\Runtime\Cache\Admin\07b3918d49ae8fa60dcbb33e1ea71f9a.php 第 20 行.
NOTIC: [8] Undefined variable: g_shuiji D:\resource\bishe\jiakao\Application\Runtime\Cache\Admin\07b3918d49ae8fa60dcbb33e1ea71f9a.php 第 24 行.
NOTIC: [8] Undefined variable: g_shuiji D:\resource\bishe\jiakao\Application\Runtime\Cache\Admin\07b3918d49ae8fa60dcbb33e1ea71f9a.php 第 25 行.
NOTIC: [8] Undefined variable: table D:\resource\bishe\jiakao\Application\Runtime\Cache\Admin\07b3918d49ae8fa60dcbb33e1ea71f9a.php 第 102 行.
NOTIC: [8] Undefined index: classno D:\resource\bishe\jiakao\Application\Runtime\Cache\Admin\07b3918d49ae8fa60dcbb33e1ea71f9a.php 第 106 行.
NOTIC: [8] Undefined index: name D:\resource\bishe\jiakao\Application\Runtime\Cache\Admin\07b3918d49ae8fa60dcbb33e1ea71f9a.php 第 107 行.
NOTIC: [8] Undefined index: value D:\resource\bishe\jiakao\Application\Runtime\Cache\Admin\07b3918d49ae8fa60dcbb33e1ea71f9a.php 第 112 行.
NOTIC: [8] Undefined index: photo D:\resource\bishe\jiakao\Application\Runtime\Cache\Admin\07b3918d49ae8fa60dcbb33e1ea71f9a.php 第 118 行.
NOTIC: [8] Undefined index: fenshu D:\resource\bishe\jiakao\Application\Runtime\Cache\Admin\07b3918d49ae8fa60dcbb33e1ea71f9a.php 第 122 行.
NOTIC: [8] Undefined index: sort D:\resource\bishe\jiakao\Application\Runtime\Cache\Admin\07b3918d49ae8fa60dcbb33e1ea71f9a.php 第 137 行.
NOTIC: [8] Undefined index: key D:\resource\bishe\jiakao\Application\Runtime\Cache\Admin\07b3918d49ae8fa60dcbb33e1ea71f9a.php 第 138 行.
NOTIC: [8] Undefined index: des D:\resource\bishe\jiakao\Application\Runtime\Cache\Admin\07b3918d49ae8fa60dcbb33e1ea71f9a.php 第 139 行.
NOTIC: [8] Undefined index: see_num D:\resource\bishe\jiakao\Application\Runtime\Cache\Admin\07b3918d49ae8fa60dcbb33e1ea71f9a.php 第 140 行.
NOTIC: [8] Use of undefined constant id - assumed 'id' D:\resource\bishe\jiakao\Application\Runtime\Cache\Admin\07b3918d49ae8fa60dcbb33e1ea71f9a.php 第 147 行.
NOTIC: [8] Undefined index: id D:\resource\bishe\jiakao\Application\Runtime\Cache\Admin\07b3918d49ae8fa60dcbb33e1ea71f9a.php 第 147 行.
NOTIC: [8] Undefined variable: show D:\resource\bishe\jiakao\Application\Runtime\Cache\Admin\07b3918d49ae8fa60dcbb33e1ea71f9a.php 第 161 行.
NOTIC: [8] Undefined index: classno D:\resource\bishe\jiakao\Application\Runtime\Cache\Admin\07b3918d49ae8fa60dcbb33e1ea71f9a.php 第 164 行.
NOTIC: [8] Undefined index: items D:\resource\bishe\jiakao\Application\Runtime\Cache\Admin\07b3918d49ae8fa60dcbb33e1ea71f9a.php 第 409 行.
NOTIC: [8] Undefined index: type D:\resource\bishe\jiakao\Application\Runtime\Cache\Admin\07b3918d49ae8fa60dcbb33e1ea71f9a.php 第 410 行.
NOTIC: [8] Undefined index: classno D:\resource\bishe\jiakao\Application\Runtime\Cache\Admin\07b3918d49ae8fa60dcbb33e1ea71f9a.php 第 411 行.
NOTIC: [8] Undefined index: type D:\resource\bishe\jiakao\Application\Runtime\Cache\Admin\07b3918d49ae8fa60dcbb33e1ea71f9a.php 第 412 行.
NOTIC: [8] Undefined index: kemu D:\resource\bishe\jiakao\Application\Runtime\Cache\Admin\07b3918d49ae8fa60dcbb33e1ea71f9a.php 第 413 行.
INFO: Run Behavior\ParseTemplateBehavior [ RunTime:0.219896s ]
INFO: [ view_parse ] --END-- [ RunTime:0.220052s ]
INFO: [ view_filter ] --START--
INFO: Run Behavior\WriteHtmlCacheBehavior [ RunTime:0.000559s ]
INFO: [ view_filter ] --END-- [ RunTime:0.000626s ]
INFO: [ app_end ] --START--
INFO: Run Behavior\ShowPageTraceBehavior [ RunTime:0.001013s ]
INFO: [ app_end ] --END-- [ RunTime:0.001095s ]

[ 2019-06-02T15:14:25+08:00 ] ::1 /index.php/Admin/class/classoption.html
INFO: [ app_init ] --START--
INFO: Run Behavior\BuildLiteBehavior [ RunTime:0.000023s ]
INFO: [ app_init ] --END-- [ RunTime:0.000589s ]
INFO: [ app_begin ] --START--
INFO: Run Behavior\ReadHtmlCacheBehavior [ RunTime:0.001158s ]
INFO: [ app_begin ] --END-- [ RunTime:0.001239s ]
SQL: SHOW COLUMNS FROM `tb_configex` [ RunTime:0.0688s ]
SQL: SELECT * FROM `tb_configex` WHERE ( 1=1 ) ORDER BY sort asc  [ RunTime:0.0006s ]
SQL: SHOW COLUMNS FROM `tb_setting` [ RunTime:0.0258s ]
SQL: SELECT * FROM `tb_setting` WHERE `setting_key` = 'kaoti' LIMIT 1   [ RunTime:0.0003s ]
NOTIC: [8] Undefined index: tablename D:\resource\bishe\jiakao\Application\Admin\Controller\ClassController.class.php 第 101 行.
SQL: SHOW COLUMNS FROM `tb_class` [ RunTime:0.0197s ]
SQL: SELECT * FROM `tb_class` WHERE `fatherno` = '00010004' ORDER BY sort asc  [ RunTime:0.0006s ]
SQL: SELECT * FROM `tb_class` WHERE `fatherno` = '000100040001' ORDER BY sort asc  [ RunTime:0.0007s ]
INFO: [ app_end ] --START--
INFO: Run Behavior\ShowPageTraceBehavior [ RunTime:0.001926s ]
INFO: [ app_end ] --END-- [ RunTime:0.002037s ]

[ 2019-06-02T15:14:33+08:00 ] ::1 /index.php/Admin/user/lists.html
INFO: [ app_init ] --START--
INFO: Run Behavior\BuildLiteBehavior [ RunTime:0.000021s ]
INFO: [ app_init ] --END-- [ RunTime:0.000503s ]
INFO: [ app_begin ] --START--
INFO: Run Behavior\ReadHtmlCacheBehavior [ RunTime:0.001063s ]
INFO: [ app_begin ] --END-- [ RunTime:0.001163s ]
SQL: SHOW COLUMNS FROM `tb_user` [ RunTime:0.0540s ]
NOTIC: [8] Undefined variable: where D:\resource\bishe\jiakao\Application\Admin\Controller\UserController.class.php 第 42 行.
SQL: SELECT COUNT(*) AS tp_count FROM `tb_user` LIMIT 1   [ RunTime:0.0006s ]
NOTIC: [8] Undefined variable: where D:\resource\bishe\jiakao\Application\Admin\Controller\UserController.class.php 第 49 行.
SQL: SELECT * FROM `tb_user` ORDER BY id desc LIMIT 0,20   [ RunTime:0.0015s ]
NOTIC: [2] Missing argument 1 for I(), called in D:\resource\bishe\jiakao\Application\Admin\Controller\UserController.class.php on line 63 and defined D:\resource\bishe\jiakao\ThinkPHP\Common\functions.php 第 271 行.
NOTIC: [8] Undefined variable: name D:\resource\bishe\jiakao\ThinkPHP\Common\functions.php 第 273 行.
NOTIC: [8] Undefined variable: name D:\resource\bishe\jiakao\ThinkPHP\Common\functions.php 第 278 行.
NOTIC: [8] Undefined variable: name D:\resource\bishe\jiakao\ThinkPHP\Common\functions.php 第 339 行.
INFO: [ view_parse ] --START--
INFO: [ template_filter ] --START--
INFO: Run Behavior\ContentReplaceBehavior [ RunTime:0.000479s ]
INFO: [ template_filter ] --END-- [ RunTime:0.000644s ]
NOTIC: [8] Undefined variable: g_shuiji D:\resource\bishe\jiakao\Application\Runtime\Cache\Admin\07a7390f5188fd09cd264af8c6efc1dc.php 第 15 行.
NOTIC: [8] Undefined variable: g_shuiji D:\resource\bishe\jiakao\Application\Runtime\Cache\Admin\07a7390f5188fd09cd264af8c6efc1dc.php 第 19 行.
NOTIC: [8] Undefined variable: g_shuiji D:\resource\bishe\jiakao\Application\Runtime\Cache\Admin\07a7390f5188fd09cd264af8c6efc1dc.php 第 20 行.
NOTIC: [8] Undefined variable: g_shuiji D:\resource\bishe\jiakao\Application\Runtime\Cache\Admin\07a7390f5188fd09cd264af8c6efc1dc.php 第 24 行.
NOTIC: [8] Undefined variable: g_shuiji D:\resource\bishe\jiakao\Application\Runtime\Cache\Admin\07a7390f5188fd09cd264af8c6efc1dc.php 第 25 行.
NOTIC: [8] Undefined variable: kaoti_setting D:\resource\bishe\jiakao\Application\Runtime\Cache\Admin\07a7390f5188fd09cd264af8c6efc1dc.php 第 38 行.
NOTIC: [8] Undefined variable: kaoti_setting D:\resource\bishe\jiakao\Application\Runtime\Cache\Admin\07a7390f5188fd09cd264af8c6efc1dc.php 第 45 行.
NOTIC: [8] Undefined variable: kaoti_setting D:\resource\bishe\jiakao\Application\Runtime\Cache\Admin\07a7390f5188fd09cd264af8c6efc1dc.php 第 80 行.
INFO: Run Behavior\ParseTemplateBehavior [ RunTime:0.263391s ]
INFO: [ view_parse ] --END-- [ RunTime:0.263572s ]
INFO: [ view_filter ] --START--
INFO: Run Behavior\WriteHtmlCacheBehavior [ RunTime:0.000605s ]
INFO: [ view_filter ] --END-- [ RunTime:0.000679s ]
INFO: [ app_end ] --START--
INFO: Run Behavior\ShowPageTraceBehavior [ RunTime:0.001244s ]
INFO: [ app_end ] --END-- [ RunTime:0.001348s ]

[ 2019-06-02T15:14:41+08:00 ] ::1 /index.php/Admin/class/classoption.html
INFO: [ app_init ] --START--
INFO: Run Behavior\BuildLiteBehavior [ RunTime:0.000029s ]
INFO: [ app_init ] --END-- [ RunTime:0.000781s ]
INFO: [ app_begin ] --START--
INFO: Run Behavior\ReadHtmlCacheBehavior [ RunTime:0.001419s ]
INFO: [ app_begin ] --END-- [ RunTime:0.001569s ]
SQL: SHOW COLUMNS FROM `tb_configex` [ RunTime:0.0232s ]
SQL: SELECT * FROM `tb_configex` WHERE ( 1=1 ) ORDER BY sort asc  [ RunTime:0.0005s ]
SQL: SHOW COLUMNS FROM `tb_setting` [ RunTime:0.0179s ]
SQL: SELECT * FROM `tb_setting` WHERE `setting_key` = 'kaoti' LIMIT 1   [ RunTime:0.0004s ]
NOTIC: [8] Undefined index: tablename D:\resource\bishe\jiakao\Application\Admin\Controller\ClassController.class.php 第 101 行.
SQL: SHOW COLUMNS FROM `tb_class` [ RunTime:0.0175s ]
SQL: SELECT * FROM `tb_class` WHERE `fatherno` = '00010004' ORDER BY sort asc  [ RunTime:0.0005s ]
SQL: SELECT * FROM `tb_class` WHERE `fatherno` = '000100040001' ORDER BY sort asc  [ RunTime:0.0004s ]
INFO: [ app_end ] --START--
INFO: Run Behavior\ShowPageTraceBehavior [ RunTime:0.000935s ]
INFO: [ app_end ] --END-- [ RunTime:0.001000s ]

[ 2019-06-02T23:51:20+08:00 ] ::1 /admin
INFO: [ app_init ] --START--
INFO: Run Behavior\BuildLiteBehavior [ RunTime:0.000022s ]
INFO: [ app_init ] --END-- [ RunTime:0.000583s ]
INFO: [ app_begin ] --START--
INFO: Run Behavior\ReadHtmlCacheBehavior [ RunTime:0.001844s ]
INFO: [ app_begin ] --END-- [ RunTime:0.002010s ]

[ 2019-06-02T23:51:23+08:00 ] ::1 /admin
INFO: [ app_init ] --START--
INFO: Run Behavior\BuildLiteBehavior [ RunTime:0.000029s ]
INFO: [ app_init ] --END-- [ RunTime:0.000816s ]
INFO: [ app_begin ] --START--
INFO: Run Behavior\ReadHtmlCacheBehavior [ RunTime:0.001393s ]
INFO: [ app_begin ] --END-- [ RunTime:0.001508s ]

[ 2019-06-02T23:51:25+08:00 ] ::1 /index.php/Admin/content/lists.html
INFO: [ app_init ] --START--
INFO: Run Behavior\BuildLiteBehavior [ RunTime:0.000024s ]
INFO: [ app_init ] --END-- [ RunTime:0.000760s ]
INFO: [ app_begin ] --START--
INFO: Run Behavior\ReadHtmlCacheBehavior [ RunTime:0.001622s ]
INFO: [ app_begin ] --END-- [ RunTime:0.001765s ]
SQL: SHOW COLUMNS FROM `tb_configex` [ RunTime:0.1045s ]
SQL: SELECT * FROM `tb_configex` WHERE ( 1=1 ) ORDER BY sort asc  [ RunTime:0.0016s ]
SQL: SHOW COLUMNS FROM `tb_setting` [ RunTime:0.0392s ]
SQL: SELECT * FROM `tb_setting` WHERE `setting_key` = 'kaoti' LIMIT 1   [ RunTime:0.0005s ]
SQL: SHOW COLUMNS FROM `tb_content` [ RunTime:0.0361s ]
SQL: SHOW COLUMNS FROM `tb_class` [ RunTime:0.0277s ]
SQL: SELECT * FROM `tb_class` WHERE (  fatherno='00010002'  )  [ RunTime:0.0008s ]
SQL: SELECT COUNT(*) AS tp_count FROM `tb_content` WHERE `id` > 0 LIMIT 1   [ RunTime:0.0005s ]
SQL: SELECT * FROM `tb_content` WHERE `id` > 0 ORDER BY id desc LIMIT 0,20   [ RunTime:0.0004s ]
NOTIC: [2] Invalid argument supplied for foreach() D:\resource\bishe\jiakao\Application\Admin\Controller\ContentController.class.php 第 40 行.
INFO: [ view_parse ] --START--
INFO: [ template_filter ] --START--
INFO: Run Behavior\ContentReplaceBehavior [ RunTime:0.000218s ]
INFO: [ template_filter ] --END-- [ RunTime:0.000325s ]
NOTIC: [8] Undefined variable: g_shuiji D:\resource\bishe\jiakao\Application\Runtime\Cache\Admin\ab45c68eddd7a5d1e654574606ff6703.php 第 15 行.
NOTIC: [8] Undefined variable: g_shuiji D:\resource\bishe\jiakao\Application\Runtime\Cache\Admin\ab45c68eddd7a5d1e654574606ff6703.php 第 19 行.
NOTIC: [8] Undefined variable: g_shuiji D:\resource\bishe\jiakao\Application\Runtime\Cache\Admin\ab45c68eddd7a5d1e654574606ff6703.php 第 20 行.
NOTIC: [8] Undefined variable: g_shuiji D:\resource\bishe\jiakao\Application\Runtime\Cache\Admin\ab45c68eddd7a5d1e654574606ff6703.php 第 24 行.
NOTIC: [8] Undefined variable: g_shuiji D:\resource\bishe\jiakao\Application\Runtime\Cache\Admin\ab45c68eddd7a5d1e654574606ff6703.php 第 25 行.
INFO: Run Behavior\ParseTemplateBehavior [ RunTime:0.242830s ]
INFO: [ view_parse ] --END-- [ RunTime:0.242944s ]
INFO: [ view_filter ] --START--
INFO: Run Behavior\WriteHtmlCacheBehavior [ RunTime:0.000812s ]
INFO: [ view_filter ] --END-- [ RunTime:0.000886s ]
INFO: [ app_end ] --START--
INFO: Run Behavior\ShowPageTraceBehavior [ RunTime:0.008739s ]
INFO: [ app_end ] --END-- [ RunTime:0.008864s ]

[ 2019-06-02T23:53:40+08:00 ] ::1 /index.php/Admin/user/info.html
INFO: [ app_init ] --START--
INFO: Run Behavior\BuildLiteBehavior [ RunTime:0.000039s ]
INFO: [ app_init ] --END-- [ RunTime:0.000607s ]
INFO: [ app_begin ] --START--
INFO: Run Behavior\ReadHtmlCacheBehavior [ RunTime:0.001014s ]
INFO: [ app_begin ] --END-- [ RunTime:0.001090s ]
SQL: SHOW COLUMNS FROM `tb_user` [ RunTime:0.0460s ]
NOTIC: [8] Undefined variable: info D:\resource\bishe\jiakao\Application\Admin\Controller\UserController.class.php 第 102 行.
INFO: [ view_parse ] --START--
INFO: [ template_filter ] --START--
INFO: Run Behavior\ContentReplaceBehavior [ RunTime:0.000410s ]
INFO: [ template_filter ] --END-- [ RunTime:0.000609s ]
NOTIC: [8] Undefined variable: g_shuiji D:\resource\bishe\jiakao\Application\Runtime\Cache\Admin\bc2f33f3137f07283c62e458408ffc19.php 第 15 行.
NOTIC: [8] Undefined variable: g_shuiji D:\resource\bishe\jiakao\Application\Runtime\Cache\Admin\bc2f33f3137f07283c62e458408ffc19.php 第 19 行.
NOTIC: [8] Undefined variable: g_shuiji D:\resource\bishe\jiakao\Application\Runtime\Cache\Admin\bc2f33f3137f07283c62e458408ffc19.php 第 20 行.
NOTIC: [8] Undefined variable: g_shuiji D:\resource\bishe\jiakao\Application\Runtime\Cache\Admin\bc2f33f3137f07283c62e458408ffc19.php 第 24 行.
NOTIC: [8] Undefined variable: g_shuiji D:\resource\bishe\jiakao\Application\Runtime\Cache\Admin\bc2f33f3137f07283c62e458408ffc19.php 第 25 行.
NOTIC: [8] Undefined variable: kaoti_setting D:\resource\bishe\jiakao\Application\Runtime\Cache\Admin\bc2f33f3137f07283c62e458408ffc19.php 第 38 行.
NOTIC: [8] Undefined variable: kaoti_setting D:\resource\bishe\jiakao\Application\Runtime\Cache\Admin\bc2f33f3137f07283c62e458408ffc19.php 第 45 行.
NOTIC: [8] Undefined variable: kaoti_setting D:\resource\bishe\jiakao\Application\Runtime\Cache\Admin\bc2f33f3137f07283c62e458408ffc19.php 第 80 行.
NOTIC: [8] Undefined variable: laiyuan D:\resource\bishe\jiakao\Application\Runtime\Cache\Admin\bc2f33f3137f07283c62e458408ffc19.php 第 95 行.
NOTIC: [8] Use of undefined constant id - assumed 'id' D:\resource\bishe\jiakao\Application\Runtime\Cache\Admin\bc2f33f3137f07283c62e458408ffc19.php 第 151 行.
NOTIC: [8] Undefined variable: laiyuan D:\resource\bishe\jiakao\Application\Runtime\Cache\Admin\bc2f33f3137f07283c62e458408ffc19.php 第 155 行.
NOTIC: [8] Undefined variable: show D:\resource\bishe\jiakao\Application\Runtime\Cache\Admin\bc2f33f3137f07283c62e458408ffc19.php 第 165 行.
INFO: Run Behavior\ParseTemplateBehavior [ RunTime:0.315303s ]
INFO: [ view_parse ] --END-- [ RunTime:0.315510s ]
INFO: [ view_filter ] --START--
INFO: Run Behavior\WriteHtmlCacheBehavior [ RunTime:0.001415s ]
INFO: [ view_filter ] --END-- [ RunTime:0.001561s ]
INFO: [ app_end ] --START--
INFO: Run Behavior\ShowPageTraceBehavior [ RunTime:0.009021s ]
INFO: [ app_end ] --END-- [ RunTime:0.009280s ]

