[ 2019-03-01T14:44:10+08:00 ] ::1 /admin
INFO: [ app_init ] --START--
INFO: Run Behavior\BuildLiteBehavior [ RunTime:0.000023s ]
INFO: [ app_init ] --END-- [ RunTime:0.000612s ]
INFO: [ app_begin ] --START--
INFO: Run Behavior\ReadHtmlCacheBehavior [ RunTime:0.004257s ]
INFO: [ app_begin ] --END-- [ RunTime:0.004389s ]

[ 2019-03-01T14:44:10+08:00 ] ::1 /index.php/Admin/content/lists.html
INFO: [ app_init ] --START--
INFO: Run Behavior\BuildLiteBehavior [ RunTime:0.000025s ]
INFO: [ app_init ] --END-- [ RunTime:0.000721s ]
INFO: [ app_begin ] --START--
INFO: Run Behavior\ReadHtmlCacheBehavior [ RunTime:0.001157s ]
INFO: [ app_begin ] --END-- [ RunTime:0.001255s ]

[ 2019-03-01T14:44:11+08:00 ] ::1 /index.php/admin/user/login
INFO: [ app_init ] --START--
INFO: Run Behavior\BuildLiteBehavior [ RunTime:0.000040s ]
INFO: [ app_init ] --END-- [ RunTime:0.000995s ]
INFO: [ app_begin ] --START--
INFO: Run Behavior\ReadHtmlCacheBehavior [ RunTime:0.001792s ]
INFO: [ app_begin ] --END-- [ RunTime:0.001910s ]
SQL: SHOW COLUMNS FROM `tb_user` [ RunTime:0.0047s ]
NOTIC: [8] Undefined index: username D:\resource\jiaokao\Application\Admin\Controller\UserController.class.php 第 267 行.
NOTIC: [8] Undefined index: userpwd D:\resource\jiaokao\Application\Admin\Controller\UserController.class.php 第 268 行.
INFO: [ view_parse ] --START--
INFO: [ template_filter ] --START--
INFO: Run Behavior\ContentReplaceBehavior [ RunTime:0.000060s ]
INFO: [ template_filter ] --END-- [ RunTime:0.000162s ]
INFO: Run Behavior\ParseTemplateBehavior [ RunTime:0.013626s ]
INFO: [ view_parse ] --END-- [ RunTime:0.013728s ]
INFO: [ view_filter ] --START--
INFO: Run Behavior\WriteHtmlCacheBehavior [ RunTime:0.001072s ]
INFO: [ view_filter ] --END-- [ RunTime:0.001180s ]
INFO: [ app_end ] --START--
INFO: Run Behavior\ShowPageTraceBehavior [ RunTime:0.001734s ]
INFO: [ app_end ] --END-- [ RunTime:0.001843s ]

[ 2019-03-01T14:44:25+08:00 ] ::1 /index.php/admin/user/login
INFO: [ app_init ] --START--
INFO: Run Behavior\BuildLiteBehavior [ RunTime:0.000042s ]
INFO: [ app_init ] --END-- [ RunTime:0.000836s ]
INFO: [ app_begin ] --START--
INFO: Run Behavior\ReadHtmlCacheBehavior [ RunTime:0.001780s ]
INFO: [ app_begin ] --END-- [ RunTime:0.001904s ]
SQL: SHOW COLUMNS FROM `tb_user` [ RunTime:0.0212s ]
SQL: SELECT * FROM `tb_user` WHERE `username` = 'admin' AND `userpwd` = '21232f297a57a5a743894a0e4a801fc3' AND `root` = 0 AND `state` = 1 LIMIT 1   [ RunTime:0.0007s ]
INFO: [ view_parse ] --START--
INFO: [ template_filter ] --START--
INFO: Run Behavior\ContentReplaceBehavior [ RunTime:0.000050s ]
INFO: [ template_filter ] --END-- [ RunTime:0.000127s ]
INFO: Run Behavior\ParseTemplateBehavior [ RunTime:0.011675s ]
INFO: [ view_parse ] --END-- [ RunTime:0.011773s ]
INFO: [ view_filter ] --START--
INFO: Run Behavior\WriteHtmlCacheBehavior [ RunTime:0.001152s ]
INFO: [ view_filter ] --END-- [ RunTime:0.001277s ]

[ 2019-03-01T14:44:29+08:00 ] ::1 /index.php/Admin/User/login.html
INFO: [ app_init ] --START--
INFO: Run Behavior\BuildLiteBehavior [ RunTime:0.000035s ]
INFO: [ app_init ] --END-- [ RunTime:0.000762s ]
INFO: [ app_begin ] --START--
INFO: Run Behavior\ReadHtmlCacheBehavior [ RunTime:0.001758s ]
INFO: [ app_begin ] --END-- [ RunTime:0.001871s ]
SQL: SHOW COLUMNS FROM `tb_user` [ RunTime:0.0057s ]
NOTIC: [8] Undefined index: username D:\resource\jiaokao\Application\Admin\Controller\UserController.class.php 第 267 行.
NOTIC: [8] Undefined index: userpwd D:\resource\jiaokao\Application\Admin\Controller\UserController.class.php 第 268 行.
INFO: [ view_parse ] --START--
INFO: [ template_filter ] --START--
INFO: Run Behavior\ContentReplaceBehavior [ RunTime:0.000084s ]
INFO: [ template_filter ] --END-- [ RunTime:0.000207s ]
INFO: Run Behavior\ParseTemplateBehavior [ RunTime:0.013690s ]
INFO: [ view_parse ] --END-- [ RunTime:0.013782s ]
INFO: [ view_filter ] --START--
INFO: Run Behavior\WriteHtmlCacheBehavior [ RunTime:0.000745s ]
INFO: [ view_filter ] --END-- [ RunTime:0.000807s ]
INFO: [ app_end ] --START--
INFO: Run Behavior\ShowPageTraceBehavior [ RunTime:0.001136s ]
INFO: [ app_end ] --END-- [ RunTime:0.001200s ]

[ 2019-03-01T14:44:37+08:00 ] ::1 /index.php/Admin/User/login.html
INFO: [ app_init ] --START--
INFO: Run Behavior\BuildLiteBehavior [ RunTime:0.000043s ]
INFO: [ app_init ] --END-- [ RunTime:0.000854s ]
INFO: [ app_begin ] --START--
INFO: Run Behavior\ReadHtmlCacheBehavior [ RunTime:0.001579s ]
INFO: [ app_begin ] --END-- [ RunTime:0.001704s ]
SQL: SHOW COLUMNS FROM `tb_user` [ RunTime:0.0050s ]
SQL: SELECT * FROM `tb_user` WHERE `username` = '15555738206' AND `userpwd` = '7fef6171469e80d32c0559f88b377245' AND `root` = 0 AND `state` = 1 LIMIT 1   [ RunTime:0.0006s ]
INFO: [ view_parse ] --START--
INFO: [ template_filter ] --START--
INFO: Run Behavior\ContentReplaceBehavior [ RunTime:0.000058s ]
INFO: [ template_filter ] --END-- [ RunTime:0.000148s ]
INFO: Run Behavior\ParseTemplateBehavior [ RunTime:0.012025s ]
INFO: [ view_parse ] --END-- [ RunTime:0.012116s ]
INFO: [ view_filter ] --START--
INFO: Run Behavior\WriteHtmlCacheBehavior [ RunTime:0.000799s ]
INFO: [ view_filter ] --END-- [ RunTime:0.000858s ]

[ 2019-03-01T14:44:41+08:00 ] ::1 /index.php/Admin/User/login.html
INFO: [ app_init ] --START--
INFO: Run Behavior\BuildLiteBehavior [ RunTime:0.000015s ]
INFO: [ app_init ] --END-- [ RunTime:0.000370s ]
INFO: [ app_begin ] --START--
INFO: Run Behavior\ReadHtmlCacheBehavior [ RunTime:0.000737s ]
INFO: [ app_begin ] --END-- [ RunTime:0.000797s ]
SQL: SHOW COLUMNS FROM `tb_user` [ RunTime:0.0065s ]
NOTIC: [8] Undefined index: username D:\resource\jiaokao\Application\Admin\Controller\UserController.class.php 第 267 行.
NOTIC: [8] Undefined index: userpwd D:\resource\jiaokao\Application\Admin\Controller\UserController.class.php 第 268 行.
INFO: [ view_parse ] --START--
INFO: [ template_filter ] --START--
INFO: Run Behavior\ContentReplaceBehavior [ RunTime:0.000075s ]
INFO: [ template_filter ] --END-- [ RunTime:0.000191s ]
INFO: Run Behavior\ParseTemplateBehavior [ RunTime:0.027132s ]
INFO: [ view_parse ] --END-- [ RunTime:0.027226s ]
INFO: [ view_filter ] --START--
INFO: Run Behavior\WriteHtmlCacheBehavior [ RunTime:0.000919s ]
INFO: [ view_filter ] --END-- [ RunTime:0.001012s ]
INFO: [ app_end ] --START--
INFO: Run Behavior\ShowPageTraceBehavior [ RunTime:0.001677s ]
INFO: [ app_end ] --END-- [ RunTime:0.001800s ]

[ 2019-03-01T14:45:22+08:00 ] ::1 /index.php/Admin/User/login.html
INFO: [ app_init ] --START--
INFO: Run Behavior\BuildLiteBehavior [ RunTime:0.000027s ]
INFO: [ app_init ] --END-- [ RunTime:0.000774s ]
INFO: [ app_begin ] --START--
INFO: Run Behavior\ReadHtmlCacheBehavior [ RunTime:0.001275s ]
INFO: [ app_begin ] --END-- [ RunTime:0.001378s ]
SQL: SHOW COLUMNS FROM `tb_user` [ RunTime:0.0058s ]
SQL: SELECT * FROM `tb_user` WHERE `username` = 'admin' AND `userpwd` = '7fef6171469e80d32c0559f88b377245' AND `root` = 0 AND `state` = 1 LIMIT 1   [ RunTime:0.0007s ]
INFO: [ view_parse ] --START--
INFO: [ template_filter ] --START--
INFO: Run Behavior\ContentReplaceBehavior [ RunTime:0.000052s ]
INFO: [ template_filter ] --END-- [ RunTime:0.000127s ]
INFO: Run Behavior\ParseTemplateBehavior [ RunTime:0.010115s ]
INFO: [ view_parse ] --END-- [ RunTime:0.010218s ]
INFO: [ view_filter ] --START--
INFO: Run Behavior\WriteHtmlCacheBehavior [ RunTime:0.001005s ]
INFO: [ view_filter ] --END-- [ RunTime:0.001082s ]

[ 2019-03-01T14:45:26+08:00 ] ::1 /index.php/Admin/User/login.html
INFO: [ app_init ] --START--
INFO: Run Behavior\BuildLiteBehavior [ RunTime:0.000026s ]
INFO: [ app_init ] --END-- [ RunTime:0.000692s ]
INFO: [ app_begin ] --START--
INFO: Run Behavior\ReadHtmlCacheBehavior [ RunTime:0.001279s ]
INFO: [ app_begin ] --END-- [ RunTime:0.001379s ]
SQL: SHOW COLUMNS FROM `tb_user` [ RunTime:0.0053s ]
NOTIC: [8] Undefined index: username D:\resource\jiaokao\Application\Admin\Controller\UserController.class.php 第 267 行.
NOTIC: [8] Undefined index: userpwd D:\resource\jiaokao\Application\Admin\Controller\UserController.class.php 第 268 行.
INFO: [ view_parse ] --START--
INFO: [ template_filter ] --START--
INFO: Run Behavior\ContentReplaceBehavior [ RunTime:0.000039s ]
INFO: [ template_filter ] --END-- [ RunTime:0.000108s ]
INFO: Run Behavior\ParseTemplateBehavior [ RunTime:0.016059s ]
INFO: [ view_parse ] --END-- [ RunTime:0.016136s ]
INFO: [ view_filter ] --START--
INFO: Run Behavior\WriteHtmlCacheBehavior [ RunTime:0.000592s ]
INFO: [ view_filter ] --END-- [ RunTime:0.000646s ]
INFO: [ app_end ] --START--
INFO: Run Behavior\ShowPageTraceBehavior [ RunTime:0.000930s ]
INFO: [ app_end ] --END-- [ RunTime:0.000985s ]

[ 2019-03-01T14:45:35+08:00 ] ::1 /index.php/Admin/User/login.html
INFO: [ app_init ] --START--
INFO: Run Behavior\BuildLiteBehavior [ RunTime:0.000019s ]
INFO: [ app_init ] --END-- [ RunTime:0.000483s ]
INFO: [ app_begin ] --START--
INFO: Run Behavior\ReadHtmlCacheBehavior [ RunTime:0.000800s ]
INFO: [ app_begin ] --END-- [ RunTime:0.000878s ]
SQL: SHOW COLUMNS FROM `tb_user` [ RunTime:0.0048s ]
SQL: SELECT * FROM `tb_user` WHERE `username` = 'root' AND `userpwd` = '63a9f0ea7bb98050796b649e85481845' AND `root` = 0 AND `state` = 1 LIMIT 1   [ RunTime:0.0005s ]
INFO: [ view_parse ] --START--
INFO: [ template_filter ] --START--
INFO: Run Behavior\ContentReplaceBehavior [ RunTime:0.000091s ]
INFO: [ template_filter ] --END-- [ RunTime:0.000204s ]
INFO: Run Behavior\ParseTemplateBehavior [ RunTime:0.009050s ]
INFO: [ view_parse ] --END-- [ RunTime:0.009136s ]
INFO: [ view_filter ] --START--
INFO: Run Behavior\WriteHtmlCacheBehavior [ RunTime:0.001002s ]
INFO: [ view_filter ] --END-- [ RunTime:0.001094s ]

[ 2019-03-01T14:45:39+08:00 ] ::1 /index.php/Admin/User/login.html
INFO: [ app_init ] --START--
INFO: Run Behavior\BuildLiteBehavior [ RunTime:0.000025s ]
INFO: [ app_init ] --END-- [ RunTime:0.000712s ]
INFO: [ app_begin ] --START--
INFO: Run Behavior\ReadHtmlCacheBehavior [ RunTime:0.001261s ]
INFO: [ app_begin ] --END-- [ RunTime:0.001347s ]
SQL: SHOW COLUMNS FROM `tb_user` [ RunTime:0.0052s ]
NOTIC: [8] Undefined index: username D:\resource\jiaokao\Application\Admin\Controller\UserController.class.php 第 267 行.
NOTIC: [8] Undefined index: userpwd D:\resource\jiaokao\Application\Admin\Controller\UserController.class.php 第 268 行.
INFO: [ view_parse ] --START--
INFO: [ template_filter ] --START--
INFO: Run Behavior\ContentReplaceBehavior [ RunTime:0.000052s ]
INFO: [ template_filter ] --END-- [ RunTime:0.000141s ]
INFO: Run Behavior\ParseTemplateBehavior [ RunTime:0.016299s ]
INFO: [ view_parse ] --END-- [ RunTime:0.016384s ]
INFO: [ view_filter ] --START--
INFO: Run Behavior\WriteHtmlCacheBehavior [ RunTime:0.000968s ]
INFO: [ view_filter ] --END-- [ RunTime:0.001050s ]
INFO: [ app_end ] --START--
INFO: Run Behavior\ShowPageTraceBehavior [ RunTime:0.001337s ]
INFO: [ app_end ] --END-- [ RunTime:0.001432s ]

[ 2019-03-01T14:45:46+08:00 ] ::1 /index.php/Admin/User/login.html
INFO: [ app_init ] --START--
INFO: Run Behavior\BuildLiteBehavior [ RunTime:0.000015s ]
INFO: [ app_init ] --END-- [ RunTime:0.000373s ]
INFO: [ app_begin ] --START--
INFO: Run Behavior\ReadHtmlCacheBehavior [ RunTime:0.001027s ]
INFO: [ app_begin ] --END-- [ RunTime:0.001099s ]
SQL: SHOW COLUMNS FROM `tb_user` [ RunTime:0.0055s ]
SQL: SELECT * FROM `tb_user` WHERE `username` = 'admin' AND `userpwd` = '21232f297a57a5a743894a0e4a801fc3' AND `root` = 0 AND `state` = 1 LIMIT 1   [ RunTime:0.0007s ]
INFO: [ view_parse ] --START--
INFO: [ template_filter ] --START--
INFO: Run Behavior\ContentReplaceBehavior [ RunTime:0.000092s ]
INFO: [ template_filter ] --END-- [ RunTime:0.000214s ]
INFO: Run Behavior\ParseTemplateBehavior [ RunTime:0.016000s ]
INFO: [ view_parse ] --END-- [ RunTime:0.016113s ]
INFO: [ view_filter ] --START--
INFO: Run Behavior\WriteHtmlCacheBehavior [ RunTime:0.001055s ]
INFO: [ view_filter ] --END-- [ RunTime:0.001152s ]

[ 2019-03-01T14:45:50+08:00 ] ::1 /index.php/Admin/User/login.html
INFO: [ app_init ] --START--
INFO: Run Behavior\BuildLiteBehavior [ RunTime:0.000036s ]
INFO: [ app_init ] --END-- [ RunTime:0.000740s ]
INFO: [ app_begin ] --START--
INFO: Run Behavior\ReadHtmlCacheBehavior [ RunTime:0.001816s ]
INFO: [ app_begin ] --END-- [ RunTime:0.001928s ]
SQL: SHOW COLUMNS FROM `tb_user` [ RunTime:0.0034s ]
NOTIC: [8] Undefined index: username D:\resource\jiaokao\Application\Admin\Controller\UserController.class.php 第 267 行.
NOTIC: [8] Undefined index: userpwd D:\resource\jiaokao\Application\Admin\Controller\UserController.class.php 第 268 行.
INFO: [ view_parse ] --START--
INFO: [ template_filter ] --START--
INFO: Run Behavior\ContentReplaceBehavior [ RunTime:0.000055s ]
INFO: [ template_filter ] --END-- [ RunTime:0.000151s ]
INFO: Run Behavior\ParseTemplateBehavior [ RunTime:0.010096s ]
INFO: [ view_parse ] --END-- [ RunTime:0.010197s ]
INFO: [ view_filter ] --START--
INFO: Run Behavior\WriteHtmlCacheBehavior [ RunTime:0.014899s ]
INFO: [ view_filter ] --END-- [ RunTime:0.014980s ]
INFO: [ app_end ] --START--
INFO: Run Behavior\ShowPageTraceBehavior [ RunTime:0.001221s ]
INFO: [ app_end ] --END-- [ RunTime:0.001294s ]

[ 2019-03-01T14:46:00+08:00 ] ::1 /index.php/Admin/User/login.html
INFO: [ app_init ] --START--
INFO: Run Behavior\BuildLiteBehavior [ RunTime:0.000035s ]
INFO: [ app_init ] --END-- [ RunTime:0.000755s ]
INFO: [ app_begin ] --START--
INFO: Run Behavior\ReadHtmlCacheBehavior [ RunTime:0.001802s ]
INFO: [ app_begin ] --END-- [ RunTime:0.001914s ]
SQL: SHOW COLUMNS FROM `tb_user` [ RunTime:0.0047s ]
SQL: SELECT * FROM `tb_user` WHERE `username` = '15555738206' AND `userpwd` = '7fef6171469e80d32c0559f88b377245' AND `root` = 0 AND `state` = 1 LIMIT 1   [ RunTime:0.0005s ]
INFO: [ view_parse ] --START--
INFO: [ template_filter ] --START--
INFO: Run Behavior\ContentReplaceBehavior [ RunTime:0.000034s ]
INFO: [ template_filter ] --END-- [ RunTime:0.000086s ]
INFO: Run Behavior\ParseTemplateBehavior [ RunTime:0.007398s ]
INFO: [ view_parse ] --END-- [ RunTime:0.007470s ]
INFO: [ view_filter ] --START--
INFO: Run Behavior\WriteHtmlCacheBehavior [ RunTime:0.000616s ]
INFO: [ view_filter ] --END-- [ RunTime:0.000663s ]

[ 2019-03-01T14:46:04+08:00 ] ::1 /index.php/Admin/User/login.html
INFO: [ app_init ] --START--
INFO: Run Behavior\BuildLiteBehavior [ RunTime:0.000018s ]
INFO: [ app_init ] --END-- [ RunTime:0.000495s ]
INFO: [ app_begin ] --START--
INFO: Run Behavior\ReadHtmlCacheBehavior [ RunTime:0.001802s ]
INFO: [ app_begin ] --END-- [ RunTime:0.002014s ]
SQL: SHOW COLUMNS FROM `tb_user` [ RunTime:0.0061s ]
NOTIC: [8] Undefined index: username D:\resource\jiaokao\Application\Admin\Controller\UserController.class.php 第 267 行.
NOTIC: [8] Undefined index: userpwd D:\resource\jiaokao\Application\Admin\Controller\UserController.class.php 第 268 行.
INFO: [ view_parse ] --START--
INFO: [ template_filter ] --START--
INFO: Run Behavior\ContentReplaceBehavior [ RunTime:0.000072s ]
INFO: [ template_filter ] --END-- [ RunTime:0.000183s ]
INFO: Run Behavior\ParseTemplateBehavior [ RunTime:0.017243s ]
INFO: [ view_parse ] --END-- [ RunTime:0.017334s ]
INFO: [ view_filter ] --START--
INFO: Run Behavior\WriteHtmlCacheBehavior [ RunTime:0.001066s ]
INFO: [ view_filter ] --END-- [ RunTime:0.001168s ]
INFO: [ app_end ] --START--
INFO: Run Behavior\ShowPageTraceBehavior [ RunTime:0.001675s ]
INFO: [ app_end ] --END-- [ RunTime:0.001791s ]

[ 2019-03-01T14:46:56+08:00 ] ::1 /index.php/Admin/User/login.html
INFO: [ app_init ] --START--
INFO: Run Behavior\BuildLiteBehavior [ RunTime:0.000016s ]
INFO: [ app_init ] --END-- [ RunTime:0.000376s ]
INFO: [ app_begin ] --START--
INFO: Run Behavior\ReadHtmlCacheBehavior [ RunTime:0.000928s ]
INFO: [ app_begin ] --END-- [ RunTime:0.001015s ]
SQL: SHOW COLUMNS FROM `tb_user` [ RunTime:0.0047s ]
SQL: SELECT * FROM `tb_user` WHERE `username` = 'admin' AND `userpwd` = '0192023a7bbd73250516f069df18b500' AND `root` = 0 AND `state` = 1 LIMIT 1   [ RunTime:0.0006s ]
INFO: [ view_parse ] --START--
INFO: [ template_filter ] --START--
INFO: Run Behavior\ContentReplaceBehavior [ RunTime:0.000091s ]
INFO: [ template_filter ] --END-- [ RunTime:0.000199s ]
INFO: Run Behavior\ParseTemplateBehavior [ RunTime:0.026127s ]
INFO: [ view_parse ] --END-- [ RunTime:0.026233s ]
INFO: [ view_filter ] --START--
INFO: Run Behavior\WriteHtmlCacheBehavior [ RunTime:0.001002s ]
INFO: [ view_filter ] --END-- [ RunTime:0.001092s ]

[ 2019-03-01T14:47:00+08:00 ] ::1 /index.php/Admin/User/login.html
INFO: [ app_init ] --START--
INFO: Run Behavior\BuildLiteBehavior [ RunTime:0.000015s ]
INFO: [ app_init ] --END-- [ RunTime:0.000377s ]
INFO: [ app_begin ] --START--
INFO: Run Behavior\ReadHtmlCacheBehavior [ RunTime:0.000753s ]
INFO: [ app_begin ] --END-- [ RunTime:0.000809s ]
SQL: SHOW COLUMNS FROM `tb_user` [ RunTime:0.0047s ]
NOTIC: [8] Undefined index: username D:\resource\jiaokao\Application\Admin\Controller\UserController.class.php 第 267 行.
NOTIC: [8] Undefined index: userpwd D:\resource\jiaokao\Application\Admin\Controller\UserController.class.php 第 268 行.
INFO: [ view_parse ] --START--
INFO: [ template_filter ] --START--
INFO: Run Behavior\ContentReplaceBehavior [ RunTime:0.000047s ]
INFO: [ template_filter ] --END-- [ RunTime:0.000125s ]
INFO: Run Behavior\ParseTemplateBehavior [ RunTime:0.017908s ]
INFO: [ view_parse ] --END-- [ RunTime:0.018011s ]
INFO: [ view_filter ] --START--
INFO: Run Behavior\WriteHtmlCacheBehavior [ RunTime:0.000791s ]
INFO: [ view_filter ] --END-- [ RunTime:0.000856s ]
INFO: [ app_end ] --START--
INFO: Run Behavior\ShowPageTraceBehavior [ RunTime:0.001336s ]
INFO: [ app_end ] --END-- [ RunTime:0.001428s ]

[ 2019-03-01T14:47:08+08:00 ] ::1 /index.php/Admin/User/login.html
INFO: [ app_init ] --START--
INFO: Run Behavior\BuildLiteBehavior [ RunTime:0.000040s ]
INFO: [ app_init ] --END-- [ RunTime:0.001019s ]
INFO: [ app_begin ] --START--
INFO: Run Behavior\ReadHtmlCacheBehavior [ RunTime:0.001193s ]
INFO: [ app_begin ] --END-- [ RunTime:0.001426s ]
SQL: SHOW COLUMNS FROM `tb_user` [ RunTime:0.0043s ]
SQL: SELECT * FROM `tb_user` WHERE `username` = 'admin' AND `userpwd` = '81dc9bdb52d04dc20036dbd8313ed055' AND `root` = 0 AND `state` = 1 LIMIT 1   [ RunTime:0.0004s ]
INFO: [ view_parse ] --START--
INFO: [ template_filter ] --START--
INFO: Run Behavior\ContentReplaceBehavior [ RunTime:0.000071s ]
INFO: [ template_filter ] --END-- [ RunTime:0.000188s ]
INFO: Run Behavior\ParseTemplateBehavior [ RunTime:0.008193s ]
INFO: [ view_parse ] --END-- [ RunTime:0.008281s ]
INFO: [ view_filter ] --START--
INFO: Run Behavior\WriteHtmlCacheBehavior [ RunTime:0.001129s ]
INFO: [ view_filter ] --END-- [ RunTime:0.001219s ]

[ 2019-03-01T14:47:12+08:00 ] ::1 /index.php/Admin/User/login.html
INFO: [ app_init ] --START--
INFO: Run Behavior\BuildLiteBehavior [ RunTime:0.000022s ]
INFO: [ app_init ] --END-- [ RunTime:0.000565s ]
INFO: [ app_begin ] --START--
INFO: Run Behavior\ReadHtmlCacheBehavior [ RunTime:0.001360s ]
INFO: [ app_begin ] --END-- [ RunTime:0.001461s ]
SQL: SHOW COLUMNS FROM `tb_user` [ RunTime:0.0046s ]
NOTIC: [8] Undefined index: username D:\resource\jiaokao\Application\Admin\Controller\UserController.class.php 第 267 行.
NOTIC: [8] Undefined index: userpwd D:\resource\jiaokao\Application\Admin\Controller\UserController.class.php 第 268 行.
INFO: [ view_parse ] --START--
INFO: [ template_filter ] --START--
INFO: Run Behavior\ContentReplaceBehavior [ RunTime:0.000088s ]
INFO: [ template_filter ] --END-- [ RunTime:0.000215s ]
INFO: Run Behavior\ParseTemplateBehavior [ RunTime:0.011745s ]
INFO: [ view_parse ] --END-- [ RunTime:0.011849s ]
INFO: [ view_filter ] --START--
INFO: Run Behavior\WriteHtmlCacheBehavior [ RunTime:0.001009s ]
INFO: [ view_filter ] --END-- [ RunTime:0.001098s ]
INFO: [ app_end ] --START--
INFO: Run Behavior\ShowPageTraceBehavior [ RunTime:0.001735s ]
INFO: [ app_end ] --END-- [ RunTime:0.001829s ]

