[ 2019-05-23T11:54:45+08:00 ] ::1 /index.php/admin/user/login.html
INFO: [ app_init ] --START--
INFO: Run Behavior\BuildLiteBehavior [ RunTime:0.000013s ]
INFO: [ app_init ] --END-- [ RunTime:0.000326s ]
INFO: [ app_begin ] --START--
INFO: Run Behavior\ReadHtmlCacheBehavior [ RunTime:0.000599s ]
INFO: [ app_begin ] --END-- [ RunTime:0.000662s ]
SQL: SHOW COLUMNS FROM `tb_user` [ RunTime:0.0415s ]
NOTIC: [8] Undefined index: username D:\resource\bishe\jiakao\Application\Admin\Controller\UserController.class.php 第 267 行.
NOTIC: [8] Undefined index: userpwd D:\resource\bishe\jiakao\Application\Admin\Controller\UserController.class.php 第 268 行.
INFO: [ view_parse ] --START--
INFO: [ template_filter ] --START--
INFO: Run Behavior\ContentReplaceBehavior [ RunTime:0.000118s ]
INFO: [ template_filter ] --END-- [ RunTime:0.000269s ]
INFO: Run Behavior\ParseTemplateBehavior [ RunTime:0.056254s ]
INFO: [ view_parse ] --END-- [ RunTime:0.056462s ]
INFO: [ view_filter ] --START--
INFO: Run Behavior\WriteHtmlCacheBehavior [ RunTime:0.000709s ]
INFO: [ view_filter ] --END-- [ RunTime:0.000821s ]
INFO: [ app_end ] --START--
INFO: Run Behavior\ShowPageTraceBehavior [ RunTime:0.001621s ]
INFO: [ app_end ] --END-- [ RunTime:0.001746s ]

[ 2019-05-23T11:54:51+08:00 ] ::1 /index.php/admin/user/login.html
INFO: [ app_init ] --START--
INFO: Run Behavior\BuildLiteBehavior [ RunTime:0.000017s ]
INFO: [ app_init ] --END-- [ RunTime:0.000386s ]
INFO: [ app_begin ] --START--
INFO: Run Behavior\ReadHtmlCacheBehavior [ RunTime:0.000551s ]
INFO: [ app_begin ] --END-- [ RunTime:0.000601s ]
SQL: SHOW COLUMNS FROM `tb_user` [ RunTime:0.0443s ]
SQL: SELECT * FROM `tb_user` WHERE `username` = 'admin' AND `userpwd` = '21232f297a57a5a743894a0e4a801fc3' AND `root` = 0 AND `state` = 1 LIMIT 1   [ RunTime:0.0011s ]

[ 2019-05-23T11:54:51+08:00 ] ::1 /index.php/Admin/Index/index.html
INFO: [ app_init ] --START--
INFO: Run Behavior\BuildLiteBehavior [ RunTime:0.000018s ]
INFO: [ app_init ] --END-- [ RunTime:0.000446s ]
INFO: [ app_begin ] --START--
INFO: Run Behavior\ReadHtmlCacheBehavior [ RunTime:0.000715s ]
INFO: [ app_begin ] --END-- [ RunTime:0.000790s ]

[ 2019-05-23T11:54:53+08:00 ] ::1 /index.php/Admin/content/lists.html
INFO: [ app_init ] --START--
INFO: Run Behavior\BuildLiteBehavior [ RunTime:0.000027s ]
INFO: [ app_init ] --END-- [ RunTime:0.000697s ]
INFO: [ app_begin ] --START--
INFO: Run Behavior\ReadHtmlCacheBehavior [ RunTime:0.001035s ]
INFO: [ app_begin ] --END-- [ RunTime:0.001134s ]
SQL: SHOW COLUMNS FROM `tb_configex` [ RunTime:0.0445s ]
SQL: SELECT * FROM `tb_configex` WHERE ( 1=1 ) ORDER BY sort asc  [ RunTime:0.0010s ]
SQL: SHOW COLUMNS FROM `tb_setting` [ RunTime:0.0291s ]
SQL: SELECT * FROM `tb_setting` WHERE `setting_key` = 'kaoti' LIMIT 1   [ RunTime:0.0007s ]
SQL: SHOW COLUMNS FROM `tb_content` [ RunTime:0.0586s ]
SQL: SHOW COLUMNS FROM `tb_class` [ RunTime:0.0378s ]
SQL: SELECT * FROM `tb_class` WHERE (  fatherno='00010002'  )  [ RunTime:0.0009s ]
SQL: SELECT COUNT(*) AS tp_count FROM `tb_content` WHERE `id` > 0 LIMIT 1   [ RunTime:0.0006s ]
SQL: SELECT * FROM `tb_content` WHERE `id` > 0 ORDER BY id desc LIMIT 0,20   [ RunTime:0.0009s ]
NOTIC: [2] Invalid argument supplied for foreach() D:\resource\bishe\jiakao\Application\Admin\Controller\ContentController.class.php 第 40 行.
INFO: [ view_parse ] --START--
INFO: [ template_filter ] --START--
INFO: Run Behavior\ContentReplaceBehavior [ RunTime:0.000327s ]
INFO: [ template_filter ] --END-- [ RunTime:0.000489s ]
NOTIC: [8] Undefined variable: g_shuiji D:\resource\bishe\jiakao\Application\Runtime\Cache\Admin\ab45c68eddd7a5d1e654574606ff6703.php 第 15 行.
NOTIC: [8] Undefined variable: g_shuiji D:\resource\bishe\jiakao\Application\Runtime\Cache\Admin\ab45c68eddd7a5d1e654574606ff6703.php 第 19 行.
NOTIC: [8] Undefined variable: g_shuiji D:\resource\bishe\jiakao\Application\Runtime\Cache\Admin\ab45c68eddd7a5d1e654574606ff6703.php 第 20 行.
NOTIC: [8] Undefined variable: g_shuiji D:\resource\bishe\jiakao\Application\Runtime\Cache\Admin\ab45c68eddd7a5d1e654574606ff6703.php 第 24 行.
NOTIC: [8] Undefined variable: g_shuiji D:\resource\bishe\jiakao\Application\Runtime\Cache\Admin\ab45c68eddd7a5d1e654574606ff6703.php 第 25 行.
INFO: Run Behavior\ParseTemplateBehavior [ RunTime:0.362159s ]
INFO: [ view_parse ] --END-- [ RunTime:0.362288s ]
INFO: [ view_filter ] --START--
INFO: Run Behavior\WriteHtmlCacheBehavior [ RunTime:0.000457s ]
INFO: [ view_filter ] --END-- [ RunTime:0.000522s ]
INFO: [ app_end ] --START--
INFO: Run Behavior\ShowPageTraceBehavior [ RunTime:0.001218s ]
INFO: [ app_end ] --END-- [ RunTime:0.001308s ]

[ 2019-05-23T12:09:11+08:00 ] ::1 /admin
INFO: [ app_init ] --START--
INFO: Run Behavior\BuildLiteBehavior [ RunTime:0.000018s ]
INFO: [ app_init ] --END-- [ RunTime:0.000477s ]
INFO: [ app_begin ] --START--
INFO: Run Behavior\ReadHtmlCacheBehavior [ RunTime:0.001597s ]
INFO: [ app_begin ] --END-- [ RunTime:0.001687s ]

[ 2019-05-23T12:09:12+08:00 ] ::1 /admin
INFO: [ app_init ] --START--
INFO: Run Behavior\BuildLiteBehavior [ RunTime:0.000027s ]
INFO: [ app_init ] --END-- [ RunTime:0.000590s ]
INFO: [ app_begin ] --START--
INFO: Run Behavior\ReadHtmlCacheBehavior [ RunTime:0.001194s ]
INFO: [ app_begin ] --END-- [ RunTime:0.001277s ]

[ 2019-05-23T12:09:13+08:00 ] ::1 /index.php/Admin/content/lists.html
INFO: [ app_init ] --START--
INFO: Run Behavior\BuildLiteBehavior [ RunTime:0.000037s ]
INFO: [ app_init ] --END-- [ RunTime:0.000851s ]
INFO: [ app_begin ] --START--
INFO: Run Behavior\ReadHtmlCacheBehavior [ RunTime:0.001087s ]
INFO: [ app_begin ] --END-- [ RunTime:0.001192s ]
SQL: SHOW COLUMNS FROM `tb_configex` [ RunTime:0.0600s ]
SQL: SELECT * FROM `tb_configex` WHERE ( 1=1 ) ORDER BY sort asc  [ RunTime:0.0014s ]
SQL: SHOW COLUMNS FROM `tb_setting` [ RunTime:0.0362s ]
SQL: SELECT * FROM `tb_setting` WHERE `setting_key` = 'kaoti' LIMIT 1   [ RunTime:0.0007s ]
SQL: SHOW COLUMNS FROM `tb_content` [ RunTime:0.0357s ]
SQL: SHOW COLUMNS FROM `tb_class` [ RunTime:0.0237s ]
SQL: SELECT * FROM `tb_class` WHERE (  fatherno='00010002'  )  [ RunTime:0.0006s ]
SQL: SELECT COUNT(*) AS tp_count FROM `tb_content` WHERE `id` > 0 LIMIT 1   [ RunTime:0.0003s ]
SQL: SELECT * FROM `tb_content` WHERE `id` > 0 ORDER BY id desc LIMIT 0,20   [ RunTime:0.0004s ]
NOTIC: [2] Invalid argument supplied for foreach() D:\resource\bishe\jiakao\Application\Admin\Controller\ContentController.class.php 第 40 行.
INFO: [ view_parse ] --START--
INFO: [ template_filter ] --START--
INFO: Run Behavior\ContentReplaceBehavior [ RunTime:0.000191s ]
INFO: [ template_filter ] --END-- [ RunTime:0.000291s ]
NOTIC: [8] Undefined variable: g_shuiji D:\resource\bishe\jiakao\Application\Runtime\Cache\Admin\ab45c68eddd7a5d1e654574606ff6703.php 第 15 行.
NOTIC: [8] Undefined variable: g_shuiji D:\resource\bishe\jiakao\Application\Runtime\Cache\Admin\ab45c68eddd7a5d1e654574606ff6703.php 第 19 行.
NOTIC: [8] Undefined variable: g_shuiji D:\resource\bishe\jiakao\Application\Runtime\Cache\Admin\ab45c68eddd7a5d1e654574606ff6703.php 第 20 行.
NOTIC: [8] Undefined variable: g_shuiji D:\resource\bishe\jiakao\Application\Runtime\Cache\Admin\ab45c68eddd7a5d1e654574606ff6703.php 第 24 行.
NOTIC: [8] Undefined variable: g_shuiji D:\resource\bishe\jiakao\Application\Runtime\Cache\Admin\ab45c68eddd7a5d1e654574606ff6703.php 第 25 行.
INFO: Run Behavior\ParseTemplateBehavior [ RunTime:0.139323s ]
INFO: [ view_parse ] --END-- [ RunTime:0.139443s ]
INFO: [ view_filter ] --START--
INFO: Run Behavior\WriteHtmlCacheBehavior [ RunTime:0.001605s ]
INFO: [ view_filter ] --END-- [ RunTime:0.001707s ]
INFO: [ app_end ] --START--
INFO: Run Behavior\ShowPageTraceBehavior [ RunTime:0.003307s ]
INFO: [ app_end ] --END-- [ RunTime:0.003472s ]

[ 2019-05-23T12:09:19+08:00 ] ::1 /index.php/Admin/user/lists.html
INFO: [ app_init ] --START--
INFO: Run Behavior\BuildLiteBehavior [ RunTime:0.000014s ]
INFO: [ app_init ] --END-- [ RunTime:0.000369s ]
INFO: [ app_begin ] --START--
INFO: Run Behavior\ReadHtmlCacheBehavior [ RunTime:0.000738s ]
INFO: [ app_begin ] --END-- [ RunTime:0.000785s ]
SQL: SHOW COLUMNS FROM `tb_user` [ RunTime:0.0439s ]
NOTIC: [8] Undefined variable: where D:\resource\bishe\jiakao\Application\Admin\Controller\UserController.class.php 第 42 行.
SQL: SELECT COUNT(*) AS tp_count FROM `tb_user` LIMIT 1   [ RunTime:0.0006s ]
NOTIC: [8] Undefined variable: where D:\resource\bishe\jiakao\Application\Admin\Controller\UserController.class.php 第 49 行.
SQL: SELECT * FROM `tb_user` ORDER BY id desc LIMIT 0,20   [ RunTime:0.0010s ]
NOTIC: [2] Missing argument 1 for I(), called in D:\resource\bishe\jiakao\Application\Admin\Controller\UserController.class.php on line 63 and defined D:\resource\bishe\jiakao\ThinkPHP\Common\functions.php 第 271 行.
NOTIC: [8] Undefined variable: name D:\resource\bishe\jiakao\ThinkPHP\Common\functions.php 第 273 行.
NOTIC: [8] Undefined variable: name D:\resource\bishe\jiakao\ThinkPHP\Common\functions.php 第 278 行.
NOTIC: [8] Undefined variable: name D:\resource\bishe\jiakao\ThinkPHP\Common\functions.php 第 339 行.
INFO: [ view_parse ] --START--
INFO: [ template_filter ] --START--
INFO: Run Behavior\ContentReplaceBehavior [ RunTime:0.000358s ]
INFO: [ template_filter ] --END-- [ RunTime:0.000505s ]
NOTIC: [8] Undefined variable: g_shuiji D:\resource\bishe\jiakao\Application\Runtime\Cache\Admin\07a7390f5188fd09cd264af8c6efc1dc.php 第 15 行.
NOTIC: [8] Undefined variable: g_shuiji D:\resource\bishe\jiakao\Application\Runtime\Cache\Admin\07a7390f5188fd09cd264af8c6efc1dc.php 第 19 行.
NOTIC: [8] Undefined variable: g_shuiji D:\resource\bishe\jiakao\Application\Runtime\Cache\Admin\07a7390f5188fd09cd264af8c6efc1dc.php 第 20 行.
NOTIC: [8] Undefined variable: g_shuiji D:\resource\bishe\jiakao\Application\Runtime\Cache\Admin\07a7390f5188fd09cd264af8c6efc1dc.php 第 24 行.
NOTIC: [8] Undefined variable: g_shuiji D:\resource\bishe\jiakao\Application\Runtime\Cache\Admin\07a7390f5188fd09cd264af8c6efc1dc.php 第 25 行.
NOTIC: [8] Undefined variable: kaoti_setting D:\resource\bishe\jiakao\Application\Runtime\Cache\Admin\07a7390f5188fd09cd264af8c6efc1dc.php 第 38 行.
NOTIC: [8] Undefined variable: kaoti_setting D:\resource\bishe\jiakao\Application\Runtime\Cache\Admin\07a7390f5188fd09cd264af8c6efc1dc.php 第 46 行.
NOTIC: [8] Undefined variable: kaoti_setting D:\resource\bishe\jiakao\Application\Runtime\Cache\Admin\07a7390f5188fd09cd264af8c6efc1dc.php 第 82 行.
INFO: Run Behavior\ParseTemplateBehavior [ RunTime:0.149035s ]
INFO: [ view_parse ] --END-- [ RunTime:0.149167s ]
INFO: [ view_filter ] --START--
INFO: Run Behavior\WriteHtmlCacheBehavior [ RunTime:0.000571s ]
INFO: [ view_filter ] --END-- [ RunTime:0.000612s ]
INFO: [ app_end ] --START--
INFO: Run Behavior\ShowPageTraceBehavior [ RunTime:0.001045s ]
INFO: [ app_end ] --END-- [ RunTime:0.001145s ]

[ 2019-05-23T12:26:32+08:00 ] ::1 /index.php/Admin/Exam/lists.html
INFO: [ app_init ] --START--
INFO: Run Behavior\BuildLiteBehavior [ RunTime:0.000025s ]
INFO: [ app_init ] --END-- [ RunTime:0.000637s ]
INFO: [ app_begin ] --START--
INFO: Run Behavior\ReadHtmlCacheBehavior [ RunTime:0.000614s ]
INFO: [ app_begin ] --END-- [ RunTime:0.000673s ]
SQL: SHOW COLUMNS FROM `tb_configex` [ RunTime:0.0189s ]
SQL: SELECT * FROM `tb_configex` WHERE ( 1=1 ) ORDER BY sort asc  [ RunTime:0.0004s ]
SQL: SHOW COLUMNS FROM `tb_setting` [ RunTime:0.0136s ]
SQL: SELECT * FROM `tb_setting` WHERE `setting_key` = 'kaoti' LIMIT 1   [ RunTime:0.0003s ]
SQL: SHOW COLUMNS FROM `tb_exam` [ RunTime:0.0154s ]
SQL: SHOW COLUMNS FROM `tb_class` [ RunTime:0.0142s ]
SQL: SELECT * FROM `tb_class` WHERE `fatherno` = '00010004'  [ RunTime:0.0004s ]
SQL: SELECT COUNT(*) AS tp_count FROM `tb_exam` WHERE `id` > 0 LIMIT 1   [ RunTime:0.0014s ]
SQL: SELECT * FROM `tb_exam` WHERE `id` > 0 ORDER BY id desc LIMIT 0,20   [ RunTime:0.0008s ]
SQL: SELECT * FROM `tb_class` WHERE `id` = 41 LIMIT 1   [ RunTime:0.0003s ]
SQL: SELECT * FROM `tb_class` WHERE `id` = 41 LIMIT 1   [ RunTime:0.0002s ]
SQL: SELECT * FROM `tb_class` WHERE `id` = 40 LIMIT 1   [ RunTime:0.0002s ]
SQL: SELECT * FROM `tb_class` WHERE `id` = 40 LIMIT 1   [ RunTime:0.0002s ]
SQL: SELECT * FROM `tb_class` WHERE `id` = 39 LIMIT 1   [ RunTime:0.0002s ]
SQL: SELECT * FROM `tb_class` WHERE `id` = 40 LIMIT 1   [ RunTime:0.0002s ]
SQL: SELECT * FROM `tb_class` WHERE `id` = 39 LIMIT 1   [ RunTime:0.0002s ]
SQL: SELECT * FROM `tb_class` WHERE `id` = 39 LIMIT 1   [ RunTime:0.0002s ]
SQL: SELECT * FROM `tb_class` WHERE `id` = 39 LIMIT 1   [ RunTime:0.0001s ]
SQL: SELECT * FROM `tb_class` WHERE `id` = 39 LIMIT 1   [ RunTime:0.0001s ]
SQL: SELECT * FROM `tb_class` WHERE `id` = 39 LIMIT 1   [ RunTime:0.0001s ]
SQL: SELECT * FROM `tb_class` WHERE `id` = 39 LIMIT 1   [ RunTime:0.0002s ]
SQL: SELECT * FROM `tb_class` WHERE `id` = 39 LIMIT 1   [ RunTime:0.0002s ]
SQL: SELECT * FROM `tb_class` WHERE `id` = 39 LIMIT 1   [ RunTime:0.0001s ]
SQL: SELECT * FROM `tb_class` WHERE `id` = 39 LIMIT 1   [ RunTime:0.0001s ]
SQL: SELECT * FROM `tb_class` WHERE `id` = 39 LIMIT 1   [ RunTime:0.0001s ]
SQL: SELECT * FROM `tb_class` WHERE `id` = 39 LIMIT 1   [ RunTime:0.0002s ]
SQL: SELECT * FROM `tb_class` WHERE `id` = 39 LIMIT 1   [ RunTime:0.0001s ]
SQL: SELECT * FROM `tb_class` WHERE `id` = 39 LIMIT 1   [ RunTime:0.0001s ]
SQL: SELECT * FROM `tb_class` WHERE `id` = 39 LIMIT 1   [ RunTime:0.0001s ]
NOTIC: [2] Missing argument 1 for I(), called in D:\resource\bishe\jiakao\Application\Admin\Controller\ExamController.class.php on line 102 and defined D:\resource\bishe\jiakao\ThinkPHP\Common\functions.php 第 271 行.
NOTIC: [8] Undefined variable: name D:\resource\bishe\jiakao\ThinkPHP\Common\functions.php 第 273 行.
NOTIC: [8] Undefined variable: name D:\resource\bishe\jiakao\ThinkPHP\Common\functions.php 第 278 行.
NOTIC: [8] Undefined variable: name D:\resource\bishe\jiakao\ThinkPHP\Common\functions.php 第 339 行.
INFO: [ view_parse ] --START--
INFO: [ template_filter ] --START--
INFO: Run Behavior\ContentReplaceBehavior [ RunTime:0.000171s ]
INFO: [ template_filter ] --END-- [ RunTime:0.000239s ]
NOTIC: [8] Undefined variable: g_shuiji D:\resource\bishe\jiakao\Application\Runtime\Cache\Admin\3342b4d79a9fc38ce3012d260a807f1f.php 第 15 行.
NOTIC: [8] Undefined variable: g_shuiji D:\resource\bishe\jiakao\Application\Runtime\Cache\Admin\3342b4d79a9fc38ce3012d260a807f1f.php 第 19 行.
NOTIC: [8] Undefined variable: g_shuiji D:\resource\bishe\jiakao\Application\Runtime\Cache\Admin\3342b4d79a9fc38ce3012d260a807f1f.php 第 20 行.
NOTIC: [8] Undefined variable: g_shuiji D:\resource\bishe\jiakao\Application\Runtime\Cache\Admin\3342b4d79a9fc38ce3012d260a807f1f.php 第 24 行.
NOTIC: [8] Undefined variable: g_shuiji D:\resource\bishe\jiakao\Application\Runtime\Cache\Admin\3342b4d79a9fc38ce3012d260a807f1f.php 第 25 行.
NOTIC: [8] Undefined variable: mytitle D:\resource\bishe\jiakao\Application\Runtime\Cache\Admin\3342b4d79a9fc38ce3012d260a807f1f.php 第 98 行.
NOTIC: [8] Use of undefined constant classno - assumed 'classno' D:\resource\bishe\jiakao\Application\Runtime\Cache\Admin\3342b4d79a9fc38ce3012d260a807f1f.php 第 106 行.
NOTIC: [8] Array to string conversion D:\resource\bishe\jiakao\Application\Runtime\Cache\Admin\3342b4d79a9fc38ce3012d260a807f1f.php 第 106 行.
NOTIC: [8] Use of undefined constant classno - assumed 'classno' D:\resource\bishe\jiakao\Application\Runtime\Cache\Admin\3342b4d79a9fc38ce3012d260a807f1f.php 第 106 行.
NOTIC: [8] Array to string conversion D:\resource\bishe\jiakao\Application\Runtime\Cache\Admin\3342b4d79a9fc38ce3012d260a807f1f.php 第 106 行.
NOTIC: [8] Undefined variable: title D:\resource\bishe\jiakao\Application\Runtime\Cache\Admin\3342b4d79a9fc38ce3012d260a807f1f.php 第 111 行.
NOTIC: [8] Undefined variable: id D:\resource\bishe\jiakao\Application\Runtime\Cache\Admin\3342b4d79a9fc38ce3012d260a807f1f.php 第 114 行.
INFO: Run Behavior\ParseTemplateBehavior [ RunTime:0.079693s ]
INFO: [ view_parse ] --END-- [ RunTime:0.079734s ]
INFO: [ view_filter ] --START--
INFO: Run Behavior\WriteHtmlCacheBehavior [ RunTime:0.000210s ]
INFO: [ view_filter ] --END-- [ RunTime:0.000238s ]
INFO: [ app_end ] --START--
INFO: Run Behavior\ShowPageTraceBehavior [ RunTime:0.000483s ]
INFO: [ app_end ] --END-- [ RunTime:0.000517s ]

[ 2019-05-23T12:26:59+08:00 ] ::1 /index.php/Admin/Exam/delete/id/1000
INFO: [ app_init ] --START--
INFO: Run Behavior\BuildLiteBehavior [ RunTime:0.000017s ]
INFO: [ app_init ] --END-- [ RunTime:0.000424s ]
INFO: [ app_begin ] --START--
INFO: Run Behavior\ReadHtmlCacheBehavior [ RunTime:0.000538s ]
INFO: [ app_begin ] --END-- [ RunTime:0.000588s ]
SQL: SHOW COLUMNS FROM `tb_configex` [ RunTime:0.0512s ]
SQL: SELECT * FROM `tb_configex` WHERE ( 1=1 ) ORDER BY sort asc  [ RunTime:0.0009s ]
SQL: SHOW COLUMNS FROM `tb_setting` [ RunTime:0.0291s ]
SQL: SELECT * FROM `tb_setting` WHERE `setting_key` = 'kaoti' LIMIT 1   [ RunTime:0.0006s ]
SQL: SHOW COLUMNS FROM `tb_exam` [ RunTime:0.0298s ]
SQL: DELETE FROM `tb_exam` WHERE `id` IN ('1000') [ RunTime:0.0101s ]

[ 2019-05-23T12:27:00+08:00 ] ::1 /index.php/Admin/exam/index.html
INFO: [ app_init ] --START--
INFO: Run Behavior\BuildLiteBehavior [ RunTime:0.000024s ]
INFO: [ app_init ] --END-- [ RunTime:0.000592s ]
INFO: [ app_begin ] --START--
INFO: Run Behavior\ReadHtmlCacheBehavior [ RunTime:0.000930s ]
INFO: [ app_begin ] --END-- [ RunTime:0.001034s ]
SQL: SHOW COLUMNS FROM `tb_configex` [ RunTime:0.0431s ]
SQL: SELECT * FROM `tb_configex` WHERE ( 1=1 ) ORDER BY sort asc  [ RunTime:0.0013s ]
SQL: SHOW COLUMNS FROM `tb_setting` [ RunTime:0.0425s ]
SQL: SELECT * FROM `tb_setting` WHERE `setting_key` = 'kaoti' LIMIT 1   [ RunTime:0.0008s ]
SQL: SHOW COLUMNS FROM `tb_exam` [ RunTime:0.0322s ]
SQL: SHOW COLUMNS FROM `tb_class` [ RunTime:0.0287s ]
SQL: SELECT * FROM `tb_class` WHERE `fatherno` = '00010004'  [ RunTime:0.0013s ]
SQL: SELECT COUNT(*) AS tp_count FROM `tb_exam` WHERE `id` > 0 LIMIT 1   [ RunTime:0.0026s ]
SQL: SELECT * FROM `tb_exam` WHERE `id` > 0 ORDER BY id desc LIMIT 0,20   [ RunTime:0.0014s ]
SQL: SELECT * FROM `tb_class` WHERE `id` = 41 LIMIT 1   [ RunTime:0.0006s ]
SQL: SELECT * FROM `tb_class` WHERE `id` = 40 LIMIT 1   [ RunTime:0.0006s ]
SQL: SELECT * FROM `tb_class` WHERE `id` = 40 LIMIT 1   [ RunTime:0.0006s ]
SQL: SELECT * FROM `tb_class` WHERE `id` = 39 LIMIT 1   [ RunTime:0.0007s ]
SQL: SELECT * FROM `tb_class` WHERE `id` = 40 LIMIT 1   [ RunTime:0.0006s ]
SQL: SELECT * FROM `tb_class` WHERE `id` = 39 LIMIT 1   [ RunTime:0.0007s ]
SQL: SELECT * FROM `tb_class` WHERE `id` = 39 LIMIT 1   [ RunTime:0.0007s ]
SQL: SELECT * FROM `tb_class` WHERE `id` = 39 LIMIT 1   [ RunTime:0.0008s ]
SQL: SELECT * FROM `tb_class` WHERE `id` = 39 LIMIT 1   [ RunTime:0.0010s ]
SQL: SELECT * FROM `tb_class` WHERE `id` = 39 LIMIT 1   [ RunTime:0.0010s ]
SQL: SELECT * FROM `tb_class` WHERE `id` = 39 LIMIT 1   [ RunTime:0.0008s ]
SQL: SELECT * FROM `tb_class` WHERE `id` = 39 LIMIT 1   [ RunTime:0.0006s ]
SQL: SELECT * FROM `tb_class` WHERE `id` = 39 LIMIT 1   [ RunTime:0.0006s ]
SQL: SELECT * FROM `tb_class` WHERE `id` = 39 LIMIT 1   [ RunTime:0.0007s ]
SQL: SELECT * FROM `tb_class` WHERE `id` = 39 LIMIT 1   [ RunTime:0.0008s ]
SQL: SELECT * FROM `tb_class` WHERE `id` = 39 LIMIT 1   [ RunTime:0.0007s ]
SQL: SELECT * FROM `tb_class` WHERE `id` = 39 LIMIT 1   [ RunTime:0.0010s ]
SQL: SELECT * FROM `tb_class` WHERE `id` = 39 LIMIT 1   [ RunTime:0.0006s ]
SQL: SELECT * FROM `tb_class` WHERE `id` = 39 LIMIT 1   [ RunTime:0.0006s ]
SQL: SELECT * FROM `tb_class` WHERE `id` = 39 LIMIT 1   [ RunTime:0.0006s ]
NOTIC: [2] Missing argument 1 for I(), called in D:\resource\bishe\jiakao\Application\Admin\Controller\ExamController.class.php on line 102 and defined D:\resource\bishe\jiakao\ThinkPHP\Common\functions.php 第 271 行.
NOTIC: [8] Undefined variable: name D:\resource\bishe\jiakao\ThinkPHP\Common\functions.php 第 273 行.
NOTIC: [8] Undefined variable: name D:\resource\bishe\jiakao\ThinkPHP\Common\functions.php 第 278 行.
NOTIC: [8] Undefined variable: name D:\resource\bishe\jiakao\ThinkPHP\Common\functions.php 第 339 行.
INFO: [ view_parse ] --START--
INFO: [ template_filter ] --START--
INFO: Run Behavior\ContentReplaceBehavior [ RunTime:0.000380s ]
INFO: [ template_filter ] --END-- [ RunTime:0.000524s ]
NOTIC: [8] Undefined variable: g_shuiji D:\resource\bishe\jiakao\Application\Runtime\Cache\Admin\3342b4d79a9fc38ce3012d260a807f1f.php 第 15 行.
NOTIC: [8] Undefined variable: g_shuiji D:\resource\bishe\jiakao\Application\Runtime\Cache\Admin\3342b4d79a9fc38ce3012d260a807f1f.php 第 19 行.
NOTIC: [8] Undefined variable: g_shuiji D:\resource\bishe\jiakao\Application\Runtime\Cache\Admin\3342b4d79a9fc38ce3012d260a807f1f.php 第 20 行.
NOTIC: [8] Undefined variable: g_shuiji D:\resource\bishe\jiakao\Application\Runtime\Cache\Admin\3342b4d79a9fc38ce3012d260a807f1f.php 第 24 行.
NOTIC: [8] Undefined variable: g_shuiji D:\resource\bishe\jiakao\Application\Runtime\Cache\Admin\3342b4d79a9fc38ce3012d260a807f1f.php 第 25 行.
NOTIC: [8] Undefined variable: mytitle D:\resource\bishe\jiakao\Application\Runtime\Cache\Admin\3342b4d79a9fc38ce3012d260a807f1f.php 第 98 行.
NOTIC: [8] Use of undefined constant classno - assumed 'classno' D:\resource\bishe\jiakao\Application\Runtime\Cache\Admin\3342b4d79a9fc38ce3012d260a807f1f.php 第 106 行.
NOTIC: [8] Array to string conversion D:\resource\bishe\jiakao\Application\Runtime\Cache\Admin\3342b4d79a9fc38ce3012d260a807f1f.php 第 106 行.
NOTIC: [8] Use of undefined constant classno - assumed 'classno' D:\resource\bishe\jiakao\Application\Runtime\Cache\Admin\3342b4d79a9fc38ce3012d260a807f1f.php 第 106 行.
NOTIC: [8] Array to string conversion D:\resource\bishe\jiakao\Application\Runtime\Cache\Admin\3342b4d79a9fc38ce3012d260a807f1f.php 第 106 行.
NOTIC: [8] Undefined variable: title D:\resource\bishe\jiakao\Application\Runtime\Cache\Admin\3342b4d79a9fc38ce3012d260a807f1f.php 第 111 行.
NOTIC: [8] Undefined variable: id D:\resource\bishe\jiakao\Application\Runtime\Cache\Admin\3342b4d79a9fc38ce3012d260a807f1f.php 第 114 行.
INFO: Run Behavior\ParseTemplateBehavior [ RunTime:0.259235s ]
INFO: [ view_parse ] --END-- [ RunTime:0.259382s ]
INFO: [ view_filter ] --START--
INFO: Run Behavior\WriteHtmlCacheBehavior [ RunTime:0.000921s ]
INFO: [ view_filter ] --END-- [ RunTime:0.001034s ]
INFO: [ app_end ] --START--
INFO: Run Behavior\ShowPageTraceBehavior [ RunTime:0.001802s ]
INFO: [ app_end ] --END-- [ RunTime:0.001956s ]

