[ 2019-05-29T10:58:25+08:00 ] ::1 /admin
INFO: [ app_init ] --START--
INFO: Run Behavior\BuildLiteBehavior [ RunTime:0.000025s ]
INFO: [ app_init ] --END-- [ RunTime:0.000661s ]
INFO: [ app_begin ] --START--
INFO: Run Behavior\ReadHtmlCacheBehavior [ RunTime:0.000472s ]
INFO: [ app_begin ] --END-- [ RunTime:0.000525s ]

[ 2019-05-29T10:58:26+08:00 ] ::1 /admin
INFO: [ app_init ] --START--
INFO: Run Behavior\BuildLiteBehavior [ RunTime:0.000012s ]
INFO: [ app_init ] --END-- [ RunTime:0.000276s ]
INFO: [ app_begin ] --START--
INFO: Run Behavior\ReadHtmlCacheBehavior [ RunTime:0.000424s ]
INFO: [ app_begin ] --END-- [ RunTime:0.000463s ]

[ 2019-05-29T10:58:26+08:00 ] ::1 /index.php/Admin/content/lists.html
INFO: [ app_init ] --START--
INFO: Run Behavior\BuildLiteBehavior [ RunTime:0.000012s ]
INFO: [ app_init ] --END-- [ RunTime:0.000282s ]
INFO: [ app_begin ] --START--
INFO: Run Behavior\ReadHtmlCacheBehavior [ RunTime:0.000417s ]
INFO: [ app_begin ] --END-- [ RunTime:0.000458s ]

[ 2019-05-29T10:58:27+08:00 ] ::1 /index.php/admin/user/login
INFO: [ app_init ] --START--
INFO: Run Behavior\BuildLiteBehavior [ RunTime:0.000015s ]
INFO: [ app_init ] --END-- [ RunTime:0.000488s ]
INFO: [ app_begin ] --START--
INFO: Run Behavior\ReadHtmlCacheBehavior [ RunTime:0.000574s ]
INFO: [ app_begin ] --END-- [ RunTime:0.000632s ]
SQL: SHOW COLUMNS FROM `tb_user` [ RunTime:0.0447s ]
NOTIC: [8] Undefined index: username D:\resource\bishe\jiakao\Application\Admin\Controller\UserController.class.php 第 267 行.
NOTIC: [8] Undefined index: userpwd D:\resource\bishe\jiakao\Application\Admin\Controller\UserController.class.php 第 268 行.
INFO: [ view_parse ] --START--
INFO: [ template_filter ] --START--
INFO: Run Behavior\ContentReplaceBehavior [ RunTime:0.000046s ]
INFO: [ template_filter ] --END-- [ RunTime:0.000091s ]
INFO: Run Behavior\ParseTemplateBehavior [ RunTime:0.018986s ]
INFO: [ view_parse ] --END-- [ RunTime:0.019072s ]
INFO: [ view_filter ] --START--
INFO: Run Behavior\WriteHtmlCacheBehavior [ RunTime:0.000399s ]
INFO: [ view_filter ] --END-- [ RunTime:0.000464s ]
INFO: [ app_end ] --START--
INFO: Run Behavior\ShowPageTraceBehavior [ RunTime:0.000753s ]
INFO: [ app_end ] --END-- [ RunTime:0.000831s ]

[ 2019-05-29T10:58:33+08:00 ] ::1 /index.php/admin/user/login
INFO: [ app_init ] --START--
INFO: Run Behavior\BuildLiteBehavior [ RunTime:0.000014s ]
INFO: [ app_init ] --END-- [ RunTime:0.000367s ]
INFO: [ app_begin ] --START--
INFO: Run Behavior\ReadHtmlCacheBehavior [ RunTime:0.000540s ]
INFO: [ app_begin ] --END-- [ RunTime:0.000585s ]
SQL: SHOW COLUMNS FROM `tb_user` [ RunTime:0.0438s ]
SQL: SELECT * FROM `tb_user` WHERE `username` = 'admin' AND `userpwd` = '21232f297a57a5a743894a0e4a801fc3' AND `root` = 0 AND `state` = 1 LIMIT 1   [ RunTime:0.0008s ]

[ 2019-05-29T10:58:33+08:00 ] ::1 /index.php/Admin/Index/index.html
INFO: [ app_init ] --START--
INFO: Run Behavior\BuildLiteBehavior [ RunTime:0.000012s ]
INFO: [ app_init ] --END-- [ RunTime:0.000285s ]
INFO: [ app_begin ] --START--
INFO: Run Behavior\ReadHtmlCacheBehavior [ RunTime:0.000471s ]
INFO: [ app_begin ] --END-- [ RunTime:0.000526s ]

[ 2019-05-29T10:58:34+08:00 ] ::1 /index.php/Admin/content/lists.html
INFO: [ app_init ] --START--
INFO: Run Behavior\BuildLiteBehavior [ RunTime:0.000020s ]
INFO: [ app_init ] --END-- [ RunTime:0.000486s ]
INFO: [ app_begin ] --START--
INFO: Run Behavior\ReadHtmlCacheBehavior [ RunTime:0.000667s ]
INFO: [ app_begin ] --END-- [ RunTime:0.000730s ]
SQL: SHOW COLUMNS FROM `tb_configex` [ RunTime:0.0587s ]
SQL: SELECT * FROM `tb_configex` WHERE ( 1=1 ) ORDER BY sort asc  [ RunTime:0.0006s ]
SQL: SHOW COLUMNS FROM `tb_setting` [ RunTime:0.0345s ]
SQL: SELECT * FROM `tb_setting` WHERE `setting_key` = 'kaoti' LIMIT 1   [ RunTime:0.0002s ]
SQL: SHOW COLUMNS FROM `tb_content` [ RunTime:0.0196s ]
SQL: SHOW COLUMNS FROM `tb_class` [ RunTime:0.0184s ]
SQL: SELECT * FROM `tb_class` WHERE (  fatherno='00010002'  )  [ RunTime:0.0003s ]
SQL: SELECT COUNT(*) AS tp_count FROM `tb_content` WHERE `id` > 0 LIMIT 1   [ RunTime:0.0111s ]
SQL: SELECT * FROM `tb_content` WHERE `id` > 0 ORDER BY id desc LIMIT 0,20   [ RunTime:0.0003s ]
NOTIC: [2] Invalid argument supplied for foreach() D:\resource\bishe\jiakao\Application\Admin\Controller\ContentController.class.php 第 40 行.
INFO: [ view_parse ] --START--
INFO: [ template_filter ] --START--
INFO: Run Behavior\ContentReplaceBehavior [ RunTime:0.000075s ]
INFO: [ template_filter ] --END-- [ RunTime:0.000118s ]
NOTIC: [8] Undefined variable: g_shuiji D:\resource\bishe\jiakao\Application\Runtime\Cache\Admin\ab45c68eddd7a5d1e654574606ff6703.php 第 15 行.
NOTIC: [8] Undefined variable: g_shuiji D:\resource\bishe\jiakao\Application\Runtime\Cache\Admin\ab45c68eddd7a5d1e654574606ff6703.php 第 19 行.
NOTIC: [8] Undefined variable: g_shuiji D:\resource\bishe\jiakao\Application\Runtime\Cache\Admin\ab45c68eddd7a5d1e654574606ff6703.php 第 20 行.
NOTIC: [8] Undefined variable: g_shuiji D:\resource\bishe\jiakao\Application\Runtime\Cache\Admin\ab45c68eddd7a5d1e654574606ff6703.php 第 24 行.
NOTIC: [8] Undefined variable: g_shuiji D:\resource\bishe\jiakao\Application\Runtime\Cache\Admin\ab45c68eddd7a5d1e654574606ff6703.php 第 25 行.
NOTIC: [8] Undefined index: msg D:\resource\bishe\jiakao\Application\Runtime\Cache\Admin\ab45c68eddd7a5d1e654574606ff6703.php 第 44 行.
INFO: Run Behavior\ParseTemplateBehavior [ RunTime:0.113349s ]
INFO: [ view_parse ] --END-- [ RunTime:0.113403s ]
INFO: [ view_filter ] --START--
INFO: Run Behavior\WriteHtmlCacheBehavior [ RunTime:0.000316s ]
INFO: [ view_filter ] --END-- [ RunTime:0.000348s ]
INFO: [ app_end ] --START--
INFO: Run Behavior\ShowPageTraceBehavior [ RunTime:0.000647s ]
INFO: [ app_end ] --END-- [ RunTime:0.000697s ]

[ 2019-05-29T15:36:21+08:00 ] ::1 /admin
INFO: [ app_init ] --START--
INFO: Run Behavior\BuildLiteBehavior [ RunTime:0.000019s ]
INFO: [ app_init ] --END-- [ RunTime:0.008807s ]
INFO: [ app_begin ] --START--
INFO: Run Behavior\ReadHtmlCacheBehavior [ RunTime:0.011761s ]
INFO: [ app_begin ] --END-- [ RunTime:0.011825s ]

[ 2019-05-29T15:36:22+08:00 ] ::1 /admin
INFO: [ app_init ] --START--
INFO: Run Behavior\BuildLiteBehavior [ RunTime:0.000014s ]
INFO: [ app_init ] --END-- [ RunTime:0.000337s ]
INFO: [ app_begin ] --START--
INFO: Run Behavior\ReadHtmlCacheBehavior [ RunTime:0.000532s ]
INFO: [ app_begin ] --END-- [ RunTime:0.000575s ]

[ 2019-05-29T15:36:24+08:00 ] ::1 /index.php/Admin/content/lists.html
INFO: [ app_init ] --START--
INFO: Run Behavior\BuildLiteBehavior [ RunTime:0.000026s ]
INFO: [ app_init ] --END-- [ RunTime:0.000521s ]
INFO: [ app_begin ] --START--
INFO: Run Behavior\ReadHtmlCacheBehavior [ RunTime:0.000895s ]
INFO: [ app_begin ] --END-- [ RunTime:0.000989s ]
SQL: SHOW COLUMNS FROM `tb_configex` [ RunTime:0.0356s ]
SQL: SELECT * FROM `tb_configex` WHERE ( 1=1 ) ORDER BY sort asc  [ RunTime:0.0007s ]
SQL: SHOW COLUMNS FROM `tb_setting` [ RunTime:0.0219s ]
SQL: SELECT * FROM `tb_setting` WHERE `setting_key` = 'kaoti' LIMIT 1   [ RunTime:0.0003s ]
SQL: SHOW COLUMNS FROM `tb_content` [ RunTime:0.0153s ]
SQL: SHOW COLUMNS FROM `tb_class` [ RunTime:0.0168s ]
SQL: SELECT * FROM `tb_class` WHERE (  fatherno='00010002'  )  [ RunTime:0.0003s ]
SQL: SELECT COUNT(*) AS tp_count FROM `tb_content` WHERE `id` > 0 LIMIT 1   [ RunTime:0.0002s ]
SQL: SELECT * FROM `tb_content` WHERE `id` > 0 ORDER BY id desc LIMIT 0,20   [ RunTime:0.0003s ]
NOTIC: [2] Invalid argument supplied for foreach() D:\resource\bishe\jiakao\Application\Admin\Controller\ContentController.class.php 第 40 行.
INFO: [ view_parse ] --START--
INFO: [ template_filter ] --START--
INFO: Run Behavior\ContentReplaceBehavior [ RunTime:0.000076s ]
INFO: [ template_filter ] --END-- [ RunTime:0.000119s ]
NOTIC: [8] Undefined variable: g_shuiji D:\resource\bishe\jiakao\Application\Runtime\Cache\Admin\ab45c68eddd7a5d1e654574606ff6703.php 第 15 行.
NOTIC: [8] Undefined variable: g_shuiji D:\resource\bishe\jiakao\Application\Runtime\Cache\Admin\ab45c68eddd7a5d1e654574606ff6703.php 第 19 行.
NOTIC: [8] Undefined variable: g_shuiji D:\resource\bishe\jiakao\Application\Runtime\Cache\Admin\ab45c68eddd7a5d1e654574606ff6703.php 第 20 行.
NOTIC: [8] Undefined variable: g_shuiji D:\resource\bishe\jiakao\Application\Runtime\Cache\Admin\ab45c68eddd7a5d1e654574606ff6703.php 第 24 行.
NOTIC: [8] Undefined variable: g_shuiji D:\resource\bishe\jiakao\Application\Runtime\Cache\Admin\ab45c68eddd7a5d1e654574606ff6703.php 第 25 行.
INFO: Run Behavior\ParseTemplateBehavior [ RunTime:0.186836s ]
INFO: [ view_parse ] --END-- [ RunTime:0.186906s ]
INFO: [ view_filter ] --START--
INFO: Run Behavior\WriteHtmlCacheBehavior [ RunTime:0.008616s ]
INFO: [ view_filter ] --END-- [ RunTime:0.008690s ]
INFO: [ app_end ] --START--
INFO: Run Behavior\ShowPageTraceBehavior [ RunTime:0.057486s ]
INFO: [ app_end ] --END-- [ RunTime:0.057647s ]

[ 2019-05-29T15:36:29+08:00 ] ::1 /index.php/Admin/user/only.html
INFO: [ app_init ] --START--
INFO: Run Behavior\BuildLiteBehavior [ RunTime:0.000015s ]
INFO: [ app_init ] --END-- [ RunTime:0.000373s ]
INFO: [ app_begin ] --START--
INFO: Run Behavior\ReadHtmlCacheBehavior [ RunTime:0.000607s ]
INFO: [ app_begin ] --END-- [ RunTime:0.000656s ]
SQL: SHOW COLUMNS FROM `tb_user` [ RunTime:0.0430s ]
SQL: SELECT * FROM `tb_user` WHERE `id` = '1' LIMIT 1   [ RunTime:0.0007s ]
NOTIC: [8] Undefined variable: id D:\resource\bishe\jiakao\Application\Admin\Controller\UserController.class.php 第 186 行.
INFO: [ view_parse ] --START--
INFO: [ template_filter ] --START--
INFO: Run Behavior\ContentReplaceBehavior [ RunTime:0.000131s ]
INFO: [ template_filter ] --END-- [ RunTime:0.000182s ]
NOTIC: [8] Undefined index: webtitle D:\resource\bishe\jiakao\Application\Runtime\Cache\Admin\8edf9030bc448186204d86dedec432e6.php 第 6 行.
NOTIC: [8] Undefined variable: g_shuiji D:\resource\bishe\jiakao\Application\Runtime\Cache\Admin\8edf9030bc448186204d86dedec432e6.php 第 15 行.
NOTIC: [8] Undefined variable: g_shuiji D:\resource\bishe\jiakao\Application\Runtime\Cache\Admin\8edf9030bc448186204d86dedec432e6.php 第 19 行.
NOTIC: [8] Undefined variable: g_shuiji D:\resource\bishe\jiakao\Application\Runtime\Cache\Admin\8edf9030bc448186204d86dedec432e6.php 第 20 行.
NOTIC: [8] Undefined variable: g_shuiji D:\resource\bishe\jiakao\Application\Runtime\Cache\Admin\8edf9030bc448186204d86dedec432e6.php 第 24 行.
NOTIC: [8] Undefined variable: g_shuiji D:\resource\bishe\jiakao\Application\Runtime\Cache\Admin\8edf9030bc448186204d86dedec432e6.php 第 25 行.
NOTIC: [8] Undefined variable: kaoti_setting D:\resource\bishe\jiakao\Application\Runtime\Cache\Admin\8edf9030bc448186204d86dedec432e6.php 第 38 行.
NOTIC: [8] Undefined variable: kaoti_setting D:\resource\bishe\jiakao\Application\Runtime\Cache\Admin\8edf9030bc448186204d86dedec432e6.php 第 46 行.
NOTIC: [8] Undefined variable: kaoti_setting D:\resource\bishe\jiakao\Application\Runtime\Cache\Admin\8edf9030bc448186204d86dedec432e6.php 第 82 行.
NOTIC: [8] Undefined variable: laiyuan D:\resource\bishe\jiakao\Application\Runtime\Cache\Admin\8edf9030bc448186204d86dedec432e6.php 第 97 行.
NOTIC: [8] Use of undefined constant id - assumed 'id' D:\resource\bishe\jiakao\Application\Runtime\Cache\Admin\8edf9030bc448186204d86dedec432e6.php 第 151 行.
NOTIC: [8] Undefined variable: laiyuan D:\resource\bishe\jiakao\Application\Runtime\Cache\Admin\8edf9030bc448186204d86dedec432e6.php 第 152 行.
NOTIC: [8] Undefined variable: show D:\resource\bishe\jiakao\Application\Runtime\Cache\Admin\8edf9030bc448186204d86dedec432e6.php 第 165 行.
INFO: Run Behavior\ParseTemplateBehavior [ RunTime:0.112836s ]
INFO: [ view_parse ] --END-- [ RunTime:0.112906s ]
INFO: [ view_filter ] --START--
INFO: Run Behavior\WriteHtmlCacheBehavior [ RunTime:0.000319s ]
INFO: [ view_filter ] --END-- [ RunTime:0.000348s ]
INFO: [ app_end ] --START--
INFO: Run Behavior\ShowPageTraceBehavior [ RunTime:0.000690s ]
INFO: [ app_end ] --END-- [ RunTime:0.000894s ]

